a:3:{i:0;s:35:"/index.php?g=admin&m=public&a=login";i:1;N;i:2;s:19:"2015-08-07 09:21:18";}
a:3:{i:0;s:35:"/index.php?g=admin&m=public&a=login";i:1;N;i:2;s:19:"2015-08-07 09:21:20";}
a:3:{i:0;s:29:"/index.php?m=public&a=dologin";i:1;N;i:2;s:19:"2015-08-07 09:21:27";}
a:3:{i:0;s:26:"/index.php?m=index&a=index";i:1;s:2:"26";i:2;s:19:"2015-08-07 09:21:27";}
a:3:{i:0;s:25:"/index.php?m=main&a=index";i:1;s:2:"26";i:2;s:19:"2015-08-07 09:21:27";}
a:3:{i:0;s:45:"/index.php?g=admin&m=order&a=index&menuid=608";i:1;s:2:"26";i:2;s:19:"2015-08-07 09:21:32";}
a:3:{i:0;s:34:"/index.php?m=order&a=look&id=13698";i:1;s:2:"26";i:2;s:19:"2015-08-07 09:23:13";}
a:3:{i:0;s:35:"/index.php?g=admin&m=public&a=login";i:1;N;i:2;s:19:"2015-08-07 09:23:13";}
a:3:{i:0;s:32:"/index.php?m=order&a=number_post";i:1;s:2:"26";i:2;s:19:"2015-08-07 09:23:18";}
a:3:{i:0;s:34:"/index.php?m=order&a=look&id=13698";i:1;s:2:"26";i:2;s:19:"2015-08-07 09:23:20";}
a:3:{i:0;s:26:"/index.php?m=order&a=index";i:1;s:2:"26";i:2;s:19:"2015-08-07 09:23:22";}
a:3:{i:0;s:34:"/index.php?m=order&a=look&id=13707";i:1;s:2:"26";i:2;s:19:"2015-08-07 09:23:32";}
a:3:{i:0;s:35:"/index.php?g=admin&m=public&a=login";i:1;N;i:2;s:19:"2015-08-07 09:23:32";}
a:3:{i:0;s:32:"/index.php?m=order&a=number_post";i:1;s:2:"26";i:2;s:19:"2015-08-07 09:23:36";}
a:3:{i:0;s:34:"/index.php?m=order&a=look&id=13707";i:1;s:2:"26";i:2;s:19:"2015-08-07 09:23:38";}
a:3:{i:0;s:26:"/index.php?m=order&a=index";i:1;s:2:"26";i:2;s:19:"2015-08-07 09:23:40";}
a:3:{i:0;s:34:"/index.php?m=order&a=look&id=13715";i:1;s:2:"26";i:2;s:19:"2015-08-07 09:23:50";}
a:3:{i:0;s:35:"/index.php?g=admin&m=public&a=login";i:1;N;i:2;s:19:"2015-08-07 09:23:50";}
a:3:{i:0;s:32:"/index.php?m=order&a=number_post";i:1;s:2:"26";i:2;s:19:"2015-08-07 09:23:54";}
a:3:{i:0;s:34:"/index.php?m=order&a=look&id=13715";i:1;s:2:"26";i:2;s:19:"2015-08-07 09:23:56";}
a:3:{i:0;s:26:"/index.php?m=order&a=index";i:1;s:2:"26";i:2;s:19:"2015-08-07 09:23:58";}
a:3:{i:0;s:34:"/index.php?m=order&a=look&id=13725";i:1;s:2:"26";i:2;s:19:"2015-08-07 09:24:06";}
a:3:{i:0;s:32:"/index.php?m=order&a=number_post";i:1;s:2:"26";i:2;s:19:"2015-08-07 09:24:11";}
a:3:{i:0;s:34:"/index.php?m=order&a=look&id=13725";i:1;s:2:"26";i:2;s:19:"2015-08-07 09:24:12";}
a:3:{i:0;s:26:"/index.php?m=order&a=index";i:1;s:2:"26";i:2;s:19:"2015-08-07 09:24:14";}
a:3:{i:0;s:34:"/index.php?m=order&a=look&id=13770";i:1;s:2:"26";i:2;s:19:"2015-08-07 09:24:19";}
a:3:{i:0;s:35:"/index.php?g=admin&m=public&a=login";i:1;N;i:2;s:19:"2015-08-07 09:24:19";}
a:3:{i:0;s:26:"/index.php?m=order&a=index";i:1;s:2:"26";i:2;s:19:"2015-08-07 09:26:01";}
a:3:{i:0;s:34:"/index.php?m=order&a=look&id=13782";i:1;s:2:"26";i:2;s:19:"2015-08-07 09:26:04";}
a:3:{i:0;s:35:"/index.php?g=admin&m=public&a=login";i:1;N;i:2;s:19:"2015-08-07 09:26:04";}
a:3:{i:0;s:47:"/index.php?g=admin&m=players&a=index&menuid=713";i:1;s:2:"26";i:2;s:19:"2015-08-07 09:44:55";}
a:3:{i:0;s:26:"/index.php?m=players&a=add";i:1;s:2:"26";i:2;s:19:"2015-08-07 09:45:02";}
a:3:{i:0;s:28:"/index.php?m=players&a=index";i:1;s:2:"26";i:2;s:19:"2015-08-07 09:45:05";}
a:3:{i:0;s:35:"/index.php?g=admin&m=public&a=login";i:1;N;i:2;s:19:"2015-08-07 09:45:06";}
a:3:{i:0;s:44:"/index.php?g=admin&m=team&a=index&menuid=619";i:1;s:2:"26";i:2;s:19:"2015-08-07 09:45:10";}
a:3:{i:0;s:27:"/index.php?m=team&a=amateur";i:1;s:2:"26";i:2;s:19:"2015-08-07 09:45:16";}
a:3:{i:0;s:27:"/index.php?m=team&a=amateur";i:1;s:2:"26";i:2;s:19:"2015-08-07 09:45:19";}
a:3:{i:0;s:35:"/index.php?g=admin&m=public&a=login";i:1;N;i:2;s:19:"2015-08-07 09:49:57";}
a:3:{i:0;s:29:"/index.php?m=public&a=dologin";i:1;N;i:2;s:19:"2015-08-07 09:50:02";}
a:3:{i:0;s:26:"/index.php?m=index&a=index";i:1;s:2:"27";i:2;s:19:"2015-08-07 09:50:02";}
a:3:{i:0;s:25:"/index.php?m=main&a=index";i:1;s:2:"27";i:2;s:19:"2015-08-07 09:50:03";}
a:3:{i:0;s:44:"/index.php?g=admin&m=rbac&a=index&menuid=291";i:1;s:2:"27";i:2;s:19:"2015-08-07 09:50:07";}
a:3:{i:0;s:34:"/index.php?m=rbac&a=authorize&id=5";i:1;s:2:"27";i:2;s:19:"2015-08-07 09:50:11";}
a:3:{i:0;s:34:"/index.php?m=rbac&a=authorize_post";i:1;s:2:"27";i:2;s:19:"2015-08-07 09:50:47";}
a:3:{i:0;s:25:"/index.php?m=rbac&a=index";i:1;s:2:"27";i:2;s:19:"2015-08-07 09:50:49";}
a:3:{i:0;s:44:"/index.php?g=admin&m=menu&a=index&menuid=297";i:1;s:2:"27";i:2;s:19:"2015-08-07 09:50:53";}
a:3:{i:0;s:47:"/index.php?g=admin&m=players&a=index&menuid=713";i:1;s:2:"27";i:2;s:19:"2015-08-07 09:51:05";}
a:3:{i:0;s:41:"/index.php?g=admin&m=setting&a=clearcache";i:1;s:2:"27";i:2;s:19:"2015-08-07 09:51:10";}
a:3:{i:0;s:26:"/index.php?m=players&a=add";i:1;s:2:"27";i:2;s:19:"2015-08-07 09:51:13";}
a:3:{i:0;s:26:"/index.php?m=index&a=index";i:1;s:2:"26";i:2;s:19:"2015-08-07 09:51:49";}
a:3:{i:0;s:25:"/index.php?m=main&a=index";i:1;s:2:"26";i:2;s:19:"2015-08-07 09:51:50";}
a:3:{i:0;s:44:"/index.php?g=admin&m=team&a=index&menuid=619";i:1;s:2:"26";i:2;s:19:"2015-08-07 09:51:55";}
a:3:{i:0;s:27:"/index.php?m=team&a=amateur";i:1;s:2:"26";i:2;s:19:"2015-08-07 09:51:57";}
a:3:{i:0;s:41:"/index.php?g=admin&m=setting&a=clearcache";i:1;s:2:"26";i:2;s:19:"2015-08-07 09:52:07";}
a:3:{i:0;s:35:"/index.php?g=admin&m=public&a=login";i:1;N;i:2;s:19:"2015-08-07 09:52:07";}
a:3:{i:0;s:47:"/index.php?g=admin&m=players&a=index&menuid=713";i:1;s:2:"26";i:2;s:19:"2015-08-07 09:52:12";}
a:3:{i:0;s:26:"/index.php?m=players&a=add";i:1;s:2:"26";i:2;s:19:"2015-08-07 09:52:15";}
a:3:{i:0;s:44:"/index.php?g=admin&m=team&a=index&menuid=619";i:1;s:2:"27";i:2;s:19:"2015-08-07 09:52:59";}
a:3:{i:0;s:27:"/index.php?m=team&a=amateur";i:1;s:2:"27";i:2;s:19:"2015-08-07 09:53:00";}
a:3:{i:0;s:36:"/index.php?m=team&a=associate&id=618";i:1;s:2:"27";i:2;s:19:"2015-08-07 09:53:04";}
a:3:{i:0;s:47:"/index.php?m=menu&a=add&parentid=619&menuid=297";i:1;s:2:"27";i:2;s:19:"2015-08-07 09:53:26";}
a:3:{i:0;s:28:"/index.php?m=menu&a=add_post";i:1;s:2:"27";i:2;s:19:"2015-08-07 09:53:49";}
a:3:{i:0;s:25:"/index.php?m=menu&a=index";i:1;s:2:"27";i:2;s:19:"2015-08-07 09:53:49";}
a:3:{i:0;s:31:"/index.php?m=rbac&a=member&id=5";i:1;s:2:"27";i:2;s:19:"2015-08-07 09:53:55";}
a:3:{i:0;s:34:"/index.php?m=rbac&a=authorize&id=5";i:1;s:2:"27";i:2;s:19:"2015-08-07 09:53:57";}
a:3:{i:0;s:34:"/index.php?m=rbac&a=authorize_post";i:1;s:2:"27";i:2;s:19:"2015-08-07 09:54:04";}
a:3:{i:0;s:25:"/index.php?m=rbac&a=index";i:1;s:2:"27";i:2;s:19:"2015-08-07 09:54:06";}
a:3:{i:0;s:27:"/index.php?m=team&a=amateur";i:1;s:2:"26";i:2;s:19:"2015-08-07 09:54:16";}
a:3:{i:0;s:36:"/index.php?m=team&a=associate&id=614";i:1;s:2:"26";i:2;s:19:"2015-08-07 09:54:20";}
a:3:{i:0;s:36:"/index.php?m=menu&a=add&parentid=719";i:1;s:2:"27";i:2;s:19:"2015-08-07 09:55:10";}
a:3:{i:0;s:28:"/index.php?m=menu&a=add_post";i:1;s:2:"27";i:2;s:19:"2015-08-07 09:55:39";}
a:3:{i:0;s:25:"/index.php?m=menu&a=index";i:1;s:2:"27";i:2;s:19:"2015-08-07 09:55:39";}
a:3:{i:0;s:34:"/index.php?m=rbac&a=authorize&id=5";i:1;s:2:"27";i:2;s:19:"2015-08-07 09:55:43";}
a:3:{i:0;s:34:"/index.php?m=rbac&a=authorize&id=5";i:1;s:2:"27";i:2;s:19:"2015-08-07 09:55:51";}
a:3:{i:0;s:34:"/index.php?m=rbac&a=authorize_post";i:1;s:2:"27";i:2;s:19:"2015-08-07 09:56:09";}
a:3:{i:0;s:25:"/index.php?m=rbac&a=index";i:1;s:2:"27";i:2;s:19:"2015-08-07 09:56:12";}
a:3:{i:0;s:34:"/index.php?m=team&a=associate_post";i:1;s:2:"26";i:2;s:19:"2015-08-07 09:56:56";}
a:3:{i:0;s:36:"/index.php?m=team&a=associate&id=614";i:1;s:2:"26";i:2;s:19:"2015-08-07 09:56:59";}
a:3:{i:0;s:26:"/index.php?m=index&a=index";i:1;s:2:"26";i:2;s:19:"2015-08-07 09:57:07";}
a:3:{i:0;s:25:"/index.php?m=main&a=index";i:1;s:2:"26";i:2;s:19:"2015-08-07 09:57:17";}
a:3:{i:0;s:44:"/index.php?g=admin&m=team&a=index&menuid=619";i:1;s:2:"26";i:2;s:19:"2015-08-07 09:57:36";}
a:3:{i:0;s:27:"/index.php?m=team&a=amateur";i:1;s:2:"26";i:2;s:19:"2015-08-07 09:57:50";}
a:3:{i:0;s:36:"/index.php?m=team&a=associate&id=614";i:1;s:2:"26";i:2;s:19:"2015-08-07 09:57:55";}
a:3:{i:0;s:34:"/index.php?m=team&a=associate_post";i:1;s:2:"26";i:2;s:19:"2015-08-07 09:58:01";}
a:3:{i:0;s:27:"/index.php?m=team&a=amateur";i:1;s:2:"26";i:2;s:19:"2015-08-07 09:58:10";}
a:3:{i:0;s:27:"/index.php?m=team&a=amateur";i:1;s:2:"26";i:2;s:19:"2015-08-07 09:58:10";}
a:3:{i:0;s:27:"/index.php?m=team&a=amateur";i:1;s:2:"26";i:2;s:19:"2015-08-07 09:58:17";}
a:3:{i:0;s:25:"/index.php?m=team&a=index";i:1;s:2:"26";i:2;s:19:"2015-08-07 09:58:22";}
a:3:{i:0;s:45:"/index.php?g=admin&m=order&a=index&menuid=608";i:1;s:2:"26";i:2;s:19:"2015-08-07 14:08:17";}
a:3:{i:0;s:35:"/index.php?g=admin&m=public&a=login";i:1;N;i:2;s:19:"2015-08-07 14:11:36";}
a:3:{i:0;s:35:"/index.php?g=admin&m=public&a=login";i:1;N;i:2;s:19:"2015-08-07 14:11:38";}
a:3:{i:0;s:29:"/index.php?m=public&a=dologin";i:1;N;i:2;s:19:"2015-08-07 14:11:48";}
a:3:{i:0;s:26:"/index.php?m=index&a=index";i:1;s:1:"1";i:2;s:19:"2015-08-07 14:11:48";}
a:3:{i:0;s:25:"/index.php?m=main&a=index";i:1;s:1:"1";i:2;s:19:"2015-08-07 14:11:49";}
a:3:{i:0;s:45:"/index.php?g=admin&m=order&a=index&menuid=608";i:1;s:1:"1";i:2;s:19:"2015-08-07 14:11:53";}
a:3:{i:0;s:26:"/index.php?m=order&a=index";i:1;s:1:"1";i:2;s:19:"2015-08-07 14:11:57";}
a:3:{i:0;s:50:"/index.php?g=admin&m=statistics&a=index&menuid=625";i:1;s:1:"1";i:2;s:19:"2015-08-07 14:12:48";}
a:3:{i:0;s:31:"/index.php?m=statistics&a=index";i:1;s:1:"1";i:2;s:19:"2015-08-07 14:12:52";}
a:3:{i:0;s:54:"/index.php?m=statistics&a=move&ids=4358,4315,4230,4002";i:1;s:1:"1";i:2;s:19:"2015-08-07 14:13:43";}
a:3:{i:0;s:54:"/index.php?m=statistics&a=move&ids=4358,4315,4230,4002";i:1;s:1:"1";i:2;s:19:"2015-08-07 14:13:59";}
a:3:{i:0;s:31:"/index.php?m=statistics&a=index";i:1;s:1:"1";i:2;s:19:"2015-08-07 14:13:59";}
a:3:{i:0;s:31:"/index.php?m=statistics&a=index";i:1;s:1:"1";i:2;s:19:"2015-08-07 14:14:08";}
a:3:{i:0;s:134:"/index.php?m=statistics&a=move&ids=3984,2468,2454,2359,2303,2277,2257,1851,1575,1342,1338,1333,1331,1329,1323,1322,1316,1306,1301,1289";i:1;s:1:"1";i:2;s:19:"2015-08-07 14:14:40";}
a:3:{i:0;s:134:"/index.php?m=statistics&a=move&ids=3984,2468,2454,2359,2303,2277,2257,1851,1575,1342,1338,1333,1331,1329,1323,1322,1316,1306,1301,1289";i:1;s:1:"1";i:2;s:19:"2015-08-07 14:14:51";}
a:3:{i:0;s:31:"/index.php?m=statistics&a=index";i:1;s:1:"1";i:2;s:19:"2015-08-07 14:14:52";}
a:3:{i:0;s:31:"/index.php?m=statistics&a=index";i:1;s:1:"1";i:2;s:19:"2015-08-07 14:14:59";}
a:3:{i:0;s:123:"/index.php?m=statistics&a=move&ids=1245,1243,1235,1211,1195,1181,1172,1162,1161,1154,1138,1137,1136,1135,1134,1133,1128,853";i:1;s:1:"1";i:2;s:19:"2015-08-07 14:15:10";}
a:3:{i:0;s:123:"/index.php?m=statistics&a=move&ids=1245,1243,1235,1211,1195,1181,1172,1162,1161,1154,1138,1137,1136,1135,1134,1133,1128,853";i:1;s:1:"1";i:2;s:19:"2015-08-07 14:15:22";}
a:3:{i:0;s:31:"/index.php?m=statistics&a=index";i:1;s:1:"1";i:2;s:19:"2015-08-07 14:15:22";}
a:3:{i:0;s:31:"/index.php?m=statistics&a=index";i:1;s:1:"1";i:2;s:19:"2015-08-07 14:15:27";}
a:3:{i:0;s:31:"/index.php?m=statistics&a=index";i:1;s:1:"1";i:2;s:19:"2015-08-07 14:15:45";}
a:3:{i:0;s:114:"/index.php?m=statistics&a=move&ids=842,830,820,818,816,810,806,805,803,802,792,785,784,783,782,781,780,778,777,775";i:1;s:1:"1";i:2;s:19:"2015-08-07 14:15:51";}
a:3:{i:0;s:114:"/index.php?m=statistics&a=move&ids=842,830,820,818,816,810,806,805,803,802,792,785,784,783,782,781,780,778,777,775";i:1;s:1:"1";i:2;s:19:"2015-08-07 14:16:00";}
a:3:{i:0;s:31:"/index.php?m=statistics&a=index";i:1;s:1:"1";i:2;s:19:"2015-08-07 14:16:00";}
a:3:{i:0;s:31:"/index.php?m=statistics&a=index";i:1;s:1:"1";i:2;s:19:"2015-08-07 14:16:06";}
a:3:{i:0;s:31:"/index.php?m=statistics&a=index";i:1;s:1:"1";i:2;s:19:"2015-08-07 14:16:11";}
a:3:{i:0;s:110:"/index.php?m=statistics&a=move&ids=774,773,772,771,770,769,768,767,765,764,763,762,761,760,759,758,757,756,755";i:1;s:1:"1";i:2;s:19:"2015-08-07 14:16:25";}
a:3:{i:0;s:110:"/index.php?m=statistics&a=move&ids=774,773,772,771,770,769,768,767,765,764,763,762,761,760,759,758,757,756,755";i:1;s:1:"1";i:2;s:19:"2015-08-07 14:16:32";}
a:3:{i:0;s:31:"/index.php?m=statistics&a=index";i:1;s:1:"1";i:2;s:19:"2015-08-07 14:16:32";}
a:3:{i:0;s:31:"/index.php?m=statistics&a=index";i:1;s:1:"1";i:2;s:19:"2015-08-07 14:16:37";}
a:3:{i:0;s:31:"/index.php?m=statistics&a=index";i:1;s:1:"1";i:2;s:19:"2015-08-07 14:16:41";}
a:3:{i:0;s:102:"/index.php?m=statistics&a=move&ids=753,752,751,750,749,748,746,745,744,743,742,741,740,739,738,737,735";i:1;s:1:"1";i:2;s:19:"2015-08-07 14:17:05";}
a:3:{i:0;s:102:"/index.php?m=statistics&a=move&ids=753,752,751,750,749,748,746,745,744,743,742,741,740,739,738,737,735";i:1;s:1:"1";i:2;s:19:"2015-08-07 14:17:19";}
a:3:{i:0;s:31:"/index.php?m=statistics&a=index";i:1;s:1:"1";i:2;s:19:"2015-08-07 14:17:19";}
a:3:{i:0;s:31:"/index.php?m=statistics&a=index";i:1;s:1:"1";i:2;s:19:"2015-08-07 14:17:23";}
a:3:{i:0;s:31:"/index.php?m=statistics&a=index";i:1;s:1:"1";i:2;s:19:"2015-08-07 14:17:30";}
a:3:{i:0;s:82:"/index.php?m=statistics&a=move&ids=747,734,730,720,716,715,700,693,692,691,690,662";i:1;s:1:"1";i:2;s:19:"2015-08-07 14:17:43";}
a:3:{i:0;s:82:"/index.php?m=statistics&a=move&ids=747,734,730,720,716,715,700,693,692,691,690,662";i:1;s:1:"1";i:2;s:19:"2015-08-07 14:17:50";}
a:3:{i:0;s:31:"/index.php?m=statistics&a=index";i:1;s:1:"1";i:2;s:19:"2015-08-07 14:17:50";}
a:3:{i:0;s:31:"/index.php?m=statistics&a=index";i:1;s:1:"1";i:2;s:19:"2015-08-07 14:17:54";}
a:3:{i:0;s:31:"/index.php?m=statistics&a=index";i:1;s:1:"1";i:2;s:19:"2015-08-07 14:18:02";}
a:3:{i:0;s:90:"/index.php?m=statistics&a=move&ids=766,754,733,731,698,697,679,676,651,645,630,624,621,594";i:1;s:1:"1";i:2;s:19:"2015-08-07 14:18:42";}
a:3:{i:0;s:90:"/index.php?m=statistics&a=move&ids=766,754,733,731,698,697,679,676,651,645,630,624,621,594";i:1;s:1:"1";i:2;s:19:"2015-08-07 14:18:59";}
a:3:{i:0;s:31:"/index.php?m=statistics&a=index";i:1;s:1:"1";i:2;s:19:"2015-08-07 14:19:00";}
a:3:{i:0;s:31:"/index.php?m=statistics&a=index";i:1;s:1:"1";i:2;s:19:"2015-08-07 14:19:04";}
a:3:{i:0;s:31:"/index.php?m=statistics&a=index";i:1;s:1:"1";i:2;s:19:"2015-08-07 14:19:12";}
a:3:{i:0;s:98:"/index.php?m=statistics&a=move&ids=646,639,625,604,598,596,592,574,564,539,533,518,514,504,503,502";i:1;s:1:"1";i:2;s:19:"2015-08-07 14:19:26";}
a:3:{i:0;s:98:"/index.php?m=statistics&a=move&ids=646,639,625,604,598,596,592,574,564,539,533,518,514,504,503,502";i:1;s:1:"1";i:2;s:19:"2015-08-07 14:19:32";}
a:3:{i:0;s:31:"/index.php?m=statistics&a=index";i:1;s:1:"1";i:2;s:19:"2015-08-07 14:19:32";}
a:3:{i:0;s:31:"/index.php?m=statistics&a=index";i:1;s:1:"1";i:2;s:19:"2015-08-07 14:19:36";}
a:3:{i:0;s:31:"/index.php?m=statistics&a=index";i:1;s:1:"1";i:2;s:19:"2015-08-07 14:19:40";}
a:3:{i:0;s:86:"/index.php?m=statistics&a=move&ids=501,500,499,496,493,492,491,490,480,478,475,469,468";i:1;s:1:"1";i:2;s:19:"2015-08-07 14:20:02";}
a:3:{i:0;s:86:"/index.php?m=statistics&a=move&ids=501,500,499,496,493,492,491,490,480,478,475,469,468";i:1;s:1:"1";i:2;s:19:"2015-08-07 14:20:08";}
a:3:{i:0;s:31:"/index.php?m=statistics&a=index";i:1;s:1:"1";i:2;s:19:"2015-08-07 14:20:08";}
a:3:{i:0;s:31:"/index.php?m=statistics&a=index";i:1;s:1:"1";i:2;s:19:"2015-08-07 14:20:12";}
a:3:{i:0;s:31:"/index.php?m=statistics&a=index";i:1;s:1:"1";i:2;s:19:"2015-08-07 14:20:18";}
a:3:{i:0;s:82:"/index.php?m=statistics&a=move&ids=466,465,464,463,461,460,459,458,457,456,455,454";i:1;s:1:"1";i:2;s:19:"2015-08-07 14:20:35";}
a:3:{i:0;s:82:"/index.php?m=statistics&a=move&ids=466,465,464,463,461,460,459,458,457,456,455,454";i:1;s:1:"1";i:2;s:19:"2015-08-07 14:20:42";}
a:3:{i:0;s:31:"/index.php?m=statistics&a=index";i:1;s:1:"1";i:2;s:19:"2015-08-07 14:20:43";}
a:3:{i:0;s:31:"/index.php?m=statistics&a=index";i:1;s:1:"1";i:2;s:19:"2015-08-07 14:20:45";}
a:3:{i:0;s:31:"/index.php?m=statistics&a=index";i:1;s:1:"1";i:2;s:19:"2015-08-07 14:20:49";}
a:3:{i:0;s:82:"/index.php?m=statistics&a=move&ids=453,452,451,450,449,448,447,446,445,444,443,442";i:1;s:1:"1";i:2;s:19:"2015-08-07 14:21:03";}
a:3:{i:0;s:82:"/index.php?m=statistics&a=move&ids=453,452,451,450,449,448,447,446,445,444,443,442";i:1;s:1:"1";i:2;s:19:"2015-08-07 14:21:08";}
a:3:{i:0;s:31:"/index.php?m=statistics&a=index";i:1;s:1:"1";i:2;s:19:"2015-08-07 14:21:08";}
a:3:{i:0;s:31:"/index.php?m=statistics&a=index";i:1;s:1:"1";i:2;s:19:"2015-08-07 14:21:11";}
a:3:{i:0;s:31:"/index.php?m=statistics&a=index";i:1;s:1:"1";i:2;s:19:"2015-08-07 14:21:14";}
a:3:{i:0;s:78:"/index.php?m=statistics&a=move&ids=441,439,438,437,436,435,434,433,432,431,430";i:1;s:1:"1";i:2;s:19:"2015-08-07 14:21:30";}
a:3:{i:0;s:78:"/index.php?m=statistics&a=move&ids=441,439,438,437,436,435,434,433,432,431,430";i:1;s:1:"1";i:2;s:19:"2015-08-07 14:21:36";}
a:3:{i:0;s:31:"/index.php?m=statistics&a=index";i:1;s:1:"1";i:2;s:19:"2015-08-07 14:21:36";}
a:3:{i:0;s:31:"/index.php?m=statistics&a=index";i:1;s:1:"1";i:2;s:19:"2015-08-07 14:21:40";}
a:3:{i:0;s:31:"/index.php?m=statistics&a=index";i:1;s:1:"1";i:2;s:19:"2015-08-07 14:21:44";}
a:3:{i:0;s:74:"/index.php?m=statistics&a=move&ids=429,428,427,426,425,423,422,421,420,419";i:1;s:1:"1";i:2;s:19:"2015-08-07 14:21:59";}
a:3:{i:0;s:74:"/index.php?m=statistics&a=move&ids=429,428,427,426,425,423,422,421,420,419";i:1;s:1:"1";i:2;s:19:"2015-08-07 14:22:04";}
a:3:{i:0;s:31:"/index.php?m=statistics&a=index";i:1;s:1:"1";i:2;s:19:"2015-08-07 14:22:04";}
a:3:{i:0;s:31:"/index.php?m=statistics&a=index";i:1;s:1:"1";i:2;s:19:"2015-08-07 14:22:07";}
a:3:{i:0;s:31:"/index.php?m=statistics&a=index";i:1;s:1:"1";i:2;s:19:"2015-08-07 14:22:11";}
a:3:{i:0;s:74:"/index.php?m=statistics&a=move&ids=418,417,416,415,414,413,412,411,410,409";i:1;s:1:"1";i:2;s:19:"2015-08-07 14:22:23";}
a:3:{i:0;s:74:"/index.php?m=statistics&a=move&ids=418,417,416,415,414,413,412,411,410,409";i:1;s:1:"1";i:2;s:19:"2015-08-07 14:22:29";}
a:3:{i:0;s:31:"/index.php?m=statistics&a=index";i:1;s:1:"1";i:2;s:19:"2015-08-07 14:22:29";}
a:3:{i:0;s:31:"/index.php?m=statistics&a=index";i:1;s:1:"1";i:2;s:19:"2015-08-07 14:22:31";}
a:3:{i:0;s:31:"/index.php?m=statistics&a=index";i:1;s:1:"1";i:2;s:19:"2015-08-07 14:22:35";}
a:3:{i:0;s:65:"/index.php?g=admin&m=statistics&a=index&typeclass=20100&old=0&p=2";i:1;s:1:"1";i:2;s:19:"2015-08-07 14:22:45";}
a:3:{i:0;s:114:"/index.php?m=statistics&a=move&ids=397,396,395,394,393,392,391,390,389,388,387,385,384,383,382,381,380,379,378,377";i:1;s:1:"1";i:2;s:19:"2015-08-07 14:22:52";}
a:3:{i:0;s:114:"/index.php?m=statistics&a=move&ids=397,396,395,394,393,392,391,390,389,388,387,385,384,383,382,381,380,379,378,377";i:1;s:1:"1";i:2;s:19:"2015-08-07 14:22:57";}
a:3:{i:0;s:65:"/index.php?g=admin&m=statistics&a=index&typeclass=20100&old=0&p=2";i:1;s:1:"1";i:2;s:19:"2015-08-07 14:22:57";}
a:3:{i:0;s:31:"/index.php?m=statistics&a=index";i:1;s:1:"1";i:2;s:19:"2015-08-07 14:23:02";}
a:3:{i:0;s:65:"/index.php?g=admin&m=statistics&a=index&typeclass=20100&old=0&p=2";i:1;s:1:"1";i:2;s:19:"2015-08-07 14:23:04";}
a:3:{i:0;s:114:"/index.php?m=statistics&a=move&ids=376,375,374,373,372,371,370,369,368,367,366,365,364,363,362,361,360,359,358,357";i:1;s:1:"1";i:2;s:19:"2015-08-07 14:23:09";}
a:3:{i:0;s:114:"/index.php?m=statistics&a=move&ids=376,375,374,373,372,371,370,369,368,367,366,365,364,363,362,361,360,359,358,357";i:1;s:1:"1";i:2;s:19:"2015-08-07 14:23:15";}
a:3:{i:0;s:65:"/index.php?g=admin&m=statistics&a=index&typeclass=20100&old=0&p=2";i:1;s:1:"1";i:2;s:19:"2015-08-07 14:23:15";}
a:3:{i:0;s:31:"/index.php?m=statistics&a=index";i:1;s:1:"1";i:2;s:19:"2015-08-07 14:23:22";}
a:3:{i:0;s:65:"/index.php?g=admin&m=statistics&a=index&typeclass=20100&old=0&p=2";i:1;s:1:"1";i:2;s:19:"2015-08-07 14:23:24";}
a:3:{i:0;s:110:"/index.php?m=statistics&a=move&ids=356,355,354,353,352,351,350,349,348,347,346,345,344,343,342,340,339,338,337";i:1;s:1:"1";i:2;s:19:"2015-08-07 14:23:30";}
a:3:{i:0;s:110:"/index.php?m=statistics&a=move&ids=356,355,354,353,352,351,350,349,348,347,346,345,344,343,342,340,339,338,337";i:1;s:1:"1";i:2;s:19:"2015-08-07 14:23:35";}
a:3:{i:0;s:65:"/index.php?g=admin&m=statistics&a=index&typeclass=20100&old=0&p=2";i:1;s:1:"1";i:2;s:19:"2015-08-07 14:23:35";}
a:3:{i:0;s:110:"/index.php?m=statistics&a=move&ids=336,335,334,333,332,331,330,329,328,327,326,325,324,323,322,321,320,319,318";i:1;s:1:"1";i:2;s:19:"2015-08-07 14:23:41";}
a:3:{i:0;s:110:"/index.php?m=statistics&a=move&ids=336,335,334,333,332,331,330,329,328,327,326,325,324,323,322,321,320,319,318";i:1;s:1:"1";i:2;s:19:"2015-08-07 14:23:46";}
a:3:{i:0;s:65:"/index.php?g=admin&m=statistics&a=index&typeclass=20100&old=0&p=2";i:1;s:1:"1";i:2;s:19:"2015-08-07 14:23:46";}
a:3:{i:0;s:65:"/index.php?g=admin&m=statistics&a=index&typeclass=20100&old=0&p=3";i:1;s:1:"1";i:2;s:19:"2015-08-07 14:23:50";}
a:3:{i:0;s:110:"/index.php?m=statistics&a=move&ids=298,297,296,295,294,293,292,291,290,289,288,286,285,284,283,282,281,280,279";i:1;s:1:"1";i:2;s:19:"2015-08-07 14:23:58";}
a:3:{i:0;s:110:"/index.php?m=statistics&a=move&ids=298,297,296,295,294,293,292,291,290,289,288,286,285,284,283,282,281,280,279";i:1;s:1:"1";i:2;s:19:"2015-08-07 14:24:04";}
a:3:{i:0;s:65:"/index.php?g=admin&m=statistics&a=index&typeclass=20100&old=0&p=3";i:1;s:1:"1";i:2;s:19:"2015-08-07 14:24:04";}
a:3:{i:0;s:106:"/index.php?m=statistics&a=move&ids=278,277,276,275,274,273,272,271,269,265,264,261,254,253,252,251,250,249";i:1;s:1:"1";i:2;s:19:"2015-08-07 14:24:13";}
a:3:{i:0;s:106:"/index.php?m=statistics&a=move&ids=278,277,276,275,274,273,272,271,269,265,264,261,254,253,252,251,250,249";i:1;s:1:"1";i:2;s:19:"2015-08-07 14:24:18";}
a:3:{i:0;s:65:"/index.php?g=admin&m=statistics&a=index&typeclass=20100&old=0&p=3";i:1;s:1:"1";i:2;s:19:"2015-08-07 14:24:18";}
a:3:{i:0;s:65:"/index.php?g=admin&m=statistics&a=index&typeclass=20100&old=0&p=4";i:1;s:1:"1";i:2;s:19:"2015-08-07 14:24:21";}
a:3:{i:0;s:102:"/index.php?m=statistics&a=move&ids=193,192,191,179,163,162,157,125,124,122,121,120,112,110,109,108,107";i:1;s:1:"1";i:2;s:19:"2015-08-07 14:24:35";}
a:3:{i:0;s:102:"/index.php?m=statistics&a=move&ids=193,192,191,179,163,162,157,125,124,122,121,120,112,110,109,108,107";i:1;s:1:"1";i:2;s:19:"2015-08-07 14:24:40";}
a:3:{i:0;s:65:"/index.php?g=admin&m=statistics&a=index&typeclass=20100&old=0&p=4";i:1;s:1:"1";i:2;s:19:"2015-08-07 14:24:41";}
a:3:{i:0;s:65:"/index.php?g=admin&m=statistics&a=index&typeclass=20100&old=0&p=5";i:1;s:1:"1";i:2;s:19:"2015-08-07 14:24:43";}
a:3:{i:0;s:91:"/index.php?m=statistics&a=move&ids=89,88,87,86,85,84,83,81,80,79,78,77,76,74,73,72,71,70,69";i:1;s:1:"1";i:2;s:19:"2015-08-07 14:24:52";}
a:3:{i:0;s:88:"/index.php?m=statistics&a=move&ids=89,88,87,86,85,84,83,81,80,79,78,77,76,74,73,72,71,70";i:1;s:1:"1";i:2;s:19:"2015-08-07 14:24:58";}
a:3:{i:0;s:88:"/index.php?m=statistics&a=move&ids=89,88,87,86,85,84,83,81,80,79,78,77,76,74,73,72,71,70";i:1;s:1:"1";i:2;s:19:"2015-08-07 14:25:04";}
a:3:{i:0;s:65:"/index.php?g=admin&m=statistics&a=index&typeclass=20100&old=0&p=5";i:1;s:1:"1";i:2;s:19:"2015-08-07 14:25:04";}
a:3:{i:0;s:35:"/index.php?g=admin&m=public&a=login";i:1;N;i:2;s:19:"2015-08-07 14:25:10";}
a:3:{i:0;s:31:"/index.php?m=statistics&a=index";i:1;s:1:"1";i:2;s:19:"2015-08-07 14:25:10";}
a:3:{i:0;s:65:"/index.php?g=admin&m=statistics&a=index&typeclass=20100&old=0&p=2";i:1;s:1:"1";i:2;s:19:"2015-08-07 14:25:14";}
a:3:{i:0;s:110:"/index.php?m=statistics&a=move&ids=317,316,315,314,313,312,311,310,309,308,307,306,305,304,303,302,301,300,299";i:1;s:1:"1";i:2;s:19:"2015-08-07 14:25:24";}
a:3:{i:0;s:110:"/index.php?m=statistics&a=move&ids=317,316,315,314,313,312,311,310,309,308,307,306,305,304,303,302,301,300,299";i:1;s:1:"1";i:2;s:19:"2015-08-07 14:25:29";}
a:3:{i:0;s:65:"/index.php?g=admin&m=statistics&a=index&typeclass=20100&old=0&p=2";i:1;s:1:"1";i:2;s:19:"2015-08-07 14:25:29";}
a:3:{i:0;s:98:"/index.php?m=statistics&a=move&ids=247,234,231,230,229,228,227,226,225,224,223,222,221,220,219,217";i:1;s:1:"1";i:2;s:19:"2015-08-07 14:25:56";}
a:3:{i:0;s:98:"/index.php?m=statistics&a=move&ids=247,234,231,230,229,228,227,226,225,224,223,222,221,220,219,217";i:1;s:1:"1";i:2;s:19:"2015-08-07 14:26:01";}
a:3:{i:0;s:65:"/index.php?g=admin&m=statistics&a=index&typeclass=20100&old=0&p=2";i:1;s:1:"1";i:2;s:19:"2015-08-07 14:26:01";}
a:3:{i:0;s:65:"/index.php?g=admin&m=statistics&a=index&typeclass=20100&old=0&p=3";i:1;s:1:"1";i:2;s:19:"2015-08-07 14:26:03";}
a:3:{i:0;s:76:"/index.php?m=statistics&a=move&ids=90,75,69,66,65,61,54,52,49,41,39,31,26,25";i:1;s:1:"1";i:2;s:19:"2015-08-07 14:26:26";}
a:3:{i:0;s:76:"/index.php?m=statistics&a=move&ids=90,75,69,66,65,61,54,52,49,41,39,31,26,25";i:1;s:1:"1";i:2;s:19:"2015-08-07 14:26:33";}
a:3:{i:0;s:65:"/index.php?g=admin&m=statistics&a=index&typeclass=20100&old=0&p=3";i:1;s:1:"1";i:2;s:19:"2015-08-07 14:26:33";}
a:3:{i:0;s:31:"/index.php?m=statistics&a=index";i:1;s:1:"1";i:2;s:19:"2015-08-07 14:26:36";}
a:3:{i:0;s:74:"/index.php?m=statistics&a=move&ids=576,547,522,521,487,476,470,467,440,424";i:1;s:1:"1";i:2;s:19:"2015-08-07 14:26:52";}
a:3:{i:0;s:74:"/index.php?m=statistics&a=move&ids=576,547,522,521,487,476,470,467,440,424";i:1;s:1:"1";i:2;s:19:"2015-08-07 14:26:59";}
a:3:{i:0;s:31:"/index.php?m=statistics&a=index";i:1;s:1:"1";i:2;s:19:"2015-08-07 14:27:00";}
a:3:{i:0;s:31:"/index.php?m=statistics&a=index";i:1;s:1:"1";i:2;s:19:"2015-08-07 14:27:04";}
a:3:{i:0;s:31:"/index.php?m=statistics&a=index";i:1;s:1:"1";i:2;s:19:"2015-08-07 14:27:07";}
a:3:{i:0;s:62:"/index.php?m=statistics&a=move&ids=341,287,262,248,168,127,111";i:1;s:1:"1";i:2;s:19:"2015-08-07 14:27:19";}
a:3:{i:0;s:62:"/index.php?m=statistics&a=move&ids=341,287,262,248,168,127,111";i:1;s:1:"1";i:2;s:19:"2015-08-07 14:27:39";}
a:3:{i:0;s:31:"/index.php?m=statistics&a=index";i:1;s:1:"1";i:2;s:19:"2015-08-07 14:27:39";}
a:3:{i:0;s:31:"/index.php?m=statistics&a=index";i:1;s:1:"1";i:2;s:19:"2015-08-07 14:27:43";}
a:3:{i:0;s:31:"/index.php?m=statistics&a=index";i:1;s:1:"1";i:2;s:19:"2015-08-07 14:27:47";}
a:3:{i:0;s:65:"/index.php?g=admin&m=statistics&a=index&typeclass=20100&old=0&p=2";i:1;s:1:"1";i:2;s:19:"2015-08-07 14:27:51";}
a:3:{i:0;s:65:"/index.php?g=admin&m=statistics&a=index&typeclass=20100&old=0&p=1";i:1;s:1:"1";i:2;s:19:"2015-08-07 14:27:54";}
a:3:{i:0;s:65:"/index.php?g=admin&m=statistics&a=index&typeclass=20100&old=0&p=2";i:1;s:1:"1";i:2;s:19:"2015-08-07 14:27:56";}
a:3:{i:0;s:61:"/index.php?m=statistics&a=move&ids=97,96,95,94,93,92,91,67,42";i:1;s:1:"1";i:2;s:19:"2015-08-07 14:28:01";}
a:3:{i:0;s:61:"/index.php?m=statistics&a=move&ids=97,96,95,94,93,92,91,67,42";i:1;s:1:"1";i:2;s:19:"2015-08-07 14:28:06";}
a:3:{i:0;s:65:"/index.php?g=admin&m=statistics&a=index&typeclass=20100&old=0&p=2";i:1;s:1:"1";i:2;s:19:"2015-08-07 14:28:06";}
a:3:{i:0;s:108:"/index.php?m=statistics&a=move&ids=408,407,406,405,404,403,402,401,400,398,194,106,105,104,102,101,100,99,98";i:1;s:1:"1";i:2;s:19:"2015-08-07 14:28:10";}
a:3:{i:0;s:108:"/index.php?m=statistics&a=move&ids=408,407,406,405,404,403,402,401,400,398,194,106,105,104,102,101,100,99,98";i:1;s:1:"1";i:2;s:19:"2015-08-07 14:28:17";}
a:3:{i:0;s:65:"/index.php?g=admin&m=statistics&a=index&typeclass=20100&old=0&p=2";i:1;s:1:"1";i:2;s:19:"2015-08-07 14:28:17";}
a:3:{i:0;s:38:"/index.php?m=statistics&a=move&ids=103";i:1;s:1:"1";i:2;s:19:"2015-08-07 14:28:21";}
a:3:{i:0;s:38:"/index.php?m=statistics&a=move&ids=103";i:1;s:1:"1";i:2;s:19:"2015-08-07 14:28:26";}
a:3:{i:0;s:65:"/index.php?g=admin&m=statistics&a=index&typeclass=20100&old=0&p=2";i:1;s:1:"1";i:2;s:19:"2015-08-07 14:28:26";}
a:3:{i:0;s:31:"/index.php?m=statistics&a=index";i:1;s:1:"1";i:2;s:19:"2015-08-07 14:28:29";}
a:3:{i:0;s:31:"/index.php?m=statistics&a=index";i:1;s:1:"1";i:2;s:19:"2015-08-07 14:28:35";}
a:3:{i:0;s:65:"/index.php?g=admin&m=statistics&a=index&typeclass=20110&old=0&p=6";i:1;s:1:"1";i:2;s:19:"2015-08-07 14:28:43";}
a:3:{i:0;s:40:"/index.php?m=statistics&a=move&ids=22,21";i:1;s:1:"1";i:2;s:19:"2015-08-07 14:28:47";}
a:3:{i:0;s:40:"/index.php?m=statistics&a=move&ids=22,21";i:1;s:1:"1";i:2;s:19:"2015-08-07 14:28:53";}
a:3:{i:0;s:65:"/index.php?g=admin&m=statistics&a=index&typeclass=20110&old=0&p=6";i:1;s:1:"1";i:2;s:19:"2015-08-07 14:28:53";}
a:3:{i:0;s:97:"/index.php?m=statistics&a=move&ids=485,471,399,190,187,167,164,128,126,82,68,62,60,59,53,48,24,23";i:1;s:1:"1";i:2;s:19:"2015-08-07 14:29:09";}
a:3:{i:0;s:97:"/index.php?m=statistics&a=move&ids=485,471,399,190,187,167,164,128,126,82,68,62,60,59,53,48,24,23";i:1;s:1:"1";i:2;s:19:"2015-08-07 14:29:14";}
a:3:{i:0;s:65:"/index.php?g=admin&m=statistics&a=index&typeclass=20110&old=0&p=6";i:1;s:1:"1";i:2;s:19:"2015-08-07 14:29:15";}
a:3:{i:0;s:31:"/index.php?m=statistics&a=index";i:1;s:1:"1";i:2;s:19:"2015-08-07 14:29:17";}
a:3:{i:0;s:65:"/index.php?g=admin&m=statistics&a=index&typeclass=20110&old=0&p=5";i:1;s:1:"1";i:2;s:19:"2015-08-07 14:29:19";}
a:3:{i:0;s:42:"/index.php?m=statistics&a=move&ids=232,183";i:1;s:1:"1";i:2;s:19:"2015-08-07 14:29:22";}
a:3:{i:0;s:42:"/index.php?m=statistics&a=move&ids=232,183";i:1;s:1:"1";i:2;s:19:"2015-08-07 14:29:36";}
a:3:{i:0;s:65:"/index.php?g=admin&m=statistics&a=index&typeclass=20110&old=0&p=5";i:1;s:1:"1";i:2;s:19:"2015-08-07 14:29:36";}
a:3:{i:0;s:114:"/index.php?m=statistics&a=move&ids=571,569,568,561,559,558,557,556,555,550,549,548,542,541,536,534,530,520,516,508";i:1;s:1:"1";i:2;s:19:"2015-08-07 14:29:42";}
a:3:{i:0;s:114:"/index.php?m=statistics&a=move&ids=571,569,568,561,559,558,557,556,555,550,549,548,542,541,536,534,530,520,516,508";i:1;s:1:"1";i:2;s:19:"2015-08-07 14:29:50";}
a:3:{i:0;s:65:"/index.php?g=admin&m=statistics&a=index&typeclass=20110&old=0&p=5";i:1;s:1:"1";i:2;s:19:"2015-08-07 14:29:50";}
a:3:{i:0;s:114:"/index.php?m=statistics&a=move&ids=640,637,636,633,628,627,622,615,613,593,591,589,587,584,582,581,580,579,578,577";i:1;s:1:"1";i:2;s:19:"2015-08-07 14:29:54";}
a:3:{i:0;s:114:"/index.php?m=statistics&a=move&ids=640,637,636,633,628,627,622,615,613,593,591,589,587,584,582,581,580,579,578,577";i:1;s:1:"1";i:2;s:19:"2015-08-07 14:30:01";}
a:3:{i:0;s:65:"/index.php?g=admin&m=statistics&a=index&typeclass=20110&old=0&p=5";i:1;s:1:"1";i:2;s:19:"2015-08-07 14:30:01";}
a:3:{i:0;s:114:"/index.php?m=statistics&a=move&ids=687,685,684,678,674,671,669,668,667,666,664,663,655,653,652,649,648,644,643,642";i:1;s:1:"1";i:2;s:19:"2015-08-07 14:30:04";}
a:3:{i:0;s:114:"/index.php?m=statistics&a=move&ids=687,685,684,678,674,671,669,668,667,666,664,663,655,653,652,649,648,644,643,642";i:1;s:1:"1";i:2;s:19:"2015-08-07 14:30:11";}
a:3:{i:0;s:65:"/index.php?g=admin&m=statistics&a=index&typeclass=20110&old=0&p=5";i:1;s:1:"1";i:2;s:19:"2015-08-07 14:30:11";}
a:3:{i:0;s:114:"/index.php?m=statistics&a=move&ids=821,776,736,732,728,727,726,725,724,722,712,711,709,708,707,705,704,696,694,688";i:1;s:1:"1";i:2;s:19:"2015-08-07 14:30:16";}
a:3:{i:0;s:114:"/index.php?m=statistics&a=move&ids=821,776,736,732,728,727,726,725,724,722,712,711,709,708,707,705,704,696,694,688";i:1;s:1:"1";i:2;s:19:"2015-08-07 14:30:22";}
a:3:{i:0;s:65:"/index.php?g=admin&m=statistics&a=index&typeclass=20110&old=0&p=5";i:1;s:1:"1";i:2;s:19:"2015-08-07 14:30:22";}
a:3:{i:0;s:47:"/index.php?g=admin&m=amateur&a=index&menuid=627";i:1;s:2:"26";i:2;s:19:"2015-08-07 14:30:23";}
a:3:{i:0;s:31:"/index.php?m=statistics&a=index";i:1;s:1:"1";i:2;s:19:"2015-08-07 14:30:29";}
a:3:{i:0;s:31:"/index.php?m=statistics&a=index";i:1;s:1:"1";i:2;s:19:"2015-08-07 14:30:36";}
a:3:{i:0;s:34:"/index.php?m=amateur&a=edit&id=278";i:1;s:2:"26";i:2;s:19:"2015-08-07 14:30:45";}
a:3:{i:0;s:114:"/index.php?m=statistics&a=move&ids=840,839,837,822,779,723,721,710,706,703,702,701,699,695,686,683,682,681,680,677";i:1;s:1:"1";i:2;s:19:"2015-08-07 14:34:24";}
a:3:{i:0;s:50:"/index.php?m=statistics&a=move&ids=840,839,706,682";i:1;s:1:"1";i:2;s:19:"2015-08-07 14:35:04";}
a:3:{i:0;s:50:"/index.php?m=statistics&a=move&ids=840,839,706,682";i:1;s:1:"1";i:2;s:19:"2015-08-07 14:35:11";}
a:3:{i:0;s:31:"/index.php?m=statistics&a=index";i:1;s:1:"1";i:2;s:19:"2015-08-07 14:35:11";}
a:3:{i:0;s:31:"/index.php?m=statistics&a=index";i:1;s:1:"1";i:2;s:19:"2015-08-07 14:35:18";}
a:3:{i:0;s:31:"/index.php?m=statistics&a=index";i:1;s:1:"1";i:2;s:19:"2015-08-07 14:35:22";}
a:3:{i:0;s:31:"/index.php?m=statistics&a=index";i:1;s:1:"1";i:2;s:19:"2015-08-07 14:35:28";}
a:3:{i:0;s:31:"/index.php?m=statistics&a=index";i:1;s:1:"1";i:2;s:19:"2015-08-07 14:35:42";}
a:3:{i:0;s:31:"/index.php?m=statistics&a=index";i:1;s:1:"1";i:2;s:19:"2015-08-07 14:36:01";}
a:3:{i:0;s:38:"/index.php?m=statistics&a=move&ids=815";i:1;s:1:"1";i:2;s:19:"2015-08-07 14:37:30";}
a:3:{i:0;s:44:"/index.php?g=admin&m=shop&a=index&menuid=576";i:1;s:2:"26";i:2;s:19:"2015-08-07 14:45:42";}
a:3:{i:0;s:25:"/index.php?m=shop&a=index";i:1;s:2:"26";i:2;s:19:"2015-08-07 14:45:49";}
a:3:{i:0;s:53:"/index.php?g=admin&m=shop&a=index&oneclass=903000&p=2";i:1;s:2:"26";i:2;s:19:"2015-08-07 14:46:01";}
a:3:{i:0;s:53:"/index.php?g=admin&m=shop&a=index&oneclass=903000&p=3";i:1;s:2:"26";i:2;s:19:"2015-08-07 14:46:06";}
a:3:{i:0;s:35:"/index.php?g=admin&m=public&a=login";i:1;N;i:2;s:19:"2015-08-07 14:46:07";}
a:3:{i:0;s:26:"/index.php?m=index&a=index";i:1;s:2:"27";i:2;s:19:"2015-08-07 14:46:11";}
a:3:{i:0;s:25:"/index.php?m=main&a=index";i:1;s:2:"27";i:2;s:19:"2015-08-07 14:46:13";}
a:3:{i:0;s:44:"/index.php?g=admin&m=user&a=index&menuid=292";i:1;s:2:"27";i:2;s:19:"2015-08-07 14:46:17";}
a:3:{i:0;s:53:"/index.php?g=admin&m=shop&a=index&oneclass=903000&p=4";i:1;s:2:"26";i:2;s:19:"2015-08-07 14:46:17";}
a:3:{i:0;s:35:"/index.php?g=admin&m=public&a=login";i:1;N;i:2;s:19:"2015-08-07 14:46:19";}
a:3:{i:0;s:53:"/index.php?g=admin&m=shop&a=index&oneclass=903000&p=5";i:1;s:2:"26";i:2;s:19:"2015-08-07 14:46:46";}
a:3:{i:0;s:44:"/index.php?g=admin&m=shop&a=index&menuid=576";i:1;s:2:"26";i:2;s:19:"2015-08-07 14:49:10";}
a:3:{i:0;s:25:"/index.php?m=shop&a=index";i:1;s:2:"26";i:2;s:19:"2015-08-07 14:49:17";}
a:3:{i:0;s:31:"/index.php?m=shop&a=edit&id=490";i:1;s:2:"26";i:2;s:19:"2015-08-07 14:49:24";}
a:3:{i:0;s:35:"/index.php?g=admin&m=public&a=login";i:1;N;i:2;s:19:"2015-08-07 14:49:26";}
a:3:{i:0;s:47:"/index.php?g=admin&m=ballbar&a=index&menuid=660";i:1;s:1:"1";i:2;s:19:"2015-08-07 15:00:44";}
a:3:{i:0;s:51:"/index.php?g=admin&m=ballbar&a=index&menuid=660&p=6";i:1;s:1:"1";i:2;s:19:"2015-08-07 15:00:52";}
a:3:{i:0;s:51:"/index.php?g=admin&m=ballbar&a=index&menuid=660&p=1";i:1;s:1:"1";i:2;s:19:"2015-08-07 15:00:55";}
a:3:{i:0;s:36:"/index.php?m=ballbar&a=hotbar&id=433";i:1;s:1:"1";i:2;s:19:"2015-08-07 15:01:09";}
a:3:{i:0;s:51:"/index.php?g=admin&m=ballbar&a=index&menuid=660&p=1";i:1;s:1:"1";i:2;s:19:"2015-08-07 15:01:09";}
a:3:{i:0;s:36:"/index.php?m=ballbar&a=hotbar&id=429";i:1;s:1:"1";i:2;s:19:"2015-08-07 15:01:12";}
a:3:{i:0;s:51:"/index.php?g=admin&m=ballbar&a=index&menuid=660&p=1";i:1;s:1:"1";i:2;s:19:"2015-08-07 15:01:12";}
a:3:{i:0;s:36:"/index.php?m=ballbar&a=hotbar&id=428";i:1;s:1:"1";i:2;s:19:"2015-08-07 15:03:37";}
a:3:{i:0;s:51:"/index.php?g=admin&m=ballbar&a=index&menuid=660&p=1";i:1;s:1:"1";i:2;s:19:"2015-08-07 15:03:37";}
a:3:{i:0;s:36:"/index.php?m=ballbar&a=hotbar&id=421";i:1;s:1:"1";i:2;s:19:"2015-08-07 15:03:39";}
a:3:{i:0;s:51:"/index.php?g=admin&m=ballbar&a=index&menuid=660&p=1";i:1;s:1:"1";i:2;s:19:"2015-08-07 15:03:39";}
a:3:{i:0;s:36:"/index.php?m=ballbar&a=hotbar&id=420";i:1;s:1:"1";i:2;s:19:"2015-08-07 15:03:41";}
a:3:{i:0;s:51:"/index.php?g=admin&m=ballbar&a=index&menuid=660&p=1";i:1;s:1:"1";i:2;s:19:"2015-08-07 15:03:41";}
a:3:{i:0;s:36:"/index.php?m=ballbar&a=hotbar&id=419";i:1;s:1:"1";i:2;s:19:"2015-08-07 15:03:45";}
a:3:{i:0;s:51:"/index.php?g=admin&m=ballbar&a=index&menuid=660&p=1";i:1;s:1:"1";i:2;s:19:"2015-08-07 15:03:45";}
a:3:{i:0;s:36:"/index.php?m=ballbar&a=hotbar&id=412";i:1;s:1:"1";i:2;s:19:"2015-08-07 15:03:48";}
a:3:{i:0;s:51:"/index.php?g=admin&m=ballbar&a=index&menuid=660&p=1";i:1;s:1:"1";i:2;s:19:"2015-08-07 15:03:48";}
a:3:{i:0;s:36:"/index.php?m=ballbar&a=hotbar&id=411";i:1;s:1:"1";i:2;s:19:"2015-08-07 15:03:51";}
a:3:{i:0;s:51:"/index.php?g=admin&m=ballbar&a=index&menuid=660&p=1";i:1;s:1:"1";i:2;s:19:"2015-08-07 15:03:51";}
a:3:{i:0;s:36:"/index.php?m=ballbar&a=hotbar&id=408";i:1;s:1:"1";i:2;s:19:"2015-08-07 15:03:55";}
a:3:{i:0;s:51:"/index.php?g=admin&m=ballbar&a=index&menuid=660&p=1";i:1;s:1:"1";i:2;s:19:"2015-08-07 15:03:56";}
a:3:{i:0;s:36:"/index.php?m=ballbar&a=hotbar&id=407";i:1;s:1:"1";i:2;s:19:"2015-08-07 15:04:00";}
a:3:{i:0;s:51:"/index.php?g=admin&m=ballbar&a=index&menuid=660&p=1";i:1;s:1:"1";i:2;s:19:"2015-08-07 15:04:00";}
a:3:{i:0;s:36:"/index.php?m=ballbar&a=hotbar&id=404";i:1;s:1:"1";i:2;s:19:"2015-08-07 15:04:07";}
a:3:{i:0;s:51:"/index.php?g=admin&m=ballbar&a=index&menuid=660&p=1";i:1;s:1:"1";i:2;s:19:"2015-08-07 15:04:08";}
a:3:{i:0;s:36:"/index.php?m=ballbar&a=hotbar&id=403";i:1;s:1:"1";i:2;s:19:"2015-08-07 15:04:12";}
a:3:{i:0;s:51:"/index.php?g=admin&m=ballbar&a=index&menuid=660&p=1";i:1;s:1:"1";i:2;s:19:"2015-08-07 15:04:12";}
a:3:{i:0;s:36:"/index.php?m=ballbar&a=hotbar&id=402";i:1;s:1:"1";i:2;s:19:"2015-08-07 15:04:19";}
a:3:{i:0;s:51:"/index.php?g=admin&m=ballbar&a=index&menuid=660&p=1";i:1;s:1:"1";i:2;s:19:"2015-08-07 15:04:19";}
a:3:{i:0;s:36:"/index.php?m=ballbar&a=hotbar&id=401";i:1;s:1:"1";i:2;s:19:"2015-08-07 15:04:25";}
a:3:{i:0;s:51:"/index.php?g=admin&m=ballbar&a=index&menuid=660&p=1";i:1;s:1:"1";i:2;s:19:"2015-08-07 15:04:25";}
a:3:{i:0;s:36:"/index.php?m=ballbar&a=hotbar&id=397";i:1;s:1:"1";i:2;s:19:"2015-08-07 15:04:33";}
a:3:{i:0;s:51:"/index.php?g=admin&m=ballbar&a=index&menuid=660&p=1";i:1;s:1:"1";i:2;s:19:"2015-08-07 15:04:33";}
a:3:{i:0;s:36:"/index.php?m=ballbar&a=hotbar&id=398";i:1;s:1:"1";i:2;s:19:"2015-08-07 15:04:37";}
a:3:{i:0;s:51:"/index.php?g=admin&m=ballbar&a=index&menuid=660&p=1";i:1;s:1:"1";i:2;s:19:"2015-08-07 15:04:37";}
a:3:{i:0;s:36:"/index.php?m=ballbar&a=hotbar&id=399";i:1;s:1:"1";i:2;s:19:"2015-08-07 15:04:42";}
a:3:{i:0;s:51:"/index.php?g=admin&m=ballbar&a=index&menuid=660&p=1";i:1;s:1:"1";i:2;s:19:"2015-08-07 15:04:42";}
a:3:{i:0;s:36:"/index.php?m=ballbar&a=hotbar&id=400";i:1;s:1:"1";i:2;s:19:"2015-08-07 15:04:46";}
a:3:{i:0;s:51:"/index.php?g=admin&m=ballbar&a=index&menuid=660&p=1";i:1;s:1:"1";i:2;s:19:"2015-08-07 15:04:46";}
a:3:{i:0;s:28:"/index.php?m=ballbar&a=index";i:1;s:1:"1";i:2;s:19:"2015-08-07 15:08:43";}
a:3:{i:0;s:26:"/index.php?m=index&a=index";i:1;s:2:"27";i:2;s:19:"2015-08-07 15:08:54";}
a:3:{i:0;s:25:"/index.php?m=main&a=index";i:1;s:2:"27";i:2;s:19:"2015-08-07 15:08:55";}
a:3:{i:0;s:39:"/index.php?m=ballbar&a=nothotbar&id=399";i:1;s:1:"1";i:2;s:19:"2015-08-07 15:09:46";}
a:3:{i:0;s:28:"/index.php?m=ballbar&a=index";i:1;s:1:"1";i:2;s:19:"2015-08-07 15:09:46";}
a:3:{i:0;s:28:"/index.php?m=ballbar&a=index";i:1;s:1:"1";i:2;s:19:"2015-08-07 15:10:04";}
a:3:{i:0;s:39:"/index.php?m=ballbar&a=nothotbar&id=401";i:1;s:1:"1";i:2;s:19:"2015-08-07 15:10:28";}
a:3:{i:0;s:28:"/index.php?m=ballbar&a=index";i:1;s:1:"1";i:2;s:19:"2015-08-07 15:10:29";}
a:3:{i:0;s:28:"/index.php?m=ballbar&a=index";i:1;s:1:"1";i:2;s:19:"2015-08-07 15:10:34";}
a:3:{i:0;s:39:"/index.php?m=ballbar&a=nothotbar&id=411";i:1;s:1:"1";i:2;s:19:"2015-08-07 15:10:41";}
a:3:{i:0;s:28:"/index.php?m=ballbar&a=index";i:1;s:1:"1";i:2;s:19:"2015-08-07 15:10:41";}
a:3:{i:0;s:28:"/index.php?m=ballbar&a=index";i:1;s:1:"1";i:2;s:19:"2015-08-07 15:11:02";}
a:3:{i:0;s:35:"/index.php?m=ballbar&a=upbar&id=433";i:1;s:1:"1";i:2;s:19:"2015-08-07 15:15:34";}
a:3:{i:0;s:28:"/index.php?m=ballbar&a=index";i:1;s:1:"1";i:2;s:19:"2015-08-07 15:15:34";}
a:3:{i:0;s:35:"/index.php?m=ballbar&a=upbar&id=435";i:1;s:1:"1";i:2;s:19:"2015-08-07 15:15:37";}
a:3:{i:0;s:28:"/index.php?m=ballbar&a=index";i:1;s:1:"1";i:2;s:19:"2015-08-07 15:15:38";}
a:3:{i:0;s:36:"/index.php?m=ballbar&a=hotbar&id=433";i:1;s:1:"1";i:2;s:19:"2015-08-07 15:16:50";}
a:3:{i:0;s:28:"/index.php?m=ballbar&a=index";i:1;s:1:"1";i:2;s:19:"2015-08-07 15:16:50";}
a:3:{i:0;s:41:"/index.php?g=admin&m=setting&a=clearcache";i:1;s:1:"1";i:2;s:19:"2015-08-07 15:24:06";}
a:3:{i:0;s:25:"/index.php?m=shop&a=index";i:1;s:2:"26";i:2;s:19:"2015-08-07 15:34:35";}
a:3:{i:0;s:31:"/index.php?m=shop&a=edit&id=344";i:1;s:2:"26";i:2;s:19:"2015-08-07 15:35:04";}
a:3:{i:0;s:35:"/index.php?g=admin&m=public&a=login";i:1;N;i:2;s:19:"2015-08-07 15:35:04";}
a:3:{i:0;s:31:"/index.php?m=shop&a=edit&id=342";i:1;s:2:"26";i:2;s:19:"2015-08-07 15:37:59";}
a:3:{i:0;s:69:"/index.php?g=admin&m=shop&a=index&oneclass=902000&twoclass=902020&p=3";i:1;s:2:"26";i:2;s:19:"2015-08-07 15:42:28";}
a:3:{i:0;s:35:"/index.php?g=admin&m=public&a=login";i:1;N;i:2;s:19:"2015-08-07 15:42:33";}
a:3:{i:0;s:69:"/index.php?g=admin&m=shop&a=index&oneclass=902000&twoclass=902020&p=2";i:1;s:2:"26";i:2;s:19:"2015-08-07 15:42:37";}
a:3:{i:0;s:69:"/index.php?g=admin&m=shop&a=index&oneclass=902000&twoclass=902020&p=1";i:1;s:2:"26";i:2;s:19:"2015-08-07 15:42:43";}
a:3:{i:0;s:69:"/index.php?g=admin&m=shop&a=index&oneclass=902000&twoclass=902020&p=4";i:1;s:2:"26";i:2;s:19:"2015-08-07 15:43:38";}
a:3:{i:0;s:69:"/index.php?g=admin&m=shop&a=index&oneclass=902000&twoclass=902020&p=3";i:1;s:2:"26";i:2;s:19:"2015-08-07 15:43:42";}
a:3:{i:0;s:69:"/index.php?g=admin&m=shop&a=index&oneclass=902000&twoclass=902020&p=2";i:1;s:2:"26";i:2;s:19:"2015-08-07 15:43:49";}
a:3:{i:0;s:69:"/index.php?g=admin&m=shop&a=index&oneclass=902000&twoclass=902020&p=1";i:1;s:2:"26";i:2;s:19:"2015-08-07 15:43:55";}
a:3:{i:0;s:69:"/index.php?g=admin&m=shop&a=index&oneclass=902000&twoclass=902020&p=1";i:1;s:2:"26";i:2;s:19:"2015-08-07 15:44:33";}
a:3:{i:0;s:44:"/index.php?g=admin&m=shop&a=index&menuid=576";i:1;s:2:"26";i:2;s:19:"2015-08-07 15:44:47";}
a:3:{i:0;s:25:"/index.php?m=shop&a=index";i:1;s:2:"26";i:2;s:19:"2015-08-07 15:44:52";}
a:3:{i:0;s:69:"/index.php?g=admin&m=shop&a=index&oneclass=902000&twoclass=902010&p=2";i:1;s:2:"26";i:2;s:19:"2015-08-07 15:45:25";}
a:3:{i:0;s:69:"/index.php?g=admin&m=shop&a=index&oneclass=902000&twoclass=902010&p=3";i:1;s:2:"26";i:2;s:19:"2015-08-07 15:47:27";}
a:3:{i:0;s:69:"/index.php?g=admin&m=shop&a=index&oneclass=902000&twoclass=902010&p=4";i:1;s:2:"26";i:2;s:19:"2015-08-07 15:47:33";}
a:3:{i:0;s:69:"/index.php?g=admin&m=shop&a=index&oneclass=902000&twoclass=902010&p=1";i:1;s:2:"26";i:2;s:19:"2015-08-07 15:47:38";}
a:3:{i:0;s:31:"/index.php?m=shop&a=edit&id=443";i:1;s:2:"26";i:2;s:19:"2015-08-07 15:47:45";}
a:3:{i:0;s:31:"/index.php?m=shop&a=edit&id=442";i:1;s:2:"26";i:2;s:19:"2015-08-07 15:50:07";}
a:3:{i:0;s:31:"/index.php?m=shop&a=edit&id=441";i:1;s:2:"26";i:2;s:19:"2015-08-07 15:51:33";}
a:3:{i:0;s:31:"/index.php?m=shop&a=edit&id=437";i:1;s:2:"26";i:2;s:19:"2015-08-07 15:52:49";}
a:3:{i:0;s:31:"/index.php?m=shop&a=edit&id=440";i:1;s:2:"26";i:2;s:19:"2015-08-07 15:54:08";}
a:3:{i:0;s:35:"/index.php?g=admin&m=public&a=login";i:1;N;i:2;s:19:"2015-08-07 15:54:10";}
a:3:{i:0;s:31:"/index.php?m=shop&a=edit&id=439";i:1;s:2:"26";i:2;s:19:"2015-08-07 15:55:36";}
a:3:{i:0;s:31:"/index.php?m=shop&a=edit&id=438";i:1;s:2:"26";i:2;s:19:"2015-08-07 15:57:39";}
a:3:{i:0;s:45:"/index.php?g=admin&m=order&a=index&menuid=608";i:1;s:2:"27";i:2;s:19:"2015-08-07 15:58:01";}
a:3:{i:0;s:31:"/index.php?m=order&a=statistics";i:1;s:2:"27";i:2;s:19:"2015-08-07 15:58:06";}
a:3:{i:0;s:26:"/index.php?m=order&a=index";i:1;s:2:"27";i:2;s:19:"2015-08-07 15:58:17";}
a:3:{i:0;s:33:"/index.php?m=order&a=look&id=5687";i:1;s:2:"27";i:2;s:19:"2015-08-07 15:58:32";}
a:3:{i:0;s:33:"/index.php?m=order&a=look&id=5691";i:1;s:2:"27";i:2;s:19:"2015-08-07 15:58:42";}
a:3:{i:0;s:33:"/index.php?m=order&a=look&id=2386";i:1;s:2:"27";i:2;s:19:"2015-08-07 15:59:00";}
a:3:{i:0;s:47:"/index.php?g=admin&m=players&a=index&menuid=713";i:1;s:2:"27";i:2;s:19:"2015-08-07 15:59:17";}
a:3:{i:0;s:35:"/index.php?g=admin&m=public&a=login";i:1;N;i:2;s:19:"2015-08-07 15:59:19";}
a:3:{i:0;s:35:"/index.php?g=admin&m=public&a=login";i:1;N;i:2;s:19:"2015-08-07 15:59:21";}
a:3:{i:0;s:29:"/index.php?m=public&a=dologin";i:1;N;i:2;s:19:"2015-08-07 15:59:26";}
a:3:{i:0;s:26:"/index.php?m=index&a=index";i:1;s:1:"1";i:2;s:19:"2015-08-07 15:59:26";}
a:3:{i:0;s:25:"/index.php?m=main&a=index";i:1;s:1:"1";i:2;s:19:"2015-08-07 15:59:26";}
a:3:{i:0;s:47:"/index.php?g=admin&m=journal&a=index&menuid=658";i:1;s:2:"27";i:2;s:19:"2015-08-07 16:00:06";}
a:3:{i:0;s:25:"/index.php?m=shop&a=index";i:1;s:2:"26";i:2;s:19:"2015-08-07 16:00:09";}
a:3:{i:0;s:31:"/index.php?m=shop&a=edit&id=490";i:1;s:2:"26";i:2;s:19:"2015-08-07 16:00:16";}
a:3:{i:0;s:35:"/index.php?g=admin&m=public&a=login";i:1;N;i:2;s:19:"2015-08-07 16:00:19";}
a:3:{i:0;s:41:"/index.php?m=shop&a=delete_images&id=6277";i:1;s:2:"26";i:2;s:19:"2015-08-07 16:00:19";}
a:3:{i:0;s:31:"/index.php?m=shop&a=edit&id=490";i:1;s:2:"26";i:2;s:19:"2015-08-07 16:00:21";}
a:3:{i:0;s:35:"/index.php?g=admin&m=public&a=login";i:1;N;i:2;s:19:"2015-08-07 16:00:22";}
a:3:{i:0;s:84:"/index.php?a=swfupload&m=asset&g=asset&args=10,gif|jpg|jpeg|png|bmp,0&module=&catid=";i:1;s:2:"26";i:2;s:19:"2015-08-07 16:00:33";}
a:3:{i:0;s:44:"/index.php?g=admin&m=shop&a=index&menuid=576";i:1;s:2:"26";i:2;s:19:"2015-08-07 16:01:15";}
a:3:{i:0;s:44:"/index.php?g=admin&m=shop&a=index&menuid=576";i:1;s:2:"27";i:2;s:19:"2015-08-07 16:05:06";}
a:3:{i:0;s:31:"/index.php?m=shop&a=edit&id=503";i:1;s:2:"27";i:2;s:19:"2015-08-07 16:05:10";}
a:3:{i:0;s:44:"/index.php?g=admin&m=menu&a=index&menuid=297";i:1;s:2:"27";i:2;s:19:"2015-08-07 16:05:43";}
a:3:{i:0;s:47:"/index.php?m=menu&a=add&parentid=578&menuid=297";i:1;s:2:"27";i:2;s:19:"2015-08-07 16:06:07";}
a:3:{i:0;s:45:"/index.php?g=admin&m=guess&a=index&menuid=618";i:1;s:1:"1";i:2;s:19:"2015-08-07 16:06:16";}
a:3:{i:0;s:28:"/index.php?m=menu&a=add_post";i:1;s:2:"27";i:2;s:19:"2015-08-07 16:06:34";}
a:3:{i:0;s:25:"/index.php?m=menu&a=index";i:1;s:2:"27";i:2;s:19:"2015-08-07 16:06:34";}
a:3:{i:0;s:44:"/index.php?g=admin&m=user&a=index&menuid=292";i:1;s:2:"27";i:2;s:19:"2015-08-07 16:07:08";}
a:3:{i:0;s:44:"/index.php?g=admin&m=rbac&a=index&menuid=291";i:1;s:2:"27";i:2;s:19:"2015-08-07 16:07:11";}
a:3:{i:0;s:31:"/index.php?m=rbac&a=member&id=5";i:1;s:2:"27";i:2;s:19:"2015-08-07 16:07:15";}
a:3:{i:0;s:34:"/index.php?m=rbac&a=authorize&id=5";i:1;s:2:"27";i:2;s:19:"2015-08-07 16:07:20";}
a:3:{i:0;s:34:"/index.php?m=rbac&a=authorize_post";i:1;s:2:"27";i:2;s:19:"2015-08-07 16:07:53";}
a:3:{i:0;s:25:"/index.php?m=rbac&a=index";i:1;s:2:"27";i:2;s:19:"2015-08-07 16:07:55";}
a:3:{i:0;s:44:"/index.php?g=admin&m=shop&a=index&menuid=576";i:1;s:2:"26";i:2;s:19:"2015-08-07 16:09:10";}
a:3:{i:0;s:25:"/index.php?m=main&a=index";i:1;s:2:"27";i:2;s:19:"2015-08-07 16:11:05";}
a:3:{i:0;s:25:"/index.php?m=main&a=index";i:1;s:2:"27";i:2;s:19:"2015-08-07 16:11:18";}
a:3:{i:0;s:44:"/index.php?g=admin&m=shop&a=index&menuid=576";i:1;s:1:"1";i:2;s:19:"2015-08-07 16:11:37";}
a:3:{i:0;s:31:"/index.php?m=shop&a=edit&id=490";i:1;s:2:"26";i:2;s:19:"2015-08-07 16:11:38";}
a:3:{i:0;s:44:"/index.php?g=admin&m=shop&a=index&menuid=576";i:1;s:2:"27";i:2;s:19:"2015-08-07 16:11:40";}
a:3:{i:0;s:84:"/index.php?a=swfupload&m=asset&g=asset&args=10,gif|jpg|jpeg|png|bmp,0&module=&catid=";i:1;s:2:"26";i:2;s:19:"2015-08-07 16:12:41";}
a:3:{i:0;s:84:"/index.php?a=swfupload&m=asset&g=asset&args=10,gif|jpg|jpeg|png|bmp,0&module=&catid=";i:1;s:2:"26";i:2;s:19:"2015-08-07 16:14:04";}
a:3:{i:0;s:38:"/index.php?g=asset&m=asset&a=swfupload";i:1;N;i:2;s:19:"2015-08-07 16:14:14";}
a:3:{i:0;s:28:"/index.php?m=shop&a=img_post";i:1;s:2:"26";i:2;s:19:"2015-08-07 16:14:19";}
a:3:{i:0;s:25:"/index.php?m=shop&a=index";i:1;s:2:"26";i:2;s:19:"2015-08-07 16:14:22";}
a:3:{i:0;s:25:"/index.php?m=shop&a=index";i:1;s:2:"26";i:2;s:19:"2015-08-07 16:14:23";}
a:3:{i:0;s:31:"/index.php?m=shop&a=edit&id=490";i:1;s:2:"26";i:2;s:19:"2015-08-07 16:15:03";}
a:3:{i:0;s:25:"/index.php?m=shop&a=index";i:1;s:2:"26";i:2;s:19:"2015-08-07 16:16:59";}
a:3:{i:0;s:31:"/index.php?m=shop&a=edit&id=503";i:1;s:1:"1";i:2;s:19:"2015-08-07 16:20:54";}
a:3:{i:0;s:31:"/index.php?m=shop&a=edit&id=490";i:1;s:2:"26";i:2;s:19:"2015-08-07 17:23:10";}
a:3:{i:0;s:84:"/index.php?a=swfupload&m=asset&g=asset&args=10,gif|jpg|jpeg|png|bmp,0&module=&catid=";i:1;s:2:"26";i:2;s:19:"2015-08-07 17:23:37";}
a:3:{i:0;s:38:"/index.php?g=asset&m=asset&a=swfupload";i:1;N;i:2;s:19:"2015-08-07 17:23:45";}
a:3:{i:0;s:28:"/index.php?m=shop&a=img_post";i:1;s:2:"26";i:2;s:19:"2015-08-07 17:23:49";}
a:3:{i:0;s:25:"/index.php?m=shop&a=index";i:1;s:2:"26";i:2;s:19:"2015-08-07 17:23:52";}
a:3:{i:0;s:25:"/index.php?m=shop&a=index";i:1;s:2:"26";i:2;s:19:"2015-08-07 17:23:53";}
a:3:{i:0;s:31:"/index.php?m=shop&a=edit&id=490";i:1;s:2:"26";i:2;s:19:"2015-08-07 17:24:10";}
a:3:{i:0;s:35:"/index.php?g=admin&m=public&a=login";i:1;N;i:2;s:19:"2015-08-07 17:24:15";}
a:3:{i:0;s:31:"/index.php?m=shop&a=edit&id=490";i:1;s:2:"26";i:2;s:19:"2015-08-07 17:31:35";}
a:3:{i:0;s:41:"/index.php?m=shop&a=delete_images&id=6519";i:1;s:2:"26";i:2;s:19:"2015-08-07 17:32:08";}
a:3:{i:0;s:31:"/index.php?m=shop&a=edit&id=490";i:1;s:2:"26";i:2;s:19:"2015-08-07 17:32:10";}
a:3:{i:0;s:84:"/index.php?a=swfupload&m=asset&g=asset&args=10,gif|jpg|jpeg|png|bmp,0&module=&catid=";i:1;s:2:"26";i:2;s:19:"2015-08-07 17:32:14";}
a:3:{i:0;s:38:"/index.php?g=asset&m=asset&a=swfupload";i:1;N;i:2;s:19:"2015-08-07 17:32:19";}
a:3:{i:0;s:28:"/index.php?m=shop&a=img_post";i:1;s:2:"26";i:2;s:19:"2015-08-07 17:32:23";}
a:3:{i:0;s:25:"/index.php?m=shop&a=index";i:1;s:2:"26";i:2;s:19:"2015-08-07 17:32:25";}
a:3:{i:0;s:31:"/index.php?m=shop&a=edit&id=490";i:1;s:2:"26";i:2;s:19:"2015-08-07 17:32:31";}
a:3:{i:0;s:41:"/index.php?m=shop&a=delete_images&id=6520";i:1;s:2:"26";i:2;s:19:"2015-08-07 17:37:11";}
a:3:{i:0;s:31:"/index.php?m=shop&a=edit&id=490";i:1;s:2:"26";i:2;s:19:"2015-08-07 17:37:13";}
a:3:{i:0;s:84:"/index.php?a=swfupload&m=asset&g=asset&args=10,gif|jpg|jpeg|png|bmp,0&module=&catid=";i:1;s:2:"26";i:2;s:19:"2015-08-07 17:37:17";}
a:3:{i:0;s:38:"/index.php?g=asset&m=asset&a=swfupload";i:1;N;i:2;s:19:"2015-08-07 17:37:22";}
a:3:{i:0;s:28:"/index.php?m=shop&a=img_post";i:1;s:2:"26";i:2;s:19:"2015-08-07 17:37:25";}
a:3:{i:0;s:25:"/index.php?m=shop&a=index";i:1;s:2:"26";i:2;s:19:"2015-08-07 17:37:27";}
a:3:{i:0;s:31:"/index.php?m=shop&a=edit&id=490";i:1;s:2:"26";i:2;s:19:"2015-08-07 17:37:33";}
a:3:{i:0;s:35:"/index.php?g=admin&m=public&a=login";i:1;N;i:2;s:19:"2015-08-07 17:42:34";}
a:3:{i:0;s:35:"/index.php?g=admin&m=public&a=login";i:1;N;i:2;s:19:"2015-08-07 17:42:35";}
a:3:{i:0;s:29:"/index.php?m=public&a=dologin";i:1;N;i:2;s:19:"2015-08-07 17:42:39";}
a:3:{i:0;s:26:"/index.php?m=index&a=index";i:1;s:1:"1";i:2;s:19:"2015-08-07 17:42:39";}
a:3:{i:0;s:25:"/index.php?m=main&a=index";i:1;s:1:"1";i:2;s:19:"2015-08-07 17:42:40";}
a:3:{i:0;s:50:"/index.php?g=admin&m=statistics&a=index&menuid=625";i:1;s:1:"1";i:2;s:19:"2015-08-07 17:42:44";}
a:3:{i:0;s:31:"/index.php?m=statistics&a=index";i:1;s:1:"1";i:2;s:19:"2015-08-07 17:42:46";}
a:3:{i:0;s:38:"/index.php?m=statistics&a=move&ids=824";i:1;s:1:"1";i:2;s:19:"2015-08-07 17:46:14";}
a:3:{i:0;s:38:"/index.php?m=statistics&a=move&ids=824";i:1;s:1:"1";i:2;s:19:"2015-08-07 17:46:23";}
a:3:{i:0;s:31:"/index.php?m=statistics&a=index";i:1;s:1:"1";i:2;s:19:"2015-08-07 17:46:23";}
a:3:{i:0;s:26:"/index.php?m=index&a=index";i:1;s:2:"27";i:2;s:19:"2015-08-07 17:48:33";}
a:3:{i:0;s:25:"/index.php?m=main&a=index";i:1;s:2:"27";i:2;s:19:"2015-08-07 17:48:34";}
a:3:{i:0;s:44:"/index.php?g=admin&m=menu&a=index&menuid=297";i:1;s:2:"27";i:2;s:19:"2015-08-07 17:48:35";}
a:3:{i:0;s:47:"/index.php?m=menu&a=add&parentid=578&menuid=297";i:1;s:2:"27";i:2;s:19:"2015-08-07 17:48:47";}
a:3:{i:0;s:28:"/index.php?m=menu&a=add_post";i:1;s:2:"27";i:2;s:19:"2015-08-07 17:49:03";}
a:3:{i:0;s:25:"/index.php?m=menu&a=index";i:1;s:2:"27";i:2;s:19:"2015-08-07 17:49:04";}
a:3:{i:0;s:26:"/index.php?m=index&a=index";i:1;s:2:"27";i:2;s:19:"2015-08-07 17:49:34";}
a:3:{i:0;s:25:"/index.php?m=main&a=index";i:1;s:2:"27";i:2;s:19:"2015-08-07 17:49:36";}
a:3:{i:0;s:44:"/index.php?g=admin&m=shop&a=index&menuid=576";i:1;s:2:"27";i:2;s:19:"2015-08-07 17:49:39";}
a:3:{i:0;s:31:"/index.php?m=shop&a=edit&id=503";i:1;s:2:"27";i:2;s:19:"2015-08-07 17:49:42";}
a:3:{i:0;s:50:"/index.php?g=admin&m=statistics&a=index&menuid=625";i:1;s:2:"27";i:2;s:19:"2015-08-07 17:50:18";}
a:3:{i:0;s:134:"/index.php?m=statistics&a=move&ids=4904,4903,4902,4901,4900,4899,4898,4896,4895,4894,4893,4892,4891,4890,4889,4881,4880,4879,4878,4877";i:1;s:2:"27";i:2;s:19:"2015-08-07 17:50:21";}
a:3:{i:0;s:31:"/index.php?m=statistics&a=index";i:1;s:2:"27";i:2;s:19:"2015-08-07 17:50:53";}
a:3:{i:0;s:46:"/index.php?m=statistics&a=move&ids=852,851,850";i:1;s:2:"27";i:2;s:19:"2015-08-07 17:50:58";}
a:3:{i:0;s:46:"/index.php?m=statistics&a=move&ids=852,851,850";i:1;s:2:"27";i:2;s:19:"2015-08-07 17:51:03";}
a:3:{i:0;s:31:"/index.php?m=statistics&a=index";i:1;s:2:"27";i:2;s:19:"2015-08-07 17:51:03";}
a:3:{i:0;s:31:"/index.php?m=statistics&a=index";i:1;s:2:"27";i:2;s:19:"2015-08-07 17:51:06";}
a:3:{i:0;s:31:"/index.php?m=statistics&a=index";i:1;s:2:"27";i:2;s:19:"2015-08-07 17:51:10";}
a:3:{i:0;s:31:"/index.php?m=statistics&a=index";i:1;s:2:"27";i:2;s:19:"2015-08-07 17:51:14";}
a:3:{i:0;s:49:"/index.php?g=admin&m=statistics&a=index&old=0&p=2";i:1;s:2:"27";i:2;s:19:"2015-08-07 17:51:21";}
a:3:{i:0;s:50:"/index.php?g=admin&m=statistics&a=index&old=0&p=11";i:1;s:2:"27";i:2;s:19:"2015-08-07 17:51:23";}
a:3:{i:0;s:50:"/index.php?g=admin&m=statistics&a=index&old=0&p=10";i:1;s:2:"27";i:2;s:19:"2015-08-07 17:51:25";}
a:3:{i:0;s:47:"/index.php?g=admin&m=journal&a=index&menuid=658";i:1;s:2:"27";i:2;s:19:"2015-08-07 17:51:45";}
a:3:{i:0;s:29:"/index.php?m=shop&a=order_img";i:1;s:2:"27";i:2;s:19:"2015-08-07 17:52:04";}
a:3:{i:0;s:31:"/index.php?m=shop&a=edit&id=503";i:1;s:2:"27";i:2;s:19:"2015-08-07 17:52:04";}
a:3:{i:0;s:31:"/index.php?m=shop&a=edit&id=490";i:1;s:2:"26";i:2;s:19:"2015-08-07 17:53:09";}
a:3:{i:0;s:31:"/index.php?m=statistics&a=index";i:1;s:1:"1";i:2;s:19:"2015-08-07 18:04:58";}
a:3:{i:0;s:31:"/index.php?m=statistics&a=index";i:1;s:1:"1";i:2;s:19:"2015-08-07 18:05:07";}
a:3:{i:0;s:49:"/index.php?g=admin&m=statistics&a=index&old=0&p=2";i:1;s:1:"1";i:2;s:19:"2015-08-07 18:05:14";}
a:3:{i:0;s:49:"/index.php?g=admin&m=statistics&a=index&old=0&p=3";i:1;s:1:"1";i:2;s:19:"2015-08-07 18:05:21";}
a:3:{i:0;s:42:"/index.php?m=statistics&a=move&ids=675,660";i:1;s:1:"1";i:2;s:19:"2015-08-07 18:05:36";}
a:3:{i:0;s:44:"/index.php?g=admin&m=team&a=index&menuid=619";i:1;s:1:"1";i:2;s:19:"2015-08-07 18:28:02";}
a:3:{i:0;s:27:"/index.php?m=team&a=amateur";i:1;s:1:"1";i:2;s:19:"2015-08-07 18:28:04";}
a:3:{i:0;s:27:"/index.php?m=team&a=amateur";i:1;s:1:"1";i:2;s:19:"2015-08-07 18:28:12";}
a:3:{i:0;s:66:"/index.php?m=team&a=packet&ids=589,574,573,561,560,558,557,556,555";i:1;s:1:"1";i:2;s:19:"2015-08-07 18:29:04";}
a:3:{i:0;s:66:"/index.php?m=team&a=packet&ids=589,574,573,561,560,558,557,556,555";i:1;s:1:"1";i:2;s:19:"2015-08-07 18:29:10";}
a:3:{i:0;s:27:"/index.php?m=team&a=amateur";i:1;s:1:"1";i:2;s:19:"2015-08-07 18:29:10";}
a:3:{i:0;s:27:"/index.php?m=team&a=amateur";i:1;s:1:"1";i:2;s:19:"2015-08-07 18:29:13";}
a:3:{i:0;s:58:"/index.php?m=team&a=packet&ids=588,587,585,564,563,562,559";i:1;s:1:"1";i:2;s:19:"2015-08-07 18:30:32";}
a:3:{i:0;s:58:"/index.php?m=team&a=packet&ids=588,587,585,564,563,562,559";i:1;s:1:"1";i:2;s:19:"2015-08-07 18:30:34";}
a:3:{i:0;s:27:"/index.php?m=team&a=amateur";i:1;s:1:"1";i:2;s:19:"2015-08-07 18:30:34";}
a:3:{i:0;s:27:"/index.php?m=team&a=amateur";i:1;s:1:"1";i:2;s:19:"2015-08-07 18:30:41";}
a:3:{i:0;s:34:"/index.php?m=team&a=packet&ids=586";i:1;s:1:"1";i:2;s:19:"2015-08-07 18:31:56";}
a:3:{i:0;s:34:"/index.php?m=team&a=packet&ids=586";i:1;s:1:"1";i:2;s:19:"2015-08-07 18:31:59";}
a:3:{i:0;s:27:"/index.php?m=team&a=amateur";i:1;s:1:"1";i:2;s:19:"2015-08-07 18:31:59";}
a:3:{i:0;s:27:"/index.php?m=team&a=amateur";i:1;s:1:"1";i:2;s:19:"2015-08-07 18:32:06";}
a:3:{i:0;s:27:"/index.php?m=team&a=amateur";i:1;s:1:"1";i:2;s:19:"2015-08-07 18:38:00";}
a:3:{i:0;s:47:"/index.php?g=admin&m=amateur&a=index&menuid=627";i:1;s:1:"1";i:2;s:19:"2015-08-07 18:40:06";}
a:3:{i:0;s:28:"/index.php?m=amateur&a=index";i:1;s:1:"1";i:2;s:19:"2015-08-07 18:40:10";}
a:3:{i:0;s:29:"/index.php?m=shop&a=order_img";i:1;s:2:"27";i:2;s:19:"2015-08-07 18:44:36";}
a:3:{i:0;s:31:"/index.php?m=shop&a=edit&id=503";i:1;s:2:"27";i:2;s:19:"2015-08-07 18:44:36";}
a:3:{i:0;s:34:"/index.php?m=amateur&a=edit&id=400";i:1;s:1:"1";i:2;s:19:"2015-08-07 18:44:53";}
a:3:{i:0;s:36:"/index.php?m=amateur&a=update&id=401";i:1;s:1:"1";i:2;s:19:"2015-08-07 18:45:03";}
a:3:{i:0;s:34:"/index.php?m=amateur&a=edit&id=397";i:1;s:1:"1";i:2;s:19:"2015-08-07 18:46:11";}
a:3:{i:0;s:34:"/index.php?m=amateur&a=edit&id=399";i:1;s:1:"1";i:2;s:19:"2015-08-07 18:46:21";}
a:3:{i:0;s:34:"/index.php?m=amateur&a=edit&id=380";i:1;s:1:"1";i:2;s:19:"2015-08-07 18:51:25";}
a:3:{i:0;s:32:"/index.php?m=amateur&a=edit_post";i:1;s:1:"1";i:2;s:19:"2015-08-07 18:51:28";}
a:3:{i:0;s:28:"/index.php?m=amateur&a=index";i:1;s:1:"1";i:2;s:19:"2015-08-07 18:51:28";}
a:3:{i:0;s:28:"/index.php?m=amateur&a=index";i:1;s:1:"1";i:2;s:19:"2015-08-07 18:51:34";}
a:3:{i:0;s:28:"/index.php?m=amateur&a=index";i:1;s:1:"1";i:2;s:19:"2015-08-07 18:57:10";}
a:3:{i:0;s:26:"/index.php?m=index&a=index";i:1;s:2:"27";i:2;s:19:"2015-08-07 20:02:05";}
a:3:{i:0;s:25:"/index.php?m=main&a=index";i:1;s:2:"27";i:2;s:19:"2015-08-07 20:02:07";}
a:3:{i:0;s:45:"/index.php?g=admin&m=plate&a=index&menuid=663";i:1;s:2:"27";i:2;s:19:"2015-08-07 20:02:10";}
a:3:{i:0;s:24:"/index.php?m=plate&a=add";i:1;s:2:"27";i:2;s:19:"2015-08-07 20:02:17";}
a:3:{i:0;s:45:"/index.php?g=admin&m=plate&a=index&menuid=663";i:1;s:2:"27";i:2;s:19:"2015-08-07 20:02:25";}
a:3:{i:0;s:32:"/index.php?m=plate&a=edit&id=311";i:1;s:2:"27";i:2;s:19:"2015-08-07 20:05:19";}
a:3:{i:0;s:45:"/index.php?g=admin&m=plate&a=index&menuid=663";i:1;s:2:"27";i:2;s:19:"2015-08-07 20:05:27";}
