a:3:{i:0;s:35:"/index.php?g=admin&m=public&a=login";i:1;s:1:"1";i:2;s:19:"2015-08-06 06:58:25";}
a:3:{i:0;s:26:"/index.php?m=index&a=index";i:1;s:1:"1";i:2;s:19:"2015-08-06 06:58:27";}
a:3:{i:0;s:25:"/index.php?m=main&a=index";i:1;s:1:"1";i:2;s:19:"2015-08-06 06:58:27";}
a:3:{i:0;s:44:"/index.php?g=admin&m=user&a=index&menuid=292";i:1;s:1:"1";i:2;s:19:"2015-08-06 06:58:30";}
a:3:{i:0;s:29:"/index.php?m=user&a=ban&id=29";i:1;s:1:"1";i:2;s:19:"2015-08-06 06:58:48";}
a:3:{i:0;s:25:"/index.php?m=user&a=index";i:1;s:1:"1";i:2;s:19:"2015-08-06 06:58:48";}
a:3:{i:0;s:35:"/index.php?g=admin&m=public&a=login";i:1;N;i:2;s:19:"2015-08-06 09:18:33";}
a:3:{i:0;s:35:"/index.php?g=admin&m=public&a=login";i:1;N;i:2;s:19:"2015-08-06 09:18:35";}
a:3:{i:0;s:29:"/index.php?m=public&a=dologin";i:1;N;i:2;s:19:"2015-08-06 09:18:41";}
a:3:{i:0;s:26:"/index.php?m=index&a=index";i:1;s:2:"26";i:2;s:19:"2015-08-06 09:18:42";}
a:3:{i:0;s:25:"/index.php?m=main&a=index";i:1;s:2:"26";i:2;s:19:"2015-08-06 09:18:42";}
a:3:{i:0;s:45:"/index.php?g=admin&m=order&a=index&menuid=608";i:1;s:2:"26";i:2;s:19:"2015-08-06 09:18:51";}
a:3:{i:0;s:45:"/index.php?g=admin&m=guess&a=index&menuid=618";i:1;s:2:"26";i:2;s:19:"2015-08-06 09:20:01";}
a:3:{i:0;s:32:"/index.php?m=guess&a=edit&id=362";i:1;s:2:"26";i:2;s:19:"2015-08-06 09:20:18";}
a:3:{i:0;s:35:"/index.php?g=admin&m=public&a=login";i:1;N;i:2;s:19:"2015-08-06 09:20:18";}
a:3:{i:0;s:30:"/index.php?m=guess&a=edit_post";i:1;s:2:"26";i:2;s:19:"2015-08-06 09:20:27";}
a:3:{i:0;s:26:"/index.php?m=guess&a=index";i:1;s:2:"26";i:2;s:19:"2015-08-06 09:20:27";}
a:3:{i:0;s:32:"/index.php?m=guess&a=edit&id=361";i:1;s:2:"26";i:2;s:19:"2015-08-06 09:22:46";}
a:3:{i:0;s:30:"/index.php?m=guess&a=edit_post";i:1;s:2:"26";i:2;s:19:"2015-08-06 09:22:52";}
a:3:{i:0;s:26:"/index.php?m=guess&a=index";i:1;s:2:"26";i:2;s:19:"2015-08-06 09:22:52";}
a:3:{i:0;s:34:"/index.php?m=order&a=look&id=12708";i:1;s:2:"26";i:2;s:19:"2015-08-06 09:26:03";}
a:3:{i:0;s:32:"/index.php?m=order&a=number_post";i:1;s:2:"26";i:2;s:19:"2015-08-06 09:26:08";}
a:3:{i:0;s:34:"/index.php?m=order&a=look&id=12708";i:1;s:2:"26";i:2;s:19:"2015-08-06 09:26:10";}
a:3:{i:0;s:26:"/index.php?m=order&a=index";i:1;s:2:"26";i:2;s:19:"2015-08-06 09:26:14";}
a:3:{i:0;s:34:"/index.php?m=order&a=look&id=12722";i:1;s:2:"26";i:2;s:19:"2015-08-06 09:26:24";}
a:3:{i:0;s:35:"/index.php?g=admin&m=public&a=login";i:1;N;i:2;s:19:"2015-08-06 09:26:24";}
a:3:{i:0;s:32:"/index.php?m=order&a=number_post";i:1;s:2:"26";i:2;s:19:"2015-08-06 09:26:29";}
a:3:{i:0;s:34:"/index.php?m=order&a=look&id=12722";i:1;s:2:"26";i:2;s:19:"2015-08-06 09:26:31";}
a:3:{i:0;s:26:"/index.php?m=order&a=index";i:1;s:2:"26";i:2;s:19:"2015-08-06 09:26:32";}
a:3:{i:0;s:34:"/index.php?m=order&a=look&id=12733";i:1;s:2:"26";i:2;s:19:"2015-08-06 09:26:53";}
a:3:{i:0;s:32:"/index.php?m=order&a=number_post";i:1;s:2:"26";i:2;s:19:"2015-08-06 09:27:01";}
a:3:{i:0;s:34:"/index.php?m=order&a=look&id=12733";i:1;s:2:"26";i:2;s:19:"2015-08-06 09:27:02";}
a:3:{i:0;s:26:"/index.php?m=order&a=index";i:1;s:2:"26";i:2;s:19:"2015-08-06 09:27:04";}
a:3:{i:0;s:34:"/index.php?m=order&a=look&id=12739";i:1;s:2:"26";i:2;s:19:"2015-08-06 09:27:15";}
a:3:{i:0;s:35:"/index.php?g=admin&m=public&a=login";i:1;N;i:2;s:19:"2015-08-06 09:27:15";}
a:3:{i:0;s:32:"/index.php?m=order&a=number_post";i:1;s:2:"26";i:2;s:19:"2015-08-06 09:27:20";}
a:3:{i:0;s:34:"/index.php?m=order&a=look&id=12739";i:1;s:2:"26";i:2;s:19:"2015-08-06 09:27:22";}
a:3:{i:0;s:26:"/index.php?m=order&a=index";i:1;s:2:"26";i:2;s:19:"2015-08-06 09:27:24";}
a:3:{i:0;s:34:"/index.php?m=order&a=look&id=12755";i:1;s:2:"26";i:2;s:19:"2015-08-06 09:27:34";}
a:3:{i:0;s:32:"/index.php?m=order&a=number_post";i:1;s:2:"26";i:2;s:19:"2015-08-06 09:27:38";}
a:3:{i:0;s:34:"/index.php?m=order&a=look&id=12755";i:1;s:2:"26";i:2;s:19:"2015-08-06 09:27:39";}
a:3:{i:0;s:26:"/index.php?m=order&a=index";i:1;s:2:"26";i:2;s:19:"2015-08-06 09:27:41";}
a:3:{i:0;s:34:"/index.php?m=order&a=look&id=13669";i:1;s:2:"26";i:2;s:19:"2015-08-06 09:27:50";}
a:3:{i:0;s:32:"/index.php?m=order&a=number_post";i:1;s:2:"26";i:2;s:19:"2015-08-06 09:27:55";}
a:3:{i:0;s:34:"/index.php?m=order&a=look&id=13669";i:1;s:2:"26";i:2;s:19:"2015-08-06 09:27:56";}
a:3:{i:0;s:26:"/index.php?m=order&a=index";i:1;s:2:"26";i:2;s:19:"2015-08-06 09:27:58";}
a:3:{i:0;s:26:"/index.php?m=order&a=index";i:1;s:2:"26";i:2;s:19:"2015-08-06 13:33:17";}
a:3:{i:0;s:26:"/index.php?m=order&a=index";i:1;s:2:"26";i:2;s:19:"2015-08-06 13:33:18";}
a:3:{i:0;s:34:"/index.php?m=order&a=look&id=13698";i:1;s:2:"26";i:2;s:19:"2015-08-06 13:34:56";}
a:3:{i:0;s:26:"/index.php?m=order&a=index";i:1;s:2:"26";i:2;s:19:"2015-08-06 13:36:37";}
a:3:{i:0;s:34:"/index.php?m=order&a=look&id=13707";i:1;s:2:"26";i:2;s:19:"2015-08-06 13:36:44";}
a:3:{i:0;s:26:"/index.php?m=order&a=index";i:1;s:2:"26";i:2;s:19:"2015-08-06 13:38:31";}
a:3:{i:0;s:34:"/index.php?m=order&a=look&id=13715";i:1;s:2:"26";i:2;s:19:"2015-08-06 13:38:40";}
a:3:{i:0;s:26:"/index.php?m=order&a=index";i:1;s:2:"26";i:2;s:19:"2015-08-06 13:40:01";}
a:3:{i:0;s:34:"/index.php?m=order&a=look&id=13725";i:1;s:2:"26";i:2;s:19:"2015-08-06 13:40:05";}
a:3:{i:0;s:44:"/index.php?g=admin&m=team&a=index&menuid=619";i:1;s:2:"26";i:2;s:19:"2015-08-06 13:49:27";}
a:3:{i:0;s:27:"/index.php?m=team&a=amateur";i:1;s:2:"26";i:2;s:19:"2015-08-06 13:49:29";}
a:3:{i:0;s:36:"/index.php?m=team&a=associate&id=613";i:1;s:2:"26";i:2;s:19:"2015-08-06 13:49:33";}
a:3:{i:0;s:34:"/index.php?m=team&a=associate_post";i:1;s:2:"26";i:2;s:19:"2015-08-06 13:50:34";}
a:3:{i:0;s:27:"/index.php?m=team&a=amateur";i:1;s:2:"26";i:2;s:19:"2015-08-06 13:50:40";}
a:3:{i:0;s:36:"/index.php?m=team&a=associate&id=609";i:1;s:2:"26";i:2;s:19:"2015-08-06 13:50:55";}
a:3:{i:0;s:34:"/index.php?m=team&a=associate_post";i:1;s:2:"26";i:2;s:19:"2015-08-06 13:51:28";}
a:3:{i:0;s:27:"/index.php?m=team&a=amateur";i:1;s:2:"26";i:2;s:19:"2015-08-06 13:51:28";}
a:3:{i:0;s:36:"/index.php?m=team&a=associate&id=609";i:1;s:2:"26";i:2;s:19:"2015-08-06 13:51:32";}
a:3:{i:0;s:34:"/index.php?m=team&a=associate_post";i:1;s:2:"26";i:2;s:19:"2015-08-06 13:51:37";}
a:3:{i:0;s:27:"/index.php?m=team&a=amateur";i:1;s:2:"26";i:2;s:19:"2015-08-06 13:51:42";}
a:3:{i:0;s:36:"/index.php?m=team&a=associate&id=611";i:1;s:2:"26";i:2;s:19:"2015-08-06 13:56:12";}
a:3:{i:0;s:35:"/index.php?g=admin&m=public&a=login";i:1;N;i:2;s:19:"2015-08-06 13:56:15";}
a:3:{i:0;s:34:"/index.php?m=team&a=associate_post";i:1;s:2:"26";i:2;s:19:"2015-08-06 13:56:18";}
a:3:{i:0;s:27:"/index.php?m=team&a=amateur";i:1;s:2:"26";i:2;s:19:"2015-08-06 13:56:22";}
a:3:{i:0;s:27:"/index.php?m=team&a=amateur";i:1;s:2:"26";i:2;s:19:"2015-08-06 14:01:43";}
a:3:{i:0;s:36:"/index.php?m=team&a=associate&id=616";i:1;s:2:"26";i:2;s:19:"2015-08-06 14:01:45";}
a:3:{i:0;s:34:"/index.php?m=team&a=associate_post";i:1;s:2:"26";i:2;s:19:"2015-08-06 14:01:50";}
a:3:{i:0;s:27:"/index.php?m=team&a=amateur";i:1;s:2:"26";i:2;s:19:"2015-08-06 14:01:54";}
a:3:{i:0;s:27:"/index.php?m=team&a=amateur";i:1;s:2:"26";i:2;s:19:"2015-08-06 14:04:40";}
a:3:{i:0;s:36:"/index.php?m=team&a=associate&id=617";i:1;s:2:"26";i:2;s:19:"2015-08-06 14:04:42";}
a:3:{i:0;s:34:"/index.php?m=team&a=associate_post";i:1;s:2:"26";i:2;s:19:"2015-08-06 14:04:49";}
a:3:{i:0;s:27:"/index.php?m=team&a=amateur";i:1;s:2:"26";i:2;s:19:"2015-08-06 14:04:56";}
a:3:{i:0;s:27:"/index.php?m=team&a=amateur";i:1;s:2:"26";i:2;s:19:"2015-08-06 14:15:09";}
a:3:{i:0;s:36:"/index.php?m=team&a=associate&id=618";i:1;s:2:"26";i:2;s:19:"2015-08-06 14:15:11";}
a:3:{i:0;s:35:"/index.php?g=admin&m=public&a=login";i:1;N;i:2;s:19:"2015-08-06 14:15:13";}
a:3:{i:0;s:34:"/index.php?m=team&a=associate_post";i:1;s:2:"26";i:2;s:19:"2015-08-06 14:15:17";}
a:3:{i:0;s:27:"/index.php?m=team&a=amateur";i:1;s:2:"26";i:2;s:19:"2015-08-06 14:15:22";}
a:3:{i:0;s:26:"/index.php?m=order&a=index";i:1;s:2:"26";i:2;s:19:"2015-08-06 16:05:21";}
a:3:{i:0;s:36:"/index.php?m=team&a=associate&id=618";i:1;s:2:"26";i:2;s:19:"2015-08-06 16:46:27";}
a:3:{i:0;s:23:"/index.php?m=team&a=add";i:1;s:2:"26";i:2;s:19:"2015-08-06 16:46:30";}
a:3:{i:0;s:27:"/index.php?m=team&a=amateur";i:1;s:2:"26";i:2;s:19:"2015-08-06 16:46:33";}
a:3:{i:0;s:35:"/index.php?g=admin&m=public&a=login";i:1;N;i:2;s:19:"2015-08-06 16:46:34";}
a:3:{i:0;s:31:"/index.php?m=team&a=edit&id=618";i:1;s:2:"26";i:2;s:19:"2015-08-06 16:46:36";}
a:3:{i:0;s:35:"/index.php?g=admin&m=public&a=login";i:1;N;i:2;s:19:"2015-08-06 17:05:49";}
a:3:{i:0;s:35:"/index.php?g=admin&m=public&a=login";i:1;N;i:2;s:19:"2015-08-06 17:06:02";}
a:3:{i:0;s:29:"/index.php?m=public&a=dologin";i:1;N;i:2;s:19:"2015-08-06 17:06:02";}
a:3:{i:0;s:26:"/index.php?m=index&a=index";i:1;s:2:"27";i:2;s:19:"2015-08-06 17:06:02";}
a:3:{i:0;s:25:"/index.php?m=main&a=index";i:1;s:2:"27";i:2;s:19:"2015-08-06 17:06:04";}
a:3:{i:0;s:46:"/index.php?g=admin&m=backup&a=index&menuid=614";i:1;s:2:"27";i:2;s:19:"2015-08-06 17:06:49";}
a:3:{i:0;s:37:"/index.php?g=admin&m=backup&a=restore";i:1;s:2:"27";i:2;s:19:"2015-08-06 17:06:50";}
a:3:{i:0;s:54:"/index.php?g=admin&m=backup&a=import&backup=20150806_1";i:1;s:2:"27";i:2;s:19:"2015-08-06 17:06:55";}
a:3:{i:0;s:29:"/index.php?m=backup&a=restore";i:1;s:2:"27";i:2;s:19:"2015-08-06 17:06:55";}
a:3:{i:0;s:26:"/index.php?m=index&a=index";i:1;s:2:"27";i:2;s:19:"2015-08-06 17:06:57";}
a:3:{i:0;s:25:"/index.php?m=main&a=index";i:1;s:2:"27";i:2;s:19:"2015-08-06 17:06:59";}
a:3:{i:0;s:47:"/index.php?g=admin&m=players&a=index&menuid=713";i:1;s:2:"27";i:2;s:19:"2015-08-06 17:07:02";}
a:3:{i:0;s:46:"/index.php?g=admin&m=backup&a=index&menuid=614";i:1;s:2:"27";i:2;s:19:"2015-08-06 17:07:23";}
a:3:{i:0;s:37:"/index.php?g=admin&m=backup&a=restore";i:1;s:2:"27";i:2;s:19:"2015-08-06 17:07:25";}
a:3:{i:0;s:58:"/index.php?g=admin&m=backup&a=del_backup&backup=20150806_1";i:1;s:2:"27";i:2;s:19:"2015-08-06 17:07:28";}
a:3:{i:0;s:37:"/index.php?g=admin&m=backup&a=restore";i:1;s:2:"27";i:2;s:19:"2015-08-06 17:07:28";}
a:3:{i:0;s:47:"/index.php?g=admin&m=journal&a=index&menuid=658";i:1;s:2:"27";i:2;s:19:"2015-08-06 17:07:31";}
a:3:{i:0;s:47:"/index.php?g=admin&m=journal&a=index&menuid=658";i:1;s:2:"27";i:2;s:19:"2015-08-06 17:07:41";}
a:3:{i:0;s:44:"/index.php?g=admin&m=menu&a=index&menuid=297";i:1;s:2:"27";i:2;s:19:"2015-08-06 17:08:42";}
a:3:{i:0;s:44:"/index.php?g=admin&m=user&a=index&menuid=292";i:1;s:2:"27";i:2;s:19:"2015-08-06 17:08:43";}
a:3:{i:0;s:44:"/index.php?g=admin&m=rbac&a=index&menuid=291";i:1;s:2:"27";i:2;s:19:"2015-08-06 17:08:48";}
a:3:{i:0;s:31:"/index.php?m=rbac&a=member&id=5";i:1;s:2:"27";i:2;s:19:"2015-08-06 17:08:50";}
a:3:{i:0;s:31:"/index.php?m=rbac&a=member&id=3";i:1;s:2:"27";i:2;s:19:"2015-08-06 17:08:55";}
a:3:{i:0;s:44:"/index.php?g=admin&m=shop&a=index&menuid=576";i:1;s:2:"27";i:2;s:19:"2015-08-06 17:09:08";}
a:3:{i:0;s:44:"/index.php?g=admin&m=user&a=index&menuid=292";i:1;s:2:"27";i:2;s:19:"2015-08-06 17:09:25";}
a:3:{i:0;s:44:"/index.php?g=admin&m=rbac&a=index&menuid=291";i:1;s:2:"27";i:2;s:19:"2015-08-06 17:09:27";}
a:3:{i:0;s:34:"/index.php?m=rbac&a=authorize&id=5";i:1;s:2:"27";i:2;s:19:"2015-08-06 17:09:31";}
a:3:{i:0;s:48:"/index.php?g=admin&m=vouchers&a=index&menuid=704";i:1;s:2:"27";i:2;s:19:"2015-08-06 17:10:00";}
a:3:{i:0;s:34:"/index.php?m=rbac&a=authorize&id=5";i:1;s:2:"27";i:2;s:19:"2015-08-06 17:10:13";}
a:3:{i:0;s:34:"/index.php?m=rbac&a=authorize_post";i:1;s:2:"27";i:2;s:19:"2015-08-06 17:11:36";}
a:3:{i:0;s:25:"/index.php?m=rbac&a=index";i:1;s:2:"27";i:2;s:19:"2015-08-06 17:11:37";}
a:3:{i:0;s:25:"/index.php?m=rbac&a=index";i:1;s:2:"27";i:2;s:19:"2015-08-06 17:11:39";}
a:3:{i:0;s:27:"/index.php?m=team&a=amateur";i:1;s:2:"26";i:2;s:19:"2015-08-06 17:12:15";}
a:3:{i:0;s:26:"/index.php?m=index&a=index";i:1;s:2:"26";i:2;s:19:"2015-08-06 17:12:20";}
a:3:{i:0;s:25:"/index.php?m=main&a=index";i:1;s:2:"26";i:2;s:19:"2015-08-06 17:12:20";}
a:3:{i:0;s:47:"/index.php?g=admin&m=players&a=index&menuid=713";i:1;s:2:"26";i:2;s:19:"2015-08-06 17:12:26";}
a:3:{i:0;s:35:"/index.php?m=players&a=edit&id=4870";i:1;s:2:"26";i:2;s:19:"2015-08-06 17:12:43";}
a:3:{i:0;s:26:"/index.php?m=players&a=add";i:1;s:2:"26";i:2;s:19:"2015-08-06 17:13:34";}
a:3:{i:0;s:31:"/index.php?m=players&a=add_post";i:1;s:2:"26";i:2;s:19:"2015-08-06 17:14:14";}
a:3:{i:0;s:28:"/index.php?m=players&a=index";i:1;s:2:"26";i:2;s:19:"2015-08-06 17:14:14";}
a:3:{i:0;s:26:"/index.php?m=players&a=add";i:1;s:2:"26";i:2;s:19:"2015-08-06 17:14:17";}
a:3:{i:0;s:35:"/index.php?g=admin&m=public&a=login";i:1;N;i:2;s:19:"2015-08-06 17:14:18";}
a:3:{i:0;s:31:"/index.php?m=players&a=add_post";i:1;s:2:"26";i:2;s:19:"2015-08-06 17:14:43";}
a:3:{i:0;s:28:"/index.php?m=players&a=index";i:1;s:2:"26";i:2;s:19:"2015-08-06 17:14:43";}
a:3:{i:0;s:26:"/index.php?m=players&a=add";i:1;s:2:"26";i:2;s:19:"2015-08-06 17:14:56";}
a:3:{i:0;s:31:"/index.php?m=players&a=add_post";i:1;s:2:"26";i:2;s:19:"2015-08-06 17:15:14";}
a:3:{i:0;s:28:"/index.php?m=players&a=index";i:1;s:2:"26";i:2;s:19:"2015-08-06 17:15:15";}
a:3:{i:0;s:26:"/index.php?m=players&a=add";i:1;s:2:"26";i:2;s:19:"2015-08-06 17:15:17";}
a:3:{i:0;s:31:"/index.php?m=players&a=add_post";i:1;s:2:"26";i:2;s:19:"2015-08-06 17:15:31";}
a:3:{i:0;s:28:"/index.php?m=players&a=index";i:1;s:2:"26";i:2;s:19:"2015-08-06 17:15:31";}
a:3:{i:0;s:26:"/index.php?m=players&a=add";i:1;s:2:"26";i:2;s:19:"2015-08-06 17:15:38";}
a:3:{i:0;s:31:"/index.php?m=players&a=add_post";i:1;s:2:"26";i:2;s:19:"2015-08-06 17:15:50";}
a:3:{i:0;s:28:"/index.php?m=players&a=index";i:1;s:2:"26";i:2;s:19:"2015-08-06 17:15:51";}
a:3:{i:0;s:26:"/index.php?m=players&a=add";i:1;s:2:"26";i:2;s:19:"2015-08-06 17:15:53";}
a:3:{i:0;s:31:"/index.php?m=players&a=add_post";i:1;s:2:"26";i:2;s:19:"2015-08-06 17:16:05";}
a:3:{i:0;s:28:"/index.php?m=players&a=index";i:1;s:2:"26";i:2;s:19:"2015-08-06 17:16:05";}
a:3:{i:0;s:26:"/index.php?m=players&a=add";i:1;s:2:"26";i:2;s:19:"2015-08-06 17:16:13";}
a:3:{i:0;s:35:"/index.php?g=admin&m=public&a=login";i:1;N;i:2;s:19:"2015-08-06 17:16:18";}
a:3:{i:0;s:31:"/index.php?m=players&a=add_post";i:1;s:2:"26";i:2;s:19:"2015-08-06 17:16:20";}
a:3:{i:0;s:28:"/index.php?m=players&a=index";i:1;s:2:"26";i:2;s:19:"2015-08-06 17:16:20";}
a:3:{i:0;s:28:"/index.php?m=players&a=index";i:1;s:2:"26";i:2;s:19:"2015-08-06 17:16:33";}
a:3:{i:0;s:28:"/index.php?m=players&a=index";i:1;s:2:"26";i:2;s:19:"2015-08-06 17:16:35";}
a:3:{i:0;s:28:"/index.php?m=players&a=index";i:1;s:2:"26";i:2;s:19:"2015-08-06 17:16:35";}
a:3:{i:0;s:28:"/index.php?m=players&a=index";i:1;s:2:"26";i:2;s:19:"2015-08-06 17:16:35";}
a:3:{i:0;s:28:"/index.php?m=players&a=index";i:1;s:2:"26";i:2;s:19:"2015-08-06 17:16:35";}
a:3:{i:0;s:28:"/index.php?m=players&a=index";i:1;s:2:"26";i:2;s:19:"2015-08-06 17:16:41";}
a:3:{i:0;s:54:"/index.php?g=admin&m=players&a=index&typeclass=614&p=2";i:1;s:2:"26";i:2;s:19:"2015-08-06 17:16:49";}
a:3:{i:0;s:26:"/index.php?m=index&a=index";i:1;s:2:"26";i:2;s:19:"2015-08-06 17:17:12";}
a:3:{i:0;s:25:"/index.php?m=main&a=index";i:1;s:2:"26";i:2;s:19:"2015-08-06 17:17:12";}
a:3:{i:0;s:47:"/index.php?g=admin&m=players&a=index&menuid=713";i:1;s:2:"26";i:2;s:19:"2015-08-06 17:17:15";}
a:3:{i:0;s:28:"/index.php?m=players&a=index";i:1;s:2:"26";i:2;s:19:"2015-08-06 17:17:19";}
a:3:{i:0;s:35:"/index.php?g=admin&m=public&a=login";i:1;N;i:2;s:19:"2015-08-06 17:17:21";}
a:3:{i:0;s:54:"/index.php?g=admin&m=players&a=index&typeclass=614&p=2";i:1;s:2:"26";i:2;s:19:"2015-08-06 17:18:19";}
a:3:{i:0;s:54:"/index.php?g=admin&m=players&a=index&typeclass=614&p=2";i:1;s:2:"26";i:2;s:19:"2015-08-06 17:18:20";}
a:3:{i:0;s:35:"/index.php?g=admin&m=public&a=login";i:1;N;i:2;s:19:"2015-08-06 17:18:27";}
a:3:{i:0;s:54:"/index.php?g=admin&m=players&a=index&typeclass=614&p=1";i:1;s:2:"26";i:2;s:19:"2015-08-06 17:18:34";}
a:3:{i:0;s:26:"/index.php?m=index&a=index";i:1;s:2:"26";i:2;s:19:"2015-08-06 17:24:08";}
a:3:{i:0;s:25:"/index.php?m=main&a=index";i:1;s:2:"26";i:2;s:19:"2015-08-06 17:24:08";}
a:3:{i:0;s:47:"/index.php?g=admin&m=players&a=index&menuid=713";i:1;s:2:"26";i:2;s:19:"2015-08-06 17:24:12";}
a:3:{i:0;s:28:"/index.php?m=players&a=index";i:1;s:2:"26";i:2;s:19:"2015-08-06 17:24:17";}
a:3:{i:0;s:26:"/index.php?m=players&a=add";i:1;s:2:"26";i:2;s:19:"2015-08-06 17:24:25";}
a:3:{i:0;s:28:"/index.php?m=players&a=index";i:1;s:2:"26";i:2;s:19:"2015-08-06 17:24:30";}
a:3:{i:0;s:35:"/index.php?g=admin&m=public&a=login";i:1;N;i:2;s:19:"2015-08-06 17:24:35";}
a:3:{i:0;s:28:"/index.php?m=players&a=index";i:1;s:2:"27";i:2;s:19:"2015-08-06 17:25:45";}
a:3:{i:0;s:28:"/index.php?m=players&a=index";i:1;s:2:"27";i:2;s:19:"2015-08-06 17:25:47";}
a:3:{i:0;s:28:"/index.php?m=players&a=index";i:1;s:2:"26";i:2;s:19:"2015-08-06 17:27:17";}
a:3:{i:0;s:28:"/index.php?m=players&a=index";i:1;s:2:"27";i:2;s:19:"2015-08-06 17:27:57";}
a:3:{i:0;s:41:"/index.php?g=admin&m=setting&a=clearcache";i:1;s:2:"26";i:2;s:19:"2015-08-06 17:30:06";}
a:3:{i:0;s:28:"/index.php?m=players&a=index";i:1;s:2:"26";i:2;s:19:"2015-08-06 17:30:10";}
a:3:{i:0;s:41:"/index.php?g=admin&m=setting&a=clearcache";i:1;s:2:"27";i:2;s:19:"2015-08-06 17:30:10";}
a:3:{i:0;s:26:"/index.php?m=index&a=index";i:1;s:2:"27";i:2;s:19:"2015-08-06 17:30:11";}
a:3:{i:0;s:25:"/index.php?m=main&a=index";i:1;s:2:"27";i:2;s:19:"2015-08-06 17:30:13";}
a:3:{i:0;s:35:"/index.php?g=admin&m=public&a=login";i:1;N;i:2;s:19:"2015-08-06 17:30:14";}
a:3:{i:0;s:47:"/index.php?g=admin&m=players&a=index&menuid=713";i:1;s:2:"27";i:2;s:19:"2015-08-06 17:30:17";}
a:3:{i:0;s:28:"/index.php?m=players&a=index";i:1;s:2:"27";i:2;s:19:"2015-08-06 17:30:21";}
a:3:{i:0;s:26:"/index.php?m=players&a=add";i:1;s:2:"27";i:2;s:19:"2015-08-06 17:30:27";}
a:3:{i:0;s:28:"/index.php?m=players&a=index";i:1;s:2:"27";i:2;s:19:"2015-08-06 17:30:34";}
a:3:{i:0;s:26:"/index.php?m=players&a=add";i:1;s:2:"27";i:2;s:19:"2015-08-06 17:30:42";}
a:3:{i:0;s:28:"/index.php?m=players&a=index";i:1;s:2:"27";i:2;s:19:"2015-08-06 17:31:17";}
a:3:{i:0;s:28:"/index.php?m=players&a=index";i:1;s:2:"27";i:2;s:19:"2015-08-06 17:32:38";}
a:3:{i:0;s:54:"/index.php?g=admin&m=players&a=index&typeclass=614&p=2";i:1;s:2:"27";i:2;s:19:"2015-08-06 17:32:42";}
a:3:{i:0;s:28:"/index.php?m=players&a=index";i:1;s:2:"27";i:2;s:19:"2015-08-06 17:33:34";}
a:3:{i:0;s:28:"/index.php?m=players&a=index";i:1;s:2:"27";i:2;s:19:"2015-08-06 17:42:05";}
a:3:{i:0;s:28:"/index.php?m=players&a=index";i:1;s:2:"27";i:2;s:19:"2015-08-06 17:42:07";}
a:3:{i:0;s:47:"/index.php?g=admin&m=amateur&a=index&menuid=627";i:1;s:2:"27";i:2;s:19:"2015-08-06 17:42:24";}
a:3:{i:0;s:28:"/index.php?m=amateur&a=index";i:1;s:2:"27";i:2;s:19:"2015-08-06 17:42:26";}
a:3:{i:0;s:28:"/index.php?m=amateur&a=index";i:1;s:2:"27";i:2;s:19:"2015-08-06 17:42:30";}
a:3:{i:0;s:35:"/index.php?g=admin&m=public&a=login";i:1;N;i:2;s:19:"2015-08-06 17:45:43";}
a:3:{i:0;s:35:"/index.php?g=admin&m=public&a=login";i:1;N;i:2;s:19:"2015-08-06 17:45:44";}
a:3:{i:0;s:29:"/index.php?m=public&a=dologin";i:1;N;i:2;s:19:"2015-08-06 17:45:48";}
a:3:{i:0;s:26:"/index.php?m=index&a=index";i:1;s:1:"1";i:2;s:19:"2015-08-06 17:45:48";}
a:3:{i:0;s:25:"/index.php?m=main&a=index";i:1;s:1:"1";i:2;s:19:"2015-08-06 17:45:49";}
a:3:{i:0;s:47:"/index.php?g=admin&m=amateur&a=index&menuid=627";i:1;s:1:"1";i:2;s:19:"2015-08-06 17:45:54";}
a:3:{i:0;s:44:"/index.php?g=admin&m=team&a=index&menuid=619";i:1;s:1:"1";i:2;s:19:"2015-08-06 17:45:54";}
a:3:{i:0;s:27:"/index.php?m=team&a=amateur";i:1;s:1:"1";i:2;s:19:"2015-08-06 17:45:56";}
a:3:{i:0;s:27:"/index.php?m=team&a=amateur";i:1;s:1:"1";i:2;s:19:"2015-08-06 17:46:00";}
a:3:{i:0;s:44:"/index.php?g=admin&m=team&a=index&menuid=619";i:1;s:2:"27";i:2;s:19:"2015-08-06 17:46:33";}
a:3:{i:0;s:27:"/index.php?m=team&a=amateur";i:1;s:2:"27";i:2;s:19:"2015-08-06 17:46:34";}
a:3:{i:0;s:27:"/index.php?m=team&a=amateur";i:1;s:2:"27";i:2;s:19:"2015-08-06 17:46:37";}
a:3:{i:0;s:28:"/index.php?m=players&a=index";i:1;s:2:"27";i:2;s:19:"2015-08-06 17:47:00";}
a:3:{i:0;s:37:"/index.php?m=players&a=delete&id=4882";i:1;s:2:"27";i:2;s:19:"2015-08-06 17:47:02";}
a:3:{i:0;s:28:"/index.php?m=players&a=index";i:1;s:2:"27";i:2;s:19:"2015-08-06 17:47:02";}
a:3:{i:0;s:37:"/index.php?m=players&a=delete&id=4883";i:1;s:2:"27";i:2;s:19:"2015-08-06 17:47:05";}
a:3:{i:0;s:28:"/index.php?m=players&a=index";i:1;s:2:"27";i:2;s:19:"2015-08-06 17:47:05";}
a:3:{i:0;s:37:"/index.php?m=players&a=delete&id=4884";i:1;s:2:"27";i:2;s:19:"2015-08-06 17:47:08";}
a:3:{i:0;s:28:"/index.php?m=players&a=index";i:1;s:2:"27";i:2;s:19:"2015-08-06 17:47:08";}
a:3:{i:0;s:37:"/index.php?m=players&a=delete&id=4885";i:1;s:2:"27";i:2;s:19:"2015-08-06 17:47:10";}
a:3:{i:0;s:28:"/index.php?m=players&a=index";i:1;s:2:"27";i:2;s:19:"2015-08-06 17:47:11";}
a:3:{i:0;s:37:"/index.php?m=players&a=delete&id=4886";i:1;s:2:"27";i:2;s:19:"2015-08-06 17:47:13";}
a:3:{i:0;s:28:"/index.php?m=players&a=index";i:1;s:2:"27";i:2;s:19:"2015-08-06 17:47:13";}
a:3:{i:0;s:37:"/index.php?m=players&a=delete&id=4887";i:1;s:2:"27";i:2;s:19:"2015-08-06 17:47:15";}
a:3:{i:0;s:28:"/index.php?m=players&a=index";i:1;s:2:"27";i:2;s:19:"2015-08-06 17:47:15";}
a:3:{i:0;s:37:"/index.php?m=players&a=delete&id=4888";i:1;s:2:"27";i:2;s:19:"2015-08-06 17:47:17";}
a:3:{i:0;s:28:"/index.php?m=players&a=index";i:1;s:2:"27";i:2;s:19:"2015-08-06 17:47:17";}
a:3:{i:0;s:26:"/index.php?m=players&a=add";i:1;s:2:"27";i:2;s:19:"2015-08-06 17:47:35";}
a:3:{i:0;s:28:"/index.php?m=players&a=index";i:1;s:2:"27";i:2;s:19:"2015-08-06 17:53:24";}
a:3:{i:0;s:40:"/index.php?g=admin&m=players&a=index&p=2";i:1;s:2:"27";i:2;s:19:"2015-08-06 17:53:27";}
a:3:{i:0;s:40:"/index.php?g=admin&m=players&a=index&p=3";i:1;s:2:"27";i:2;s:19:"2015-08-06 17:53:29";}
a:3:{i:0;s:40:"/index.php?g=admin&m=players&a=index&p=4";i:1;s:2:"27";i:2;s:19:"2015-08-06 17:53:31";}
a:3:{i:0;s:40:"/index.php?g=admin&m=players&a=index&p=4";i:1;s:2:"27";i:2;s:19:"2015-08-06 18:24:52";}
a:3:{i:0;s:26:"/index.php?m=players&a=add";i:1;s:2:"27";i:2;s:19:"2015-08-06 18:24:55";}
a:3:{i:0;s:31:"/index.php?m=players&a=add_post";i:1;s:2:"27";i:2;s:19:"2015-08-06 18:25:12";}
a:3:{i:0;s:28:"/index.php?m=players&a=index";i:1;s:2:"27";i:2;s:19:"2015-08-06 18:25:13";}
a:3:{i:0;s:37:"/index.php?m=players&a=delete&id=4897";i:1;s:2:"27";i:2;s:19:"2015-08-06 18:25:21";}
a:3:{i:0;s:28:"/index.php?m=players&a=index";i:1;s:2:"27";i:2;s:19:"2015-08-06 18:25:21";}
a:3:{i:0;s:26:"/index.php?m=players&a=add";i:1;s:2:"27";i:2;s:19:"2015-08-06 18:39:03";}
a:3:{i:0;s:28:"/index.php?m=public&a=logout";i:1;s:2:"27";i:2;s:19:"2015-08-06 18:39:08";}
a:3:{i:0;s:27:"/index.php?m=public&a=login";i:1;N;i:2;s:19:"2015-08-06 18:39:08";}
