a:3:{i:0;s:35:"/index.php?g=admin&m=public&a=login";i:1;s:1:"1";i:2;s:19:"2015-08-05 08:59:59";}
a:3:{i:0;s:26:"/index.php?m=index&a=index";i:1;s:1:"1";i:2;s:19:"2015-08-05 09:00:01";}
a:3:{i:0;s:25:"/index.php?m=main&a=index";i:1;s:1:"1";i:2;s:19:"2015-08-05 09:00:01";}
a:3:{i:0;s:50:"/index.php?g=admin&m=statistics&a=index&menuid=625";i:1;s:1:"1";i:2;s:19:"2015-08-05 09:00:07";}
a:3:{i:0;s:29:"/index.php?m=statistics&a=day";i:1;s:1:"1";i:2;s:19:"2015-08-05 09:00:09";}
a:3:{i:0;s:35:"/index.php?g=admin&m=public&a=login";i:1;N;i:2;s:19:"2015-08-05 09:03:33";}
a:3:{i:0;s:35:"/index.php?g=admin&m=public&a=login";i:1;N;i:2;s:19:"2015-08-05 09:22:28";}
a:3:{i:0;s:35:"/index.php?g=admin&m=public&a=login";i:1;N;i:2;s:19:"2015-08-05 09:22:29";}
a:3:{i:0;s:29:"/index.php?m=public&a=dologin";i:1;N;i:2;s:19:"2015-08-05 09:22:36";}
a:3:{i:0;s:26:"/index.php?m=index&a=index";i:1;s:2:"26";i:2;s:19:"2015-08-05 09:22:37";}
a:3:{i:0;s:25:"/index.php?m=main&a=index";i:1;s:2:"26";i:2;s:19:"2015-08-05 09:22:37";}
a:3:{i:0;s:45:"/index.php?g=admin&m=order&a=index&menuid=608";i:1;s:2:"26";i:2;s:19:"2015-08-05 09:22:43";}
a:3:{i:0;s:34:"/index.php?m=order&a=look&id=12755";i:1;s:2:"26";i:2;s:19:"2015-08-05 09:24:43";}
a:3:{i:0;s:35:"/index.php?g=admin&m=public&a=login";i:1;N;i:2;s:19:"2015-08-05 09:24:43";}
a:3:{i:0;s:45:"/index.php?g=admin&m=guess&a=index&menuid=618";i:1;s:2:"26";i:2;s:19:"2015-08-05 10:26:40";}
a:3:{i:0;s:49:"/index.php?g=admin&m=guess&a=index&menuid=618&p=2";i:1;s:2:"26";i:2;s:19:"2015-08-05 10:26:53";}
a:3:{i:0;s:49:"/index.php?g=admin&m=guess&a=index&menuid=618&p=1";i:1;s:2:"26";i:2;s:19:"2015-08-05 10:26:57";}
a:3:{i:0;s:32:"/index.php?m=guess&a=edit&id=368";i:1;s:2:"26";i:2;s:19:"2015-08-05 10:30:11";}
a:3:{i:0;s:35:"/index.php?g=admin&m=public&a=login";i:1;N;i:2;s:19:"2015-08-05 10:30:11";}
a:3:{i:0;s:30:"/index.php?m=guess&a=edit_post";i:1;s:2:"26";i:2;s:19:"2015-08-05 10:30:17";}
a:3:{i:0;s:26:"/index.php?m=guess&a=index";i:1;s:2:"26";i:2;s:19:"2015-08-05 10:30:17";}
a:3:{i:0;s:32:"/index.php?m=guess&a=edit&id=367";i:1;s:2:"26";i:2;s:19:"2015-08-05 10:30:41";}
a:3:{i:0;s:30:"/index.php?m=guess&a=edit_post";i:1;s:2:"26";i:2;s:19:"2015-08-05 10:30:46";}
a:3:{i:0;s:26:"/index.php?m=guess&a=index";i:1;s:2:"26";i:2;s:19:"2015-08-05 10:30:46";}
a:3:{i:0;s:26:"/index.php?m=order&a=index";i:1;s:2:"26";i:2;s:19:"2015-08-05 10:30:59";}
a:3:{i:0;s:33:"/index.php?m=order&a=look&id=3888";i:1;s:2:"26";i:2;s:19:"2015-08-05 10:31:14";}
a:3:{i:0;s:26:"/index.php?m=order&a=index";i:1;s:2:"26";i:2;s:19:"2015-08-05 10:31:19";}
a:3:{i:0;s:47:"/index.php?g=admin&m=amateur&a=index&menuid=627";i:1;s:2:"26";i:2;s:19:"2015-08-05 13:44:05";}
a:3:{i:0;s:35:"/index.php?g=admin&m=public&a=login";i:1;N;i:2;s:19:"2015-08-05 13:44:08";}
a:3:{i:0;s:44:"/index.php?g=admin&m=team&a=index&menuid=619";i:1;s:2:"26";i:2;s:19:"2015-08-05 13:44:12";}
a:3:{i:0;s:27:"/index.php?m=team&a=amateur";i:1;s:2:"26";i:2;s:19:"2015-08-05 13:44:25";}
a:3:{i:0;s:23:"/index.php?m=team&a=add";i:1;s:2:"26";i:2;s:19:"2015-08-05 13:55:32";}
a:3:{i:0;s:28:"/index.php?m=team&a=add_post";i:1;s:2:"26";i:2;s:19:"2015-08-05 13:55:55";}
a:3:{i:0;s:25:"/index.php?m=team&a=index";i:1;s:2:"26";i:2;s:19:"2015-08-05 13:55:55";}
a:3:{i:0;s:27:"/index.php?m=team&a=amateur";i:1;s:2:"26";i:2;s:19:"2015-08-05 13:56:02";}
a:3:{i:0;s:27:"/index.php?m=team&a=amateur";i:1;s:2:"26";i:2;s:19:"2015-08-05 13:56:07";}
a:3:{i:0;s:23:"/index.php?m=team&a=add";i:1;s:2:"26";i:2;s:19:"2015-08-05 13:56:09";}
a:3:{i:0;s:27:"/index.php?m=team&a=amateur";i:1;s:2:"26";i:2;s:19:"2015-08-05 13:56:22";}
a:3:{i:0;s:31:"/index.php?m=team&a=edit&id=592";i:1;s:2:"26";i:2;s:19:"2015-08-05 13:56:26";}
a:3:{i:0;s:35:"/index.php?g=admin&m=public&a=login";i:1;N;i:2;s:19:"2015-08-05 13:56:30";}
a:3:{i:0;s:36:"/index.php?m=team&a=associate&id=592";i:1;s:2:"26";i:2;s:19:"2015-08-05 13:56:44";}
a:3:{i:0;s:31:"/index.php?m=team&a=edit&id=592";i:1;s:2:"26";i:2;s:19:"2015-08-05 13:57:33";}
a:3:{i:0;s:26:"/index.php?m=order&a=index";i:1;s:2:"26";i:2;s:19:"2015-08-05 14:07:49";}
a:3:{i:0;s:34:"/index.php?m=order&a=look&id=13669";i:1;s:2:"26";i:2;s:19:"2015-08-05 14:07:58";}
a:3:{i:0;s:35:"/index.php?g=admin&m=public&a=login";i:1;N;i:2;s:19:"2015-08-05 14:11:45";}
a:3:{i:0;s:35:"/index.php?g=admin&m=public&a=login";i:1;N;i:2;s:19:"2015-08-05 14:11:47";}
a:3:{i:0;s:29:"/index.php?m=public&a=dologin";i:1;N;i:2;s:19:"2015-08-05 14:11:54";}
a:3:{i:0;s:26:"/index.php?m=index&a=index";i:1;s:2:"27";i:2;s:19:"2015-08-05 14:11:54";}
a:3:{i:0;s:25:"/index.php?m=main&a=index";i:1;s:2:"27";i:2;s:19:"2015-08-05 14:11:55";}
a:3:{i:0;s:44:"/index.php?g=admin&m=team&a=index&menuid=619";i:1;s:2:"27";i:2;s:19:"2015-08-05 14:11:58";}
a:3:{i:0;s:27:"/index.php?m=team&a=amateur";i:1;s:2:"27";i:2;s:19:"2015-08-05 14:11:59";}
a:3:{i:0;s:27:"/index.php?m=team&a=amateur";i:1;s:2:"27";i:2;s:19:"2015-08-05 14:12:04";}
a:3:{i:0;s:33:"/index.php?m=team&a=delete&id=592";i:1;s:2:"27";i:2;s:19:"2015-08-05 14:12:07";}
a:3:{i:0;s:27:"/index.php?m=team&a=amateur";i:1;s:2:"27";i:2;s:19:"2015-08-05 14:12:07";}
a:3:{i:0;s:28:"/index.php?m=public&a=logout";i:1;s:2:"27";i:2;s:19:"2015-08-05 14:12:16";}
a:3:{i:0;s:27:"/index.php?m=public&a=login";i:1;N;i:2;s:19:"2015-08-05 14:12:16";}
a:3:{i:0;s:27:"/index.php?m=team&a=amateur";i:1;s:2:"26";i:2;s:19:"2015-08-05 14:12:43";}
a:3:{i:0;s:23:"/index.php?m=team&a=add";i:1;s:2:"26";i:2;s:19:"2015-08-05 14:12:46";}
a:3:{i:0;s:28:"/index.php?m=team&a=add_post";i:1;s:2:"26";i:2;s:19:"2015-08-05 14:13:08";}
a:3:{i:0;s:25:"/index.php?m=team&a=index";i:1;s:2:"26";i:2;s:19:"2015-08-05 14:13:09";}
a:3:{i:0;s:27:"/index.php?m=team&a=amateur";i:1;s:2:"26";i:2;s:19:"2015-08-05 14:13:11";}
a:3:{i:0;s:23:"/index.php?m=team&a=add";i:1;s:2:"26";i:2;s:19:"2015-08-05 14:13:15";}
a:3:{i:0;s:28:"/index.php?m=team&a=add_post";i:1;s:2:"26";i:2;s:19:"2015-08-05 14:13:30";}
a:3:{i:0;s:25:"/index.php?m=team&a=index";i:1;s:2:"26";i:2;s:19:"2015-08-05 14:13:30";}
a:3:{i:0;s:23:"/index.php?m=team&a=add";i:1;s:2:"26";i:2;s:19:"2015-08-05 14:13:33";}
a:3:{i:0;s:28:"/index.php?m=team&a=add_post";i:1;s:2:"26";i:2;s:19:"2015-08-05 14:13:45";}
a:3:{i:0;s:25:"/index.php?m=team&a=index";i:1;s:2:"26";i:2;s:19:"2015-08-05 14:13:45";}
a:3:{i:0;s:23:"/index.php?m=team&a=add";i:1;s:2:"26";i:2;s:19:"2015-08-05 14:13:47";}
a:3:{i:0;s:28:"/index.php?m=team&a=add_post";i:1;s:2:"26";i:2;s:19:"2015-08-05 14:14:00";}
a:3:{i:0;s:25:"/index.php?m=team&a=index";i:1;s:2:"26";i:2;s:19:"2015-08-05 14:14:00";}
a:3:{i:0;s:23:"/index.php?m=team&a=add";i:1;s:2:"26";i:2;s:19:"2015-08-05 14:14:08";}
a:3:{i:0;s:28:"/index.php?m=team&a=add_post";i:1;s:2:"26";i:2;s:19:"2015-08-05 14:14:15";}
a:3:{i:0;s:25:"/index.php?m=team&a=index";i:1;s:2:"26";i:2;s:19:"2015-08-05 14:14:16";}
a:3:{i:0;s:23:"/index.php?m=team&a=add";i:1;s:2:"26";i:2;s:19:"2015-08-05 14:14:17";}
a:3:{i:0;s:28:"/index.php?m=team&a=add_post";i:1;s:2:"26";i:2;s:19:"2015-08-05 14:14:32";}
a:3:{i:0;s:25:"/index.php?m=team&a=index";i:1;s:2:"26";i:2;s:19:"2015-08-05 14:14:32";}
a:3:{i:0;s:23:"/index.php?m=team&a=add";i:1;s:2:"26";i:2;s:19:"2015-08-05 14:14:34";}
a:3:{i:0;s:28:"/index.php?m=team&a=add_post";i:1;s:2:"26";i:2;s:19:"2015-08-05 14:14:46";}
a:3:{i:0;s:25:"/index.php?m=team&a=index";i:1;s:2:"26";i:2;s:19:"2015-08-05 14:14:46";}
a:3:{i:0;s:23:"/index.php?m=team&a=add";i:1;s:2:"26";i:2;s:19:"2015-08-05 14:14:55";}
a:3:{i:0;s:28:"/index.php?m=team&a=add_post";i:1;s:2:"26";i:2;s:19:"2015-08-05 14:15:03";}
a:3:{i:0;s:25:"/index.php?m=team&a=index";i:1;s:2:"26";i:2;s:19:"2015-08-05 14:15:03";}
a:3:{i:0;s:23:"/index.php?m=team&a=add";i:1;s:2:"26";i:2;s:19:"2015-08-05 14:17:11";}
a:3:{i:0;s:28:"/index.php?m=team&a=add_post";i:1;s:2:"26";i:2;s:19:"2015-08-05 14:17:25";}
a:3:{i:0;s:25:"/index.php?m=team&a=index";i:1;s:2:"26";i:2;s:19:"2015-08-05 14:17:25";}
a:3:{i:0;s:23:"/index.php?m=team&a=add";i:1;s:2:"26";i:2;s:19:"2015-08-05 14:17:26";}
a:3:{i:0;s:28:"/index.php?m=team&a=add_post";i:1;s:2:"26";i:2;s:19:"2015-08-05 14:17:39";}
a:3:{i:0;s:25:"/index.php?m=team&a=index";i:1;s:2:"26";i:2;s:19:"2015-08-05 14:17:39";}
a:3:{i:0;s:23:"/index.php?m=team&a=add";i:1;s:2:"26";i:2;s:19:"2015-08-05 14:17:45";}
a:3:{i:0;s:28:"/index.php?m=team&a=add_post";i:1;s:2:"26";i:2;s:19:"2015-08-05 14:17:53";}
a:3:{i:0;s:25:"/index.php?m=team&a=index";i:1;s:2:"26";i:2;s:19:"2015-08-05 14:17:53";}
a:3:{i:0;s:23:"/index.php?m=team&a=add";i:1;s:2:"26";i:2;s:19:"2015-08-05 14:17:58";}
a:3:{i:0;s:28:"/index.php?m=team&a=add_post";i:1;s:2:"26";i:2;s:19:"2015-08-05 14:18:06";}
a:3:{i:0;s:25:"/index.php?m=team&a=index";i:1;s:2:"26";i:2;s:19:"2015-08-05 14:18:07";}
a:3:{i:0;s:23:"/index.php?m=team&a=add";i:1;s:2:"26";i:2;s:19:"2015-08-05 14:18:11";}
a:3:{i:0;s:28:"/index.php?m=team&a=add_post";i:1;s:2:"26";i:2;s:19:"2015-08-05 14:18:20";}
a:3:{i:0;s:25:"/index.php?m=team&a=index";i:1;s:2:"26";i:2;s:19:"2015-08-05 14:18:21";}
a:3:{i:0;s:23:"/index.php?m=team&a=add";i:1;s:2:"26";i:2;s:19:"2015-08-05 14:18:26";}
a:3:{i:0;s:28:"/index.php?m=team&a=add_post";i:1;s:2:"26";i:2;s:19:"2015-08-05 14:18:33";}
a:3:{i:0;s:25:"/index.php?m=team&a=index";i:1;s:2:"26";i:2;s:19:"2015-08-05 14:18:33";}
a:3:{i:0;s:23:"/index.php?m=team&a=add";i:1;s:2:"26";i:2;s:19:"2015-08-05 14:18:39";}
a:3:{i:0;s:28:"/index.php?m=team&a=add_post";i:1;s:2:"26";i:2;s:19:"2015-08-05 14:18:49";}
a:3:{i:0;s:25:"/index.php?m=team&a=index";i:1;s:2:"26";i:2;s:19:"2015-08-05 14:18:49";}
a:3:{i:0;s:23:"/index.php?m=team&a=add";i:1;s:2:"26";i:2;s:19:"2015-08-05 14:18:54";}
a:3:{i:0;s:28:"/index.php?m=team&a=add_post";i:1;s:2:"26";i:2;s:19:"2015-08-05 14:19:08";}
a:3:{i:0;s:25:"/index.php?m=team&a=index";i:1;s:2:"26";i:2;s:19:"2015-08-05 14:19:08";}
a:3:{i:0;s:27:"/index.php?m=team&a=amateur";i:1;s:2:"26";i:2;s:19:"2015-08-05 14:19:14";}
a:3:{i:0;s:27:"/index.php?m=team&a=amateur";i:1;s:2:"26";i:2;s:19:"2015-08-05 14:19:19";}
a:3:{i:0;s:27:"/index.php?m=team&a=amateur";i:1;s:2:"26";i:2;s:19:"2015-08-05 15:07:55";}
a:3:{i:0;s:35:"/index.php?g=admin&m=public&a=login";i:1;N;i:2;s:19:"2015-08-05 15:08:47";}
a:3:{i:0;s:29:"/index.php?m=public&a=dologin";i:1;N;i:2;s:19:"2015-08-05 15:08:53";}
a:3:{i:0;s:26:"/index.php?m=index&a=index";i:1;s:2:"27";i:2;s:19:"2015-08-05 15:08:53";}
a:3:{i:0;s:25:"/index.php?m=main&a=index";i:1;s:2:"27";i:2;s:19:"2015-08-05 15:08:53";}
a:3:{i:0;s:47:"/index.php?g=admin&m=amateur&a=index&menuid=627";i:1;s:2:"27";i:2;s:19:"2015-08-05 15:08:56";}
a:3:{i:0;s:44:"/index.php?g=admin&m=team&a=index&menuid=619";i:1;s:2:"27";i:2;s:19:"2015-08-05 15:08:58";}
a:3:{i:0;s:27:"/index.php?m=team&a=amateur";i:1;s:2:"27";i:2;s:19:"2015-08-05 15:08:59";}
a:3:{i:0;s:33:"/index.php?m=team&a=delete&id=593";i:1;s:2:"27";i:2;s:19:"2015-08-05 15:09:18";}
a:3:{i:0;s:27:"/index.php?m=team&a=amateur";i:1;s:2:"27";i:2;s:19:"2015-08-05 15:09:18";}
a:3:{i:0;s:26:"/index.php?m=amateur&a=add";i:1;s:2:"27";i:2;s:19:"2015-08-05 15:09:28";}
a:3:{i:0;s:33:"/index.php?m=team&a=delete&id=594";i:1;s:2:"27";i:2;s:19:"2015-08-05 15:10:01";}
a:3:{i:0;s:27:"/index.php?m=team&a=amateur";i:1;s:2:"27";i:2;s:19:"2015-08-05 15:10:01";}
a:3:{i:0;s:33:"/index.php?m=team&a=delete&id=598";i:1;s:2:"27";i:2;s:19:"2015-08-05 15:10:03";}
a:3:{i:0;s:27:"/index.php?m=team&a=amateur";i:1;s:2:"27";i:2;s:19:"2015-08-05 15:10:03";}
a:3:{i:0;s:33:"/index.php?m=team&a=delete&id=599";i:1;s:2:"27";i:2;s:19:"2015-08-05 15:10:04";}
a:3:{i:0;s:27:"/index.php?m=team&a=amateur";i:1;s:2:"27";i:2;s:19:"2015-08-05 15:10:05";}
a:3:{i:0;s:33:"/index.php?m=team&a=delete&id=597";i:1;s:2:"27";i:2;s:19:"2015-08-05 15:10:06";}
a:3:{i:0;s:27:"/index.php?m=team&a=amateur";i:1;s:2:"27";i:2;s:19:"2015-08-05 15:10:06";}
a:3:{i:0;s:33:"/index.php?m=team&a=delete&id=596";i:1;s:2:"27";i:2;s:19:"2015-08-05 15:10:08";}
a:3:{i:0;s:27:"/index.php?m=team&a=amateur";i:1;s:2:"27";i:2;s:19:"2015-08-05 15:10:08";}
a:3:{i:0;s:33:"/index.php?m=team&a=delete&id=595";i:1;s:2:"27";i:2;s:19:"2015-08-05 15:10:10";}
a:3:{i:0;s:27:"/index.php?m=team&a=amateur";i:1;s:2:"27";i:2;s:19:"2015-08-05 15:10:10";}
a:3:{i:0;s:33:"/index.php?m=team&a=delete&id=603";i:1;s:2:"27";i:2;s:19:"2015-08-05 15:10:11";}
a:3:{i:0;s:27:"/index.php?m=team&a=amateur";i:1;s:2:"27";i:2;s:19:"2015-08-05 15:10:11";}
a:3:{i:0;s:33:"/index.php?m=team&a=delete&id=605";i:1;s:2:"27";i:2;s:19:"2015-08-05 15:10:13";}
a:3:{i:0;s:27:"/index.php?m=team&a=amateur";i:1;s:2:"27";i:2;s:19:"2015-08-05 15:10:13";}
a:3:{i:0;s:33:"/index.php?m=team&a=delete&id=606";i:1;s:2:"27";i:2;s:19:"2015-08-05 15:10:15";}
a:3:{i:0;s:27:"/index.php?m=team&a=amateur";i:1;s:2:"27";i:2;s:19:"2015-08-05 15:10:15";}
a:3:{i:0;s:33:"/index.php?m=team&a=delete&id=607";i:1;s:2:"27";i:2;s:19:"2015-08-05 15:10:17";}
a:3:{i:0;s:27:"/index.php?m=team&a=amateur";i:1;s:2:"27";i:2;s:19:"2015-08-05 15:10:17";}
a:3:{i:0;s:33:"/index.php?m=team&a=delete&id=608";i:1;s:2:"27";i:2;s:19:"2015-08-05 15:10:19";}
a:3:{i:0;s:27:"/index.php?m=team&a=amateur";i:1;s:2:"27";i:2;s:19:"2015-08-05 15:10:19";}
a:3:{i:0;s:33:"/index.php?m=team&a=delete&id=604";i:1;s:2:"27";i:2;s:19:"2015-08-05 15:10:20";}
a:3:{i:0;s:27:"/index.php?m=team&a=amateur";i:1;s:2:"27";i:2;s:19:"2015-08-05 15:10:20";}
a:3:{i:0;s:33:"/index.php?m=team&a=delete&id=602";i:1;s:2:"27";i:2;s:19:"2015-08-05 15:10:22";}
a:3:{i:0;s:27:"/index.php?m=team&a=amateur";i:1;s:2:"27";i:2;s:19:"2015-08-05 15:10:22";}
a:3:{i:0;s:33:"/index.php?m=team&a=delete&id=601";i:1;s:2:"27";i:2;s:19:"2015-08-05 15:10:23";}
a:3:{i:0;s:27:"/index.php?m=team&a=amateur";i:1;s:2:"27";i:2;s:19:"2015-08-05 15:10:23";}
a:3:{i:0;s:33:"/index.php?m=team&a=delete&id=600";i:1;s:2:"27";i:2;s:19:"2015-08-05 15:10:25";}
a:3:{i:0;s:27:"/index.php?m=team&a=amateur";i:1;s:2:"27";i:2;s:19:"2015-08-05 15:10:25";}
a:3:{i:0;s:27:"/index.php?m=team&a=amateur";i:1;s:2:"26";i:2;s:19:"2015-08-05 15:12:07";}
a:3:{i:0;s:27:"/index.php?m=team&a=amateur";i:1;s:2:"26";i:2;s:19:"2015-08-05 15:36:52";}
a:3:{i:0;s:36:"/index.php?m=team&a=associate&id=615";i:1;s:2:"26";i:2;s:19:"2015-08-05 15:36:56";}
a:3:{i:0;s:36:"/index.php?m=team&a=associate&id=612";i:1;s:2:"26";i:2;s:19:"2015-08-05 15:42:02";}
a:3:{i:0;s:35:"/index.php?g=admin&m=public&a=login";i:1;N;i:2;s:19:"2015-08-05 15:42:02";}
a:3:{i:0;s:34:"/index.php?m=team&a=associate_post";i:1;s:2:"26";i:2;s:19:"2015-08-05 15:42:13";}
a:3:{i:0;s:27:"/index.php?m=team&a=amateur";i:1;s:2:"26";i:2;s:19:"2015-08-05 15:42:18";}
a:3:{i:0;s:36:"/index.php?m=team&a=associate&id=615";i:1;s:2:"26";i:2;s:19:"2015-08-05 15:48:14";}
a:3:{i:0;s:35:"/index.php?g=admin&m=public&a=login";i:1;N;i:2;s:19:"2015-08-05 15:48:17";}
a:3:{i:0;s:34:"/index.php?m=team&a=associate_post";i:1;s:2:"26";i:2;s:19:"2015-08-05 15:48:20";}
a:3:{i:0;s:34:"/index.php?m=team&a=associate_post";i:1;s:2:"26";i:2;s:19:"2015-08-05 15:50:38";}
a:3:{i:0;s:36:"/index.php?m=team&a=associate&id=615";i:1;s:2:"26";i:2;s:19:"2015-08-05 15:50:43";}
a:3:{i:0;s:26:"/index.php?m=index&a=index";i:1;s:2:"26";i:2;s:19:"2015-08-05 15:50:56";}
a:3:{i:0;s:25:"/index.php?m=main&a=index";i:1;s:2:"26";i:2;s:19:"2015-08-05 15:50:57";}
a:3:{i:0;s:47:"/index.php?g=admin&m=amateur&a=index&menuid=627";i:1;s:2:"26";i:2;s:19:"2015-08-05 15:51:01";}
a:3:{i:0;s:35:"/index.php?g=admin&m=public&a=login";i:1;N;i:2;s:19:"2015-08-05 15:51:01";}
a:3:{i:0;s:44:"/index.php?g=admin&m=team&a=index&menuid=619";i:1;s:2:"26";i:2;s:19:"2015-08-05 15:51:04";}
a:3:{i:0;s:27:"/index.php?m=team&a=amateur";i:1;s:2:"26";i:2;s:19:"2015-08-05 15:51:06";}
a:3:{i:0;s:36:"/index.php?m=team&a=associate&id=615";i:1;s:2:"26";i:2;s:19:"2015-08-05 15:51:08";}
a:3:{i:0;s:34:"/index.php?m=team&a=associate_post";i:1;s:2:"26";i:2;s:19:"2015-08-05 15:51:13";}
a:3:{i:0;s:36:"/index.php?m=team&a=associate&id=614";i:1;s:2:"26";i:2;s:19:"2015-08-05 15:57:57";}
a:3:{i:0;s:34:"/index.php?m=team&a=associate_post";i:1;s:2:"26";i:2;s:19:"2015-08-05 15:58:02";}
a:3:{i:0;s:34:"/index.php?m=team&a=associate_post";i:1;s:2:"26";i:2;s:19:"2015-08-05 16:05:46";}
a:3:{i:0;s:36:"/index.php?m=team&a=associate&id=614";i:1;s:2:"26";i:2;s:19:"2015-08-05 16:05:48";}
a:3:{i:0;s:34:"/index.php?m=team&a=associate_post";i:1;s:2:"26";i:2;s:19:"2015-08-05 16:05:54";}
a:3:{i:0;s:36:"/index.php?m=team&a=associate&id=614";i:1;s:2:"26";i:2;s:19:"2015-08-05 16:06:35";}
a:3:{i:0;s:36:"/index.php?m=team&a=associate&id=614";i:1;s:2:"26";i:2;s:19:"2015-08-05 16:06:36";}
a:3:{i:0;s:34:"/index.php?m=team&a=associate_post";i:1;s:2:"26";i:2;s:19:"2015-08-05 16:06:38";}
a:3:{i:0;s:27:"/index.php?m=team&a=amateur";i:1;s:2:"26";i:2;s:19:"2015-08-05 16:06:51";}
a:3:{i:0;s:41:"/index.php?g=admin&m=setting&a=clearcache";i:1;s:2:"26";i:2;s:19:"2015-08-05 16:06:54";}
a:3:{i:0;s:27:"/index.php?m=team&a=amateur";i:1;s:2:"26";i:2;s:19:"2015-08-05 16:06:57";}
a:3:{i:0;s:36:"/index.php?m=team&a=associate&id=614";i:1;s:2:"26";i:2;s:19:"2015-08-05 16:07:04";}
a:3:{i:0;s:35:"/index.php?g=admin&m=public&a=login";i:1;N;i:2;s:19:"2015-08-05 16:07:05";}
a:3:{i:0;s:34:"/index.php?m=team&a=associate_post";i:1;s:2:"26";i:2;s:19:"2015-08-05 16:07:13";}
a:3:{i:0;s:36:"/index.php?m=team&a=associate&id=610";i:1;s:2:"26";i:2;s:19:"2015-08-05 16:08:45";}
a:3:{i:0;s:34:"/index.php?m=team&a=associate_post";i:1;s:2:"26";i:2;s:19:"2015-08-05 16:08:52";}
a:3:{i:0;s:27:"/index.php?m=team&a=amateur";i:1;s:2:"26";i:2;s:19:"2015-08-05 16:14:49";}
a:3:{i:0;s:36:"/index.php?m=team&a=associate&id=613";i:1;s:2:"26";i:2;s:19:"2015-08-05 16:14:53";}
a:3:{i:0;s:34:"/index.php?m=team&a=associate_post";i:1;s:2:"26";i:2;s:19:"2015-08-05 16:15:00";}
a:3:{i:0;s:27:"/index.php?m=team&a=amateur";i:1;s:2:"27";i:2;s:19:"2015-08-05 17:04:12";}
a:3:{i:0;s:45:"/index.php?g=admin&m=guess&a=index&menuid=618";i:1;s:2:"26";i:2;s:19:"2015-08-05 17:04:37";}
a:3:{i:0;s:35:"/index.php?g=admin&m=public&a=login";i:1;N;i:2;s:19:"2015-08-05 17:07:17";}
a:3:{i:0;s:35:"/index.php?g=admin&m=public&a=login";i:1;N;i:2;s:19:"2015-08-05 17:07:18";}
a:3:{i:0;s:29:"/index.php?m=public&a=dologin";i:1;N;i:2;s:19:"2015-08-05 17:07:24";}
a:3:{i:0;s:26:"/index.php?m=index&a=index";i:1;s:1:"1";i:2;s:19:"2015-08-05 17:07:24";}
a:3:{i:0;s:25:"/index.php?m=main&a=index";i:1;s:1:"1";i:2;s:19:"2015-08-05 17:07:24";}
a:3:{i:0;s:35:"/index.php?g=admin&m=public&a=login";i:1;N;i:2;s:19:"2015-08-05 17:07:25";}
a:3:{i:0;s:44:"/index.php?g=admin&m=shop&a=index&menuid=576";i:1;s:1:"1";i:2;s:19:"2015-08-05 17:07:27";}
a:3:{i:0;s:25:"/index.php?m=shop&a=index";i:1;s:1:"1";i:2;s:19:"2015-08-05 17:07:32";}
a:3:{i:0;s:53:"/index.php?g=admin&m=shop&a=index&oneclass=901000&p=2";i:1;s:1:"1";i:2;s:19:"2015-08-05 17:09:06";}
a:3:{i:0;s:53:"/index.php?g=admin&m=shop&a=index&oneclass=901000&p=3";i:1;s:1:"1";i:2;s:19:"2015-08-05 17:11:09";}
a:3:{i:0;s:53:"/index.php?g=admin&m=shop&a=index&oneclass=901000&p=1";i:1;s:1:"1";i:2;s:19:"2015-08-05 17:12:53";}
