a:3:{i:0;s:37:"/ryq_server/index.php?m=index&a=index";i:1;s:3:"107";i:2;s:19:"2015-08-01 17:31:26";}
a:3:{i:0;s:36:"/ryq_server/index.php?m=main&a=index";i:1;s:3:"107";i:2;s:19:"2015-08-01 17:31:27";}
a:3:{i:0;s:58:"/ryq_server/index.php?g=admin&m=journal&a=index&menuid=658";i:1;s:3:"107";i:2;s:19:"2015-08-01 17:31:30";}
a:3:{i:0;s:37:"/ryq_server/index.php?m=index&a=index";i:1;s:3:"107";i:2;s:19:"2015-08-01 17:31:14";}
a:3:{i:0;s:36:"/ryq_server/index.php?m=main&a=index";i:1;s:3:"107";i:2;s:19:"2015-08-01 17:31:14";}
a:3:{i:0;s:55:"/ryq_server/index.php?g=admin&m=team&a=index&menuid=619";i:1;s:3:"107";i:2;s:19:"2015-08-01 17:31:18";}
a:3:{i:0;s:34:"/ryq_server/index.php?m=team&a=add";i:1;s:3:"107";i:2;s:19:"2015-08-01 17:31:19";}
a:3:{i:0;s:58:"/ryq_server/index.php?g=admin&m=journal&a=index&menuid=658";i:1;s:3:"107";i:2;s:19:"2015-08-01 17:31:31";}
a:3:{i:0;s:58:"/ryq_server/index.php?g=admin&m=journal&a=index&menuid=658";i:1;s:3:"107";i:2;s:19:"2015-08-01 17:31:16";}
a:3:{i:0;s:58:"/ryq_server/index.php?g=admin&m=journal&a=index&menuid=658";i:1;s:3:"107";i:2;s:19:"2015-08-01 17:31:38";}
a:3:{i:0;s:58:"/ryq_server/index.php?g=admin&m=journal&a=index&menuid=658";i:1;s:3:"107";i:2;s:19:"2015-08-01 17:31:17";}
a:3:{i:0;s:58:"/ryq_server/index.php?g=admin&m=journal&a=index&menuid=658";i:1;s:3:"107";i:2;s:19:"2015-08-01 17:31:32";}
a:3:{i:0;s:58:"/ryq_server/index.php?g=admin&m=journal&a=index&menuid=658";i:1;s:3:"107";i:2;s:19:"2015-08-01 17:31:21";}
a:3:{i:0;s:58:"/ryq_server/index.php?g=admin&m=journal&a=index&menuid=658";i:1;s:3:"107";i:2;s:19:"2015-08-01 17:31:48";}
a:3:{i:0;s:39:"/ryq_server/index.php?m=journal&a=index";i:1;s:3:"107";i:2;s:19:"2015-08-01 17:31:29";}
a:3:{i:0;s:39:"/ryq_server/index.php?m=journal&a=index";i:1;s:3:"107";i:2;s:19:"2015-08-01 17:31:32";}
a:3:{i:0;s:39:"/ryq_server/index.php?m=journal&a=index";i:1;s:3:"107";i:2;s:19:"2015-08-01 17:31:17";}
a:3:{i:0;s:39:"/ryq_server/index.php?m=journal&a=index";i:1;s:3:"107";i:2;s:19:"2015-08-01 17:31:30";}
a:3:{i:0;s:39:"/ryq_server/index.php?m=journal&a=index";i:1;s:3:"107";i:2;s:19:"2015-08-01 17:31:48";}
a:3:{i:0;s:39:"/ryq_server/index.php?m=journal&a=index";i:1;s:3:"107";i:2;s:19:"2015-08-01 17:31:55";}
a:3:{i:0;s:39:"/ryq_server/index.php?m=journal&a=index";i:1;s:3:"107";i:2;s:19:"2015-08-01 17:31:08";}
a:3:{i:0;s:39:"/ryq_server/index.php?m=journal&a=index";i:1;s:3:"107";i:2;s:19:"2015-08-01 17:31:27";}
a:3:{i:0;s:39:"/ryq_server/index.php?m=journal&a=index";i:1;s:3:"107";i:2;s:19:"2015-08-01 17:31:44";}
a:3:{i:0;s:39:"/ryq_server/index.php?m=journal&a=index";i:1;s:3:"107";i:2;s:19:"2015-08-01 17:31:56";}
a:3:{i:0;s:39:"/ryq_server/index.php?m=journal&a=index";i:1;s:3:"107";i:2;s:19:"2015-08-01 17:31:12";}
a:3:{i:0;s:39:"/ryq_server/index.php?m=journal&a=index";i:1;s:3:"107";i:2;s:19:"2015-08-01 17:31:24";}
a:3:{i:0;s:39:"/ryq_server/index.php?m=journal&a=index";i:1;s:3:"107";i:2;s:19:"2015-08-01 17:31:37";}
a:3:{i:0;s:39:"/ryq_server/index.php?m=journal&a=index";i:1;s:3:"107";i:2;s:19:"2015-08-01 17:31:12";}
a:3:{i:0;s:39:"/ryq_server/index.php?m=journal&a=index";i:1;s:3:"107";i:2;s:19:"2015-08-01 17:31:27";}
a:3:{i:0;s:39:"/ryq_server/index.php?m=journal&a=index";i:1;s:3:"107";i:2;s:19:"2015-08-01 17:31:45";}
a:3:{i:0;s:39:"/ryq_server/index.php?m=journal&a=index";i:1;s:3:"107";i:2;s:19:"2015-08-01 17:31:10";}
a:3:{i:0;s:39:"/ryq_server/index.php?m=journal&a=index";i:1;s:3:"107";i:2;s:19:"2015-08-01 17:31:26";}
a:3:{i:0;s:39:"/ryq_server/index.php?m=journal&a=index";i:1;s:3:"107";i:2;s:19:"2015-08-01 17:31:38";}
a:3:{i:0;s:39:"/ryq_server/index.php?m=journal&a=index";i:1;s:3:"107";i:2;s:19:"2015-08-01 17:31:46";}
a:3:{i:0;s:39:"/ryq_server/index.php?m=journal&a=index";i:1;s:3:"107";i:2;s:19:"2015-08-01 17:31:00";}
a:3:{i:0;s:39:"/ryq_server/index.php?m=journal&a=index";i:1;s:3:"107";i:2;s:19:"2015-08-01 17:31:07";}
a:3:{i:0;s:39:"/ryq_server/index.php?m=journal&a=index";i:1;s:3:"107";i:2;s:19:"2015-08-01 17:31:05";}
a:3:{i:0;s:39:"/ryq_server/index.php?m=journal&a=index";i:1;s:3:"107";i:2;s:19:"2015-08-01 17:31:28";}
a:3:{i:0;s:39:"/ryq_server/index.php?m=journal&a=index";i:1;s:3:"107";i:2;s:19:"2015-08-01 17:31:54";}
a:3:{i:0;s:39:"/ryq_server/index.php?m=journal&a=index";i:1;s:3:"107";i:2;s:19:"2015-08-01 17:31:56";}
a:3:{i:0;s:39:"/ryq_server/index.php?m=journal&a=index";i:1;s:3:"107";i:2;s:19:"2015-08-01 17:31:10";}
a:3:{i:0;s:39:"/ryq_server/index.php?m=journal&a=index";i:1;s:3:"107";i:2;s:19:"2015-08-01 17:31:30";}
