a:3:{i:0;s:26:"/index.php?m=index&a=index";i:1;s:2:"27";i:2;s:19:"2015-08-03 18:07:37";}
a:3:{i:0;s:25:"/index.php?m=main&a=index";i:1;s:2:"27";i:2;s:19:"2015-08-03 18:07:39";}
a:3:{i:0;s:46:"/index.php?g=admin&m=backup&a=index&menuid=614";i:1;s:2:"27";i:2;s:19:"2015-08-03 18:07:42";}
a:3:{i:0;s:37:"/index.php?g=admin&m=backup&a=restore";i:1;s:2:"27";i:2;s:19:"2015-08-03 18:07:44";}
a:3:{i:0;s:54:"/index.php?g=admin&m=backup&a=import&backup=20150803_1";i:1;s:2:"27";i:2;s:19:"2015-08-03 18:07:50";}
a:3:{i:0;s:29:"/index.php?m=backup&a=restore";i:1;s:2:"27";i:2;s:19:"2015-08-03 18:07:50";}
a:3:{i:0;s:26:"/index.php?m=index&a=index";i:1;s:2:"27";i:2;s:19:"2015-08-03 18:07:53";}
a:3:{i:0;s:25:"/index.php?m=main&a=index";i:1;s:2:"27";i:2;s:19:"2015-08-03 18:07:55";}
a:3:{i:0;s:48:"/index.php?g=admin&m=vouchers&a=index&menuid=704";i:1;s:2:"27";i:2;s:19:"2015-08-03 18:07:59";}
a:3:{i:0;s:44:"/index.php?g=admin&m=shop&a=index&menuid=576";i:1;s:2:"27";i:2;s:19:"2015-08-03 18:08:06";}
a:3:{i:0;s:46:"/index.php?g=admin&m=backup&a=index&menuid=614";i:1;s:2:"27";i:2;s:19:"2015-08-03 18:08:19";}
a:3:{i:0;s:37:"/index.php?g=admin&m=backup&a=restore";i:1;s:2:"27";i:2;s:19:"2015-08-03 18:08:20";}
a:3:{i:0;s:35:"/index.php?g=admin&m=backup&a=index";i:1;s:2:"27";i:2;s:19:"2015-08-03 18:08:21";}
a:3:{i:0;s:40:"/index.php?g=admin&m=backup&a=index_post";i:1;s:2:"27";i:2;s:19:"2015-08-03 18:08:32";}
a:3:{i:0;s:29:"/index.php?m=backup&a=restore";i:1;s:2:"27";i:2;s:19:"2015-08-03 18:08:33";}
a:3:{i:0;s:58:"/index.php?g=admin&m=backup&a=del_backup&backup=20150803_2";i:1;s:2:"27";i:2;s:19:"2015-08-03 18:08:39";}
a:3:{i:0;s:29:"/index.php?m=backup&a=restore";i:1;s:2:"27";i:2;s:19:"2015-08-03 18:08:39";}
a:3:{i:0;s:58:"/index.php?g=admin&m=backup&a=del_backup&backup=20150803_1";i:1;s:2:"27";i:2;s:19:"2015-08-03 18:08:40";}
a:3:{i:0;s:29:"/index.php?m=backup&a=restore";i:1;s:2:"27";i:2;s:19:"2015-08-03 18:08:40";}
a:3:{i:0;s:35:"/index.php?g=admin&m=backup&a=index";i:1;s:2:"27";i:2;s:19:"2015-08-03 18:08:41";}
a:3:{i:0;s:40:"/index.php?g=admin&m=backup&a=index_post";i:1;s:2:"27";i:2;s:19:"2015-08-03 18:08:48";}
a:3:{i:0;s:29:"/index.php?m=backup&a=restore";i:1;s:2:"27";i:2;s:19:"2015-08-03 18:08:49";}
a:3:{i:0;s:58:"/index.php?g=admin&m=backup&a=del_backup&backup=20150803_1";i:1;s:2:"27";i:2;s:19:"2015-08-03 18:10:45";}
a:3:{i:0;s:29:"/index.php?m=backup&a=restore";i:1;s:2:"27";i:2;s:19:"2015-08-03 18:10:45";}
a:3:{i:0;s:44:"/index.php?g=admin&m=shop&a=index&menuid=576";i:1;s:2:"27";i:2;s:19:"2015-08-03 18:10:47";}
a:3:{i:0;s:44:"/index.php?g=admin&m=rbac&a=index&menuid=291";i:1;s:2:"27";i:2;s:19:"2015-08-03 18:10:53";}
a:3:{i:0;s:44:"/index.php?g=admin&m=user&a=index&menuid=292";i:1;s:2:"27";i:2;s:19:"2015-08-03 18:10:54";}
a:3:{i:0;s:30:"/index.php?m=user&a=edit&id=27";i:1;s:2:"27";i:2;s:19:"2015-08-03 18:10:57";}
a:3:{i:0;s:29:"/index.php?m=user&a=edit_post";i:1;s:2:"27";i:2;s:19:"2015-08-03 18:11:05";}
a:3:{i:0;s:30:"/index.php?m=user&a=edit&id=27";i:1;s:2:"27";i:2;s:19:"2015-08-03 18:11:05";}
a:3:{i:0;s:25:"/index.php?m=user&a=index";i:1;s:2:"27";i:2;s:19:"2015-08-03 18:11:06";}
a:3:{i:0;s:25:"/index.php?m=user&a=index";i:1;s:2:"27";i:2;s:19:"2015-08-03 18:11:09";}
a:3:{i:0;s:26:"/index.php?m=index&a=index";i:1;s:2:"27";i:2;s:19:"2015-08-03 18:11:18";}
a:3:{i:0;s:25:"/index.php?m=main&a=index";i:1;s:2:"27";i:2;s:19:"2015-08-03 18:11:19";}
a:3:{i:0;s:41:"/index.php?g=admin&m=setting&a=clearcache";i:1;s:2:"27";i:2;s:19:"2015-08-03 18:11:21";}
a:3:{i:0;s:26:"/index.php?m=index&a=index";i:1;s:2:"27";i:2;s:19:"2015-08-03 18:11:23";}
a:3:{i:0;s:25:"/index.php?m=main&a=index";i:1;s:2:"27";i:2;s:19:"2015-08-03 18:11:25";}
a:3:{i:0;s:44:"/index.php?g=admin&m=menu&a=index&menuid=297";i:1;s:2:"27";i:2;s:19:"2015-08-03 18:11:33";}
a:3:{i:0;s:44:"/index.php?g=admin&m=user&a=index&menuid=292";i:1;s:2:"27";i:2;s:19:"2015-08-03 18:11:35";}
a:3:{i:0;s:30:"/index.php?m=user&a=edit&id=27";i:1;s:2:"27";i:2;s:19:"2015-08-03 18:11:38";}
a:3:{i:0;s:29:"/index.php?m=user&a=edit_post";i:1;s:2:"27";i:2;s:19:"2015-08-03 18:11:43";}
a:3:{i:0;s:30:"/index.php?m=user&a=edit&id=27";i:1;s:2:"27";i:2;s:19:"2015-08-03 18:11:43";}
a:3:{i:0;s:29:"/index.php?m=user&a=edit_post";i:1;s:2:"27";i:2;s:19:"2015-08-03 18:11:52";}
a:3:{i:0;s:30:"/index.php?m=user&a=edit&id=27";i:1;s:2:"27";i:2;s:19:"2015-08-03 18:11:52";}
a:3:{i:0;s:25:"/index.php?m=user&a=index";i:1;s:2:"27";i:2;s:19:"2015-08-03 18:11:53";}
a:3:{i:0;s:25:"/index.php?m=user&a=index";i:1;s:2:"27";i:2;s:19:"2015-08-03 18:11:55";}
a:3:{i:0;s:28:"/index.php?m=public&a=logout";i:1;s:2:"27";i:2;s:19:"2015-08-03 18:12:03";}
a:3:{i:0;s:27:"/index.php?m=public&a=login";i:1;N;i:2;s:19:"2015-08-03 18:12:03";}
a:3:{i:0;s:29:"/index.php?m=public&a=dologin";i:1;N;i:2;s:19:"2015-08-03 18:12:09";}
a:3:{i:0;s:26:"/index.php?m=index&a=index";i:1;s:2:"27";i:2;s:19:"2015-08-03 18:12:09";}
a:3:{i:0;s:25:"/index.php?m=main&a=index";i:1;s:2:"27";i:2;s:19:"2015-08-03 18:12:10";}
a:3:{i:0;s:44:"/index.php?g=admin&m=home&a=index&menuid=680";i:1;s:2:"27";i:2;s:19:"2015-08-03 18:12:12";}
a:3:{i:0;s:46:"/index.php?g=admin&m=backup&a=index&menuid=614";i:1;s:2:"27";i:2;s:19:"2015-08-03 18:12:14";}
a:3:{i:0;s:47:"/index.php?g=admin&m=journal&a=index&menuid=658";i:1;s:2:"27";i:2;s:19:"2015-08-03 18:12:17";}
a:3:{i:0;s:47:"/index.php?g=admin&m=ballbar&a=index&menuid=660";i:1;s:2:"27";i:2;s:19:"2015-08-03 18:12:32";}
a:3:{i:0;s:48:"/index.php?g=admin&m=feedback&a=index&menuid=662";i:1;s:2:"27";i:2;s:19:"2015-08-03 18:12:38";}
a:3:{i:0;s:45:"/index.php?g=admin&m=plate&a=index&menuid=663";i:1;s:2:"27";i:2;s:19:"2015-08-03 18:12:39";}
a:3:{i:0;s:44:"/index.php?g=admin&m=team&a=index&menuid=619";i:1;s:2:"27";i:2;s:19:"2015-08-03 18:12:44";}
a:3:{i:0;s:27:"/index.php?m=team&a=amateur";i:1;s:2:"27";i:2;s:19:"2015-08-03 18:12:45";}
a:3:{i:0;s:45:"/index.php?g=admin&m=guess&a=index&menuid=618";i:1;s:2:"27";i:2;s:19:"2015-08-03 18:12:47";}
a:3:{i:0;s:50:"/index.php?g=admin&m=statistics&a=index&menuid=625";i:1;s:2:"27";i:2;s:19:"2015-08-03 18:12:52";}
a:3:{i:0;s:46:"/index.php?g=admin&m=active&a=index&menuid=626";i:1;s:2:"27";i:2;s:19:"2015-08-03 18:12:54";}
a:3:{i:0;s:47:"/index.php?g=admin&m=outflow&a=index&menuid=647";i:1;s:2:"27";i:2;s:19:"2015-08-03 18:13:16";}
a:3:{i:0;s:48:"/index.php?g=admin&m=vouchers&a=index&menuid=704";i:1;s:2:"27";i:2;s:19:"2015-08-03 18:13:37";}
a:3:{i:0;s:44:"/index.php?g=admin&m=shop&a=index&menuid=576";i:1;s:2:"27";i:2;s:19:"2015-08-03 18:14:50";}
a:3:{i:0;s:23:"/index.php?m=shop&a=add";i:1;s:2:"27";i:2;s:19:"2015-08-03 18:14:52";}
a:3:{i:0;s:84:"/index.php?a=swfupload&m=asset&g=asset&args=10,gif|jpg|jpeg|png|bmp,0&module=&catid=";i:1;s:2:"27";i:2;s:19:"2015-08-03 18:15:02";}
a:3:{i:0;s:38:"/index.php?g=asset&m=asset&a=swfupload";i:1;N;i:2;s:19:"2015-08-03 18:15:06";}
a:3:{i:0;s:28:"/index.php?m=shop&a=add_post";i:1;s:2:"27";i:2;s:19:"2015-08-03 18:15:11";}
a:3:{i:0;s:25:"/index.php?m=shop&a=index";i:1;s:2:"27";i:2;s:19:"2015-08-03 18:15:11";}
a:3:{i:0;s:33:"/index.php?m=shop&a=delete&id=473";i:1;s:2:"27";i:2;s:19:"2015-08-03 18:15:25";}
a:3:{i:0;s:25:"/index.php?m=shop&a=index";i:1;s:2:"27";i:2;s:19:"2015-08-03 18:15:25";}
a:3:{i:0;s:46:"/index.php?g=admin&m=backup&a=index&menuid=614";i:1;s:2:"27";i:2;s:19:"2015-08-03 18:19:06";}
a:3:{i:0;s:37:"/index.php?g=admin&m=backup&a=restore";i:1;s:2:"27";i:2;s:19:"2015-08-03 18:19:07";}
a:3:{i:0;s:35:"/index.php?g=admin&m=backup&a=index";i:1;s:2:"27";i:2;s:19:"2015-08-03 18:19:08";}
a:3:{i:0;s:40:"/index.php?g=admin&m=backup&a=index_post";i:1;s:2:"27";i:2;s:19:"2015-08-03 18:19:16";}
a:3:{i:0;s:29:"/index.php?m=backup&a=restore";i:1;s:2:"27";i:2;s:19:"2015-08-03 18:19:17";}
a:3:{i:0;s:29:"/index.php?m=backup&a=restore";i:1;s:2:"27";i:2;s:19:"2015-08-03 18:25:50";}
a:3:{i:0;s:46:"/index.php?g=admin&m=backup&a=index&menuid=614";i:1;s:2:"27";i:2;s:19:"2015-08-03 18:25:53";}
a:3:{i:0;s:47:"/index.php?g=admin&m=journal&a=index&menuid=658";i:1;s:2:"27";i:2;s:19:"2015-08-03 18:25:54";}
a:3:{i:0;s:28:"/index.php?m=public&a=logout";i:1;s:2:"27";i:2;s:19:"2015-08-03 18:26:15";}
a:3:{i:0;s:27:"/index.php?m=public&a=login";i:1;N;i:2;s:19:"2015-08-03 18:26:15";}
