a:3:{i:0;s:35:"/index.php?g=admin&m=public&a=login";i:1;N;i:2;s:19:"2015-08-04 09:32:28";}
a:3:{i:0;s:35:"/index.php?g=admin&m=public&a=login";i:1;N;i:2;s:19:"2015-08-04 09:32:38";}
a:3:{i:0;s:29:"/index.php?m=public&a=dologin";i:1;N;i:2;s:19:"2015-08-04 09:33:12";}
a:3:{i:0;s:26:"/index.php?m=index&a=index";i:1;s:2:"29";i:2;s:19:"2015-08-04 09:33:12";}
a:3:{i:0;s:25:"/index.php?m=main&a=index";i:1;s:2:"29";i:2;s:19:"2015-08-04 09:33:14";}
a:3:{i:0;s:47:"/index.php?g=admin&m=amateur&a=index&menuid=627";i:1;s:2:"29";i:2;s:19:"2015-08-04 09:34:17";}
a:3:{i:0;s:26:"/index.php?m=amateur&a=add";i:1;s:2:"29";i:2;s:19:"2015-08-04 09:34:27";}
a:3:{i:0;s:28:"/index.php?m=amateur&a=index";i:1;s:2:"29";i:2;s:19:"2015-08-04 09:34:41";}
a:3:{i:0;s:26:"/index.php?m=amateur&a=add";i:1;s:2:"29";i:2;s:19:"2015-08-04 09:34:43";}
a:3:{i:0;s:28:"/index.php?m=amateur&a=index";i:1;s:2:"29";i:2;s:19:"2015-08-04 09:35:12";}
a:3:{i:0;s:34:"/index.php?m=amateur&a=edit&id=277";i:1;s:2:"29";i:2;s:19:"2015-08-04 09:35:19";}
a:3:{i:0;s:26:"/index.php?m=amateur&a=add";i:1;s:2:"29";i:2;s:19:"2015-08-04 09:35:46";}
a:3:{i:0;s:31:"/index.php?m=amateur&a=add_post";i:1;s:2:"29";i:2;s:19:"2015-08-04 09:37:17";}
a:3:{i:0;s:31:"/index.php?m=amateur&a=add_post";i:1;s:2:"29";i:2;s:19:"2015-08-04 09:39:30";}
a:3:{i:0;s:28:"/index.php?m=amateur&a=index";i:1;s:2:"29";i:2;s:19:"2015-08-04 09:39:30";}
a:3:{i:0;s:34:"/index.php?m=amateur&a=edit&id=371";i:1;s:2:"29";i:2;s:19:"2015-08-04 09:39:41";}
a:3:{i:0;s:34:"/index.php?m=amateur&a=edit&id=371";i:1;s:2:"29";i:2;s:19:"2015-08-04 09:40:14";}
a:3:{i:0;s:34:"/index.php?m=amateur&a=edit&id=371";i:1;s:2:"29";i:2;s:19:"2015-08-04 09:40:26";}
a:3:{i:0;s:34:"/index.php?m=amateur&a=edit&id=371";i:1;s:2:"29";i:2;s:19:"2015-08-04 09:40:36";}
a:3:{i:0;s:26:"/index.php?m=amateur&a=add";i:1;s:2:"29";i:2;s:19:"2015-08-04 09:40:46";}
a:3:{i:0;s:28:"/index.php?m=amateur&a=index";i:1;s:2:"29";i:2;s:19:"2015-08-04 09:40:47";}
a:3:{i:0;s:34:"/index.php?m=amateur&a=edit&id=371";i:1;s:2:"29";i:2;s:19:"2015-08-04 09:41:38";}
a:3:{i:0;s:35:"/index.php?g=admin&m=public&a=login";i:1;N;i:2;s:19:"2015-08-04 09:43:12";}
a:3:{i:0;s:35:"/index.php?g=admin&m=public&a=login";i:1;N;i:2;s:19:"2015-08-04 09:43:14";}
a:3:{i:0;s:29:"/index.php?m=public&a=dologin";i:1;N;i:2;s:19:"2015-08-04 09:43:20";}
a:3:{i:0;s:26:"/index.php?m=index&a=index";i:1;s:2:"26";i:2;s:19:"2015-08-04 09:43:20";}
a:3:{i:0;s:25:"/index.php?m=main&a=index";i:1;s:2:"26";i:2;s:19:"2015-08-04 09:43:20";}
a:3:{i:0;s:45:"/index.php?g=admin&m=order&a=index&menuid=608";i:1;s:2:"26";i:2;s:19:"2015-08-04 09:43:24";}
a:3:{i:0;s:35:"/index.php?g=admin&m=public&a=login";i:1;N;i:2;s:19:"2015-08-04 09:43:50";}
a:3:{i:0;s:35:"/index.php?g=admin&m=public&a=login";i:1;N;i:2;s:19:"2015-08-04 09:43:53";}
a:3:{i:0;s:29:"/index.php?m=public&a=dologin";i:1;N;i:2;s:19:"2015-08-04 09:43:56";}
a:3:{i:0;s:26:"/index.php?m=index&a=index";i:1;s:2:"27";i:2;s:19:"2015-08-04 09:43:56";}
a:3:{i:0;s:25:"/index.php?m=main&a=index";i:1;s:2:"27";i:2;s:19:"2015-08-04 09:43:56";}
a:3:{i:0;s:45:"/index.php?g=admin&m=guess&a=index&menuid=618";i:1;s:2:"27";i:2;s:19:"2015-08-04 09:44:01";}
a:3:{i:0;s:47:"/index.php?g=admin&m=amateur&a=index&menuid=627";i:1;s:2:"27";i:2;s:19:"2015-08-04 09:44:01";}
a:3:{i:0;s:47:"/index.php?g=admin&m=amateur&a=index&menuid=627";i:1;s:2:"27";i:2;s:19:"2015-08-04 09:44:04";}
a:3:{i:0;s:47:"/index.php?g=admin&m=amateur&a=index&menuid=627";i:1;s:2:"27";i:2;s:19:"2015-08-04 09:44:05";}
a:3:{i:0;s:34:"/index.php?m=amateur&a=edit&id=371";i:1;s:2:"27";i:2;s:19:"2015-08-04 09:44:14";}
a:3:{i:0;s:47:"/index.php?g=admin&m=amateur&a=index&menuid=627";i:1;s:2:"27";i:2;s:19:"2015-08-04 09:44:51";}
a:3:{i:0;s:47:"/index.php?g=admin&m=amateur&a=index&menuid=627";i:1;s:2:"27";i:2;s:19:"2015-08-04 09:45:04";}
a:3:{i:0;s:47:"/index.php?g=admin&m=amateur&a=index&menuid=627";i:1;s:2:"27";i:2;s:19:"2015-08-04 09:45:07";}
a:3:{i:0;s:47:"/index.php?g=admin&m=amateur&a=index&menuid=627";i:1;s:2:"27";i:2;s:19:"2015-08-04 09:45:27";}
a:3:{i:0;s:44:"/index.php?g=admin&m=team&a=index&menuid=619";i:1;s:2:"27";i:2;s:19:"2015-08-04 09:45:52";}
a:3:{i:0;s:27:"/index.php?m=team&a=amateur";i:1;s:2:"27";i:2;s:19:"2015-08-04 09:45:54";}
a:3:{i:0;s:26:"/index.php?m=amateur&a=add";i:1;s:2:"29";i:2;s:19:"2015-08-04 09:46:12";}
a:3:{i:0;s:47:"/index.php?g=admin&m=amateur&a=index&menuid=627";i:1;s:2:"27";i:2;s:19:"2015-08-04 09:46:33";}
a:3:{i:0;s:47:"/index.php?g=admin&m=amateur&a=index&menuid=627";i:1;s:2:"27";i:2;s:19:"2015-08-04 09:46:39";}
a:3:{i:0;s:25:"/index.php?m=main&a=index";i:1;N;i:2;s:19:"2015-08-04 09:46:45";}
a:3:{i:0;s:34:"/index.php?m=order&a=look&id=12189";i:1;s:2:"26";i:2;s:19:"2015-08-04 09:47:09";}
a:3:{i:0;s:35:"/index.php?g=admin&m=public&a=login";i:1;N;i:2;s:19:"2015-08-04 09:47:09";}
a:3:{i:0;s:32:"/index.php?m=order&a=number_post";i:1;s:2:"26";i:2;s:19:"2015-08-04 09:47:15";}
a:3:{i:0;s:34:"/index.php?m=order&a=look&id=12189";i:1;s:2:"26";i:2;s:19:"2015-08-04 09:47:17";}
a:3:{i:0;s:34:"/index.php?m=order&a=look&id=12189";i:1;s:2:"26";i:2;s:19:"2015-08-04 09:47:19";}
a:3:{i:0;s:34:"/index.php?m=order&a=look&id=12530";i:1;s:2:"26";i:2;s:19:"2015-08-04 09:47:40";}
a:3:{i:0;s:32:"/index.php?m=order&a=number_post";i:1;s:2:"26";i:2;s:19:"2015-08-04 09:47:45";}
a:3:{i:0;s:34:"/index.php?m=order&a=look&id=12530";i:1;s:2:"26";i:2;s:19:"2015-08-04 09:47:46";}
a:3:{i:0;s:26:"/index.php?m=order&a=index";i:1;s:2:"26";i:2;s:19:"2015-08-04 09:47:48";}
a:3:{i:0;s:34:"/index.php?m=order&a=look&id=12555";i:1;s:2:"26";i:2;s:19:"2015-08-04 09:47:54";}
a:3:{i:0;s:35:"/index.php?g=admin&m=public&a=login";i:1;N;i:2;s:19:"2015-08-04 09:47:58";}
a:3:{i:0;s:35:"/index.php?g=admin&m=public&a=login";i:1;N;i:2;s:19:"2015-08-04 09:48:12";}
a:3:{i:0;s:32:"/index.php?m=order&a=number_post";i:1;s:2:"26";i:2;s:19:"2015-08-04 09:48:14";}
a:3:{i:0;s:34:"/index.php?m=order&a=look&id=12555";i:1;s:2:"26";i:2;s:19:"2015-08-04 09:48:16";}
a:3:{i:0;s:26:"/index.php?m=order&a=index";i:1;s:2:"26";i:2;s:19:"2015-08-04 09:48:17";}
a:3:{i:0;s:34:"/index.php?m=order&a=look&id=12565";i:1;s:2:"26";i:2;s:19:"2015-08-04 09:48:21";}
a:3:{i:0;s:32:"/index.php?m=order&a=number_post";i:1;s:2:"26";i:2;s:19:"2015-08-04 09:48:31";}
a:3:{i:0;s:34:"/index.php?m=order&a=look&id=12565";i:1;s:2:"26";i:2;s:19:"2015-08-04 09:48:32";}
a:3:{i:0;s:26:"/index.php?m=order&a=index";i:1;s:2:"26";i:2;s:19:"2015-08-04 09:48:33";}
a:3:{i:0;s:47:"/index.php?g=admin&m=amateur&a=index&menuid=627";i:1;s:2:"27";i:2;s:19:"2015-08-04 09:48:40";}
a:3:{i:0;s:34:"/index.php?m=order&a=look&id=12559";i:1;s:2:"26";i:2;s:19:"2015-08-04 09:48:54";}
a:3:{i:0;s:32:"/index.php?m=order&a=number_post";i:1;s:2:"26";i:2;s:19:"2015-08-04 09:48:58";}
a:3:{i:0;s:34:"/index.php?m=order&a=look&id=12559";i:1;s:2:"26";i:2;s:19:"2015-08-04 09:49:00";}
a:3:{i:0;s:26:"/index.php?m=order&a=index";i:1;s:2:"26";i:2;s:19:"2015-08-04 09:49:02";}
a:3:{i:0;s:47:"/index.php?g=admin&m=amateur&a=index&menuid=627";i:1;s:2:"27";i:2;s:19:"2015-08-04 09:49:13";}
a:3:{i:0;s:34:"/index.php?m=order&a=look&id=12573";i:1;s:2:"26";i:2;s:19:"2015-08-04 09:49:14";}
a:3:{i:0;s:32:"/index.php?m=order&a=number_post";i:1;s:2:"26";i:2;s:19:"2015-08-04 09:49:19";}
a:3:{i:0;s:34:"/index.php?m=order&a=look&id=12573";i:1;s:2:"26";i:2;s:19:"2015-08-04 09:49:20";}
a:3:{i:0;s:26:"/index.php?m=order&a=index";i:1;s:2:"26";i:2;s:19:"2015-08-04 09:49:21";}
a:3:{i:0;s:47:"/index.php?g=admin&m=amateur&a=index&menuid=627";i:1;s:2:"27";i:2;s:19:"2015-08-04 09:49:27";}
a:3:{i:0;s:34:"/index.php?m=order&a=look&id=12616";i:1;s:2:"26";i:2;s:19:"2015-08-04 09:49:33";}
a:3:{i:0;s:35:"/index.php?g=admin&m=public&a=login";i:1;N;i:2;s:19:"2015-08-04 09:49:33";}
a:3:{i:0;s:32:"/index.php?m=order&a=number_post";i:1;s:2:"26";i:2;s:19:"2015-08-04 09:49:37";}
a:3:{i:0;s:34:"/index.php?m=order&a=look&id=12616";i:1;s:2:"26";i:2;s:19:"2015-08-04 09:49:38";}
a:3:{i:0;s:26:"/index.php?m=order&a=index";i:1;s:2:"26";i:2;s:19:"2015-08-04 09:49:42";}
a:3:{i:0;s:34:"/index.php?m=order&a=look&id=12646";i:1;s:2:"26";i:2;s:19:"2015-08-04 09:49:51";}
a:3:{i:0;s:32:"/index.php?m=order&a=number_post";i:1;s:2:"26";i:2;s:19:"2015-08-04 09:49:55";}
a:3:{i:0;s:34:"/index.php?m=order&a=look&id=12646";i:1;s:2:"26";i:2;s:19:"2015-08-04 09:49:57";}
a:3:{i:0;s:26:"/index.php?m=order&a=index";i:1;s:2:"26";i:2;s:19:"2015-08-04 09:49:58";}
a:3:{i:0;s:34:"/index.php?m=order&a=look&id=12671";i:1;s:2:"26";i:2;s:19:"2015-08-04 09:50:05";}
a:3:{i:0;s:32:"/index.php?m=order&a=number_post";i:1;s:2:"26";i:2;s:19:"2015-08-04 09:50:09";}
a:3:{i:0;s:34:"/index.php?m=order&a=look&id=12671";i:1;s:2:"26";i:2;s:19:"2015-08-04 09:50:10";}
a:3:{i:0;s:26:"/index.php?m=order&a=index";i:1;s:2:"26";i:2;s:19:"2015-08-04 09:50:13";}
a:3:{i:0;s:47:"/index.php?g=admin&m=amateur&a=index&menuid=627";i:1;s:2:"27";i:2;s:19:"2015-08-04 09:52:38";}
a:3:{i:0;s:47:"/index.php?g=admin&m=amateur&a=index&menuid=627";i:1;s:2:"27";i:2;s:19:"2015-08-04 09:52:40";}
a:3:{i:0;s:26:"/index.php?m=index&a=index";i:1;s:1:"1";i:2;s:19:"2015-08-04 09:52:54";}
a:3:{i:0;s:25:"/index.php?m=main&a=index";i:1;s:1:"1";i:2;s:19:"2015-08-04 09:52:54";}
a:3:{i:0;s:25:"/index.php?m=main&a=index";i:1;s:1:"1";i:2;s:19:"2015-08-04 09:52:55";}
a:3:{i:0;s:47:"/index.php?g=admin&m=amateur&a=index&menuid=627";i:1;s:1:"1";i:2;s:19:"2015-08-04 09:52:59";}
a:3:{i:0;s:35:"/index.php?g=admin&m=public&a=login";i:1;N;i:2;s:19:"2015-08-04 09:53:13";}
a:3:{i:0;s:28:"/index.php?m=amateur&a=index";i:1;s:1:"1";i:2;s:19:"2015-08-04 09:53:41";}
a:3:{i:0;s:26:"/index.php?m=amateur&a=add";i:1;s:1:"1";i:2;s:19:"2015-08-04 09:53:52";}
a:3:{i:0;s:28:"/index.php?m=amateur&a=index";i:1;s:1:"1";i:2;s:19:"2015-08-04 09:53:59";}
a:3:{i:0;s:28:"/index.php?m=amateur&a=index";i:1;s:1:"1";i:2;s:19:"2015-08-04 09:54:02";}
a:3:{i:0;s:28:"/index.php?m=amateur&a=index";i:1;s:2:"29";i:2;s:19:"2015-08-04 09:54:14";}
a:3:{i:0;s:26:"/index.php?m=amateur&a=add";i:1;s:1:"1";i:2;s:19:"2015-08-04 09:54:23";}
a:3:{i:0;s:31:"/index.php?m=amateur&a=add_post";i:1;s:1:"1";i:2;s:19:"2015-08-04 09:54:44";}
a:3:{i:0;s:28:"/index.php?m=amateur&a=index";i:1;s:1:"1";i:2;s:19:"2015-08-04 09:54:44";}
a:3:{i:0;s:28:"/index.php?m=amateur&a=index";i:1;s:1:"1";i:2;s:19:"2015-08-04 09:55:16";}
a:3:{i:0;s:28:"/index.php?m=amateur&a=index";i:1;s:1:"1";i:2;s:19:"2015-08-04 09:55:18";}
a:3:{i:0;s:28:"/index.php?m=amateur&a=index";i:1;s:1:"1";i:2;s:19:"2015-08-04 09:55:19";}
a:3:{i:0;s:36:"/index.php?m=amateur&a=delete&id=371";i:1;s:1:"1";i:2;s:19:"2015-08-04 09:55:25";}
a:3:{i:0;s:28:"/index.php?m=amateur&a=index";i:1;s:1:"1";i:2;s:19:"2015-08-04 09:55:25";}
a:3:{i:0;s:36:"/index.php?m=amateur&a=delete&id=372";i:1;s:1:"1";i:2;s:19:"2015-08-04 09:55:27";}
a:3:{i:0;s:28:"/index.php?m=amateur&a=index";i:1;s:1:"1";i:2;s:19:"2015-08-04 09:55:27";}
a:3:{i:0;s:41:"/index.php?g=admin&m=setting&a=clearcache";i:1;s:1:"1";i:2;s:19:"2015-08-04 09:56:13";}
a:3:{i:0;s:41:"/index.php?g=admin&m=setting&a=clearcache";i:1;s:1:"1";i:2;s:19:"2015-08-04 09:56:15";}
a:3:{i:0;s:26:"/index.php?m=index&a=index";i:1;s:1:"1";i:2;s:19:"2015-08-04 09:56:16";}
a:3:{i:0;s:25:"/index.php?m=main&a=index";i:1;s:1:"1";i:2;s:19:"2015-08-04 09:56:17";}
a:3:{i:0;s:47:"/index.php?g=admin&m=amateur&a=index&menuid=627";i:1;s:1:"1";i:2;s:19:"2015-08-04 09:56:19";}
a:3:{i:0;s:26:"/index.php?m=amateur&a=add";i:1;s:1:"1";i:2;s:19:"2015-08-04 09:56:23";}
a:3:{i:0;s:31:"/index.php?m=amateur&a=add_post";i:1;s:1:"1";i:2;s:19:"2015-08-04 09:56:46";}
a:3:{i:0;s:28:"/index.php?m=amateur&a=index";i:1;s:1:"1";i:2;s:19:"2015-08-04 09:56:46";}
a:3:{i:0;s:44:"/index.php?g=admin&m=shop&a=index&menuid=576";i:1;s:2:"26";i:2;s:19:"2015-08-04 09:57:54";}
a:3:{i:0;s:23:"/index.php?m=shop&a=add";i:1;s:2:"26";i:2;s:19:"2015-08-04 09:57:57";}
a:3:{i:0;s:35:"/index.php?g=admin&m=public&a=login";i:1;N;i:2;s:19:"2015-08-04 09:57:58";}
a:3:{i:0;s:47:"/index.php?g=admin&m=amateur&a=index&menuid=627";i:1;s:2:"27";i:2;s:19:"2015-08-04 09:58:00";}
a:3:{i:0;s:47:"/index.php?g=admin&m=amateur&a=index&menuid=627";i:1;s:2:"27";i:2;s:19:"2015-08-04 09:59:51";}
a:3:{i:0;s:47:"/index.php?g=admin&m=amateur&a=index&menuid=627";i:1;s:2:"27";i:2;s:19:"2015-08-04 10:00:15";}
a:3:{i:0;s:84:"/index.php?a=swfupload&m=asset&g=asset&args=10,gif|jpg|jpeg|png|bmp,0&module=&catid=";i:1;s:2:"26";i:2;s:19:"2015-08-04 10:00:15";}
a:3:{i:0;s:47:"/index.php?g=admin&m=amateur&a=index&menuid=627";i:1;s:2:"27";i:2;s:19:"2015-08-04 10:00:24";}
a:3:{i:0;s:38:"/index.php?g=asset&m=asset&a=swfupload";i:1;N;i:2;s:19:"2015-08-04 10:00:26";}
a:3:{i:0;s:84:"/index.php?a=swfupload&m=asset&g=asset&args=10,gif|jpg|jpeg|png|bmp,0&module=&catid=";i:1;s:2:"26";i:2;s:19:"2015-08-04 10:00:30";}
a:3:{i:0;s:47:"/index.php?g=admin&m=amateur&a=index&menuid=627";i:1;s:2:"27";i:2;s:19:"2015-08-04 10:00:38";}
a:3:{i:0;s:38:"/index.php?g=asset&m=asset&a=swfupload";i:1;N;i:2;s:19:"2015-08-04 10:00:40";}
a:3:{i:0;s:38:"/index.php?g=asset&m=asset&a=swfupload";i:1;N;i:2;s:19:"2015-08-04 10:00:40";}
a:3:{i:0;s:38:"/index.php?g=asset&m=asset&a=swfupload";i:1;N;i:2;s:19:"2015-08-04 10:00:40";}
a:3:{i:0;s:28:"/index.php?m=shop&a=add_post";i:1;s:2:"26";i:2;s:19:"2015-08-04 10:00:46";}
a:3:{i:0;s:25:"/index.php?m=shop&a=index";i:1;s:2:"26";i:2;s:19:"2015-08-04 10:00:46";}
a:3:{i:0;s:34:"/index.php?m=amateur&a=edit&id=373";i:1;s:2:"27";i:2;s:19:"2015-08-04 10:00:48";}
a:3:{i:0;s:28:"/index.php?m=amateur&a=index";i:1;s:1:"1";i:2;s:19:"2015-08-04 10:01:12";}
a:3:{i:0;s:23:"/index.php?m=shop&a=add";i:1;s:2:"26";i:2;s:19:"2015-08-04 10:02:30";}
a:3:{i:0;s:41:"/index.php?g=admin&m=setting&a=clearcache";i:1;s:1:"1";i:2;s:19:"2015-08-04 10:03:27";}
a:3:{i:0;s:25:"/index.php?m=main&a=index";i:1;s:1:"1";i:2;s:19:"2015-08-04 10:03:31";}
a:3:{i:0;s:47:"/index.php?g=admin&m=amateur&a=index&menuid=627";i:1;s:1:"1";i:2;s:19:"2015-08-04 10:03:33";}
a:3:{i:0;s:36:"/index.php?m=amateur&a=delete&id=373";i:1;s:1:"1";i:2;s:19:"2015-08-04 10:03:45";}
a:3:{i:0;s:47:"/index.php?g=admin&m=amateur&a=index&menuid=627";i:1;s:1:"1";i:2;s:19:"2015-08-04 10:03:45";}
a:3:{i:0;s:26:"/index.php?m=amateur&a=add";i:1;s:1:"1";i:2;s:19:"2015-08-04 10:03:47";}
a:3:{i:0;s:31:"/index.php?m=amateur&a=add_post";i:1;s:1:"1";i:2;s:19:"2015-08-04 10:04:08";}
a:3:{i:0;s:31:"/index.php?m=amateur&a=add_post";i:1;s:1:"1";i:2;s:19:"2015-08-04 10:04:12";}
a:3:{i:0;s:28:"/index.php?m=amateur&a=index";i:1;s:1:"1";i:2;s:19:"2015-08-04 10:04:12";}
a:3:{i:0;s:84:"/index.php?a=swfupload&m=asset&g=asset&args=10,gif|jpg|jpeg|png|bmp,0&module=&catid=";i:1;s:2:"26";i:2;s:19:"2015-08-04 10:04:35";}
a:3:{i:0;s:38:"/index.php?g=asset&m=asset&a=swfupload";i:1;N;i:2;s:19:"2015-08-04 10:04:40";}
a:3:{i:0;s:84:"/index.php?a=swfupload&m=asset&g=asset&args=10,gif|jpg|jpeg|png|bmp,0&module=&catid=";i:1;s:2:"26";i:2;s:19:"2015-08-04 10:04:42";}
a:3:{i:0;s:38:"/index.php?g=asset&m=asset&a=swfupload";i:1;N;i:2;s:19:"2015-08-04 10:04:49";}
a:3:{i:0;s:38:"/index.php?g=asset&m=asset&a=swfupload";i:1;N;i:2;s:19:"2015-08-04 10:04:49";}
a:3:{i:0;s:38:"/index.php?g=asset&m=asset&a=swfupload";i:1;N;i:2;s:19:"2015-08-04 10:04:50";}
a:3:{i:0;s:38:"/index.php?g=asset&m=asset&a=swfupload";i:1;N;i:2;s:19:"2015-08-04 10:04:50";}
a:3:{i:0;s:36:"/index.php?m=amateur&a=delete&id=374";i:1;s:1:"1";i:2;s:19:"2015-08-04 10:05:10";}
a:3:{i:0;s:28:"/index.php?m=amateur&a=index";i:1;s:1:"1";i:2;s:19:"2015-08-04 10:05:10";}
a:3:{i:0;s:26:"/index.php?m=amateur&a=add";i:1;s:2:"29";i:2;s:19:"2015-08-04 10:05:13";}
a:3:{i:0;s:28:"/index.php?m=shop&a=add_post";i:1;s:2:"26";i:2;s:19:"2015-08-04 10:05:22";}
a:3:{i:0;s:25:"/index.php?m=shop&a=index";i:1;s:2:"26";i:2;s:19:"2015-08-04 10:05:22";}
a:3:{i:0;s:35:"/index.php?g=admin&m=public&a=login";i:1;N;i:2;s:19:"2015-08-04 10:05:22";}
a:3:{i:0;s:41:"/index.php?g=admin&m=setting&a=clearcache";i:1;s:1:"1";i:2;s:19:"2015-08-04 10:05:30";}
a:3:{i:0;s:25:"/index.php?m=main&a=index";i:1;s:1:"1";i:2;s:19:"2015-08-04 10:05:34";}
a:3:{i:0;s:26:"/index.php?m=index&a=index";i:1;s:1:"1";i:2;s:19:"2015-08-04 10:05:35";}
a:3:{i:0;s:25:"/index.php?m=main&a=index";i:1;s:1:"1";i:2;s:19:"2015-08-04 10:05:35";}
a:3:{i:0;s:41:"/index.php?g=admin&m=setting&a=clearcache";i:1;s:1:"1";i:2;s:19:"2015-08-04 10:05:36";}
a:3:{i:0;s:47:"/index.php?g=admin&m=amateur&a=index&menuid=627";i:1;s:1:"1";i:2;s:19:"2015-08-04 10:05:38";}
a:3:{i:0;s:47:"/index.php?g=admin&m=amateur&a=index&menuid=627";i:1;s:1:"1";i:2;s:19:"2015-08-04 10:05:42";}
a:3:{i:0;s:26:"/index.php?m=amateur&a=add";i:1;s:1:"1";i:2;s:19:"2015-08-04 10:05:44";}
a:3:{i:0;s:31:"/index.php?m=amateur&a=add_post";i:1;s:1:"1";i:2;s:19:"2015-08-04 10:06:01";}
a:3:{i:0;s:28:"/index.php?m=amateur&a=index";i:1;s:1:"1";i:2;s:19:"2015-08-04 10:06:01";}
a:3:{i:0;s:26:"/index.php?m=amateur&a=add";i:1;s:1:"1";i:2;s:19:"2015-08-04 10:06:12";}
a:3:{i:0;s:31:"/index.php?m=amateur&a=add_post";i:1;s:2:"29";i:2;s:19:"2015-08-04 10:06:29";}
a:3:{i:0;s:28:"/index.php?m=amateur&a=index";i:1;s:2:"29";i:2;s:19:"2015-08-04 10:06:29";}
a:3:{i:0;s:45:"/index.php?g=admin&m=guess&a=index&menuid=618";i:1;s:1:"1";i:2;s:19:"2015-08-04 10:06:29";}
a:3:{i:0;s:28:"/index.php?m=amateur&a=index";i:1;s:1:"1";i:2;s:19:"2015-08-04 10:06:36";}
a:3:{i:0;s:23:"/index.php?m=shop&a=add";i:1;s:2:"26";i:2;s:19:"2015-08-04 10:06:38";}
a:3:{i:0;s:36:"/index.php?m=amateur&a=delete&id=375";i:1;s:1:"1";i:2;s:19:"2015-08-04 10:06:46";}
a:3:{i:0;s:28:"/index.php?m=amateur&a=index";i:1;s:1:"1";i:2;s:19:"2015-08-04 10:06:46";}
a:3:{i:0;s:36:"/index.php?m=amateur&a=delete&id=376";i:1;s:1:"1";i:2;s:19:"2015-08-04 10:06:49";}
a:3:{i:0;s:28:"/index.php?m=amateur&a=index";i:1;s:1:"1";i:2;s:19:"2015-08-04 10:06:49";}
a:3:{i:0;s:26:"/index.php?m=amateur&a=add";i:1;s:1:"1";i:2;s:19:"2015-08-04 10:07:01";}
a:3:{i:0;s:31:"/index.php?m=amateur&a=add_post";i:1;s:1:"1";i:2;s:19:"2015-08-04 10:07:18";}
a:3:{i:0;s:28:"/index.php?m=amateur&a=index";i:1;s:1:"1";i:2;s:19:"2015-08-04 10:07:18";}
a:3:{i:0;s:84:"/index.php?a=swfupload&m=asset&g=asset&args=10,gif|jpg|jpeg|png|bmp,0&module=&catid=";i:1;s:2:"26";i:2;s:19:"2015-08-04 10:07:29";}
a:3:{i:0;s:38:"/index.php?g=asset&m=asset&a=swfupload";i:1;N;i:2;s:19:"2015-08-04 10:07:33";}
a:3:{i:0;s:84:"/index.php?a=swfupload&m=asset&g=asset&args=10,gif|jpg|jpeg|png|bmp,0&module=&catid=";i:1;s:2:"26";i:2;s:19:"2015-08-04 10:07:36";}
a:3:{i:0;s:38:"/index.php?g=asset&m=asset&a=swfupload";i:1;N;i:2;s:19:"2015-08-04 10:07:42";}
a:3:{i:0;s:38:"/index.php?g=asset&m=asset&a=swfupload";i:1;N;i:2;s:19:"2015-08-04 10:07:42";}
a:3:{i:0;s:28:"/index.php?m=shop&a=add_post";i:1;s:2:"26";i:2;s:19:"2015-08-04 10:07:46";}
a:3:{i:0;s:25:"/index.php?m=shop&a=index";i:1;s:2:"26";i:2;s:19:"2015-08-04 10:07:46";}
a:3:{i:0;s:28:"/index.php?m=amateur&a=index";i:1;s:2:"29";i:2;s:19:"2015-08-04 10:07:50";}
a:3:{i:0;s:28:"/index.php?m=amateur&a=index";i:1;s:2:"29";i:2;s:19:"2015-08-04 10:07:51";}
a:3:{i:0;s:26:"/index.php?m=amateur&a=add";i:1;s:2:"29";i:2;s:19:"2015-08-04 10:07:54";}
a:3:{i:0;s:28:"/index.php?m=amateur&a=index";i:1;s:2:"29";i:2;s:19:"2015-08-04 10:09:15";}
a:3:{i:0;s:28:"/index.php?m=amateur&a=index";i:1;s:2:"29";i:2;s:19:"2015-08-04 10:09:24";}
a:3:{i:0;s:28:"/index.php?m=amateur&a=index";i:1;s:2:"29";i:2;s:19:"2015-08-04 10:09:32";}
a:3:{i:0;s:28:"/index.php?m=amateur&a=index";i:1;s:2:"29";i:2;s:19:"2015-08-04 10:09:37";}
a:3:{i:0;s:26:"/index.php?m=amateur&a=add";i:1;s:2:"29";i:2;s:19:"2015-08-04 10:09:42";}
a:3:{i:0;s:31:"/index.php?m=amateur&a=add_post";i:1;s:2:"29";i:2;s:19:"2015-08-04 10:10:03";}
a:3:{i:0;s:28:"/index.php?m=amateur&a=index";i:1;s:2:"29";i:2;s:19:"2015-08-04 10:10:04";}
a:3:{i:0;s:47:"/index.php?g=admin&m=ballbar&a=index&menuid=660";i:1;s:2:"29";i:2;s:19:"2015-08-04 10:10:19";}
a:3:{i:0;s:28:"/index.php?m=amateur&a=index";i:1;s:2:"29";i:2;s:19:"2015-08-04 10:10:36";}
a:3:{i:0;s:23:"/index.php?m=shop&a=add";i:1;s:2:"26";i:2;s:19:"2015-08-04 10:10:55";}
a:3:{i:0;s:47:"/index.php?g=admin&m=amateur&a=index&menuid=627";i:1;s:2:"27";i:2;s:19:"2015-08-04 10:11:05";}
a:3:{i:0;s:36:"/index.php?m=amateur&a=delete&id=378";i:1;s:2:"27";i:2;s:19:"2015-08-04 10:11:08";}
a:3:{i:0;s:47:"/index.php?g=admin&m=amateur&a=index&menuid=627";i:1;s:2:"27";i:2;s:19:"2015-08-04 10:11:08";}
a:3:{i:0;s:36:"/index.php?m=amateur&a=delete&id=377";i:1;s:2:"27";i:2;s:19:"2015-08-04 10:11:10";}
a:3:{i:0;s:47:"/index.php?g=admin&m=amateur&a=index&menuid=627";i:1;s:2:"27";i:2;s:19:"2015-08-04 10:11:10";}
a:3:{i:0;s:47:"/index.php?g=admin&m=amateur&a=index&menuid=627";i:1;s:2:"27";i:2;s:19:"2015-08-04 10:11:11";}
a:3:{i:0;s:47:"/index.php?g=admin&m=amateur&a=index&menuid=627";i:1;s:2:"27";i:2;s:19:"2015-08-04 10:11:21";}
a:3:{i:0;s:28:"/index.php?m=amateur&a=index";i:1;s:2:"27";i:2;s:19:"2015-08-04 10:11:26";}
a:3:{i:0;s:28:"/index.php?m=amateur&a=index";i:1;s:2:"27";i:2;s:19:"2015-08-04 10:11:32";}
a:3:{i:0;s:26:"/index.php?m=amateur&a=add";i:1;s:2:"27";i:2;s:19:"2015-08-04 10:11:33";}
a:3:{i:0;s:84:"/index.php?a=swfupload&m=asset&g=asset&args=10,gif|jpg|jpeg|png|bmp,0&module=&catid=";i:1;s:2:"26";i:2;s:19:"2015-08-04 10:11:39";}
a:3:{i:0;s:38:"/index.php?g=asset&m=asset&a=swfupload";i:1;N;i:2;s:19:"2015-08-04 10:11:43";}
a:3:{i:0;s:84:"/index.php?a=swfupload&m=asset&g=asset&args=10,gif|jpg|jpeg|png|bmp,0&module=&catid=";i:1;s:2:"26";i:2;s:19:"2015-08-04 10:11:45";}
a:3:{i:0;s:31:"/index.php?m=amateur&a=add_post";i:1;s:2:"27";i:2;s:19:"2015-08-04 10:11:48";}
a:3:{i:0;s:28:"/index.php?m=amateur&a=index";i:1;s:2:"27";i:2;s:19:"2015-08-04 10:11:48";}
a:3:{i:0;s:38:"/index.php?g=asset&m=asset&a=swfupload";i:1;N;i:2;s:19:"2015-08-04 10:11:51";}
a:3:{i:0;s:36:"/index.php?m=amateur&a=delete&id=379";i:1;s:2:"27";i:2;s:19:"2015-08-04 10:12:02";}
a:3:{i:0;s:28:"/index.php?m=amateur&a=index";i:1;s:2:"27";i:2;s:19:"2015-08-04 10:12:02";}
a:3:{i:0;s:28:"/index.php?m=shop&a=add_post";i:1;s:2:"26";i:2;s:19:"2015-08-04 10:12:04";}
a:3:{i:0;s:25:"/index.php?m=shop&a=index";i:1;s:2:"26";i:2;s:19:"2015-08-04 10:12:04";}
a:3:{i:0;s:26:"/index.php?m=amateur&a=add";i:1;s:2:"29";i:2;s:19:"2015-08-04 10:12:52";}
a:3:{i:0;s:28:"/index.php?m=amateur&a=index";i:1;s:2:"29";i:2;s:19:"2015-08-04 10:12:53";}
a:3:{i:0;s:28:"/index.php?m=amateur&a=index";i:1;s:2:"27";i:2;s:19:"2015-08-04 10:13:03";}
a:3:{i:0;s:26:"/index.php?m=amateur&a=add";i:1;s:2:"27";i:2;s:19:"2015-08-04 10:13:09";}
a:3:{i:0;s:28:"/index.php?m=amateur&a=index";i:1;s:1:"1";i:2;s:19:"2015-08-04 10:13:19";}
a:3:{i:0;s:28:"/index.php?m=amateur&a=index";i:1;s:2:"27";i:2;s:19:"2015-08-04 10:13:45";}
a:3:{i:0;s:26:"/index.php?m=amateur&a=add";i:1;s:2:"29";i:2;s:19:"2015-08-04 10:14:06";}
a:3:{i:0;s:31:"/index.php?m=amateur&a=add_post";i:1;s:2:"29";i:2;s:19:"2015-08-04 10:14:31";}
a:3:{i:0;s:28:"/index.php?m=amateur&a=index";i:1;s:2:"29";i:2;s:19:"2015-08-04 10:14:32";}
a:3:{i:0;s:26:"/index.php?m=amateur&a=add";i:1;s:2:"29";i:2;s:19:"2015-08-04 10:14:47";}
a:3:{i:0;s:31:"/index.php?m=amateur&a=add_post";i:1;s:2:"29";i:2;s:19:"2015-08-04 10:15:35";}
a:3:{i:0;s:28:"/index.php?m=amateur&a=index";i:1;s:2:"29";i:2;s:19:"2015-08-04 10:15:36";}
a:3:{i:0;s:26:"/index.php?m=amateur&a=add";i:1;s:2:"29";i:2;s:19:"2015-08-04 10:15:38";}
a:3:{i:0;s:31:"/index.php?m=amateur&a=add_post";i:1;s:2:"29";i:2;s:19:"2015-08-04 10:16:09";}
a:3:{i:0;s:28:"/index.php?m=amateur&a=index";i:1;s:2:"29";i:2;s:19:"2015-08-04 10:16:09";}
a:3:{i:0;s:26:"/index.php?m=amateur&a=add";i:1;s:2:"29";i:2;s:19:"2015-08-04 10:17:04";}
a:3:{i:0;s:31:"/index.php?m=amateur&a=add_post";i:1;s:2:"29";i:2;s:19:"2015-08-04 10:17:39";}
a:3:{i:0;s:28:"/index.php?m=amateur&a=index";i:1;s:2:"29";i:2;s:19:"2015-08-04 10:17:39";}
a:3:{i:0;s:26:"/index.php?m=amateur&a=add";i:1;s:2:"29";i:2;s:19:"2015-08-04 10:18:21";}
a:3:{i:0;s:31:"/index.php?m=amateur&a=add_post";i:1;s:2:"29";i:2;s:19:"2015-08-04 10:18:49";}
a:3:{i:0;s:28:"/index.php?m=amateur&a=index";i:1;s:2:"29";i:2;s:19:"2015-08-04 10:18:49";}
a:3:{i:0;s:28:"/index.php?m=amateur&a=index";i:1;s:2:"27";i:2;s:19:"2015-08-04 10:18:57";}
a:3:{i:0;s:26:"/index.php?m=amateur&a=add";i:1;s:2:"29";i:2;s:19:"2015-08-04 10:19:05";}
a:3:{i:0;s:28:"/index.php?m=amateur&a=index";i:1;s:2:"27";i:2;s:19:"2015-08-04 10:19:34";}
a:3:{i:0;s:31:"/index.php?m=amateur&a=add_post";i:1;s:2:"29";i:2;s:19:"2015-08-04 10:19:40";}
a:3:{i:0;s:28:"/index.php?m=amateur&a=index";i:1;s:2:"29";i:2;s:19:"2015-08-04 10:19:40";}
a:3:{i:0;s:26:"/index.php?m=amateur&a=add";i:1;s:2:"29";i:2;s:19:"2015-08-04 10:19:47";}
a:3:{i:0;s:28:"/index.php?m=amateur&a=index";i:1;s:2:"27";i:2;s:19:"2015-08-04 10:20:04";}
a:3:{i:0;s:31:"/index.php?m=amateur&a=add_post";i:1;s:2:"29";i:2;s:19:"2015-08-04 10:20:18";}
a:3:{i:0;s:28:"/index.php?m=amateur&a=index";i:1;s:2:"29";i:2;s:19:"2015-08-04 10:20:18";}
a:3:{i:0;s:26:"/index.php?m=amateur&a=add";i:1;s:2:"29";i:2;s:19:"2015-08-04 10:20:26";}
a:3:{i:0;s:31:"/index.php?m=amateur&a=add_post";i:1;s:2:"29";i:2;s:19:"2015-08-04 10:21:02";}
a:3:{i:0;s:28:"/index.php?m=amateur&a=index";i:1;s:2:"29";i:2;s:19:"2015-08-04 10:21:02";}
a:3:{i:0;s:26:"/index.php?m=amateur&a=add";i:1;s:2:"29";i:2;s:19:"2015-08-04 10:21:14";}
a:3:{i:0;s:28:"/index.php?m=amateur&a=index";i:1;s:2:"27";i:2;s:19:"2015-08-04 10:21:31";}
a:3:{i:0;s:23:"/index.php?m=shop&a=add";i:1;s:2:"26";i:2;s:19:"2015-08-04 10:21:39";}
a:3:{i:0;s:31:"/index.php?m=amateur&a=add_post";i:1;s:2:"29";i:2;s:19:"2015-08-04 10:21:40";}
a:3:{i:0;s:28:"/index.php?m=amateur&a=index";i:1;s:2:"29";i:2;s:19:"2015-08-04 10:21:40";}
a:3:{i:0;s:28:"/index.php?m=amateur&a=index";i:1;s:1:"1";i:2;s:19:"2015-08-04 10:22:28";}
a:3:{i:0;s:44:"/index.php?g=admin&m=menu&a=index&menuid=297";i:1;s:2:"27";i:2;s:19:"2015-08-04 10:22:41";}
a:3:{i:0;s:44:"/index.php?g=admin&m=user&a=index&menuid=292";i:1;s:2:"27";i:2;s:19:"2015-08-04 10:22:43";}
a:3:{i:0;s:44:"/index.php?g=admin&m=rbac&a=index&menuid=291";i:1;s:2:"27";i:2;s:19:"2015-08-04 10:22:45";}
a:3:{i:0;s:84:"/index.php?a=swfupload&m=asset&g=asset&args=10,gif|jpg|jpeg|png|bmp,0&module=&catid=";i:1;s:2:"26";i:2;s:19:"2015-08-04 10:22:54";}
a:3:{i:0;s:38:"/index.php?g=asset&m=asset&a=swfupload";i:1;N;i:2;s:19:"2015-08-04 10:23:00";}
a:3:{i:0;s:84:"/index.php?a=swfupload&m=asset&g=asset&args=10,gif|jpg|jpeg|png|bmp,0&module=&catid=";i:1;s:2:"26";i:2;s:19:"2015-08-04 10:23:03";}
a:3:{i:0;s:38:"/index.php?g=asset&m=asset&a=swfupload";i:1;N;i:2;s:19:"2015-08-04 10:23:15";}
a:3:{i:0;s:38:"/index.php?g=asset&m=asset&a=swfupload";i:1;N;i:2;s:19:"2015-08-04 10:23:15";}
a:3:{i:0;s:38:"/index.php?g=asset&m=asset&a=swfupload";i:1;N;i:2;s:19:"2015-08-04 10:23:15";}
a:3:{i:0;s:38:"/index.php?g=asset&m=asset&a=swfupload";i:1;N;i:2;s:19:"2015-08-04 10:23:15";}
a:3:{i:0;s:28:"/index.php?m=shop&a=add_post";i:1;s:2:"26";i:2;s:19:"2015-08-04 10:23:20";}
a:3:{i:0;s:28:"/index.php?m=shop&a=add_post";i:1;s:2:"26";i:2;s:19:"2015-08-04 10:23:27";}
a:3:{i:0;s:25:"/index.php?m=shop&a=index";i:1;s:2:"26";i:2;s:19:"2015-08-04 10:23:27";}
a:3:{i:0;s:23:"/index.php?m=shop&a=add";i:1;s:2:"26";i:2;s:19:"2015-08-04 10:25:01";}
a:3:{i:0;s:34:"/index.php?m=amateur&a=edit&id=388";i:1;s:2:"29";i:2;s:19:"2015-08-04 10:25:10";}
a:3:{i:0;s:34:"/index.php?m=amateur&a=edit&id=381";i:1;s:1:"1";i:2;s:19:"2015-08-04 10:25:37";}
a:3:{i:0;s:34:"/index.php?m=amateur&a=edit&id=380";i:1;s:2:"29";i:2;s:19:"2015-08-04 10:25:40";}
a:3:{i:0;s:32:"/index.php?m=amateur&a=edit_post";i:1;s:2:"29";i:2;s:19:"2015-08-04 10:25:48";}
a:3:{i:0;s:28:"/index.php?m=amateur&a=index";i:1;s:2:"29";i:2;s:19:"2015-08-04 10:25:48";}
a:3:{i:0;s:34:"/index.php?m=amateur&a=edit&id=381";i:1;s:2:"29";i:2;s:19:"2015-08-04 10:25:58";}
a:3:{i:0;s:84:"/index.php?a=swfupload&m=asset&g=asset&args=10,gif|jpg|jpeg|png|bmp,0&module=&catid=";i:1;s:2:"26";i:2;s:19:"2015-08-04 10:26:17";}
a:3:{i:0;s:38:"/index.php?g=asset&m=asset&a=swfupload";i:1;N;i:2;s:19:"2015-08-04 10:26:25";}
a:3:{i:0;s:84:"/index.php?a=swfupload&m=asset&g=asset&args=10,gif|jpg|jpeg|png|bmp,0&module=&catid=";i:1;s:2:"26";i:2;s:19:"2015-08-04 10:26:29";}
a:3:{i:0;s:38:"/index.php?g=asset&m=asset&a=swfupload";i:1;N;i:2;s:19:"2015-08-04 10:26:37";}
a:3:{i:0;s:38:"/index.php?g=asset&m=asset&a=swfupload";i:1;N;i:2;s:19:"2015-08-04 10:26:37";}
a:3:{i:0;s:28:"/index.php?m=shop&a=add_post";i:1;s:2:"26";i:2;s:19:"2015-08-04 10:26:44";}
a:3:{i:0;s:25:"/index.php?m=shop&a=index";i:1;s:2:"26";i:2;s:19:"2015-08-04 10:26:44";}
a:3:{i:0;s:32:"/index.php?m=amateur&a=edit_post";i:1;s:2:"29";i:2;s:19:"2015-08-04 10:27:13";}
a:3:{i:0;s:28:"/index.php?m=amateur&a=index";i:1;s:2:"29";i:2;s:19:"2015-08-04 10:27:14";}
a:3:{i:0;s:34:"/index.php?m=amateur&a=edit&id=382";i:1;s:2:"29";i:2;s:19:"2015-08-04 10:27:24";}
a:3:{i:0;s:32:"/index.php?m=amateur&a=edit_post";i:1;s:2:"29";i:2;s:19:"2015-08-04 10:27:31";}
a:3:{i:0;s:28:"/index.php?m=amateur&a=index";i:1;s:2:"29";i:2;s:19:"2015-08-04 10:27:31";}
a:3:{i:0;s:34:"/index.php?m=amateur&a=edit&id=383";i:1;s:2:"29";i:2;s:19:"2015-08-04 10:27:50";}
a:3:{i:0;s:35:"/index.php?g=admin&m=public&a=login";i:1;N;i:2;s:19:"2015-08-04 10:27:50";}
a:3:{i:0;s:23:"/index.php?m=shop&a=add";i:1;s:2:"26";i:2;s:19:"2015-08-04 10:28:25";}
a:3:{i:0;s:34:"/index.php?m=amateur&a=edit&id=383";i:1;s:2:"29";i:2;s:19:"2015-08-04 10:28:33";}
a:3:{i:0;s:32:"/index.php?m=amateur&a=edit_post";i:1;s:2:"29";i:2;s:19:"2015-08-04 10:28:48";}
a:3:{i:0;s:28:"/index.php?m=amateur&a=index";i:1;s:2:"29";i:2;s:19:"2015-08-04 10:28:48";}
a:3:{i:0;s:34:"/index.php?m=amateur&a=edit&id=383";i:1;s:2:"29";i:2;s:19:"2015-08-04 10:29:41";}
a:3:{i:0;s:28:"/index.php?m=amateur&a=index";i:1;s:2:"27";i:2;s:19:"2015-08-04 10:29:45";}
a:3:{i:0;s:84:"/index.php?a=swfupload&m=asset&g=asset&args=10,gif|jpg|jpeg|png|bmp,0&module=&catid=";i:1;s:2:"26";i:2;s:19:"2015-08-04 10:29:48";}
a:3:{i:0;s:38:"/index.php?g=asset&m=asset&a=swfupload";i:1;N;i:2;s:19:"2015-08-04 10:29:55";}
a:3:{i:0;s:84:"/index.php?a=swfupload&m=asset&g=asset&args=10,gif|jpg|jpeg|png|bmp,0&module=&catid=";i:1;s:2:"26";i:2;s:19:"2015-08-04 10:29:59";}
a:3:{i:0;s:38:"/index.php?g=asset&m=asset&a=swfupload";i:1;N;i:2;s:19:"2015-08-04 10:30:07";}
a:3:{i:0;s:84:"/index.php?a=swfupload&m=asset&g=asset&args=10,gif|jpg|jpeg|png|bmp,0&module=&catid=";i:1;s:2:"26";i:2;s:19:"2015-08-04 10:30:10";}
a:3:{i:0;s:27:"/index.php?m=team&a=amateur";i:1;s:2:"27";i:2;s:19:"2015-08-04 10:30:11";}
a:3:{i:0;s:34:"/index.php?m=amateur&a=edit&id=384";i:1;s:2:"29";i:2;s:19:"2015-08-04 10:30:20";}
a:3:{i:0;s:32:"/index.php?m=amateur&a=edit_post";i:1;s:2:"29";i:2;s:19:"2015-08-04 10:30:25";}
a:3:{i:0;s:28:"/index.php?m=amateur&a=index";i:1;s:2:"29";i:2;s:19:"2015-08-04 10:30:25";}
a:3:{i:0;s:38:"/index.php?g=asset&m=asset&a=swfupload";i:1;N;i:2;s:19:"2015-08-04 10:30:25";}
a:3:{i:0;s:38:"/index.php?g=asset&m=asset&a=swfupload";i:1;N;i:2;s:19:"2015-08-04 10:30:25";}
a:3:{i:0;s:38:"/index.php?g=asset&m=asset&a=swfupload";i:1;N;i:2;s:19:"2015-08-04 10:30:26";}
a:3:{i:0;s:44:"/index.php?g=admin&m=team&a=index&menuid=619";i:1;s:2:"29";i:2;s:19:"2015-08-04 10:30:32";}
a:3:{i:0;s:27:"/index.php?m=team&a=amateur";i:1;s:2:"29";i:2;s:19:"2015-08-04 10:30:35";}
a:3:{i:0;s:28:"/index.php?m=shop&a=add_post";i:1;s:2:"26";i:2;s:19:"2015-08-04 10:30:38";}
a:3:{i:0;s:25:"/index.php?m=shop&a=index";i:1;s:2:"26";i:2;s:19:"2015-08-04 10:30:38";}
a:3:{i:0;s:27:"/index.php?m=team&a=amateur";i:1;s:2:"29";i:2;s:19:"2015-08-04 10:30:42";}
a:3:{i:0;s:23:"/index.php?m=shop&a=add";i:1;s:2:"26";i:2;s:19:"2015-08-04 10:31:36";}
a:3:{i:0;s:25:"/index.php?m=team&a=index";i:1;s:2:"29";i:2;s:19:"2015-08-04 10:31:38";}
a:3:{i:0;s:26:"/index.php?m=amateur&a=add";i:1;s:2:"29";i:2;s:19:"2015-08-04 10:32:22";}
a:3:{i:0;s:84:"/index.php?a=swfupload&m=asset&g=asset&args=10,gif|jpg|jpeg|png|bmp,0&module=&catid=";i:1;s:2:"26";i:2;s:19:"2015-08-04 10:32:31";}
a:3:{i:0;s:38:"/index.php?g=asset&m=asset&a=swfupload";i:1;N;i:2;s:19:"2015-08-04 10:32:38";}
a:3:{i:0;s:84:"/index.php?a=swfupload&m=asset&g=asset&args=10,gif|jpg|jpeg|png|bmp,0&module=&catid=";i:1;s:2:"26";i:2;s:19:"2015-08-04 10:32:40";}
a:3:{i:0;s:27:"/index.php?m=team&a=amateur";i:1;s:2:"29";i:2;s:19:"2015-08-04 10:32:43";}
a:3:{i:0;s:38:"/index.php?g=asset&m=asset&a=swfupload";i:1;N;i:2;s:19:"2015-08-04 10:32:48";}
a:3:{i:0;s:38:"/index.php?g=asset&m=asset&a=swfupload";i:1;N;i:2;s:19:"2015-08-04 10:32:48";}
a:3:{i:0;s:38:"/index.php?g=asset&m=asset&a=swfupload";i:1;N;i:2;s:19:"2015-08-04 10:32:48";}
a:3:{i:0;s:38:"/index.php?g=asset&m=asset&a=swfupload";i:1;N;i:2;s:19:"2015-08-04 10:32:49";}
a:3:{i:0;s:28:"/index.php?m=shop&a=add_post";i:1;s:2:"26";i:2;s:19:"2015-08-04 10:32:54";}
a:3:{i:0;s:25:"/index.php?m=shop&a=index";i:1;s:2:"26";i:2;s:19:"2015-08-04 10:32:54";}
a:3:{i:0;s:25:"/index.php?m=team&a=index";i:1;s:2:"29";i:2;s:19:"2015-08-04 10:33:09";}
a:3:{i:0;s:27:"/index.php?m=team&a=amateur";i:1;s:2:"29";i:2;s:19:"2015-08-04 10:33:21";}
a:3:{i:0;s:28:"/index.php?m=amateur&a=index";i:1;s:2:"29";i:2;s:19:"2015-08-04 10:33:26";}
a:3:{i:0;s:34:"/index.php?m=amateur&a=edit&id=388";i:1;s:2:"29";i:2;s:19:"2015-08-04 10:33:29";}
a:3:{i:0;s:34:"/index.php?m=amateur&a=edit&id=385";i:1;s:2:"29";i:2;s:19:"2015-08-04 10:33:49";}
a:3:{i:0;s:32:"/index.php?m=amateur&a=edit_post";i:1;s:2:"29";i:2;s:19:"2015-08-04 10:33:58";}
a:3:{i:0;s:28:"/index.php?m=amateur&a=index";i:1;s:2:"29";i:2;s:19:"2015-08-04 10:33:58";}
a:3:{i:0;s:23:"/index.php?m=shop&a=add";i:1;s:2:"26";i:2;s:19:"2015-08-04 10:33:58";}
a:3:{i:0;s:34:"/index.php?m=amateur&a=edit&id=386";i:1;s:2:"29";i:2;s:19:"2015-08-04 10:34:00";}
a:3:{i:0;s:28:"/index.php?m=amateur&a=index";i:1;s:1:"1";i:2;s:19:"2015-08-04 10:34:04";}
a:3:{i:0;s:28:"/index.php?m=amateur&a=index";i:1;s:1:"1";i:2;s:19:"2015-08-04 10:34:09";}
a:3:{i:0;s:32:"/index.php?m=amateur&a=edit_post";i:1;s:2:"29";i:2;s:19:"2015-08-04 10:34:13";}
a:3:{i:0;s:28:"/index.php?m=amateur&a=index";i:1;s:2:"29";i:2;s:19:"2015-08-04 10:34:13";}
a:3:{i:0;s:34:"/index.php?m=amateur&a=edit&id=387";i:1;s:2:"29";i:2;s:19:"2015-08-04 10:34:15";}
a:3:{i:0;s:32:"/index.php?m=amateur&a=edit_post";i:1;s:2:"29";i:2;s:19:"2015-08-04 10:34:25";}
a:3:{i:0;s:28:"/index.php?m=amateur&a=index";i:1;s:2:"29";i:2;s:19:"2015-08-04 10:34:25";}
a:3:{i:0;s:34:"/index.php?m=amateur&a=edit&id=388";i:1;s:2:"29";i:2;s:19:"2015-08-04 10:34:28";}
a:3:{i:0;s:32:"/index.php?m=amateur&a=edit_post";i:1;s:2:"29";i:2;s:19:"2015-08-04 10:34:40";}
a:3:{i:0;s:28:"/index.php?m=amateur&a=index";i:1;s:2:"29";i:2;s:19:"2015-08-04 10:34:40";}
a:3:{i:0;s:84:"/index.php?a=swfupload&m=asset&g=asset&args=10,gif|jpg|jpeg|png|bmp,0&module=&catid=";i:1;s:2:"26";i:2;s:19:"2015-08-04 10:34:59";}
a:3:{i:0;s:38:"/index.php?g=asset&m=asset&a=swfupload";i:1;N;i:2;s:19:"2015-08-04 10:35:06";}
a:3:{i:0;s:84:"/index.php?a=swfupload&m=asset&g=asset&args=10,gif|jpg|jpeg|png|bmp,0&module=&catid=";i:1;s:2:"26";i:2;s:19:"2015-08-04 10:35:09";}
a:3:{i:0;s:38:"/index.php?g=asset&m=asset&a=swfupload";i:1;N;i:2;s:19:"2015-08-04 10:35:17";}
a:3:{i:0;s:38:"/index.php?g=asset&m=asset&a=swfupload";i:1;N;i:2;s:19:"2015-08-04 10:35:17";}
a:3:{i:0;s:38:"/index.php?g=asset&m=asset&a=swfupload";i:1;N;i:2;s:19:"2015-08-04 10:35:18";}
a:3:{i:0;s:28:"/index.php?m=shop&a=add_post";i:1;s:2:"26";i:2;s:19:"2015-08-04 10:35:24";}
a:3:{i:0;s:25:"/index.php?m=shop&a=index";i:1;s:2:"26";i:2;s:19:"2015-08-04 10:35:24";}
a:3:{i:0;s:23:"/index.php?m=shop&a=add";i:1;s:2:"26";i:2;s:19:"2015-08-04 10:36:25";}
a:3:{i:0;s:35:"/index.php?g=admin&m=public&a=login";i:1;N;i:2;s:19:"2015-08-04 10:36:42";}
a:3:{i:0;s:28:"/index.php?m=amateur&a=index";i:1;s:1:"1";i:2;s:19:"2015-08-04 10:37:19";}
a:3:{i:0;s:28:"/index.php?m=amateur&a=index";i:1;s:1:"1";i:2;s:19:"2015-08-04 10:37:30";}
a:3:{i:0;s:84:"/index.php?a=swfupload&m=asset&g=asset&args=10,gif|jpg|jpeg|png|bmp,0&module=&catid=";i:1;s:2:"26";i:2;s:19:"2015-08-04 10:37:30";}
a:3:{i:0;s:41:"/index.php?g=admin&m=setting&a=clearcache";i:1;s:1:"1";i:2;s:19:"2015-08-04 10:37:35";}
a:3:{i:0;s:38:"/index.php?g=asset&m=asset&a=swfupload";i:1;N;i:2;s:19:"2015-08-04 10:37:36";}
a:3:{i:0;s:84:"/index.php?a=swfupload&m=asset&g=asset&args=10,gif|jpg|jpeg|png|bmp,0&module=&catid=";i:1;s:2:"26";i:2;s:19:"2015-08-04 10:37:39";}
a:3:{i:0;s:38:"/index.php?g=asset&m=asset&a=swfupload";i:1;N;i:2;s:19:"2015-08-04 10:37:48";}
a:3:{i:0;s:47:"/index.php?g=admin&m=amateur&a=index&menuid=627";i:1;s:1:"1";i:2;s:19:"2015-08-04 10:37:48";}
a:3:{i:0;s:38:"/index.php?g=asset&m=asset&a=swfupload";i:1;N;i:2;s:19:"2015-08-04 10:37:48";}
a:3:{i:0;s:38:"/index.php?g=asset&m=asset&a=swfupload";i:1;N;i:2;s:19:"2015-08-04 10:37:48";}
a:3:{i:0;s:38:"/index.php?g=asset&m=asset&a=swfupload";i:1;N;i:2;s:19:"2015-08-04 10:37:49";}
a:3:{i:0;s:28:"/index.php?m=amateur&a=index";i:1;s:1:"1";i:2;s:19:"2015-08-04 10:37:52";}
a:3:{i:0;s:28:"/index.php?m=shop&a=add_post";i:1;s:2:"26";i:2;s:19:"2015-08-04 10:37:56";}
a:3:{i:0;s:25:"/index.php?m=shop&a=index";i:1;s:2:"26";i:2;s:19:"2015-08-04 10:37:57";}
a:3:{i:0;s:28:"/index.php?m=amateur&a=index";i:1;s:1:"1";i:2;s:19:"2015-08-04 10:38:36";}
a:3:{i:0;s:28:"/index.php?m=amateur&a=index";i:1;s:1:"1";i:2;s:19:"2015-08-04 10:39:13";}
a:3:{i:0;s:28:"/index.php?m=amateur&a=index";i:1;s:2:"29";i:2;s:19:"2015-08-04 10:39:28";}
a:3:{i:0;s:23:"/index.php?m=shop&a=add";i:1;s:2:"26";i:2;s:19:"2015-08-04 10:39:30";}
a:3:{i:0;s:35:"/index.php?g=admin&m=public&a=login";i:1;N;i:2;s:19:"2015-08-04 10:39:30";}
a:3:{i:0;s:26:"/index.php?m=amateur&a=add";i:1;s:1:"1";i:2;s:19:"2015-08-04 10:39:42";}
a:3:{i:0;s:28:"/index.php?m=amateur&a=index";i:1;s:1:"1";i:2;s:19:"2015-08-04 10:39:48";}
a:3:{i:0;s:26:"/index.php?m=amateur&a=add";i:1;s:1:"1";i:2;s:19:"2015-08-04 10:40:39";}
a:3:{i:0;s:26:"/index.php?m=amateur&a=add";i:1;s:1:"1";i:2;s:19:"2015-08-04 10:40:40";}
a:3:{i:0;s:84:"/index.php?a=swfupload&m=asset&g=asset&args=10,gif|jpg|jpeg|png|bmp,0&module=&catid=";i:1;s:2:"26";i:2;s:19:"2015-08-04 10:41:05";}
a:3:{i:0;s:38:"/index.php?g=asset&m=asset&a=swfupload";i:1;N;i:2;s:19:"2015-08-04 10:41:16";}
a:3:{i:0;s:84:"/index.php?a=swfupload&m=asset&g=asset&args=10,gif|jpg|jpeg|png|bmp,0&module=&catid=";i:1;s:2:"26";i:2;s:19:"2015-08-04 10:41:18";}
a:3:{i:0;s:38:"/index.php?g=asset&m=asset&a=swfupload";i:1;N;i:2;s:19:"2015-08-04 10:41:28";}
a:3:{i:0;s:38:"/index.php?g=asset&m=asset&a=swfupload";i:1;N;i:2;s:19:"2015-08-04 10:41:28";}
a:3:{i:0;s:38:"/index.php?g=asset&m=asset&a=swfupload";i:1;N;i:2;s:19:"2015-08-04 10:41:28";}
a:3:{i:0;s:38:"/index.php?g=asset&m=asset&a=swfupload";i:1;N;i:2;s:19:"2015-08-04 10:41:29";}
a:3:{i:0;s:38:"/index.php?g=asset&m=asset&a=swfupload";i:1;N;i:2;s:19:"2015-08-04 10:41:29";}
a:3:{i:0;s:28:"/index.php?m=shop&a=add_post";i:1;s:2:"26";i:2;s:19:"2015-08-04 10:41:35";}
a:3:{i:0;s:25:"/index.php?m=shop&a=index";i:1;s:2:"26";i:2;s:19:"2015-08-04 10:41:35";}
a:3:{i:0;s:25:"/index.php?m=team&a=index";i:1;s:2:"27";i:2;s:19:"2015-08-04 10:43:43";}
a:3:{i:0;s:27:"/index.php?m=team&a=amateur";i:1;s:2:"27";i:2;s:19:"2015-08-04 10:43:45";}
a:3:{i:0;s:23:"/index.php?m=shop&a=add";i:1;s:2:"26";i:2;s:19:"2015-08-04 10:43:49";}
a:3:{i:0;s:35:"/index.php?g=admin&m=public&a=login";i:1;N;i:2;s:19:"2015-08-04 10:45:11";}
a:3:{i:0;s:35:"/index.php?g=admin&m=public&a=login";i:1;N;i:2;s:19:"2015-08-04 10:47:19";}
a:3:{i:0;s:35:"/index.php?g=admin&m=public&a=login";i:1;N;i:2;s:19:"2015-08-04 10:47:27";}
a:3:{i:0;s:84:"/index.php?a=swfupload&m=asset&g=asset&args=10,gif|jpg|jpeg|png|bmp,0&module=&catid=";i:1;s:2:"26";i:2;s:19:"2015-08-04 10:47:27";}
a:3:{i:0;s:38:"/index.php?g=asset&m=asset&a=swfupload";i:1;N;i:2;s:19:"2015-08-04 10:47:34";}
a:3:{i:0;s:84:"/index.php?a=swfupload&m=asset&g=asset&args=10,gif|jpg|jpeg|png|bmp,0&module=&catid=";i:1;s:2:"26";i:2;s:19:"2015-08-04 10:47:37";}
a:3:{i:0;s:38:"/index.php?g=asset&m=asset&a=swfupload";i:1;N;i:2;s:19:"2015-08-04 10:47:45";}
a:3:{i:0;s:38:"/index.php?g=asset&m=asset&a=swfupload";i:1;N;i:2;s:19:"2015-08-04 10:47:46";}
a:3:{i:0;s:38:"/index.php?g=asset&m=asset&a=swfupload";i:1;N;i:2;s:19:"2015-08-04 10:47:46";}
a:3:{i:0;s:38:"/index.php?g=asset&m=asset&a=swfupload";i:1;N;i:2;s:19:"2015-08-04 10:47:46";}
a:3:{i:0;s:28:"/index.php?m=shop&a=add_post";i:1;s:2:"26";i:2;s:19:"2015-08-04 10:48:10";}
a:3:{i:0;s:25:"/index.php?m=shop&a=index";i:1;s:2:"26";i:2;s:19:"2015-08-04 10:48:10";}
a:3:{i:0;s:23:"/index.php?m=shop&a=add";i:1;s:2:"26";i:2;s:19:"2015-08-04 10:49:21";}
a:3:{i:0;s:35:"/index.php?g=admin&m=public&a=login";i:1;N;i:2;s:19:"2015-08-04 10:49:21";}
a:3:{i:0;s:84:"/index.php?a=swfupload&m=asset&g=asset&args=10,gif|jpg|jpeg|png|bmp,0&module=&catid=";i:1;s:2:"26";i:2;s:19:"2015-08-04 10:50:18";}
a:3:{i:0;s:38:"/index.php?g=asset&m=asset&a=swfupload";i:1;N;i:2;s:19:"2015-08-04 10:50:27";}
a:3:{i:0;s:84:"/index.php?a=swfupload&m=asset&g=asset&args=10,gif|jpg|jpeg|png|bmp,0&module=&catid=";i:1;s:2:"26";i:2;s:19:"2015-08-04 10:50:29";}
a:3:{i:0;s:38:"/index.php?g=asset&m=asset&a=swfupload";i:1;N;i:2;s:19:"2015-08-04 10:50:35";}
a:3:{i:0;s:38:"/index.php?g=asset&m=asset&a=swfupload";i:1;N;i:2;s:19:"2015-08-04 10:50:35";}
a:3:{i:0;s:28:"/index.php?m=shop&a=add_post";i:1;s:2:"26";i:2;s:19:"2015-08-04 10:50:38";}
a:3:{i:0;s:25:"/index.php?m=shop&a=index";i:1;s:2:"26";i:2;s:19:"2015-08-04 10:50:38";}
a:3:{i:0;s:26:"/index.php?m=amateur&a=add";i:1;s:2:"29";i:2;s:19:"2015-08-04 10:54:32";}
a:3:{i:0;s:31:"/index.php?m=amateur&a=add_post";i:1;s:2:"29";i:2;s:19:"2015-08-04 10:54:51";}
a:3:{i:0;s:31:"/index.php?m=amateur&a=add_post";i:1;s:2:"29";i:2;s:19:"2015-08-04 10:54:54";}
a:3:{i:0;s:31:"/index.php?m=amateur&a=add_post";i:1;s:2:"29";i:2;s:19:"2015-08-04 10:54:58";}
a:3:{i:0;s:31:"/index.php?m=amateur&a=add_post";i:1;s:2:"29";i:2;s:19:"2015-08-04 10:55:02";}
a:3:{i:0;s:28:"/index.php?m=amateur&a=index";i:1;s:2:"29";i:2;s:19:"2015-08-04 10:55:08";}
a:3:{i:0;s:23:"/index.php?m=shop&a=add";i:1;s:2:"26";i:2;s:19:"2015-08-04 10:55:29";}
a:3:{i:0;s:35:"/index.php?g=admin&m=public&a=login";i:1;N;i:2;s:19:"2015-08-04 10:55:32";}
a:3:{i:0;s:35:"/index.php?g=admin&m=public&a=login";i:1;N;i:2;s:19:"2015-08-04 10:56:09";}
a:3:{i:0;s:35:"/index.php?g=admin&m=public&a=login";i:1;N;i:2;s:19:"2015-08-04 10:56:10";}
a:3:{i:0;s:29:"/index.php?m=public&a=dologin";i:1;N;i:2;s:19:"2015-08-04 10:56:29";}
a:3:{i:0;s:26:"/index.php?m=index&a=index";i:1;s:2:"29";i:2;s:19:"2015-08-04 10:56:29";}
a:3:{i:0;s:25:"/index.php?m=main&a=index";i:1;s:2:"29";i:2;s:19:"2015-08-04 10:56:31";}
a:3:{i:0;s:47:"/index.php?g=admin&m=amateur&a=index&menuid=627";i:1;s:2:"29";i:2;s:19:"2015-08-04 10:56:37";}
a:3:{i:0;s:26:"/index.php?m=amateur&a=add";i:1;s:2:"29";i:2;s:19:"2015-08-04 10:56:38";}
a:3:{i:0;s:84:"/index.php?a=swfupload&m=asset&g=asset&args=10,gif|jpg|jpeg|png|bmp,0&module=&catid=";i:1;s:2:"26";i:2;s:19:"2015-08-04 10:56:40";}
a:3:{i:0;s:31:"/index.php?m=amateur&a=add_post";i:1;s:2:"29";i:2;s:19:"2015-08-04 10:56:44";}
a:3:{i:0;s:28:"/index.php?m=amateur&a=index";i:1;s:2:"29";i:2;s:19:"2015-08-04 10:56:44";}
a:3:{i:0;s:38:"/index.php?g=asset&m=asset&a=swfupload";i:1;N;i:2;s:19:"2015-08-04 10:56:46";}
a:3:{i:0;s:84:"/index.php?a=swfupload&m=asset&g=asset&args=10,gif|jpg|jpeg|png|bmp,0&module=&catid=";i:1;s:2:"26";i:2;s:19:"2015-08-04 10:56:49";}
a:3:{i:0;s:38:"/index.php?g=asset&m=asset&a=swfupload";i:1;N;i:2;s:19:"2015-08-04 10:56:57";}
a:3:{i:0;s:38:"/index.php?g=asset&m=asset&a=swfupload";i:1;N;i:2;s:19:"2015-08-04 10:56:57";}
a:3:{i:0;s:28:"/index.php?m=shop&a=add_post";i:1;s:2:"26";i:2;s:19:"2015-08-04 10:57:01";}
a:3:{i:0;s:25:"/index.php?m=shop&a=index";i:1;s:2:"26";i:2;s:19:"2015-08-04 10:57:01";}
a:3:{i:0;s:27:"/index.php?m=team&a=amateur";i:1;s:2:"27";i:2;s:19:"2015-08-04 10:57:41";}
a:3:{i:0;s:28:"/index.php?m=amateur&a=index";i:1;s:2:"27";i:2;s:19:"2015-08-04 10:57:44";}
a:3:{i:0;s:36:"/index.php?m=amateur&a=delete&id=389";i:1;s:2:"27";i:2;s:19:"2015-08-04 10:57:47";}
a:3:{i:0;s:28:"/index.php?m=amateur&a=index";i:1;s:2:"27";i:2;s:19:"2015-08-04 10:57:48";}
a:3:{i:0;s:35:"/index.php?g=admin&m=public&a=login";i:1;N;i:2;s:19:"2015-08-04 10:58:07";}
a:3:{i:0;s:35:"/index.php?g=admin&m=public&a=login";i:1;N;i:2;s:19:"2015-08-04 10:58:08";}
a:3:{i:0;s:29:"/index.php?m=public&a=dologin";i:1;N;i:2;s:19:"2015-08-04 10:58:14";}
a:3:{i:0;s:26:"/index.php?m=index&a=index";i:1;s:2:"27";i:2;s:19:"2015-08-04 10:58:14";}
a:3:{i:0;s:25:"/index.php?m=main&a=index";i:1;s:2:"27";i:2;s:19:"2015-08-04 10:58:14";}
a:3:{i:0;s:47:"/index.php?g=admin&m=amateur&a=index&menuid=627";i:1;s:2:"27";i:2;s:19:"2015-08-04 10:58:17";}
a:3:{i:0;s:26:"/index.php?m=amateur&a=add";i:1;s:2:"27";i:2;s:19:"2015-08-04 10:58:19";}
a:3:{i:0;s:31:"/index.php?m=amateur&a=add_post";i:1;s:2:"27";i:2;s:19:"2015-08-04 10:58:24";}
a:3:{i:0;s:28:"/index.php?m=amateur&a=index";i:1;s:2:"27";i:2;s:19:"2015-08-04 10:58:24";}
a:3:{i:0;s:23:"/index.php?m=shop&a=add";i:1;s:2:"26";i:2;s:19:"2015-08-04 10:58:25";}
a:3:{i:0;s:35:"/index.php?g=admin&m=public&a=login";i:1;N;i:2;s:19:"2015-08-04 10:58:25";}
a:3:{i:0;s:36:"/index.php?m=amateur&a=delete&id=390";i:1;s:2:"27";i:2;s:19:"2015-08-04 10:58:27";}
a:3:{i:0;s:28:"/index.php?m=amateur&a=index";i:1;s:2:"27";i:2;s:19:"2015-08-04 10:58:27";}
a:3:{i:0;s:84:"/index.php?a=swfupload&m=asset&g=asset&args=10,gif|jpg|jpeg|png|bmp,0&module=&catid=";i:1;s:2:"26";i:2;s:19:"2015-08-04 10:59:13";}
a:3:{i:0;s:38:"/index.php?g=asset&m=asset&a=swfupload";i:1;N;i:2;s:19:"2015-08-04 10:59:22";}
a:3:{i:0;s:84:"/index.php?a=swfupload&m=asset&g=asset&args=10,gif|jpg|jpeg|png|bmp,0&module=&catid=";i:1;s:2:"26";i:2;s:19:"2015-08-04 10:59:24";}
a:3:{i:0;s:38:"/index.php?g=asset&m=asset&a=swfupload";i:1;N;i:2;s:19:"2015-08-04 10:59:34";}
a:3:{i:0;s:38:"/index.php?g=asset&m=asset&a=swfupload";i:1;N;i:2;s:19:"2015-08-04 10:59:34";}
a:3:{i:0;s:38:"/index.php?g=asset&m=asset&a=swfupload";i:1;N;i:2;s:19:"2015-08-04 10:59:34";}
a:3:{i:0;s:38:"/index.php?g=asset&m=asset&a=swfupload";i:1;N;i:2;s:19:"2015-08-04 10:59:35";}
a:3:{i:0;s:28:"/index.php?m=shop&a=add_post";i:1;s:2:"26";i:2;s:19:"2015-08-04 10:59:40";}
a:3:{i:0;s:25:"/index.php?m=shop&a=index";i:1;s:2:"26";i:2;s:19:"2015-08-04 10:59:40";}
a:3:{i:0;s:23:"/index.php?m=shop&a=add";i:1;s:2:"26";i:2;s:19:"2015-08-04 11:00:33";}
a:3:{i:0;s:84:"/index.php?a=swfupload&m=asset&g=asset&args=10,gif|jpg|jpeg|png|bmp,0&module=&catid=";i:1;s:2:"26";i:2;s:19:"2015-08-04 11:01:43";}
a:3:{i:0;s:38:"/index.php?g=asset&m=asset&a=swfupload";i:1;N;i:2;s:19:"2015-08-04 11:02:12";}
a:3:{i:0;s:84:"/index.php?a=swfupload&m=asset&g=asset&args=10,gif|jpg|jpeg|png|bmp,0&module=&catid=";i:1;s:2:"26";i:2;s:19:"2015-08-04 11:02:14";}
a:3:{i:0;s:38:"/index.php?g=asset&m=asset&a=swfupload";i:1;N;i:2;s:19:"2015-08-04 11:02:25";}
a:3:{i:0;s:38:"/index.php?g=asset&m=asset&a=swfupload";i:1;N;i:2;s:19:"2015-08-04 11:02:26";}
a:3:{i:0;s:38:"/index.php?g=asset&m=asset&a=swfupload";i:1;N;i:2;s:19:"2015-08-04 11:02:26";}
a:3:{i:0;s:38:"/index.php?g=asset&m=asset&a=swfupload";i:1;N;i:2;s:19:"2015-08-04 11:02:26";}
a:3:{i:0;s:28:"/index.php?m=shop&a=add_post";i:1;s:2:"26";i:2;s:19:"2015-08-04 11:02:32";}
a:3:{i:0;s:25:"/index.php?m=shop&a=index";i:1;s:2:"26";i:2;s:19:"2015-08-04 11:02:33";}
a:3:{i:0;s:45:"/index.php?g=admin&m=guess&a=index&menuid=618";i:1;s:2:"27";i:2;s:19:"2015-08-04 11:03:10";}
a:3:{i:0;s:45:"/index.php?g=admin&m=guess&a=index&menuid=618";i:1;s:2:"27";i:2;s:19:"2015-08-04 11:03:12";}
a:3:{i:0;s:28:"/index.php?m=amateur&a=index";i:1;s:2:"27";i:2;s:19:"2015-08-04 11:03:17";}
a:3:{i:0;s:28:"/index.php?m=amateur&a=index";i:1;s:2:"27";i:2;s:19:"2015-08-04 11:03:18";}
a:3:{i:0;s:23:"/index.php?m=shop&a=add";i:1;s:2:"26";i:2;s:19:"2015-08-04 11:05:47";}
a:3:{i:0;s:84:"/index.php?a=swfupload&m=asset&g=asset&args=10,gif|jpg|jpeg|png|bmp,0&module=&catid=";i:1;s:2:"26";i:2;s:19:"2015-08-04 11:06:42";}
a:3:{i:0;s:38:"/index.php?g=asset&m=asset&a=swfupload";i:1;N;i:2;s:19:"2015-08-04 11:06:54";}
a:3:{i:0;s:84:"/index.php?a=swfupload&m=asset&g=asset&args=10,gif|jpg|jpeg|png|bmp,0&module=&catid=";i:1;s:2:"26";i:2;s:19:"2015-08-04 11:06:57";}
a:3:{i:0;s:38:"/index.php?g=asset&m=asset&a=swfupload";i:1;N;i:2;s:19:"2015-08-04 11:07:09";}
a:3:{i:0;s:38:"/index.php?g=asset&m=asset&a=swfupload";i:1;N;i:2;s:19:"2015-08-04 11:07:09";}
a:3:{i:0;s:38:"/index.php?g=asset&m=asset&a=swfupload";i:1;N;i:2;s:19:"2015-08-04 11:07:09";}
a:3:{i:0;s:38:"/index.php?g=asset&m=asset&a=swfupload";i:1;N;i:2;s:19:"2015-08-04 11:07:09";}
a:3:{i:0;s:41:"/index.php?g=admin&m=setting&a=clearcache";i:1;s:2:"27";i:2;s:19:"2015-08-04 11:08:35";}
a:3:{i:0;s:28:"/index.php?m=amateur&a=index";i:1;s:2:"27";i:2;s:19:"2015-08-04 11:08:38";}
a:3:{i:0;s:28:"/index.php?m=amateur&a=index";i:1;s:2:"27";i:2;s:19:"2015-08-04 11:08:39";}
a:3:{i:0;s:28:"/index.php?m=shop&a=add_post";i:1;s:2:"26";i:2;s:19:"2015-08-04 11:09:38";}
a:3:{i:0;s:25:"/index.php?m=shop&a=index";i:1;s:2:"26";i:2;s:19:"2015-08-04 11:09:38";}
a:3:{i:0;s:28:"/index.php?m=amateur&a=index";i:1;s:2:"29";i:2;s:19:"2015-08-04 11:09:40";}
a:3:{i:0;s:41:"/index.php?g=admin&m=setting&a=clearcache";i:1;s:2:"29";i:2;s:19:"2015-08-04 11:09:41";}
a:3:{i:0;s:28:"/index.php?m=amateur&a=index";i:1;s:2:"29";i:2;s:19:"2015-08-04 11:09:44";}
a:3:{i:0;s:26:"/index.php?m=amateur&a=add";i:1;s:2:"29";i:2;s:19:"2015-08-04 11:09:47";}
a:3:{i:0;s:31:"/index.php?m=amateur&a=add_post";i:1;s:2:"29";i:2;s:19:"2015-08-04 11:09:57";}
a:3:{i:0;s:28:"/index.php?m=amateur&a=index";i:1;s:2:"29";i:2;s:19:"2015-08-04 11:09:57";}
a:3:{i:0;s:26:"/index.php?m=amateur&a=add";i:1;s:2:"29";i:2;s:19:"2015-08-04 11:10:04";}
a:3:{i:0;s:35:"/index.php?g=admin&m=public&a=login";i:1;N;i:2;s:19:"2015-08-04 11:10:08";}
a:3:{i:0;s:31:"/index.php?m=amateur&a=add_post";i:1;s:2:"29";i:2;s:19:"2015-08-04 11:10:16";}
a:3:{i:0;s:28:"/index.php?m=amateur&a=index";i:1;s:2:"29";i:2;s:19:"2015-08-04 11:10:16";}
a:3:{i:0;s:28:"/index.php?m=amateur&a=index";i:1;s:2:"27";i:2;s:19:"2015-08-04 11:10:43";}
a:3:{i:0;s:36:"/index.php?m=amateur&a=delete&id=391";i:1;s:2:"27";i:2;s:19:"2015-08-04 11:10:45";}
a:3:{i:0;s:28:"/index.php?m=amateur&a=index";i:1;s:2:"27";i:2;s:19:"2015-08-04 11:10:45";}
a:3:{i:0;s:36:"/index.php?m=amateur&a=delete&id=392";i:1;s:2:"27";i:2;s:19:"2015-08-04 11:10:47";}
a:3:{i:0;s:28:"/index.php?m=amateur&a=index";i:1;s:2:"27";i:2;s:19:"2015-08-04 11:10:47";}
a:3:{i:0;s:23:"/index.php?m=shop&a=add";i:1;s:2:"26";i:2;s:19:"2015-08-04 11:11:12";}
a:3:{i:0;s:35:"/index.php?g=admin&m=public&a=login";i:1;N;i:2;s:19:"2015-08-04 11:11:14";}
a:3:{i:0;s:84:"/index.php?a=swfupload&m=asset&g=asset&args=10,gif|jpg|jpeg|png|bmp,0&module=&catid=";i:1;s:2:"26";i:2;s:19:"2015-08-04 11:11:49";}
a:3:{i:0;s:38:"/index.php?g=asset&m=asset&a=swfupload";i:1;N;i:2;s:19:"2015-08-04 11:12:06";}
a:3:{i:0;s:84:"/index.php?a=swfupload&m=asset&g=asset&args=10,gif|jpg|jpeg|png|bmp,0&module=&catid=";i:1;s:2:"26";i:2;s:19:"2015-08-04 11:12:09";}
a:3:{i:0;s:38:"/index.php?g=asset&m=asset&a=swfupload";i:1;N;i:2;s:19:"2015-08-04 11:12:17";}
a:3:{i:0;s:38:"/index.php?g=asset&m=asset&a=swfupload";i:1;N;i:2;s:19:"2015-08-04 11:12:17";}
a:3:{i:0;s:38:"/index.php?g=asset&m=asset&a=swfupload";i:1;N;i:2;s:19:"2015-08-04 11:12:17";}
a:3:{i:0;s:84:"/index.php?a=swfupload&m=asset&g=asset&args=10,gif|jpg|jpeg|png|bmp,0&module=&catid=";i:1;s:2:"26";i:2;s:19:"2015-08-04 11:12:23";}
a:3:{i:0;s:28:"/index.php?m=shop&a=add_post";i:1;s:2:"26";i:2;s:19:"2015-08-04 11:12:26";}
a:3:{i:0;s:25:"/index.php?m=shop&a=index";i:1;s:2:"26";i:2;s:19:"2015-08-04 11:12:26";}
a:3:{i:0;s:23:"/index.php?m=shop&a=add";i:1;s:2:"26";i:2;s:19:"2015-08-04 11:13:29";}
a:3:{i:0;s:26:"/index.php?m=amateur&a=add";i:1;s:2:"29";i:2;s:19:"2015-08-04 11:14:15";}
a:3:{i:0;s:84:"/index.php?a=swfupload&m=asset&g=asset&args=10,gif|jpg|jpeg|png|bmp,0&module=&catid=";i:1;s:2:"26";i:2;s:19:"2015-08-04 11:14:34";}
a:3:{i:0;s:38:"/index.php?g=asset&m=asset&a=swfupload";i:1;N;i:2;s:19:"2015-08-04 11:14:49";}
a:3:{i:0;s:84:"/index.php?a=swfupload&m=asset&g=asset&args=10,gif|jpg|jpeg|png|bmp,0&module=&catid=";i:1;s:2:"26";i:2;s:19:"2015-08-04 11:14:51";}
a:3:{i:0;s:31:"/index.php?m=amateur&a=add_post";i:1;s:2:"29";i:2;s:19:"2015-08-04 11:14:58";}
a:3:{i:0;s:28:"/index.php?m=amateur&a=index";i:1;s:2:"29";i:2;s:19:"2015-08-04 11:14:58";}
a:3:{i:0;s:38:"/index.php?g=asset&m=asset&a=swfupload";i:1;N;i:2;s:19:"2015-08-04 11:15:01";}
a:3:{i:0;s:38:"/index.php?g=asset&m=asset&a=swfupload";i:1;N;i:2;s:19:"2015-08-04 11:15:01";}
a:3:{i:0;s:38:"/index.php?g=asset&m=asset&a=swfupload";i:1;N;i:2;s:19:"2015-08-04 11:15:01";}
a:3:{i:0;s:38:"/index.php?g=asset&m=asset&a=swfupload";i:1;N;i:2;s:19:"2015-08-04 11:15:02";}
a:3:{i:0;s:26:"/index.php?m=amateur&a=add";i:1;s:2:"29";i:2;s:19:"2015-08-04 11:15:02";}
a:3:{i:0;s:28:"/index.php?m=shop&a=add_post";i:1;s:2:"26";i:2;s:19:"2015-08-04 11:15:14";}
a:3:{i:0;s:25:"/index.php?m=shop&a=index";i:1;s:2:"26";i:2;s:19:"2015-08-04 11:15:14";}
a:3:{i:0;s:23:"/index.php?m=shop&a=add";i:1;s:2:"26";i:2;s:19:"2015-08-04 11:18:05";}
a:3:{i:0;s:31:"/index.php?m=amateur&a=add_post";i:1;s:2:"29";i:2;s:19:"2015-08-04 11:18:58";}
a:3:{i:0;s:28:"/index.php?m=amateur&a=index";i:1;s:2:"29";i:2;s:19:"2015-08-04 11:18:59";}
a:3:{i:0;s:26:"/index.php?m=amateur&a=add";i:1;s:2:"29";i:2;s:19:"2015-08-04 11:19:03";}
a:3:{i:0;s:26:"/index.php?m=amateur&a=add";i:1;s:2:"29";i:2;s:19:"2015-08-04 11:19:05";}
a:3:{i:0;s:26:"/index.php?m=amateur&a=add";i:1;s:2:"29";i:2;s:19:"2015-08-04 11:19:10";}
a:3:{i:0;s:26:"/index.php?m=amateur&a=add";i:1;s:2:"29";i:2;s:19:"2015-08-04 11:19:14";}
a:3:{i:0;s:84:"/index.php?a=swfupload&m=asset&g=asset&args=10,gif|jpg|jpeg|png|bmp,0&module=&catid=";i:1;s:2:"26";i:2;s:19:"2015-08-04 11:19:15";}
a:3:{i:0;s:26:"/index.php?m=amateur&a=add";i:1;s:2:"29";i:2;s:19:"2015-08-04 11:19:17";}
a:3:{i:0;s:38:"/index.php?g=asset&m=asset&a=swfupload";i:1;N;i:2;s:19:"2015-08-04 11:19:41";}
a:3:{i:0;s:31:"/index.php?m=amateur&a=add_post";i:1;s:2:"29";i:2;s:19:"2015-08-04 11:19:47";}
a:3:{i:0;s:28:"/index.php?m=amateur&a=index";i:1;s:2:"29";i:2;s:19:"2015-08-04 11:19:48";}
a:3:{i:0;s:84:"/index.php?a=swfupload&m=asset&g=asset&args=10,gif|jpg|jpeg|png|bmp,0&module=&catid=";i:1;s:2:"26";i:2;s:19:"2015-08-04 11:19:56";}
a:3:{i:0;s:38:"/index.php?g=asset&m=asset&a=swfupload";i:1;N;i:2;s:19:"2015-08-04 11:20:21";}
a:3:{i:0;s:38:"/index.php?g=asset&m=asset&a=swfupload";i:1;N;i:2;s:19:"2015-08-04 11:20:23";}
a:3:{i:0;s:38:"/index.php?g=asset&m=asset&a=swfupload";i:1;N;i:2;s:19:"2015-08-04 11:20:27";}
a:3:{i:0;s:28:"/index.php?m=shop&a=add_post";i:1;s:2:"26";i:2;s:19:"2015-08-04 11:21:19";}
a:3:{i:0;s:25:"/index.php?m=shop&a=index";i:1;s:2:"26";i:2;s:19:"2015-08-04 11:21:20";}
a:3:{i:0;s:26:"/index.php?m=amateur&a=add";i:1;s:2:"29";i:2;s:19:"2015-08-04 11:21:29";}
a:3:{i:0;s:26:"/index.php?m=amateur&a=add";i:1;s:2:"29";i:2;s:19:"2015-08-04 11:21:39";}
a:3:{i:0;s:28:"/index.php?m=amateur&a=index";i:1;s:2:"29";i:2;s:19:"2015-08-04 11:21:42";}
a:3:{i:0;s:26:"/index.php?m=amateur&a=add";i:1;s:2:"29";i:2;s:19:"2015-08-04 11:23:10";}
a:3:{i:0;s:45:"/index.php?g=admin&m=guess&a=index&menuid=618";i:1;s:2:"29";i:2;s:19:"2015-08-04 11:23:15";}
a:3:{i:0;s:35:"/index.php?g=admin&m=public&a=login";i:1;N;i:2;s:19:"2015-08-04 11:23:20";}
a:3:{i:0;s:28:"/index.php?m=amateur&a=index";i:1;s:2:"29";i:2;s:19:"2015-08-04 11:23:30";}
a:3:{i:0;s:23:"/index.php?m=shop&a=add";i:1;s:2:"26";i:2;s:19:"2015-08-04 11:23:58";}
a:3:{i:0;s:84:"/index.php?a=swfupload&m=asset&g=asset&args=10,gif|jpg|jpeg|png|bmp,0&module=&catid=";i:1;s:2:"26";i:2;s:19:"2015-08-04 11:24:48";}
a:3:{i:0;s:28:"/index.php?m=public&a=logout";i:1;s:2:"27";i:2;s:19:"2015-08-04 11:25:18";}
a:3:{i:0;s:27:"/index.php?m=public&a=login";i:1;N;i:2;s:19:"2015-08-04 11:25:18";}
a:3:{i:0;s:38:"/index.php?g=asset&m=asset&a=swfupload";i:1;N;i:2;s:19:"2015-08-04 11:25:31";}
a:3:{i:0;s:84:"/index.php?a=swfupload&m=asset&g=asset&args=10,gif|jpg|jpeg|png|bmp,0&module=&catid=";i:1;s:2:"26";i:2;s:19:"2015-08-04 11:26:11";}
a:3:{i:0;s:38:"/index.php?g=asset&m=asset&a=swfupload";i:1;N;i:2;s:19:"2015-08-04 11:26:41";}
a:3:{i:0;s:38:"/index.php?g=asset&m=asset&a=swfupload";i:1;N;i:2;s:19:"2015-08-04 11:26:41";}
a:3:{i:0;s:38:"/index.php?g=asset&m=asset&a=swfupload";i:1;N;i:2;s:19:"2015-08-04 11:26:42";}
a:3:{i:0;s:38:"/index.php?g=asset&m=asset&a=swfupload";i:1;N;i:2;s:19:"2015-08-04 11:26:43";}
a:3:{i:0;s:28:"/index.php?m=shop&a=add_post";i:1;s:2:"26";i:2;s:19:"2015-08-04 11:27:00";}
a:3:{i:0;s:25:"/index.php?m=shop&a=index";i:1;s:2:"26";i:2;s:19:"2015-08-04 11:27:00";}
a:3:{i:0;s:23:"/index.php?m=shop&a=add";i:1;s:2:"26";i:2;s:19:"2015-08-04 11:30:32";}
a:3:{i:0;s:35:"/index.php?g=admin&m=public&a=login";i:1;N;i:2;s:19:"2015-08-04 11:30:35";}
a:3:{i:0;s:84:"/index.php?a=swfupload&m=asset&g=asset&args=10,gif|jpg|jpeg|png|bmp,0&module=&catid=";i:1;s:2:"26";i:2;s:19:"2015-08-04 11:31:47";}
a:3:{i:0;s:38:"/index.php?g=asset&m=asset&a=swfupload";i:1;N;i:2;s:19:"2015-08-04 11:31:54";}
a:3:{i:0;s:84:"/index.php?a=swfupload&m=asset&g=asset&args=10,gif|jpg|jpeg|png|bmp,0&module=&catid=";i:1;s:2:"26";i:2;s:19:"2015-08-04 11:31:57";}
a:3:{i:0;s:38:"/index.php?g=asset&m=asset&a=swfupload";i:1;N;i:2;s:19:"2015-08-04 11:32:01";}
a:3:{i:0;s:28:"/index.php?m=shop&a=add_post";i:1;s:2:"26";i:2;s:19:"2015-08-04 11:32:13";}
a:3:{i:0;s:25:"/index.php?m=shop&a=index";i:1;s:2:"26";i:2;s:19:"2015-08-04 11:32:15";}
a:3:{i:0;s:26:"/index.php?m=amateur&a=add";i:1;s:2:"29";i:2;s:19:"2015-08-04 11:33:25";}
a:3:{i:0;s:26:"/index.php?m=amateur&a=add";i:1;s:2:"29";i:2;s:19:"2015-08-04 11:33:25";}
a:3:{i:0;s:26:"/index.php?m=index&a=index";i:1;s:2:"29";i:2;s:19:"2015-08-04 11:33:32";}
a:3:{i:0;s:25:"/index.php?m=main&a=index";i:1;s:2:"29";i:2;s:19:"2015-08-04 11:33:36";}
a:3:{i:0;s:47:"/index.php?g=admin&m=amateur&a=index&menuid=627";i:1;s:2:"29";i:2;s:19:"2015-08-04 11:33:48";}
a:3:{i:0;s:26:"/index.php?m=amateur&a=add";i:1;s:2:"27";i:2;s:19:"2015-08-04 11:33:48";}
a:3:{i:0;s:26:"/index.php?m=amateur&a=add";i:1;s:2:"27";i:2;s:19:"2015-08-04 11:33:49";}
a:3:{i:0;s:26:"/index.php?m=amateur&a=add";i:1;s:2:"29";i:2;s:19:"2015-08-04 11:33:52";}
a:3:{i:0;s:26:"/index.php?m=amateur&a=add";i:1;s:2:"29";i:2;s:19:"2015-08-04 11:33:54";}
a:3:{i:0;s:23:"/index.php?m=shop&a=add";i:1;s:2:"26";i:2;s:19:"2015-08-04 11:33:59";}
a:3:{i:0;s:84:"/index.php?a=swfupload&m=asset&g=asset&args=10,gif|jpg|jpeg|png|bmp,0&module=&catid=";i:1;s:2:"26";i:2;s:19:"2015-08-04 11:34:31";}
a:3:{i:0;s:31:"/index.php?m=amateur&a=add_post";i:1;s:2:"29";i:2;s:19:"2015-08-04 11:34:38";}
a:3:{i:0;s:28:"/index.php?m=amateur&a=index";i:1;s:2:"29";i:2;s:19:"2015-08-04 11:34:39";}
a:3:{i:0;s:26:"/index.php?m=amateur&a=add";i:1;s:2:"29";i:2;s:19:"2015-08-04 11:34:44";}
a:3:{i:0;s:38:"/index.php?g=asset&m=asset&a=swfupload";i:1;N;i:2;s:19:"2015-08-04 11:34:51";}
a:3:{i:0;s:84:"/index.php?a=swfupload&m=asset&g=asset&args=10,gif|jpg|jpeg|png|bmp,0&module=&catid=";i:1;s:2:"26";i:2;s:19:"2015-08-04 11:34:53";}
a:3:{i:0;s:38:"/index.php?g=asset&m=asset&a=swfupload";i:1;N;i:2;s:19:"2015-08-04 11:35:11";}
a:3:{i:0;s:38:"/index.php?g=asset&m=asset&a=swfupload";i:1;N;i:2;s:19:"2015-08-04 11:35:11";}
a:3:{i:0;s:38:"/index.php?g=asset&m=asset&a=swfupload";i:1;N;i:2;s:19:"2015-08-04 11:35:12";}
a:3:{i:0;s:28:"/index.php?m=shop&a=add_post";i:1;s:2:"26";i:2;s:19:"2015-08-04 11:35:24";}
a:3:{i:0;s:25:"/index.php?m=shop&a=index";i:1;s:2:"26";i:2;s:19:"2015-08-04 11:35:24";}
a:3:{i:0;s:31:"/index.php?m=amateur&a=add_post";i:1;s:2:"29";i:2;s:19:"2015-08-04 11:35:25";}
a:3:{i:0;s:28:"/index.php?m=amateur&a=index";i:1;s:2:"29";i:2;s:19:"2015-08-04 11:35:26";}
a:3:{i:0;s:26:"/index.php?m=amateur&a=add";i:1;s:2:"29";i:2;s:19:"2015-08-04 11:35:28";}
a:3:{i:0;s:31:"/index.php?m=amateur&a=add_post";i:1;s:2:"29";i:2;s:19:"2015-08-04 11:35:54";}
a:3:{i:0;s:28:"/index.php?m=amateur&a=index";i:1;s:2:"29";i:2;s:19:"2015-08-04 11:35:54";}
a:3:{i:0;s:26:"/index.php?m=amateur&a=add";i:1;s:2:"29";i:2;s:19:"2015-08-04 11:36:07";}
a:3:{i:0;s:31:"/index.php?m=amateur&a=add_post";i:1;s:2:"29";i:2;s:19:"2015-08-04 11:36:31";}
a:3:{i:0;s:28:"/index.php?m=amateur&a=index";i:1;s:2:"29";i:2;s:19:"2015-08-04 11:36:31";}
a:3:{i:0;s:35:"/index.php?g=admin&m=public&a=login";i:1;N;i:2;s:19:"2015-08-04 11:36:39";}
a:3:{i:0;s:26:"/index.php?m=amateur&a=add";i:1;s:2:"29";i:2;s:19:"2015-08-04 11:36:43";}
a:3:{i:0;s:31:"/index.php?m=amateur&a=add_post";i:1;s:2:"29";i:2;s:19:"2015-08-04 11:37:10";}
a:3:{i:0;s:28:"/index.php?m=amateur&a=index";i:1;s:2:"29";i:2;s:19:"2015-08-04 11:37:10";}
a:3:{i:0;s:26:"/index.php?m=amateur&a=add";i:1;s:2:"29";i:2;s:19:"2015-08-04 11:37:12";}
a:3:{i:0;s:23:"/index.php?m=shop&a=add";i:1;s:2:"26";i:2;s:19:"2015-08-04 11:37:15";}
a:3:{i:0;s:31:"/index.php?m=amateur&a=add_post";i:1;s:2:"29";i:2;s:19:"2015-08-04 11:37:49";}
a:3:{i:0;s:28:"/index.php?m=amateur&a=index";i:1;s:2:"29";i:2;s:19:"2015-08-04 11:37:50";}
a:3:{i:0;s:84:"/index.php?a=swfupload&m=asset&g=asset&args=10,gif|jpg|jpeg|png|bmp,0&module=&catid=";i:1;s:2:"26";i:2;s:19:"2015-08-04 11:37:58";}
a:3:{i:0;s:34:"/index.php?m=amateur&a=edit&id=393";i:1;s:2:"29";i:2;s:19:"2015-08-04 11:38:04";}
a:3:{i:0;s:32:"/index.php?m=amateur&a=edit_post";i:1;s:2:"29";i:2;s:19:"2015-08-04 11:38:15";}
a:3:{i:0;s:38:"/index.php?g=asset&m=asset&a=swfupload";i:1;N;i:2;s:19:"2015-08-04 11:38:16";}
a:3:{i:0;s:28:"/index.php?m=amateur&a=index";i:1;s:2:"29";i:2;s:19:"2015-08-04 11:38:16";}
a:3:{i:0;s:84:"/index.php?a=swfupload&m=asset&g=asset&args=10,gif|jpg|jpeg|png|bmp,0&module=&catid=";i:1;s:2:"26";i:2;s:19:"2015-08-04 11:38:19";}
a:3:{i:0;s:34:"/index.php?m=amateur&a=edit&id=394";i:1;s:2:"29";i:2;s:19:"2015-08-04 11:38:19";}
a:3:{i:0;s:32:"/index.php?m=amateur&a=edit_post";i:1;s:2:"29";i:2;s:19:"2015-08-04 11:38:30";}
a:3:{i:0;s:28:"/index.php?m=amateur&a=index";i:1;s:2:"29";i:2;s:19:"2015-08-04 11:38:30";}
a:3:{i:0;s:38:"/index.php?g=asset&m=asset&a=swfupload";i:1;N;i:2;s:19:"2015-08-04 11:38:30";}
a:3:{i:0;s:38:"/index.php?g=asset&m=asset&a=swfupload";i:1;N;i:2;s:19:"2015-08-04 11:38:31";}
a:3:{i:0;s:38:"/index.php?g=asset&m=asset&a=swfupload";i:1;N;i:2;s:19:"2015-08-04 11:38:31";}
a:3:{i:0;s:34:"/index.php?m=amateur&a=edit&id=395";i:1;s:2:"29";i:2;s:19:"2015-08-04 11:38:34";}
a:3:{i:0;s:32:"/index.php?m=amateur&a=edit_post";i:1;s:2:"29";i:2;s:19:"2015-08-04 11:38:44";}
a:3:{i:0;s:28:"/index.php?m=amateur&a=index";i:1;s:2:"29";i:2;s:19:"2015-08-04 11:38:45";}
a:3:{i:0;s:34:"/index.php?m=amateur&a=edit&id=396";i:1;s:2:"29";i:2;s:19:"2015-08-04 11:38:50";}
a:3:{i:0;s:28:"/index.php?m=shop&a=add_post";i:1;s:2:"26";i:2;s:19:"2015-08-04 11:38:51";}
a:3:{i:0;s:25:"/index.php?m=shop&a=index";i:1;s:2:"26";i:2;s:19:"2015-08-04 11:38:51";}
a:3:{i:0;s:32:"/index.php?m=amateur&a=edit_post";i:1;s:2:"29";i:2;s:19:"2015-08-04 11:38:57";}
a:3:{i:0;s:28:"/index.php?m=amateur&a=index";i:1;s:2:"29";i:2;s:19:"2015-08-04 11:38:58";}
a:3:{i:0;s:34:"/index.php?m=amateur&a=edit&id=397";i:1;s:2:"29";i:2;s:19:"2015-08-04 11:39:01";}
a:3:{i:0;s:32:"/index.php?m=amateur&a=edit_post";i:1;s:2:"29";i:2;s:19:"2015-08-04 11:39:08";}
a:3:{i:0;s:28:"/index.php?m=amateur&a=index";i:1;s:2:"29";i:2;s:19:"2015-08-04 11:39:08";}
a:3:{i:0;s:34:"/index.php?m=amateur&a=edit&id=398";i:1;s:2:"29";i:2;s:19:"2015-08-04 11:39:12";}
a:3:{i:0;s:35:"/index.php?g=admin&m=public&a=login";i:1;N;i:2;s:19:"2015-08-04 11:39:12";}
a:3:{i:0;s:32:"/index.php?m=amateur&a=edit_post";i:1;s:2:"29";i:2;s:19:"2015-08-04 11:39:18";}
a:3:{i:0;s:28:"/index.php?m=amateur&a=index";i:1;s:2:"29";i:2;s:19:"2015-08-04 11:39:18";}
a:3:{i:0;s:34:"/index.php?m=amateur&a=edit&id=399";i:1;s:2:"29";i:2;s:19:"2015-08-04 11:39:20";}
a:3:{i:0;s:32:"/index.php?m=amateur&a=edit_post";i:1;s:2:"29";i:2;s:19:"2015-08-04 11:39:27";}
a:3:{i:0;s:28:"/index.php?m=amateur&a=index";i:1;s:2:"29";i:2;s:19:"2015-08-04 11:39:28";}
a:3:{i:0;s:34:"/index.php?m=amateur&a=edit&id=400";i:1;s:2:"29";i:2;s:19:"2015-08-04 11:39:32";}
a:3:{i:0;s:32:"/index.php?m=amateur&a=edit_post";i:1;s:2:"29";i:2;s:19:"2015-08-04 11:39:41";}
a:3:{i:0;s:28:"/index.php?m=amateur&a=index";i:1;s:2:"29";i:2;s:19:"2015-08-04 11:39:41";}
a:3:{i:0;s:34:"/index.php?m=amateur&a=edit&id=401";i:1;s:2:"29";i:2;s:19:"2015-08-04 11:39:43";}
a:3:{i:0;s:32:"/index.php?m=amateur&a=edit_post";i:1;s:2:"29";i:2;s:19:"2015-08-04 11:39:51";}
a:3:{i:0;s:28:"/index.php?m=amateur&a=index";i:1;s:2:"29";i:2;s:19:"2015-08-04 11:39:51";}
a:3:{i:0;s:23:"/index.php?m=shop&a=add";i:1;s:2:"26";i:2;s:19:"2015-08-04 11:40:03";}
a:3:{i:0;s:35:"/index.php?g=admin&m=public&a=login";i:1;N;i:2;s:19:"2015-08-04 11:40:05";}
a:3:{i:0;s:84:"/index.php?a=swfupload&m=asset&g=asset&args=10,gif|jpg|jpeg|png|bmp,0&module=&catid=";i:1;s:2:"26";i:2;s:19:"2015-08-04 11:40:36";}
a:3:{i:0;s:38:"/index.php?g=asset&m=asset&a=swfupload";i:1;N;i:2;s:19:"2015-08-04 11:40:45";}
a:3:{i:0;s:84:"/index.php?a=swfupload&m=asset&g=asset&args=10,gif|jpg|jpeg|png|bmp,0&module=&catid=";i:1;s:2:"26";i:2;s:19:"2015-08-04 11:40:49";}
a:3:{i:0;s:38:"/index.php?g=asset&m=asset&a=swfupload";i:1;N;i:2;s:19:"2015-08-04 11:40:57";}
a:3:{i:0;s:38:"/index.php?g=asset&m=asset&a=swfupload";i:1;N;i:2;s:19:"2015-08-04 11:40:57";}
a:3:{i:0;s:38:"/index.php?g=asset&m=asset&a=swfupload";i:1;N;i:2;s:19:"2015-08-04 11:40:58";}
a:3:{i:0;s:28:"/index.php?m=shop&a=add_post";i:1;s:2:"26";i:2;s:19:"2015-08-04 11:41:12";}
a:3:{i:0;s:25:"/index.php?m=shop&a=index";i:1;s:2:"26";i:2;s:19:"2015-08-04 11:41:12";}
a:3:{i:0;s:23:"/index.php?m=shop&a=add";i:1;s:2:"26";i:2;s:19:"2015-08-04 11:41:57";}
a:3:{i:0;s:84:"/index.php?a=swfupload&m=asset&g=asset&args=10,gif|jpg|jpeg|png|bmp,0&module=&catid=";i:1;s:2:"26";i:2;s:19:"2015-08-04 11:42:28";}
a:3:{i:0;s:38:"/index.php?g=asset&m=asset&a=swfupload";i:1;N;i:2;s:19:"2015-08-04 11:42:34";}
a:3:{i:0;s:84:"/index.php?a=swfupload&m=asset&g=asset&args=10,gif|jpg|jpeg|png|bmp,0&module=&catid=";i:1;s:2:"26";i:2;s:19:"2015-08-04 11:42:37";}
a:3:{i:0;s:38:"/index.php?g=asset&m=asset&a=swfupload";i:1;N;i:2;s:19:"2015-08-04 11:42:48";}
a:3:{i:0;s:38:"/index.php?g=asset&m=asset&a=swfupload";i:1;N;i:2;s:19:"2015-08-04 11:42:51";}
a:3:{i:0;s:38:"/index.php?g=asset&m=asset&a=swfupload";i:1;N;i:2;s:19:"2015-08-04 11:42:52";}
a:3:{i:0;s:28:"/index.php?m=shop&a=add_post";i:1;s:2:"26";i:2;s:19:"2015-08-04 11:43:01";}
a:3:{i:0;s:25:"/index.php?m=shop&a=index";i:1;s:2:"26";i:2;s:19:"2015-08-04 11:43:02";}
a:3:{i:0;s:23:"/index.php?m=shop&a=add";i:1;s:2:"26";i:2;s:19:"2015-08-04 11:43:56";}
a:3:{i:0;s:84:"/index.php?a=swfupload&m=asset&g=asset&args=10,gif|jpg|jpeg|png|bmp,0&module=&catid=";i:1;s:2:"26";i:2;s:19:"2015-08-04 11:44:31";}
a:3:{i:0;s:38:"/index.php?g=asset&m=asset&a=swfupload";i:1;N;i:2;s:19:"2015-08-04 11:44:36";}
a:3:{i:0;s:84:"/index.php?a=swfupload&m=asset&g=asset&args=10,gif|jpg|jpeg|png|bmp,0&module=&catid=";i:1;s:2:"26";i:2;s:19:"2015-08-04 11:44:39";}
a:3:{i:0;s:38:"/index.php?g=asset&m=asset&a=swfupload";i:1;N;i:2;s:19:"2015-08-04 11:44:47";}
a:3:{i:0;s:38:"/index.php?g=asset&m=asset&a=swfupload";i:1;N;i:2;s:19:"2015-08-04 11:44:47";}
a:3:{i:0;s:38:"/index.php?g=asset&m=asset&a=swfupload";i:1;N;i:2;s:19:"2015-08-04 11:44:47";}
a:3:{i:0;s:38:"/index.php?g=asset&m=asset&a=swfupload";i:1;N;i:2;s:19:"2015-08-04 11:44:48";}
a:3:{i:0;s:28:"/index.php?m=shop&a=add_post";i:1;s:2:"26";i:2;s:19:"2015-08-04 11:44:53";}
a:3:{i:0;s:25:"/index.php?m=shop&a=index";i:1;s:2:"26";i:2;s:19:"2015-08-04 11:44:53";}
a:3:{i:0;s:23:"/index.php?m=shop&a=add";i:1;s:2:"26";i:2;s:19:"2015-08-04 11:45:50";}
a:3:{i:0;s:84:"/index.php?a=swfupload&m=asset&g=asset&args=10,gif|jpg|jpeg|png|bmp,0&module=&catid=";i:1;s:2:"26";i:2;s:19:"2015-08-04 11:46:45";}
a:3:{i:0;s:38:"/index.php?g=asset&m=asset&a=swfupload";i:1;N;i:2;s:19:"2015-08-04 11:46:58";}
a:3:{i:0;s:84:"/index.php?a=swfupload&m=asset&g=asset&args=10,gif|jpg|jpeg|png|bmp,0&module=&catid=";i:1;s:2:"26";i:2;s:19:"2015-08-04 11:47:02";}
a:3:{i:0;s:38:"/index.php?g=asset&m=asset&a=swfupload";i:1;N;i:2;s:19:"2015-08-04 11:47:39";}
a:3:{i:0;s:84:"/index.php?a=swfupload&m=asset&g=asset&args=10,gif|jpg|jpeg|png|bmp,0&module=&catid=";i:1;s:2:"26";i:2;s:19:"2015-08-04 11:47:42";}
a:3:{i:0;s:38:"/index.php?g=asset&m=asset&a=swfupload";i:1;N;i:2;s:19:"2015-08-04 11:47:48";}
a:3:{i:0;s:28:"/index.php?m=shop&a=add_post";i:1;s:2:"26";i:2;s:19:"2015-08-04 11:47:52";}
a:3:{i:0;s:25:"/index.php?m=shop&a=index";i:1;s:2:"26";i:2;s:19:"2015-08-04 11:47:53";}
a:3:{i:0;s:23:"/index.php?m=shop&a=add";i:1;s:2:"26";i:2;s:19:"2015-08-04 11:49:18";}
a:3:{i:0;s:84:"/index.php?a=swfupload&m=asset&g=asset&args=10,gif|jpg|jpeg|png|bmp,0&module=&catid=";i:1;s:2:"26";i:2;s:19:"2015-08-04 11:49:44";}
a:3:{i:0;s:38:"/index.php?g=asset&m=asset&a=swfupload";i:1;N;i:2;s:19:"2015-08-04 11:49:49";}
a:3:{i:0;s:84:"/index.php?a=swfupload&m=asset&g=asset&args=10,gif|jpg|jpeg|png|bmp,0&module=&catid=";i:1;s:2:"26";i:2;s:19:"2015-08-04 11:49:52";}
a:3:{i:0;s:38:"/index.php?g=asset&m=asset&a=swfupload";i:1;N;i:2;s:19:"2015-08-04 11:49:57";}
a:3:{i:0;s:38:"/index.php?g=asset&m=asset&a=swfupload";i:1;N;i:2;s:19:"2015-08-04 11:49:58";}
a:3:{i:0;s:38:"/index.php?g=asset&m=asset&a=swfupload";i:1;N;i:2;s:19:"2015-08-04 11:49:58";}
a:3:{i:0;s:28:"/index.php?m=shop&a=add_post";i:1;s:2:"26";i:2;s:19:"2015-08-04 11:50:06";}
a:3:{i:0;s:25:"/index.php?m=shop&a=index";i:1;s:2:"26";i:2;s:19:"2015-08-04 11:50:07";}
a:3:{i:0;s:25:"/index.php?m=shop&a=index";i:1;s:2:"26";i:2;s:19:"2015-08-04 11:50:16";}
a:3:{i:0;s:32:"/index.php?m=shop&a=move&ids=428";i:1;s:2:"26";i:2;s:19:"2015-08-04 11:50:26";}
a:3:{i:0;s:35:"/index.php?g=admin&m=public&a=login";i:1;N;i:2;s:19:"2015-08-04 11:50:27";}
a:3:{i:0;s:32:"/index.php?m=shop&a=move&ids=428";i:1;s:2:"26";i:2;s:19:"2015-08-04 11:50:46";}
a:3:{i:0;s:25:"/index.php?m=shop&a=index";i:1;s:2:"26";i:2;s:19:"2015-08-04 11:50:46";}
a:3:{i:0;s:35:"/index.php?g=admin&m=public&a=login";i:1;N;i:2;s:19:"2015-08-04 11:51:50";}
a:3:{i:0;s:35:"/index.php?g=admin&m=public&a=login";i:1;N;i:2;s:19:"2015-08-04 11:52:21";}
a:3:{i:0;s:35:"/index.php?g=admin&m=public&a=login";i:1;N;i:2;s:19:"2015-08-04 11:52:33";}
a:3:{i:0;s:35:"/index.php?g=admin&m=public&a=login";i:1;N;i:2;s:19:"2015-08-04 11:53:04";}
a:3:{i:0;s:23:"/index.php?m=shop&a=add";i:1;s:2:"26";i:2;s:19:"2015-08-04 11:54:59";}
a:3:{i:0;s:35:"/index.php?g=admin&m=public&a=login";i:1;N;i:2;s:19:"2015-08-04 11:55:01";}
a:3:{i:0;s:84:"/index.php?a=swfupload&m=asset&g=asset&args=10,gif|jpg|jpeg|png|bmp,0&module=&catid=";i:1;s:2:"26";i:2;s:19:"2015-08-04 11:57:34";}
a:3:{i:0;s:38:"/index.php?g=asset&m=asset&a=swfupload";i:1;N;i:2;s:19:"2015-08-04 11:57:38";}
a:3:{i:0;s:84:"/index.php?a=swfupload&m=asset&g=asset&args=10,gif|jpg|jpeg|png|bmp,0&module=&catid=";i:1;s:2:"26";i:2;s:19:"2015-08-04 11:57:42";}
a:3:{i:0;s:38:"/index.php?g=asset&m=asset&a=swfupload";i:1;N;i:2;s:19:"2015-08-04 11:57:49";}
a:3:{i:0;s:38:"/index.php?g=asset&m=asset&a=swfupload";i:1;N;i:2;s:19:"2015-08-04 11:57:50";}
a:3:{i:0;s:28:"/index.php?m=shop&a=add_post";i:1;s:2:"26";i:2;s:19:"2015-08-04 11:57:55";}
a:3:{i:0;s:25:"/index.php?m=shop&a=index";i:1;s:2:"26";i:2;s:19:"2015-08-04 11:57:55";}
a:3:{i:0;s:26:"/index.php?m=order&a=index";i:1;s:2:"26";i:2;s:19:"2015-08-04 12:11:29";}
a:3:{i:0;s:34:"/index.php?m=order&a=look&id=12471";i:1;s:2:"26";i:2;s:19:"2015-08-04 12:11:37";}
a:3:{i:0;s:26:"/index.php?m=order&a=index";i:1;s:2:"26";i:2;s:19:"2015-08-04 13:39:14";}
a:3:{i:0;s:34:"/index.php?m=order&a=look&id=12624";i:1;s:2:"26";i:2;s:19:"2015-08-04 13:43:52";}
a:3:{i:0;s:26:"/index.php?m=order&a=index";i:1;s:2:"26";i:2;s:19:"2015-08-04 13:46:11";}
a:3:{i:0;s:34:"/index.php?m=order&a=look&id=12708";i:1;s:2:"26";i:2;s:19:"2015-08-04 13:46:17";}
a:3:{i:0;s:26:"/index.php?m=order&a=index";i:1;s:2:"26";i:2;s:19:"2015-08-04 13:47:54";}
a:3:{i:0;s:34:"/index.php?m=order&a=look&id=12722";i:1;s:2:"26";i:2;s:19:"2015-08-04 13:47:59";}
a:3:{i:0;s:26:"/index.php?m=order&a=index";i:1;s:2:"26";i:2;s:19:"2015-08-04 13:50:52";}
a:3:{i:0;s:34:"/index.php?m=order&a=look&id=12585";i:1;s:2:"26";i:2;s:19:"2015-08-04 13:51:08";}
a:3:{i:0;s:35:"/index.php?g=admin&m=public&a=login";i:1;N;i:2;s:19:"2015-08-04 14:00:03";}
a:3:{i:0;s:35:"/index.php?g=admin&m=public&a=login";i:1;N;i:2;s:19:"2015-08-04 14:00:34";}
a:3:{i:0;s:29:"/index.php?m=public&a=dologin";i:1;N;i:2;s:19:"2015-08-04 14:00:43";}
a:3:{i:0;s:26:"/index.php?m=index&a=index";i:1;s:1:"1";i:2;s:19:"2015-08-04 14:00:43";}
a:3:{i:0;s:25:"/index.php?m=main&a=index";i:1;s:1:"1";i:2;s:19:"2015-08-04 14:00:43";}
a:3:{i:0;s:45:"/index.php?g=admin&m=order&a=index&menuid=608";i:1;s:1:"1";i:2;s:19:"2015-08-04 14:00:48";}
a:3:{i:0;s:26:"/index.php?m=order&a=index";i:1;s:1:"1";i:2;s:19:"2015-08-04 14:00:53";}
a:3:{i:0;s:34:"/index.php?m=order&a=look&id=12624";i:1;s:1:"1";i:2;s:19:"2015-08-04 14:01:15";}
a:3:{i:0;s:26:"/index.php?m=index&a=index";i:1;s:1:"1";i:2;s:19:"2015-08-04 14:05:07";}
a:3:{i:0;s:25:"/index.php?m=main&a=index";i:1;s:1:"1";i:2;s:19:"2015-08-04 14:05:07";}
a:3:{i:0;s:45:"/index.php?g=admin&m=order&a=index&menuid=608";i:1;s:1:"1";i:2;s:19:"2015-08-04 14:05:13";}
a:3:{i:0;s:26:"/index.php?m=order&a=index";i:1;s:1:"1";i:2;s:19:"2015-08-04 14:05:24";}
a:3:{i:0;s:34:"/index.php?m=order&a=look&id=12624";i:1;s:1:"1";i:2;s:19:"2015-08-04 14:05:30";}
a:3:{i:0;s:35:"/index.php?g=admin&m=public&a=login";i:1;N;i:2;s:19:"2015-08-04 14:15:37";}
a:3:{i:0;s:35:"/index.php?g=admin&m=public&a=login";i:1;N;i:2;s:19:"2015-08-04 14:15:38";}
a:3:{i:0;s:35:"/index.php?g=admin&m=public&a=login";i:1;N;i:2;s:19:"2015-08-04 14:15:38";}
a:3:{i:0;s:29:"/index.php?m=public&a=dologin";i:1;N;i:2;s:19:"2015-08-04 14:15:45";}
a:3:{i:0;s:26:"/index.php?m=index&a=index";i:1;s:2:"26";i:2;s:19:"2015-08-04 14:15:46";}
a:3:{i:0;s:25:"/index.php?m=main&a=index";i:1;s:2:"26";i:2;s:19:"2015-08-04 14:15:48";}
a:3:{i:0;s:45:"/index.php?g=admin&m=order&a=index&menuid=608";i:1;s:2:"26";i:2;s:19:"2015-08-04 14:15:51";}
a:3:{i:0;s:44:"/index.php?g=admin&m=shop&a=index&menuid=576";i:1;s:2:"26";i:2;s:19:"2015-08-04 14:15:55";}
a:3:{i:0;s:35:"/index.php?g=admin&m=public&a=login";i:1;N;i:2;s:19:"2015-08-04 14:16:28";}
a:3:{i:0;s:35:"/index.php?g=admin&m=public&a=login";i:1;N;i:2;s:19:"2015-08-04 14:16:31";}
a:3:{i:0;s:35:"/index.php?g=admin&m=public&a=login";i:1;N;i:2;s:19:"2015-08-04 14:16:37";}
a:3:{i:0;s:29:"/index.php?m=public&a=dologin";i:1;N;i:2;s:19:"2015-08-04 14:16:46";}
a:3:{i:0;s:26:"/index.php?m=index&a=index";i:1;s:2:"29";i:2;s:19:"2015-08-04 14:16:47";}
a:3:{i:0;s:25:"/index.php?m=main&a=index";i:1;s:2:"29";i:2;s:19:"2015-08-04 14:16:47";}
a:3:{i:0;s:44:"/index.php?g=admin&m=team&a=index&menuid=619";i:1;s:2:"29";i:2;s:19:"2015-08-04 14:16:52";}
a:3:{i:0;s:25:"/index.php?m=team&a=index";i:1;s:2:"29";i:2;s:19:"2015-08-04 14:16:56";}
a:3:{i:0;s:27:"/index.php?m=team&a=amateur";i:1;s:2:"29";i:2;s:19:"2015-08-04 14:16:57";}
a:3:{i:0;s:27:"/index.php?m=team&a=amateur";i:1;s:2:"29";i:2;s:19:"2015-08-04 14:17:01";}
a:3:{i:0;s:27:"/index.php?m=public&a=login";i:1;N;i:2;s:19:"2015-08-04 14:17:38";}
a:3:{i:0;s:35:"/index.php?g=admin&m=public&a=login";i:1;N;i:2;s:19:"2015-08-04 14:17:41";}
a:3:{i:0;s:29:"/index.php?m=public&a=dologin";i:1;N;i:2;s:19:"2015-08-04 14:17:48";}
a:3:{i:0;s:26:"/index.php?m=index&a=index";i:1;s:2:"27";i:2;s:19:"2015-08-04 14:17:50";}
a:3:{i:0;s:25:"/index.php?m=main&a=index";i:1;s:2:"27";i:2;s:19:"2015-08-04 14:17:50";}
a:3:{i:0;s:44:"/index.php?g=admin&m=menu&a=index&menuid=297";i:1;s:2:"27";i:2;s:19:"2015-08-04 14:17:55";}
a:3:{i:0;s:47:"/index.php?g=admin&m=amateur&a=index&menuid=627";i:1;s:2:"27";i:2;s:19:"2015-08-04 14:18:16";}
a:3:{i:0;s:44:"/index.php?g=admin&m=team&a=index&menuid=619";i:1;s:2:"27";i:2;s:19:"2015-08-04 14:18:21";}
a:3:{i:0;s:27:"/index.php?m=team&a=amateur";i:1;s:2:"27";i:2;s:19:"2015-08-04 14:18:22";}
a:3:{i:0;s:36:"/index.php?m=team&a=associate&id=590";i:1;s:2:"27";i:2;s:19:"2015-08-04 14:18:27";}
a:3:{i:0;s:47:"/index.php?m=menu&a=add&parentid=619&menuid=297";i:1;s:2:"27";i:2;s:19:"2015-08-04 14:18:44";}
a:3:{i:0;s:28:"/index.php?m=menu&a=add_post";i:1;s:2:"27";i:2;s:19:"2015-08-04 14:19:33";}
a:3:{i:0;s:25:"/index.php?m=menu&a=index";i:1;s:2:"27";i:2;s:19:"2015-08-04 14:19:33";}
a:3:{i:0;s:36:"/index.php?m=menu&a=add&parentid=713";i:1;s:2:"27";i:2;s:19:"2015-08-04 14:19:48";}
a:3:{i:0;s:28:"/index.php?m=menu&a=add_post";i:1;s:2:"27";i:2;s:19:"2015-08-04 14:20:13";}
a:3:{i:0;s:25:"/index.php?m=menu&a=index";i:1;s:2:"27";i:2;s:19:"2015-08-04 14:20:13";}
a:3:{i:0;s:26:"/index.php?m=index&a=index";i:1;s:2:"29";i:2;s:19:"2015-08-04 14:21:28";}
a:3:{i:0;s:25:"/index.php?m=main&a=index";i:1;s:2:"29";i:2;s:19:"2015-08-04 14:21:28";}
a:3:{i:0;s:44:"/index.php?g=admin&m=team&a=index&menuid=619";i:1;s:2:"29";i:2;s:19:"2015-08-04 14:21:31";}
a:3:{i:0;s:27:"/index.php?m=team&a=amateur";i:1;s:2:"29";i:2;s:19:"2015-08-04 14:21:34";}
a:3:{i:0;s:27:"/index.php?m=team&a=amateur";i:1;s:2:"29";i:2;s:19:"2015-08-04 14:21:36";}
a:3:{i:0;s:28:"/index.php?m=public&a=logout";i:1;s:2:"29";i:2;s:19:"2015-08-04 14:21:46";}
a:3:{i:0;s:27:"/index.php?m=public&a=login";i:1;N;i:2;s:19:"2015-08-04 14:21:47";}
a:3:{i:0;s:28:"/index.php?m=public&a=logout";i:1;N;i:2;s:19:"2015-08-04 14:21:47";}
a:3:{i:0;s:27:"/index.php?m=public&a=login";i:1;N;i:2;s:19:"2015-08-04 14:21:48";}
a:3:{i:0;s:29:"/index.php?m=public&a=dologin";i:1;N;i:2;s:19:"2015-08-04 14:21:57";}
a:3:{i:0;s:29:"/index.php?m=public&a=dologin";i:1;N;i:2;s:19:"2015-08-04 14:22:01";}
a:3:{i:0;s:26:"/index.php?m=index&a=index";i:1;s:2:"27";i:2;s:19:"2015-08-04 14:22:01";}
a:3:{i:0;s:25:"/index.php?m=main&a=index";i:1;s:2:"27";i:2;s:19:"2015-08-04 14:22:02";}
a:3:{i:0;s:44:"/index.php?g=admin&m=menu&a=index&menuid=297";i:1;s:2:"27";i:2;s:19:"2015-08-04 14:22:03";}
a:3:{i:0;s:44:"/index.php?g=admin&m=user&a=index&menuid=292";i:1;s:2:"27";i:2;s:19:"2015-08-04 14:22:07";}
a:3:{i:0;s:44:"/index.php?g=admin&m=rbac&a=index&menuid=291";i:1;s:2:"27";i:2;s:19:"2015-08-04 14:22:08";}
a:3:{i:0;s:35:"/index.php?g=admin&m=public&a=login";i:1;N;i:2;s:19:"2015-08-04 14:22:08";}
a:3:{i:0;s:31:"/index.php?m=rbac&a=member&id=3";i:1;s:2:"27";i:2;s:19:"2015-08-04 14:22:17";}
a:3:{i:0;s:31:"/index.php?m=rbac&a=member&id=5";i:1;s:2:"27";i:2;s:19:"2015-08-04 14:22:19";}
a:3:{i:0;s:34:"/index.php?m=rbac&a=authorize&id=5";i:1;s:2:"27";i:2;s:19:"2015-08-04 14:22:23";}
a:3:{i:0;s:34:"/index.php?m=rbac&a=authorize_post";i:1;s:2:"27";i:2;s:19:"2015-08-04 14:22:32";}
a:3:{i:0;s:25:"/index.php?m=rbac&a=index";i:1;s:2:"27";i:2;s:19:"2015-08-04 14:22:34";}
a:3:{i:0;s:28:"/index.php?m=public&a=logout";i:1;s:2:"27";i:2;s:19:"2015-08-04 14:22:36";}
a:3:{i:0;s:27:"/index.php?m=public&a=login";i:1;N;i:2;s:19:"2015-08-04 14:22:36";}
a:3:{i:0;s:27:"/index.php?m=team&a=amateur";i:1;s:2:"29";i:2;s:19:"2015-08-04 14:22:41";}
a:3:{i:0;s:36:"/index.php?m=team&a=associate&id=590";i:1;s:2:"29";i:2;s:19:"2015-08-04 14:22:43";}
a:3:{i:0;s:36:"/index.php?m=team&a=associate&id=588";i:1;s:2:"29";i:2;s:19:"2015-08-04 14:25:24";}
a:3:{i:0;s:31:"/index.php?m=shop&a=edit&id=503";i:1;s:2:"26";i:2;s:19:"2015-08-04 14:25:49";}
a:3:{i:0;s:27:"/index.php?m=team&a=amateur";i:1;s:2:"29";i:2;s:19:"2015-08-04 14:25:57";}
a:3:{i:0;s:36:"/index.php?m=team&a=associate&id=589";i:1;s:2:"29";i:2;s:19:"2015-08-04 14:27:38";}
a:3:{i:0;s:34:"/index.php?m=team&a=associate_post";i:1;s:2:"29";i:2;s:19:"2015-08-04 14:27:45";}
a:3:{i:0;s:27:"/index.php?m=team&a=amateur";i:1;s:2:"29";i:2;s:19:"2015-08-04 14:27:48";}
a:3:{i:0;s:35:"/index.php?g=admin&m=public&a=login";i:1;N;i:2;s:19:"2015-08-04 14:30:33";}
a:3:{i:0;s:26:"/index.php?m=order&a=index";i:1;s:2:"26";i:2;s:19:"2015-08-04 14:34:43";}
a:3:{i:0;s:34:"/index.php?m=order&a=look&id=12471";i:1;s:2:"26";i:2;s:19:"2015-08-04 14:34:47";}
a:3:{i:0;s:35:"/index.php?g=admin&m=public&a=login";i:1;N;i:2;s:19:"2015-08-04 14:35:46";}
a:3:{i:0;s:35:"/index.php?g=admin&m=public&a=login";i:1;N;i:2;s:19:"2015-08-04 14:35:48";}
a:3:{i:0;s:35:"/index.php?g=admin&m=public&a=login";i:1;N;i:2;s:19:"2015-08-04 14:36:04";}
a:3:{i:0;s:35:"/index.php?g=admin&m=public&a=login";i:1;N;i:2;s:19:"2015-08-04 14:38:54";}
a:3:{i:0;s:25:"/index.php?m=shop&a=index";i:1;s:2:"26";i:2;s:19:"2015-08-04 14:40:55";}
a:3:{i:0;s:31:"/index.php?m=shop&a=edit&id=502";i:1;s:2:"26";i:2;s:19:"2015-08-04 14:41:00";}
a:3:{i:0;s:35:"/index.php?g=admin&m=public&a=login";i:1;N;i:2;s:19:"2015-08-04 14:41:00";}
a:3:{i:0;s:35:"/index.php?g=admin&m=public&a=login";i:1;N;i:2;s:19:"2015-08-04 14:41:04";}
a:3:{i:0;s:25:"/index.php?m=shop&a=index";i:1;s:2:"26";i:2;s:19:"2015-08-04 14:42:52";}
a:3:{i:0;s:31:"/index.php?m=shop&a=edit&id=501";i:1;s:2:"26";i:2;s:19:"2015-08-04 14:43:00";}
a:3:{i:0;s:29:"/index.php?m=shop&a=edit_post";i:1;s:2:"26";i:2;s:19:"2015-08-04 14:43:20";}
a:3:{i:0;s:31:"/index.php?m=shop&a=edit&id=501";i:1;s:2:"26";i:2;s:19:"2015-08-04 14:43:22";}
a:3:{i:0;s:25:"/index.php?m=shop&a=index";i:1;s:2:"26";i:2;s:19:"2015-08-04 14:45:07";}
a:3:{i:0;s:37:"/index.php?g=admin&m=shop&a=index&p=2";i:1;s:2:"26";i:2;s:19:"2015-08-04 14:45:16";}
a:3:{i:0;s:31:"/index.php?m=shop&a=edit&id=470";i:1;s:2:"26";i:2;s:19:"2015-08-04 14:45:25";}
a:3:{i:0;s:25:"/index.php?m=shop&a=index";i:1;s:2:"26";i:2;s:19:"2015-08-04 14:49:18";}
a:3:{i:0;s:37:"/index.php?g=admin&m=shop&a=index&p=2";i:1;s:2:"26";i:2;s:19:"2015-08-04 14:49:25";}
a:3:{i:0;s:37:"/index.php?g=admin&m=shop&a=index&p=1";i:1;s:2:"26";i:2;s:19:"2015-08-04 14:49:36";}
a:3:{i:0;s:31:"/index.php?m=shop&a=edit&id=500";i:1;s:2:"26";i:2;s:19:"2015-08-04 14:49:44";}
a:3:{i:0;s:25:"/index.php?m=shop&a=index";i:1;s:2:"26";i:2;s:19:"2015-08-04 14:51:41";}
a:3:{i:0;s:31:"/index.php?m=shop&a=edit&id=499";i:1;s:2:"26";i:2;s:19:"2015-08-04 14:51:46";}
a:3:{i:0;s:25:"/index.php?m=shop&a=index";i:1;s:2:"26";i:2;s:19:"2015-08-04 14:51:55";}
a:3:{i:0;s:31:"/index.php?m=shop&a=edit&id=498";i:1;s:2:"26";i:2;s:19:"2015-08-04 14:55:21";}
a:3:{i:0;s:25:"/index.php?m=shop&a=index";i:1;s:2:"26";i:2;s:19:"2015-08-04 14:56:41";}
a:3:{i:0;s:31:"/index.php?m=shop&a=edit&id=494";i:1;s:2:"26";i:2;s:19:"2015-08-04 15:05:32";}
a:3:{i:0;s:25:"/index.php?m=shop&a=index";i:1;s:2:"26";i:2;s:19:"2015-08-04 15:06:18";}
a:3:{i:0;s:31:"/index.php?m=shop&a=edit&id=490";i:1;s:2:"26";i:2;s:19:"2015-08-04 15:18:49";}
a:3:{i:0;s:25:"/index.php?m=shop&a=index";i:1;s:2:"26";i:2;s:19:"2015-08-04 15:18:54";}
a:3:{i:0;s:31:"/index.php?m=shop&a=edit&id=487";i:1;s:2:"26";i:2;s:19:"2015-08-04 15:26:42";}
a:3:{i:0;s:25:"/index.php?m=shop&a=index";i:1;s:2:"26";i:2;s:19:"2015-08-04 15:28:12";}
a:3:{i:0;s:37:"/index.php?g=admin&m=shop&a=index&p=2";i:1;s:2:"26";i:2;s:19:"2015-08-04 15:41:37";}
a:3:{i:0;s:36:"/index.php?m=team&a=associate&id=590";i:1;s:2:"27";i:2;s:19:"2015-08-04 16:43:03";}
a:3:{i:0;s:25:"/index.php?m=team&a=index";i:1;s:2:"27";i:2;s:19:"2015-08-04 16:43:05";}
a:3:{i:0;s:18:"/index.php?g=admin";i:1;s:2:"27";i:2;s:19:"2015-08-04 16:43:08";}
a:3:{i:0;s:25:"/index.php?m=main&a=index";i:1;s:2:"27";i:2;s:19:"2015-08-04 16:43:08";}
a:3:{i:0;s:45:"/index.php?g=admin&m=guess&a=index&menuid=618";i:1;s:2:"27";i:2;s:19:"2015-08-04 16:43:12";}
a:3:{i:0;s:47:"/index.php?g=admin&m=amateur&a=index&menuid=627";i:1;s:2:"27";i:2;s:19:"2015-08-04 16:43:15";}
a:3:{i:0;s:44:"/index.php?g=admin&m=team&a=index&menuid=619";i:1;s:2:"27";i:2;s:19:"2015-08-04 16:43:17";}
a:3:{i:0;s:27:"/index.php?m=team&a=amateur";i:1;s:2:"27";i:2;s:19:"2015-08-04 16:43:18";}
a:3:{i:0;s:36:"/index.php?m=team&a=associate&id=590";i:1;s:2:"27";i:2;s:19:"2015-08-04 16:43:21";}
a:3:{i:0;s:36:"/index.php?m=team&a=associate&id=590";i:1;s:2:"27";i:2;s:19:"2015-08-04 16:44:41";}
a:3:{i:0;s:26:"/index.php?m=order&a=index";i:1;s:2:"26";i:2;s:19:"2015-08-04 16:46:50";}
a:3:{i:0;s:26:"/index.php?m=order&a=index";i:1;s:2:"26";i:2;s:19:"2015-08-04 16:47:01";}
a:3:{i:0;s:34:"/index.php?m=order&a=look&id=12733";i:1;s:2:"26";i:2;s:19:"2015-08-04 16:47:11";}
a:3:{i:0;s:26:"/index.php?m=order&a=index";i:1;s:2:"26";i:2;s:19:"2015-08-04 16:55:27";}
a:3:{i:0;s:34:"/index.php?m=order&a=look&id=12739";i:1;s:2:"26";i:2;s:19:"2015-08-04 16:55:32";}
a:3:{i:0;s:37:"/index.php?g=admin&m=shop&a=index&p=1";i:1;s:2:"26";i:2;s:19:"2015-08-04 17:07:12";}
a:3:{i:0;s:35:"/index.php?g=admin&m=public&a=login";i:1;N;i:2;s:19:"2015-08-04 17:07:15";}
a:3:{i:0;s:35:"/index.php?g=admin&m=public&a=login";i:1;N;i:2;s:19:"2015-08-04 22:21:53";}
a:3:{i:0;s:29:"/index.php?m=public&a=dologin";i:1;N;i:2;s:19:"2015-08-04 22:22:07";}
a:3:{i:0;s:26:"/index.php?m=index&a=index";i:1;s:2:"27";i:2;s:19:"2015-08-04 22:22:08";}
a:3:{i:0;s:25:"/index.php?m=main&a=index";i:1;s:2:"27";i:2;s:19:"2015-08-04 22:22:10";}
a:3:{i:0;s:47:"/index.php?g=admin&m=journal&a=index&menuid=658";i:1;s:2:"27";i:2;s:19:"2015-08-04 22:22:22";}
a:3:{i:0;s:44:"/index.php?g=admin&m=team&a=index&menuid=619";i:1;s:2:"27";i:2;s:19:"2015-08-04 22:22:52";}
a:3:{i:0;s:27:"/index.php?m=team&a=amateur";i:1;s:2:"27";i:2;s:19:"2015-08-04 22:22:54";}
a:3:{i:0;s:36:"/index.php?m=team&a=associate&id=590";i:1;s:2:"27";i:2;s:19:"2015-08-04 22:22:55";}
a:3:{i:0;s:45:"/index.php?g=admin&m=order&a=index&menuid=608";i:1;s:2:"27";i:2;s:19:"2015-08-04 22:23:27";}
a:3:{i:0;s:44:"/index.php?g=admin&m=shop&a=index&menuid=576";i:1;s:2:"27";i:2;s:19:"2015-08-04 22:23:43";}
a:3:{i:0;s:28:"/index.php?m=public&a=logout";i:1;s:2:"27";i:2;s:19:"2015-08-04 22:25:06";}
a:3:{i:0;s:27:"/index.php?m=public&a=login";i:1;N;i:2;s:19:"2015-08-04 22:25:06";}
