a:3:{i:0;s:35:"/index.php?g=admin&m=public&a=login";i:1;N;i:2;s:19:"2015-08-08 11:35:22";}
a:3:{i:0;s:29:"/index.php?m=public&a=dologin";i:1;N;i:2;s:19:"2015-08-08 11:35:28";}
a:3:{i:0;s:29:"/index.php?m=public&a=dologin";i:1;N;i:2;s:19:"2015-08-08 11:35:55";}
a:3:{i:0;s:29:"/index.php?m=public&a=dologin";i:1;N;i:2;s:19:"2015-08-08 11:36:06";}
a:3:{i:0;s:29:"/index.php?m=public&a=dologin";i:1;N;i:2;s:19:"2015-08-08 11:36:08";}
a:3:{i:0;s:29:"/index.php?m=public&a=dologin";i:1;N;i:2;s:19:"2015-08-08 11:36:09";}
a:3:{i:0;s:29:"/index.php?m=public&a=dologin";i:1;N;i:2;s:19:"2015-08-08 11:36:19";}
a:3:{i:0;s:29:"/index.php?m=public&a=dologin";i:1;N;i:2;s:19:"2015-08-08 11:36:21";}
a:3:{i:0;s:29:"/index.php?m=public&a=dologin";i:1;N;i:2;s:19:"2015-08-08 11:36:39";}
a:3:{i:0;s:29:"/index.php?m=public&a=dologin";i:1;N;i:2;s:19:"2015-08-08 11:36:41";}
a:3:{i:0;s:29:"/index.php?m=public&a=dologin";i:1;N;i:2;s:19:"2015-08-08 11:36:43";}
a:3:{i:0;s:29:"/index.php?m=public&a=dologin";i:1;N;i:2;s:19:"2015-08-08 11:36:44";}
a:3:{i:0;s:29:"/index.php?m=public&a=dologin";i:1;N;i:2;s:19:"2015-08-08 11:36:46";}
a:3:{i:0;s:29:"/index.php?m=public&a=dologin";i:1;N;i:2;s:19:"2015-08-08 11:38:07";}
a:3:{i:0;s:29:"/index.php?m=public&a=dologin";i:1;N;i:2;s:19:"2015-08-08 11:38:10";}
a:3:{i:0;s:29:"/index.php?m=public&a=dologin";i:1;N;i:2;s:19:"2015-08-08 11:41:28";}
a:3:{i:0;s:26:"/index.php?m=index&a=index";i:1;s:2:"25";i:2;s:19:"2015-08-08 11:41:28";}
a:3:{i:0;s:25:"/index.php?m=main&a=index";i:1;s:2:"25";i:2;s:19:"2015-08-08 11:41:30";}
a:3:{i:0;s:45:"/index.php?g=admin&m=order&a=index&menuid=608";i:1;s:2:"25";i:2;s:19:"2015-08-08 11:41:42";}
a:3:{i:0;s:26:"/index.php?m=order&a=index";i:1;s:2:"25";i:2;s:19:"2015-08-08 11:42:06";}
a:3:{i:0;s:34:"/index.php?m=order&a=look&id=13698";i:1;s:2:"25";i:2;s:19:"2015-08-08 11:42:19";}
a:3:{i:0;s:35:"/index.php?g=admin&m=public&a=login";i:1;N;i:2;s:19:"2015-08-08 11:48:55";}
a:3:{i:0;s:35:"/index.php?g=admin&m=public&a=login";i:1;N;i:2;s:19:"2015-08-08 11:48:56";}
a:3:{i:0;s:25:"/index.php?m=main&a=index";i:1;N;i:2;s:19:"2015-08-08 11:55:02";}
a:3:{i:0;s:35:"/index.php?g=admin&m=public&a=login";i:1;N;i:2;s:19:"2015-08-08 11:55:13";}
a:3:{i:0;s:35:"/index.php?g=admin&m=public&a=login";i:1;N;i:2;s:19:"2015-08-08 11:55:39";}
